1681836503,4624,Information,"An account was successfully logged on.

Subject:
	Security ID:		S-1-5-18
	Account Name:		JUBI06486$
	Account Domain:		JUBILIFE
	Logon ID:		0x706172

Logon Type:			11

Impersonation Level:		Impersonation

New Logon:
	Security ID:		S-1-5-21-4223521121-1109782943-2127437603-1432
	Account Name:		MEGAN_MAYNARD
	Account Domain:		NT AUTHORITY
	Logon ID:		0x706172
	Logon GUID:		0AA7F2DD-5107-487C-8702-E5E402ED28B2

Process Information:
	Process ID:		0x5a
	Process Name:		-

Network Information:
	Workstation Name:	
	Source Network Address:	172.19.5.68
	Source Port:		31117

Detailed Authentication Information:
	Logon Process:		Kerberos  
	Authentication Package:	Kerberos
	Transited Services:	-
	Package Name (NTLM only):	-
	Key Length:		0

This event is generated when a logon session is created. It is generated on the computer that was accessed.

The subject fields indicate the account on the local system which requested the logon. This is most commonly a service such as the Server service, or a local process such as Winlogon.exe or Services.exe.

The logon type field indicates the kind of logon that occurred. The most common types are 2 (interactive) and 3 (network).

The New Logon fields indicate the account for whom the new logon was created, i.e. the account that was logged on.

The network fields indicate where a remote logon request originated. Workstation name is not always available and may be left blank in some cases.

The impersonation level field indicates the extent to which a process in the logon session can impersonate.

The authentication information fields provide detailed information about this specific logon request.
	- Logon GUID is a unique identifier that can be used to correlate this event with a KDC event.
	- Transited services indicate which intermediate services have participated in this logon request.
	- Package name indicates which sub-protocol was used among the NTLM protocols.
	- Key length indicates the length of the generated session key. This will be 0 if no session key was requested.",-,12544,MEGAN_MAYNARD
1681837242,4624,Information,"An account was successfully logged on.

Subject:
	Security ID:		S-1-5-18
	Account Name:		JUBI91077$
	Account Domain:		JUBILIFE
	Logon ID:		0x666164

Logon Type:			2

Impersonation Level:		Impersonation

New Logon:
	Security ID:		S-1-5-21-4223521121-1109782943-2127437603-1381
	Account Name:		MARISA_HARTMAN
	Account Domain:		NT AUTHORITY
	Logon ID:		0x666164
	Logon GUID:		7ED1A07F-8765-4182-980A-D4A272320D5E

Process Information:
	Process ID:		0x61
	Process Name:		C:\Windows\System32\svchost.exe

Network Information:
	Workstation Name:	
	Source Network Address:	-
	Source Port:		-

Detailed Authentication Information:
	Logon Process:		Kerberos  
	Authentication Package:	Kerberos
	Transited Services:	-
	Package Name (NTLM only):	-
	Key Length:		0

This event is generated when a logon session is created. It is generated on the computer that was accessed.

The subject fields indicate the account on the local system which requested the logon. This is most commonly a service such as the Server service, or a local process such as Winlogon.exe or Services.exe.

The logon type field indicates the kind of logon that occurred. The most common types are 2 (interactive) and 3 (network).

The New Logon fields indicate the account for whom the new logon was created, i.e. the account that was logged on.

The network fields indicate where a remote logon request originated. Workstation name is not always available and may be left blank in some cases.

The impersonation level field indicates the extent to which a process in the logon session can impersonate.

The authentication information fields provide detailed information about this specific logon request.
	- Logon GUID is a unique identifier that can be used to correlate this event with a KDC event.
	- Transited services indicate which intermediate services have participated in this logon request.
	- Package name indicates which sub-protocol was used among the NTLM protocols.
	- Key length indicates the length of the generated session key. This will be 0 if no session key was requested.",C:\Windows\System32\svchost.exe,12544,MARISA_HARTMAN
1681837535,4624,Information,"An account was successfully logged on.

Subject:
	Security ID:		S-1-5-18
	Account Name:		JUBI84731$
	Account Domain:		JUBILIFE
	Logon ID:		0x666962

Logon Type:			3

Impersonation Level:		Impersonation

New Logon:
	Security ID:		S-1-5-21-4223521121-1109782943-2127437603-1190
	Account Name:		MAURA_BALDWIN
	Account Domain:		NT AUTHORITY
	Logon ID:		0x666962
	Logon GUID:		8B7CA3C9-43C3-4270-9F8D-EE827B5F1E79

Process Information:
	Process ID:		0x0
	Process Name:		-

Network Information:
	Workstation Name:	
	Source Network Address:	172.19.2.152
	Source Port:		56472

Detailed Authentication Information:
	Logon Process:		Kerberos  
	Authentication Package:	Kerberos
	Transited Services:	-
	Package Name (NTLM only):	-
	Key Length:		0

This event is generated when a logon session is created. It is generated on the computer that was accessed.

The subject fields indicate the account on the local system which requested the logon. This is most commonly a service such as the Server service, or a local process such as Winlogon.exe or Services.exe.

The logon type field indicates the kind of logon that occurred. The most common types are 2 (interactive) and 3 (network).

The New Logon fields indicate the account for whom the new logon was created, i.e. the account that was logged on.

The network fields indicate where a remote logon request originated. Workstation name is not always available and may be left blank in some cases.

The impersonation level field indicates the extent to which a process in the logon session can impersonate.

The authentication information fields provide detailed information about this specific logon request.
	- Logon GUID is a unique identifier that can be used to correlate this event with a KDC event.
	- Transited services indicate which intermediate services have participated in this logon request.
	- Package name indicates which sub-protocol was used among the NTLM protocols.
	- Key length indicates the length of the generated session key. This will be 0 if no session key was requested.",-,12544,MAURA_BALDWIN
1681837797,4634,Information,"An account was logged off.

Subject:
	Security ID:		JUBILIFE\LAUREL_MAYS
	Account Name:		JUBI48721$
	Account Domain:		JUBILIFE
	Logon ID:		0x6E6F6E

Logon Type:			3

This event is generated when a logon session is destroyed. It may be positively correlated with a logon event using the Logon ID value. Logon IDs are only unique between reboots
on the same computer.",-,12545,LAUREL_MAYS
1681837907,4624,Information,"An account was successfully logged on.

Subject:
	Security ID:		S-1-5-18
	Account Name:		JUBI22519$
	Account Domain:		JUBILIFE
	Logon ID:		0x706179

Logon Type:			3

Impersonation Level:		Impersonation

New Logon:
	Security ID:		S-1-5-21-4223521121-1109782943-2127437603-1114
	Account Name:		EDMUND_MARQUEZ
	Account Domain:		NT AUTHORITY
	Logon ID:		0x706179
	Logon GUID:		F67CE397-4140-4ACA-8D44-3AEFF2BCA5A4

Process Information:
	Process ID:		0x0
	Process Name:		-

Network Information:
	Workstation Name:	
	Source Network Address:	172.19.8.35
	Source Port:		50760

Detailed Authentication Information:
	Logon Process:		Kerberos  
	Authentication Package:	Kerberos
	Transited Services:	-
	Package Name (NTLM only):	-
	Key Length:		0

This event is generated when a logon session is created. It is generated on the computer that was accessed.

The subject fields indicate the account on the local system which requested the logon. This is most commonly a service such as the Server service, or a local process such as Winlogon.exe or Services.exe.

The logon type field indicates the kind of logon that occurred. The most common types are 2 (interactive) and 3 (network).

The New Logon fields indicate the account for whom the new logon was created, i.e. the account that was logged on.

The network fields indicate where a remote logon request originated. Workstation name is not always available and may be left blank in some cases.

The impersonation level field indicates the extent to which a process in the logon session can impersonate.

The authentication information fields provide detailed information about this specific logon request.
	- Logon GUID is a unique identifier that can be used to correlate this event with a KDC event.
	- Transited services indicate which intermediate services have participated in this logon request.
	- Package name indicates which sub-protocol was used among the NTLM protocols.
	- Key length indicates the length of the generated session key. This will be 0 if no session key was requested.",-,12544,EDMUND_MARQUEZ
1681839849,4624,Information,"An account was successfully logged on.

Subject:
	Security ID:		S-1-5-18
	Account Name:		JUBI48754$
	Account Domain:		JUBILIFE
	Logon ID:		0x746170

Logon Type:			2

Impersonation Level:		Impersonation

New Logon:
	Security ID:		S-1-5-21-4223521121-1109782943-2127437603-1236
	Account Name:		ISAAC_MORALES
	Account Domain:		NT AUTHORITY
	Logon ID:		0x746170
	Logon GUID:		009391E6-5A6A-4309-91B2-972608B85E00

Process Information:
	Process ID:		0x1b
	Process Name:		C:\Windows\System32\svchost.exe

Network Information:
	Workstation Name:	
	Source Network Address:	-
	Source Port:		-

Detailed Authentication Information:
	Logon Process:		Kerberos  
	Authentication Package:	Kerberos
	Transited Services:	-
	Package Name (NTLM only):	-
	Key Length:		0

This event is generated when a logon session is created. It is generated on the computer that was accessed.

The subject fields indicate the account on the local system which requested the logon. This is most commonly a service such as the Server service, or a local process such as Winlogon.exe or Services.exe.

The logon type field indicates the kind of logon that occurred. The most common types are 2 (interactive) and 3 (network).

The New Logon fields indicate the account for whom the new logon was created, i.e. the account that was logged on.

The network fields indicate where a remote logon request originated. Workstation name is not always available and may be left blank in some cases.

The impersonation level field indicates the extent to which a process in the logon session can impersonate.

The authentication information fields provide detailed information about this specific logon request.
	- Logon GUID is a unique identifier that can be used to correlate this event with a KDC event.
	- Transited services indicate which intermediate services have participated in this logon request.
	- Package name indicates which sub-protocol was used among the NTLM protocols.
	- Key length indicates the length of the generated session key. This will be 0 if no session key was requested.",C:\Windows\System32\svchost.exe,12544,ISAAC_MORALES
1681839980,4634,Information,"An account was logged off.

Subject:
	Security ID:		JUBILIFE\MAJOR_BLACKBURN
	Account Name:		JUBI25770$
	Account Domain:		JUBILIFE
	Logon ID:		0x626564

Logon Type:			2

This event is generated when a logon session is destroyed. It may be positively correlated with a logon event using the Logon ID value. Logon IDs are only unique between reboots
on the same computer.",C:\Windows\System32\svchost.exe,12545,MAJOR_BLACKBURN
1681840097,4634,Information,"An account was logged off.

Subject:
	Security ID:		JUBILIFE\HOUSTON_CANTRELL
	Account Name:		JUBI05557$
	Account Domain:		JUBILIFE
	Logon ID:		0x686F65

Logon Type:			11

This event is generated when a logon session is destroyed. It may be positively correlated with a logon event using the Logon ID value. Logon IDs are only unique between reboots
on the same computer.",-,12545,HOUSTON_CANTRELL
1681840153,4624,Information,"An account was successfully logged on.

Subject:
	Security ID:		S-1-5-18
	Account Name:		JUBI51013$
	Account Domain:		JUBILIFE
	Logon ID:		0x746170

Logon Type:			3

Impersonation Level:		Impersonation

New Logon:
	Security ID:		S-1-5-21-4223521121-1109782943-2127437603-1234
	Account Name:		LETICIA_BERG
	Account Domain:		NT AUTHORITY
	Logon ID:		0x746170
	Logon GUID:		EE622964-E11D-468B-A922-E956877926B4

Process Information:
	Process ID:		0x0
	Process Name:		-

Network Information:
	Workstation Name:	
	Source Network Address:	172.19.9.83
	Source Port:		18727

Detailed Authentication Information:
	Logon Process:		Kerberos  
	Authentication Package:	Kerberos
	Transited Services:	-
	Package Name (NTLM only):	-
	Key Length:		0

This event is generated when a logon session is created. It is generated on the computer that was accessed.

The subject fields indicate the account on the local system which requested the logon. This is most commonly a service such as the Server service, or a local process such as Winlogon.exe or Services.exe.

The logon type field indicates the kind of logon that occurred. The most common types are 2 (interactive) and 3 (network).

The New Logon fields indicate the account for whom the new logon was created, i.e. the account that was logged on.

The network fields indicate where a remote logon request originated. Workstation name is not always available and may be left blank in some cases.

The impersonation level field indicates the extent to which a process in the logon session can impersonate.

The authentication information fields provide detailed information about this specific logon request.
	- Logon GUID is a unique identifier that can be used to correlate this event with a KDC event.
	- Transited services indicate which intermediate services have participated in this logon request.
	- Package name indicates which sub-protocol was used among the NTLM protocols.
	- Key length indicates the length of the generated session key. This will be 0 if no session key was requested.",-,12544,LETICIA_BERG
1681840184,4624,Information,"An account was successfully logged on.

Subject:
	Security ID:		S-1-5-18
	Account Name:		JUBI53661$
	Account Domain:		JUBILIFE
	Logon ID:		0x626F79

Logon Type:			11

Impersonation Level:		Impersonation

New Logon:
	Security ID:		S-1-5-21-4223521121-1109782943-2127437603-1483
	Account Name:		ABIGAIL_FORBES
	Account Domain:		NT AUTHORITY
	Logon ID:		0x626F79
	Logon GUID:		62709766-6F42-4702-B19E-92FFB6FD5EFA

Process Information:
	Process ID:		0x1b
	Process Name:		C:\Windows\System32\svchost.exe

Network Information:
	Workstation Name:	
	Source Network Address:	172.19.4.72
	Source Port:		56190

Detailed Authentication Information:
	Logon Process:		Kerberos  
	Authentication Package:	Kerberos
	Transited Services:	-
	Package Name (NTLM only):	-
	Key Length:		0

This event is generated when a logon session is created. It is generated on the computer that was accessed.

The subject fields indicate the account on the local system which requested the logon. This is most commonly a service such as the Server service, or a local process such as Winlogon.exe or Services.exe.

The logon type field indicates the kind of logon that occurred. The most common types are 2 (interactive) and 3 (network).

The New Logon fields indicate the account for whom the new logon was created, i.e. the account that was logged on.

The network fields indicate where a remote logon request originated. Workstation name is not always available and may be left blank in some cases.

The impersonation level field indicates the extent to which a process in the logon session can impersonate.

The authentication information fields provide detailed information about this specific logon request.
	- Logon GUID is a unique identifier that can be used to correlate this event with a KDC event.
	- Transited services indicate which intermediate services have participated in this logon request.
	- Package name indicates which sub-protocol was used among the NTLM protocols.
	- Key length indicates the length of the generated session key. This will be 0 if no session key was requested.",C:\Windows\System32\svchost.exe,12544,ABIGAIL_FORBES
1681840864,4634,Information,"An account was logged off.

Subject:
	Security ID:		JUBILIFE\MASON_BALL
	Account Name:		JUBI28312$
	Account Domain:		JUBILIFE
	Logon ID:		0x70656E

Logon Type:			3

This event is generated when a logon session is destroyed. It may be positively correlated with a logon event using the Logon ID value. Logon IDs are only unique between reboots
on the same computer.",-,12545,MASON_BALL
1681841234,4634,Information,"An account was logged off.

Subject:
	Security ID:		JUBILIFE\JESSIE_SELLERS
	Account Name:		JUBI87690$
	Account Domain:		JUBILIFE
	Logon ID:		0x626F6F

Logon Type:			3

This event is generated when a logon session is destroyed. It may be positively correlated with a logon event using the Logon ID value. Logon IDs are only unique between reboots
on the same computer.",-,12545,JESSIE_SELLERS
1681841304,4634,Information,"An account was logged off.

Subject:
	Security ID:		JUBILIFE\SUSAN_EVANS
	Account Name:		JUBI57046$
	Account Domain:		JUBILIFE
	Logon ID:		0x796574

Logon Type:			11

This event is generated when a logon session is destroyed. It may be positively correlated with a logon event using the Logon ID value. Logon IDs are only unique between reboots
on the same computer.",-,12545,SUSAN_EVANS
1681841377,4624,Information,"An account was successfully logged on.

Subject:
	Security ID:		S-1-5-18
	Account Name:		JUBI35532$
	Account Domain:		JUBILIFE
	Logon ID:		0x706164

Logon Type:			3

Impersonation Level:		Impersonation

New Logon:
	Security ID:		S-1-5-21-4223521121-1109782943-2127437603-1374
	Account Name:		EDWIN_NAVARRO
	Account Domain:		NT AUTHORITY
	Logon ID:		0x706164
	Logon GUID:		A8D55004-A5EF-40F0-9852-6F9F0EFE3802

Process Information:
	Process ID:		0x0
	Process Name:		-

Network Information:
	Workstation Name:	
	Source Network Address:	172.19.7.9
	Source Port:		17702

Detailed Authentication Information:
	Logon Process:		Kerberos  
	Authentication Package:	Kerberos
	Transited Services:	-
	Package Name (NTLM only):	-
	Key Length:		0

This event is generated when a logon session is created. It is generated on the computer that was accessed.

The subject fields indicate the account on the local system which requested the logon. This is most commonly a service such as the Server service, or a local process such as Winlogon.exe or Services.exe.

The logon type field indicates the kind of logon that occurred. The most common types are 2 (interactive) and 3 (network).

The New Logon fields indicate the account for whom the new logon was created, i.e. the account that was logged on.

The network fields indicate where a remote logon request originated. Workstation name is not always available and may be left blank in some cases.

The impersonation level field indicates the extent to which a process in the logon session can impersonate.

The authentication information fields provide detailed information about this specific logon request.
	- Logon GUID is a unique identifier that can be used to correlate this event with a KDC event.
	- Transited services indicate which intermediate services have participated in this logon request.
	- Package name indicates which sub-protocol was used among the NTLM protocols.
	- Key length indicates the length of the generated session key. This will be 0 if no session key was requested.",-,12544,EDWIN_NAVARRO
1681842158,4624,Information,"An account was successfully logged on.

Subject:
	Security ID:		S-1-5-18
	Account Name:		JUBI16546$
	Account Domain:		JUBILIFE
	Logon ID:		0x532773

Logon Type:			11

Impersonation Level:		Impersonation

New Logon:
	Security ID:		S-1-5-21-4223521121-1109782943-2127437603-1448
	Account Name:		VITO_HARRELL
	Account Domain:		NT AUTHORITY
	Logon ID:		0x532773
	Logon GUID:		A0264AA3-7422-47F8-8258-0F2AE1A530A3

Process Information:
	Process ID:		0x18
	Process Name:		-

Network Information:
	Workstation Name:	
	Source Network Address:	-
	Source Port:		-

Detailed Authentication Information:
	Logon Process:		Kerberos  
	Authentication Package:	Kerberos
	Transited Services:	-
	Package Name (NTLM only):	-
	Key Length:		0

This event is generated when a logon session is created. It is generated on the computer that was accessed.

The subject fields indicate the account on the local system which requested the logon. This is most commonly a service such as the Server service, or a local process such as Winlogon.exe or Services.exe.

The logon type field indicates the kind of logon that occurred. The most common types are 2 (interactive) and 3 (network).

The New Logon fields indicate the account for whom the new logon was created, i.e. the account that was logged on.

The network fields indicate where a remote logon request originated. Workstation name is not always available and may be left blank in some cases.

The impersonation level field indicates the extent to which a process in the logon session can impersonate.

The authentication information fields provide detailed information about this specific logon request.
	- Logon GUID is a unique identifier that can be used to correlate this event with a KDC event.
	- Transited services indicate which intermediate services have participated in this logon request.
	- Package name indicates which sub-protocol was used among the NTLM protocols.
	- Key length indicates the length of the generated session key. This will be 0 if no session key was requested.",-,12544,VITO_HARRELL
1681842352,4634,Information,"An account was logged off.

Subject:
	Security ID:		JUBILIFE\AMBER_TODD
	Account Name:		JUBI54014$
	Account Domain:		JUBILIFE
	Logon ID:		0x746879

Logon Type:			11

This event is generated when a logon session is destroyed. It may be positively correlated with a logon event using the Logon ID value. Logon IDs are only unique between reboots
on the same computer.",C:\Windows\System32\svchost.exe,12545,AMBER_TODD
1681842665,4634,Information,"An account was logged off.

Subject:
	Security ID:		JUBILIFE\VAN_KLINE
	Account Name:		JUBI54345$
	Account Domain:		JUBILIFE
	Logon ID:		0x736C79

Logon Type:			2

This event is generated when a logon session is destroyed. It may be positively correlated with a logon event using the Logon ID value. Logon IDs are only unique between reboots
on the same computer.",C:\Windows\System32\svchost.exe,12545,VAN_KLINE
1681843599,4624,Information,"An account was successfully logged on.

Subject:
	Security ID:		S-1-5-18
	Account Name:		JUBI34506$
	Account Domain:		JUBILIFE
	Logon ID:		0x696C6C

Logon Type:			2

Impersonation Level:		Impersonation

New Logon:
	Security ID:		S-1-5-21-4223521121-1109782943-2127437603-1112
	Account Name:		CARMEN_PETERS
	Account Domain:		NT AUTHORITY
	Logon ID:		0x696C6C
	Logon GUID:		95ED5F90-EA74-49DC-9885-69A8D93E0432

Process Information:
	Process ID:		0x69
	Process Name:		C:\Windows\System32\winlogon.exe

Network Information:
	Workstation Name:	
	Source Network Address:	-
	Source Port:		-

Detailed Authentication Information:
	Logon Process:		Kerberos  
	Authentication Package:	Kerberos
	Transited Services:	-
	Package Name (NTLM only):	-
	Key Length:		0

This event is generated when a logon session is created. It is generated on the computer that was accessed.

The subject fields indicate the account on the local system which requested the logon. This is most commonly a service such as the Server service, or a local process such as Winlogon.exe or Services.exe.

The logon type field indicates the kind of logon that occurred. The most common types are 2 (interactive) and 3 (network).

The New Logon fields indicate the account for whom the new logon was created, i.e. the account that was logged on.

The network fields indicate where a remote logon request originated. Workstation name is not always available and may be left blank in some cases.

The impersonation level field indicates the extent to which a process in the logon session can impersonate.

The authentication information fields provide detailed information about this specific logon request.
	- Logon GUID is a unique identifier that can be used to correlate this event with a KDC event.
	- Transited services indicate which intermediate services have participated in this logon request.
	- Package name indicates which sub-protocol was used among the NTLM protocols.
	- Key length indicates the length of the generated session key. This will be 0 if no session key was requested.",C:\Windows\System32\winlogon.exe,12544,CARMEN_PETERS
1681843703,4624,Information,"An account was successfully logged on.

Subject:
	Security ID:		S-1-5-18
	Account Name:		JUBI35394$
	Account Domain:		JUBILIFE
	Logon ID:		0x64696E

Logon Type:			11

Impersonation Level:		Impersonation

New Logon:
	Security ID:		S-1-5-21-4223521121-1109782943-2127437603-1403
	Account Name:		MAI_CERVANTES
	Account Domain:		NT AUTHORITY
	Logon ID:		0x64696E
	Logon GUID:		BEDC2053-DA0B-470E-82E8-A71D51E3C8B5

Process Information:
	Process ID:		0x6b
	Process Name:		-

Network Information:
	Workstation Name:	
	Source Network Address:	-
	Source Port:		-

Detailed Authentication Information:
	Logon Process:		Kerberos  
	Authentication Package:	Kerberos
	Transited Services:	-
	Package Name (NTLM only):	-
	Key Length:		0

This event is generated when a logon session is created. It is generated on the computer that was accessed.

The subject fields indicate the account on the local system which requested the logon. This is most commonly a service such as the Server service, or a local process such as Winlogon.exe or Services.exe.

The logon type field indicates the kind of logon that occurred. The most common types are 2 (interactive) and 3 (network).

The New Logon fields indicate the account for whom the new logon was created, i.e. the account that was logged on.

The network fields indicate where a remote logon request originated. Workstation name is not always available and may be left blank in some cases.

The impersonation level field indicates the extent to which a process in the logon session can impersonate.

The authentication information fields provide detailed information about this specific logon request.
	- Logon GUID is a unique identifier that can be used to correlate this event with a KDC event.
	- Transited services indicate which intermediate services have participated in this logon request.
	- Package name indicates which sub-protocol was used among the NTLM protocols.
	- Key length indicates the length of the generated session key. This will be 0 if no session key was requested.",-,12544,MAI_CERVANTES
1681843822,4634,Information,"An account was logged off.

Subject:
	Security ID:		JUBILIFE\TOD_OSBORN
	Account Name:		JUBI58895$
	Account Domain:		JUBILIFE
	Logon ID:		0x6F7765

Logon Type:			11

This event is generated when a logon session is destroyed. It may be positively correlated with a logon event using the Logon ID value. Logon IDs are only unique between reboots
on the same computer.",C:\Windows\System32\svchost.exe,12545,TOD_OSBORN
1681844241,4634,Information,"An account was logged off.

Subject:
	Security ID:		JUBILIFE\HOLLIE_WATERS
	Account Name:		JUBI54776$
	Account Domain:		JUBILIFE
	Logon ID:		0x64616D

Logon Type:			2

This event is generated when a logon session is destroyed. It may be positively correlated with a logon event using the Logon ID value. Logon IDs are only unique between reboots
on the same computer.",C:\Windows\System32\winlogon.exe,12545,HOLLIE_WATERS
1681845540,4624,Information,"An account was successfully logged on.

Subject:
	Security ID:		S-1-5-18
	Account Name:		JUBI02248$
	Account Domain:		JUBILIFE
	Logon ID:		0x706177

Logon Type:			2

Impersonation Level:		Impersonation

New Logon:
	Security ID:		S-1-5-21-4223521121-1109782943-2127437603-1490
	Account Name:		ANGELINE_VAUGHAN
	Account Domain:		NT AUTHORITY
	Logon ID:		0x706177
	Logon GUID:		39B6F42A-1853-4DA1-8894-54363BB7EA0A

Process Information:
	Process ID:		0xb
	Process Name:		C:\Windows\System32\winlogon.exe

Network Information:
	Workstation Name:	
	Source Network Address:	-
	Source Port:		-

Detailed Authentication Information:
	Logon Process:		Kerberos  
	Authentication Package:	Kerberos
	Transited Services:	-
	Package Name (NTLM only):	-
	Key Length:		0

This event is generated when a logon session is created. It is generated on the computer that was accessed.

The subject fields indicate the account on the local system which requested the logon. This is most commonly a service such as the Server service, or a local process such as Winlogon.exe or Services.exe.

The logon type field indicates the kind of logon that occurred. The most common types are 2 (interactive) and 3 (network).

The New Logon fields indicate the account for whom the new logon was created, i.e. the account that was logged on.

The network fields indicate where a remote logon request originated. Workstation name is not always available and may be left blank in some cases.

The impersonation level field indicates the extent to which a process in the logon session can impersonate.

The authentication information fields provide detailed information about this specific logon request.
	- Logon GUID is a unique identifier that can be used to correlate this event with a KDC event.
	- Transited services indicate which intermediate services have participated in this logon request.
	- Package name indicates which sub-protocol was used among the NTLM protocols.
	- Key length indicates the length of the generated session key. This will be 0 if no session key was requested.",C:\Windows\System32\winlogon.exe,12544,ANGELINE_VAUGHAN
1681848573,4634,Information,"An account was logged off.

Subject:
	Security ID:		JUBILIFE\FERDINAND_MOSES
	Account Name:		JUBI75431$
	Account Domain:		JUBILIFE
	Logon ID:		0x6C6178

Logon Type:			11

This event is generated when a logon session is destroyed. It may be positively correlated with a logon event using the Logon ID value. Logon IDs are only unique between reboots
on the same computer.",C:\Windows\System32\svchost.exe,12545,FERDINAND_MOSES
1681849043,4634,Information,"An account was logged off.

Subject:
	Security ID:		JUBILIFE\TOD_NGUYEN
	Account Name:		JUBI49241$
	Account Domain:		JUBILIFE
	Logon ID:		0x657665

Logon Type:			3

This event is generated when a logon session is destroyed. It may be positively correlated with a logon event using the Logon ID value. Logon IDs are only unique between reboots
on the same computer.",-,12545,TOD_NGUYEN
1681849247,4624,Information,"An account was successfully logged on.

Subject:
	Security ID:		S-1-5-18
	Account Name:		JUBI57144$
	Account Domain:		JUBILIFE
	Logon ID:		0x676179

Logon Type:			11

Impersonation Level:		Impersonation

New Logon:
	Security ID:		S-1-5-21-4223521121-1109782943-2127437603-1450
	Account Name:		KAY_RIVAS
	Account Domain:		NT AUTHORITY
	Logon ID:		0x676179
	Logon GUID:		710C16F6-8BBA-471B-A65B-D9E36033A5D7

Process Information:
	Process ID:		0xd
	Process Name:		C:\Windows\System32\svchost.exe

Network Information:
	Workstation Name:	
	Source Network Address:	172.19.6.231
	Source Port:		20271

Detailed Authentication Information:
	Logon Process:		Kerberos  
	Authentication Package:	Kerberos
	Transited Services:	-
	Package Name (NTLM only):	-
	Key Length:		0

This event is generated when a logon session is created. It is generated on the computer that was accessed.

The subject fields indicate the account on the local system which requested the logon. This is most commonly a service such as the Server service, or a local process such as Winlogon.exe or Services.exe.

The logon type field indicates the kind of logon that occurred. The most common types are 2 (interactive) and 3 (network).

The New Logon fields indicate the account for whom the new logon was created, i.e. the account that was logged on.

The network fields indicate where a remote logon request originated. Workstation name is not always available and may be left blank in some cases.

The impersonation level field indicates the extent to which a process in the logon session can impersonate.

The authentication information fields provide detailed information about this specific logon request.
	- Logon GUID is a unique identifier that can be used to correlate this event with a KDC event.
	- Transited services indicate which intermediate services have participated in this logon request.
	- Package name indicates which sub-protocol was used among the NTLM protocols.
	- Key length indicates the length of the generated session key. This will be 0 if no session key was requested.",C:\Windows\System32\svchost.exe,12544,KAY_RIVAS
1681850143,4634,Information,"An account was logged off.

Subject:
	Security ID:		JUBILIFE\GENARO_HENSLEY
	Account Name:		JUBI03631$
	Account Domain:		JUBILIFE
	Logon ID:		0x636177

Logon Type:			11

This event is generated when a logon session is destroyed. It may be positively correlated with a logon event using the Logon ID value. Logon IDs are only unique between reboots
on the same computer.",-,12545,GENARO_HENSLEY
1681850526,4634,Information,"An account was logged off.

Subject:
	Security ID:		JUBILIFE\DIANNA_BENSON
	Account Name:		JUBI70220$
	Account Domain:		JUBILIFE
	Logon ID:		0x646965

Logon Type:			2

This event is generated when a logon session is destroyed. It may be positively correlated with a logon event using the Logon ID value. Logon IDs are only unique between reboots
on the same computer.",C:\Windows\System32\winlogon.exe,12545,DIANNA_BENSON
1681850662,4634,Information,"An account was logged off.

Subject:
	Security ID:		JUBILIFE\CATHRYN_LYNCH
	Account Name:		JUBI16641$
	Account Domain:		JUBILIFE
	Logon ID:		0x6C6178

Logon Type:			11

This event is generated when a logon session is destroyed. It may be positively correlated with a logon event using the Logon ID value. Logon IDs are only unique between reboots
on the same computer.",C:\Windows\System32\svchost.exe,12545,CATHRYN_LYNCH
1681850709,4634,Information,"An account was logged off.

Subject:
	Security ID:		JUBILIFE\ELTON_LEVY
	Account Name:		JUBI60691$
	Account Domain:		JUBILIFE
	Logon ID:		0x686F74

Logon Type:			11

This event is generated when a logon session is destroyed. It may be positively correlated with a logon event using the Logon ID value. Logon IDs are only unique between reboots
on the same computer.",C:\Windows\System32\svchost.exe,12545,ELTON_LEVY
1681851462,4634,Information,"An account was logged off.

Subject:
	Security ID:		JUBILIFE\ROSCOE_ZIMMERMAN
	Account Name:		JUBI40725$
	Account Domain:		JUBILIFE
	Logon ID:		0x696673

Logon Type:			11

This event is generated when a logon session is destroyed. It may be positively correlated with a logon event using the Logon ID value. Logon IDs are only unique between reboots
on the same computer.",-,12545,ROSCOE_ZIMMERMAN
1681851492,4634,Information,"An account was logged off.

Subject:
	Security ID:		JUBILIFE\GRETCHEN_HULL
	Account Name:		JUBI67794$
	Account Domain:		JUBILIFE
	Logon ID:		0x686973

Logon Type:			11

This event is generated when a logon session is destroyed. It may be positively correlated with a logon event using the Logon ID value. Logon IDs are only unique between reboots
on the same computer.",C:\Windows\System32\svchost.exe,12545,GRETCHEN_HULL
1681851716,4634,Information,"An account was logged off.

Subject:
	Security ID:		JUBILIFE\CORNELL_VALENCIA
	Account Name:		JUBI96473$
	Account Domain:		JUBILIFE
	Logon ID:		0x6D6173

Logon Type:			2

This event is generated when a logon session is destroyed. It may be positively correlated with a logon event using the Logon ID value. Logon IDs are only unique between reboots
on the same computer.",C:\Windows\System32\winlogon.exe,12545,CORNELL_VALENCIA
1681851779,4634,Information,"An account was logged off.

Subject:
	Security ID:		JUBILIFE\HALLIE_CHANEY
	Account Name:		JUBI98458$
	Account Domain:		JUBILIFE
	Logon ID:		0x64756F

Logon Type:			11

This event is generated when a logon session is destroyed. It may be positively correlated with a logon event using the Logon ID value. Logon IDs are only unique between reboots
on the same computer.",-,12545,HALLIE_CHANEY
1681851828,4634,Information,"An account was logged off.

Subject:
	Security ID:		JUBILIFE\BRADY_BROCK
	Account Name:		JUBI75609$
	Account Domain:		JUBILIFE
	Logon ID:		0x6A6F62

Logon Type:			2

This event is generated when a logon session is destroyed. It may be positively correlated with a logon event using the Logon ID value. Logon IDs are only unique between reboots
on the same computer.",C:\Windows\System32\winlogon.exe,12545,BRADY_BROCK
1681852250,4634,Information,"An account was logged off.

Subject:
	Security ID:		JUBILIFE\CLAY_NORRIS
	Account Name:		JUBI42130$
	Account Domain:		JUBILIFE
	Logon ID:		0x616C65

Logon Type:			11

This event is generated when a logon session is destroyed. It may be positively correlated with a logon event using the Logon ID value. Logon IDs are only unique between reboots
on the same computer.",C:\Windows\System32\svchost.exe,12545,CLAY_NORRIS
1681852325,4634,Information,"An account was logged off.

Subject:
	Security ID:		JUBILIFE\MAVIS_SHEPPARD
	Account Name:		JUBI95705$
	Account Domain:		JUBILIFE
	Logon ID:		0x67796D

Logon Type:			2

This event is generated when a logon session is destroyed. It may be positively correlated with a logon event using the Logon ID value. Logon IDs are only unique between reboots
on the same computer.",C:\Windows\System32\winlogon.exe,12545,MAVIS_SHEPPARD
1681852371,4634,Information,"An account was logged off.

Subject:
	Security ID:		JUBILIFE\ISAAC_PACHECO
	Account Name:		JUBI52842$
	Account Domain:		JUBILIFE
	Logon ID:		0x626564

Logon Type:			11

This event is generated when a logon session is destroyed. It may be positively correlated with a logon event using the Logon ID value. Logon IDs are only unique between reboots
on the same computer.",C:\Windows\System32\svchost.exe,12545,ISAAC_PACHECO
1681852419,4634,Information,"An account was logged off.

Subject:
	Security ID:		JUBILIFE\CLARE_REYES
	Account Name:		JUBI51682$
	Account Domain:		JUBILIFE
	Logon ID:		0x746F6E

Logon Type:			3

This event is generated when a logon session is destroyed. It may be positively correlated with a logon event using the Logon ID value. Logon IDs are only unique between reboots
on the same computer.",-,12545,CLARE_REYES
1681852428,4634,Information,"An account was logged off.

Subject:
	Security ID:		JUBILIFE\MOHAMMAD_GOFF
	Account Name:		JUBI21081$
	Account Domain:		JUBILIFE
	Logon ID:		0x636172

Logon Type:			2

This event is generated when a logon session is destroyed. It may be positively correlated with a logon event using the Logon ID value. Logon IDs are only unique between reboots
on the same computer.",C:\Windows\System32\svchost.exe,12545,MOHAMMAD_GOFF
1681852454,4634,Information,"An account was logged off.

Subject:
	Security ID:		JUBILIFE\VERNA_CHRISTIAN
	Account Name:		JUBI65366$
	Account Domain:		JUBILIFE
	Logon ID:		0x736879

Logon Type:			2

This event is generated when a logon session is destroyed. It may be positively correlated with a logon event using the Logon ID value. Logon IDs are only unique between reboots
on the same computer.",C:\Windows\System32\svchost.exe,12545,VERNA_CHRISTIAN
1681852475,4634,Information,"An account was logged off.

Subject:
	Security ID:		JUBILIFE\THEODORE_DEAN
	Account Name:		JUBI23154$
	Account Domain:		JUBILIFE
	Logon ID:		0x626967

Logon Type:			11

This event is generated when a logon session is destroyed. It may be positively correlated with a logon event using the Logon ID value. Logon IDs are only unique between reboots
on the same computer.",-,12545,THEODORE_DEAN
1681852659,4634,Information,"An account was logged off.

Subject:
	Security ID:		JUBILIFE\BERNARDO_WOODWARD
	Account Name:		JUBI46685$
	Account Domain:		JUBILIFE
	Logon ID:		0x686579

Logon Type:			3

This event is generated when a logon session is destroyed. It may be positively correlated with a logon event using the Logon ID value. Logon IDs are only unique between reboots
on the same computer.",-,12545,BERNARDO_WOODWARD
1681852902,4634,Information,"An account was logged off.

Subject:
	Security ID:		JUBILIFE\JESSIE_CRUZ
	Account Name:		JUBI92383$
	Account Domain:		JUBILIFE
	Logon ID:		0x6D6577

Logon Type:			3

This event is generated when a logon session is destroyed. It may be positively correlated with a logon event using the Logon ID value. Logon IDs are only unique between reboots
on the same computer.",-,12545,JESSIE_CRUZ
1681853020,4634,Information,"An account was logged off.

Subject:
	Security ID:		JUBILIFE\MELODY_COLEMAN
	Account Name:		JUBI69951$
	Account Domain:		JUBILIFE
	Logon ID:		0x476F64

Logon Type:			11

This event is generated when a logon session is destroyed. It may be positively correlated with a logon event using the Logon ID value. Logon IDs are only unique between reboots
on the same computer.",C:\Windows\System32\svchost.exe,12545,MELODY_COLEMAN
1681853048,4634,Information,"An account was logged off.

Subject:
	Security ID:		JUBILIFE\LEE_KNOX
	Account Name:		JUBI16598$
	Account Domain:		JUBILIFE
	Logon ID:		0x686F65

Logon Type:			3

This event is generated when a logon session is destroyed. It may be positively correlated with a logon event using the Logon ID value. Logon IDs are only unique between reboots
on the same computer.",-,12545,LEE_KNOX
1681853290,4634,Information,"An account was logged off.

Subject:
	Security ID:		JUBILIFE\SUSANA_MCPHERSON
	Account Name:		JUBI61495$
	Account Domain:		JUBILIFE
	Logon ID:		0x756768

Logon Type:			3

This event is generated when a logon session is destroyed. It may be positively correlated with a logon event using the Logon ID value. Logon IDs are only unique between reboots
on the same computer.",-,12545,SUSANA_MCPHERSON
1681853720,4634,Information,"An account was logged off.

Subject:
	Security ID:		JUBILIFE\CLEMENT_ALLEN
	Account Name:		JUBI46005$
	Account Domain:		JUBILIFE
	Logon ID:		0x656E64

Logon Type:			11

This event is generated when a logon session is destroyed. It may be positively correlated with a logon event using the Logon ID value. Logon IDs are only unique between reboots
on the same computer.",C:\Windows\System32\svchost.exe,12545,CLEMENT_ALLEN
1681853732,4634,Information,"An account was logged off.

Subject:
	Security ID:		JUBILIFE\BRANDEN_MCCULLOUGH
	Account Name:		JUBI90474$
	Account Domain:		JUBILIFE
	Logon ID:		0x657665

Logon Type:			3

This event is generated when a logon session is destroyed. It may be positively correlated with a logon event using the Logon ID value. Logon IDs are only unique between reboots
on the same computer.",-,12545,BRANDEN_MCCULLOUGH
1681853893,4634,Information,"An account was logged off.

Subject:
	Security ID:		JUBILIFE\SYLVESTER_PRINCE
	Account Name:		JUBI72525$
	Account Domain:		JUBILIFE
	Logon ID:		0x70656E

Logon Type:			11

This event is generated when a logon session is destroyed. It may be positively correlated with a logon event using the Logon ID value. Logon IDs are only unique between reboots
on the same computer.",C:\Windows\System32\svchost.exe,12545,SYLVESTER_PRINCE
1681853914,4634,Information,"An account was logged off.

Subject:
	Security ID:		JUBILIFE\KATIE_NASH
	Account Name:		JUBI96757$
	Account Domain:		JUBILIFE
	Logon ID:		0x647567

Logon Type:			11

This event is generated when a logon session is destroyed. It may be positively correlated with a logon event using the Logon ID value. Logon IDs are only unique between reboots
on the same computer.",C:\Windows\System32\svchost.exe,12545,KATIE_NASH
1681853934,4634,Information,"An account was logged off.

Subject:
	Security ID:		JUBILIFE\ALVA_SHARPE
	Account Name:		JUBI38529$
	Account Domain:		JUBILIFE
	Logon ID:		0x67656C

Logon Type:			2

This event is generated when a logon session is destroyed. It may be positively correlated with a logon event using the Logon ID value. Logon IDs are only unique between reboots
on the same computer.",C:\Windows\System32\winlogon.exe,12545,ALVA_SHARPE
1681854002,4634,Information,"An account was logged off.

Subject:
	Security ID:		JUBILIFE\ERWIN_KING
	Account Name:		JUBI17011$
	Account Domain:		JUBILIFE
	Logon ID:		0x66696E

Logon Type:			2

This event is generated when a logon session is destroyed. It may be positively correlated with a logon event using the Logon ID value. Logon IDs are only unique between reboots
on the same computer.",C:\Windows\System32\winlogon.exe,12545,ERWIN_KING
1681854168,4634,Information,"An account was logged off.

Subject:
	Security ID:		JUBILIFE\ANA_MCFADDEN
	Account Name:		JUBI84678$
	Account Domain:		JUBILIFE
	Logon ID:		0x706973

Logon Type:			3

This event is generated when a logon session is destroyed. It may be positively correlated with a logon event using the Logon ID value. Logon IDs are only unique between reboots
on the same computer.",-,12545,ANA_MCFADDEN
1681854239,4634,Information,"An account was logged off.

Subject:
	Security ID:		JUBILIFE\HOPE_KIRBY
	Account Name:		JUBI97567$
	Account Domain:		JUBILIFE
	Logon ID:		0x617465

Logon Type:			2

This event is generated when a logon session is destroyed. It may be positively correlated with a logon event using the Logon ID value. Logon IDs are only unique between reboots
on the same computer.",C:\Windows\System32\svchost.exe,12545,HOPE_KIRBY
1681854244,4634,Information,"An account was logged off.

Subject:
	Security ID:		JUBILIFE\JEFFEREY_COLE
	Account Name:		JUBI89806$
	Account Domain:		JUBILIFE
	Logon ID:		0x6C7567

Logon Type:			3

This event is generated when a logon session is destroyed. It may be positively correlated with a logon event using the Logon ID value. Logon IDs are only unique between reboots
on the same computer.",-,12545,JEFFEREY_COLE
1681854381,4634,Information,"An account was logged off.

Subject:
	Security ID:		JUBILIFE\ERMA_MEDINA
	Account Name:		JUBI59797$
	Account Domain:		JUBILIFE
	Logon ID:		0x726962

Logon Type:			3

This event is generated when a logon session is destroyed. It may be positively correlated with a logon event using the Logon ID value. Logon IDs are only unique between reboots
on the same computer.",-,12545,ERMA_MEDINA
1681854600,4634,Information,"An account was logged off.

Subject:
	Security ID:		JUBILIFE\DON_HORNE
	Account Name:		JUBI33844$
	Account Domain:		JUBILIFE
	Logon ID:		0x746561

Logon Type:			2

This event is generated when a logon session is destroyed. It may be positively correlated with a logon event using the Logon ID value. Logon IDs are only unique between reboots
on the same computer.",C:\Windows\System32\svchost.exe,12545,DON_HORNE
1681854930,4634,Information,"An account was logged off.

Subject:
	Security ID:		JUBILIFE\NORA_COMPTON
	Account Name:		JUBI38492$
	Account Domain:		JUBILIFE
	Logon ID:		0x736978

Logon Type:			2

This event is generated when a logon session is destroyed. It may be positively correlated with a logon event using the Logon ID value. Logon IDs are only unique between reboots
on the same computer.",C:\Windows\System32\winlogon.exe,12545,NORA_COMPTON
1681854932,4634,Information,"An account was logged off.

Subject:
	Security ID:		JUBILIFE\MEGAN_MAYNARD
	Account Name:		JUBI06486$
	Account Domain:		JUBILIFE
	Logon ID:		0x706172

Logon Type:			11

This event is generated when a logon session is destroyed. It may be positively correlated with a logon event using the Logon ID value. Logon IDs are only unique between reboots
on the same computer.",-,12545,MEGAN_MAYNARD
1681855108,4634,Information,"An account was logged off.

Subject:
	Security ID:		JUBILIFE\LOTTIE_MCCLURE
	Account Name:		JUBI74143$
	Account Domain:		JUBILIFE
	Logon ID:		0x72616E

Logon Type:			11

This event is generated when a logon session is destroyed. It may be positively correlated with a logon event using the Logon ID value. Logon IDs are only unique between reboots
on the same computer.",C:\Windows\System32\svchost.exe,12545,LOTTIE_MCCLURE
1681855128,4634,Information,"An account was logged off.

Subject:
	Security ID:		JUBILIFE\YOUNG_COOLEY
	Account Name:		JUBI66094$
	Account Domain:		JUBILIFE
	Logon ID:		0x6D6164

Logon Type:			11

This event is generated when a logon session is destroyed. It may be positively correlated with a logon event using the Logon ID value. Logon IDs are only unique between reboots
on the same computer.",-,12545,YOUNG_COOLEY
1681855350,4634,Information,"An account was logged off.

Subject:
	Security ID:		JUBILIFE\LEE_MADDOX
	Account Name:		JUBI10405$
	Account Domain:		JUBILIFE
	Logon ID:		0x6F7661

Logon Type:			2

This event is generated when a logon session is destroyed. It may be positively correlated with a logon event using the Logon ID value. Logon IDs are only unique between reboots
on the same computer.",C:\Windows\System32\svchost.exe,12545,LEE_MADDOX
1681855426,4634,Information,"An account was logged off.

Subject:
	Security ID:		JUBILIFE\FABIAN_MITCHELL
	Account Name:		JUBI84832$
	Account Domain:		JUBILIFE
	Logon ID:		0x667279

Logon Type:			11

This event is generated when a logon session is destroyed. It may be positively correlated with a logon event using the Logon ID value. Logon IDs are only unique between reboots
on the same computer.",C:\Windows\System32\svchost.exe,12545,FABIAN_MITCHELL
1681855515,4634,Information,"An account was logged off.

Subject:
	Security ID:		JUBILIFE\REUBEN_WARNER
	Account Name:		JUBI76852$
	Account Domain:		JUBILIFE
	Logon ID:		0x6E6970

Logon Type:			2

This event is generated when a logon session is destroyed. It may be positively correlated with a logon event using the Logon ID value. Logon IDs are only unique between reboots
on the same computer.",C:\Windows\System32\winlogon.exe,12545,REUBEN_WARNER
