1681737096,4624,Information,"An account was successfully logged on.

Subject:
	Security ID:		S-1-5-18
	Account Name:		JUBI39519$
	Account Domain:		JUBILIFE
	Logon ID:		0x572773

Logon Type:			11

Impersonation Level:		Impersonation

New Logon:
	Security ID:		S-1-5-21-4223521121-1109782943-2127437603-1106
	Account Name:		JEFFEREY_SAMPSON
	Account Domain:		NT AUTHORITY
	Logon ID:		0x572773
	Logon GUID:		27711B9F-A703-4B0C-B46C-DB7BF0820F55

Process Information:
	Process ID:		0x33
	Process Name:		C:\Windows\System32\svchost.exe

Network Information:
	Workstation Name:	
	Source Network Address:	172.19.1.46
	Source Port:		23693

Detailed Authentication Information:
	Logon Process:		Kerberos  
	Authentication Package:	Kerberos
	Transited Services:	-
	Package Name (NTLM only):	-
	Key Length:		0

This event is generated when a logon session is created. It is generated on the computer that was accessed.

The subject fields indicate the account on the local system which requested the logon. This is most commonly a service such as the Server service, or a local process such as Winlogon.exe or Services.exe.

The logon type field indicates the kind of logon that occurred. The most common types are 2 (interactive) and 3 (network).

The New Logon fields indicate the account for whom the new logon was created, i.e. the account that was logged on.

The network fields indicate where a remote logon request originated. Workstation name is not always available and may be left blank in some cases.

The impersonation level field indicates the extent to which a process in the logon session can impersonate.

The authentication information fields provide detailed information about this specific logon request.
	- Logon GUID is a unique identifier that can be used to correlate this event with a KDC event.
	- Transited services indicate which intermediate services have participated in this logon request.
	- Package name indicates which sub-protocol was used among the NTLM protocols.
	- Key length indicates the length of the generated session key. This will be 0 if no session key was requested.",C:\Windows\System32\svchost.exe,12544,JEFFEREY_SAMPSON
1681737100,4624,Information,"An account was successfully logged on.

Subject:
	Security ID:		S-1-5-18
	Account Name:		JUBI15828$
	Account Domain:		JUBILIFE
	Logon ID:		0x746879

Logon Type:			3

Impersonation Level:		Impersonation

New Logon:
	Security ID:		S-1-5-21-4223521121-1109782943-2127437603-1138
	Account Name:		ALLAN_MACDONALD
	Account Domain:		NT AUTHORITY
	Logon ID:		0x746879
	Logon GUID:		F4DEAFAC-005A-4C1F-9EF8-DA2EA0C74F53

Process Information:
	Process ID:		0x0
	Process Name:		-

Network Information:
	Workstation Name:	
	Source Network Address:	-
	Source Port:		-

Detailed Authentication Information:
	Logon Process:		Kerberos  
	Authentication Package:	Kerberos
	Transited Services:	-
	Package Name (NTLM only):	-
	Key Length:		0

This event is generated when a logon session is created. It is generated on the computer that was accessed.

The subject fields indicate the account on the local system which requested the logon. This is most commonly a service such as the Server service, or a local process such as Winlogon.exe or Services.exe.

The logon type field indicates the kind of logon that occurred. The most common types are 2 (interactive) and 3 (network).

The New Logon fields indicate the account for whom the new logon was created, i.e. the account that was logged on.

The network fields indicate where a remote logon request originated. Workstation name is not always available and may be left blank in some cases.

The impersonation level field indicates the extent to which a process in the logon session can impersonate.

The authentication information fields provide detailed information about this specific logon request.
	- Logon GUID is a unique identifier that can be used to correlate this event with a KDC event.
	- Transited services indicate which intermediate services have participated in this logon request.
	- Package name indicates which sub-protocol was used among the NTLM protocols.
	- Key length indicates the length of the generated session key. This will be 0 if no session key was requested.",-,12544,ALLAN_MACDONALD
1681737105,4624,Information,"An account was successfully logged on.

Subject:
	Security ID:		S-1-5-18
	Account Name:		JUBI38717$
	Account Domain:		JUBILIFE
	Logon ID:		0x656E64

Logon Type:			3

Impersonation Level:		Impersonation

New Logon:
	Security ID:		S-1-5-21-4223521121-1109782943-2127437603-1488
	Account Name:		MARCELO_SAVAGE
	Account Domain:		NT AUTHORITY
	Logon ID:		0x656E64
	Logon GUID:		038628B5-7611-4A71-9D8C-46F77EF8AB60

Process Information:
	Process ID:		0x0
	Process Name:		-

Network Information:
	Workstation Name:	
	Source Network Address:	172.19.4.199
	Source Port:		3889

Detailed Authentication Information:
	Logon Process:		Kerberos  
	Authentication Package:	Kerberos
	Transited Services:	-
	Package Name (NTLM only):	-
	Key Length:		0

This event is generated when a logon session is created. It is generated on the computer that was accessed.

The subject fields indicate the account on the local system which requested the logon. This is most commonly a service such as the Server service, or a local process such as Winlogon.exe or Services.exe.

The logon type field indicates the kind of logon that occurred. The most common types are 2 (interactive) and 3 (network).

The New Logon fields indicate the account for whom the new logon was created, i.e. the account that was logged on.

The network fields indicate where a remote logon request originated. Workstation name is not always available and may be left blank in some cases.

The impersonation level field indicates the extent to which a process in the logon session can impersonate.

The authentication information fields provide detailed information about this specific logon request.
	- Logon GUID is a unique identifier that can be used to correlate this event with a KDC event.
	- Transited services indicate which intermediate services have participated in this logon request.
	- Package name indicates which sub-protocol was used among the NTLM protocols.
	- Key length indicates the length of the generated session key. This will be 0 if no session key was requested.",-,12544,MARCELO_SAVAGE
1681737106,4624,Information,"An account was successfully logged on.

Subject:
	Security ID:		S-1-5-18
	Account Name:		JUBI41811$
	Account Domain:		JUBILIFE
	Logon ID:		0x636F64

Logon Type:			2

Impersonation Level:		Impersonation

New Logon:
	Security ID:		S-1-5-21-4223521121-1109782943-2127437603-1257
	Account Name:		LILY_ROWE
	Account Domain:		NT AUTHORITY
	Logon ID:		0x636F64
	Logon GUID:		A786B365-C5D8-408D-A293-339F4E292935

Process Information:
	Process ID:		0x3d
	Process Name:		C:\Windows\System32\svchost.exe

Network Information:
	Workstation Name:	
	Source Network Address:	-
	Source Port:		-

Detailed Authentication Information:
	Logon Process:		Kerberos  
	Authentication Package:	Kerberos
	Transited Services:	-
	Package Name (NTLM only):	-
	Key Length:		0

This event is generated when a logon session is created. It is generated on the computer that was accessed.

The subject fields indicate the account on the local system which requested the logon. This is most commonly a service such as the Server service, or a local process such as Winlogon.exe or Services.exe.

The logon type field indicates the kind of logon that occurred. The most common types are 2 (interactive) and 3 (network).

The New Logon fields indicate the account for whom the new logon was created, i.e. the account that was logged on.

The network fields indicate where a remote logon request originated. Workstation name is not always available and may be left blank in some cases.

The impersonation level field indicates the extent to which a process in the logon session can impersonate.

The authentication information fields provide detailed information about this specific logon request.
	- Logon GUID is a unique identifier that can be used to correlate this event with a KDC event.
	- Transited services indicate which intermediate services have participated in this logon request.
	- Package name indicates which sub-protocol was used among the NTLM protocols.
	- Key length indicates the length of the generated session key. This will be 0 if no session key was requested.",C:\Windows\System32\svchost.exe,12544,LILY_ROWE
1681737111,4624,Information,"An account was successfully logged on.

Subject:
	Security ID:		S-1-5-18
	Account Name:		JUBI34453$
	Account Domain:		JUBILIFE
	Logon ID:		0x626F62

Logon Type:			2

Impersonation Level:		Impersonation

New Logon:
	Security ID:		S-1-5-21-4223521121-1109782943-2127437603-1223
	Account Name:		REBECCA_OSBORN
	Account Domain:		NT AUTHORITY
	Logon ID:		0x626F62
	Logon GUID:		014CA93E-0BE1-45D4-B2DE-5ADC00D81BD5

Process Information:
	Process ID:		0x2a
	Process Name:		C:\Windows\System32\svchost.exe

Network Information:
	Workstation Name:	
	Source Network Address:	-
	Source Port:		-

Detailed Authentication Information:
	Logon Process:		Kerberos  
	Authentication Package:	Kerberos
	Transited Services:	-
	Package Name (NTLM only):	-
	Key Length:		0

This event is generated when a logon session is created. It is generated on the computer that was accessed.

The subject fields indicate the account on the local system which requested the logon. This is most commonly a service such as the Server service, or a local process such as Winlogon.exe or Services.exe.

The logon type field indicates the kind of logon that occurred. The most common types are 2 (interactive) and 3 (network).

The New Logon fields indicate the account for whom the new logon was created, i.e. the account that was logged on.

The network fields indicate where a remote logon request originated. Workstation name is not always available and may be left blank in some cases.

The impersonation level field indicates the extent to which a process in the logon session can impersonate.

The authentication information fields provide detailed information about this specific logon request.
	- Logon GUID is a unique identifier that can be used to correlate this event with a KDC event.
	- Transited services indicate which intermediate services have participated in this logon request.
	- Package name indicates which sub-protocol was used among the NTLM protocols.
	- Key length indicates the length of the generated session key. This will be 0 if no session key was requested.",C:\Windows\System32\svchost.exe,12544,REBECCA_OSBORN
1681737124,4624,Information,"An account was successfully logged on.

Subject:
	Security ID:		S-1-5-18
	Account Name:		JUBI84881$
	Account Domain:		JUBILIFE
	Logon ID:		0x616E64

Logon Type:			2

Impersonation Level:		Impersonation

New Logon:
	Security ID:		S-1-5-21-4223521121-1109782943-2127437603-1183
	Account Name:		LEROY_VAUGHAN
	Account Domain:		NT AUTHORITY
	Logon ID:		0x616E64
	Logon GUID:		D55B9002-44FF-4D33-A3EE-0DA6C170776C

Process Information:
	Process ID:		0x41
	Process Name:		C:\Windows\System32\svchost.exe

Network Information:
	Workstation Name:	
	Source Network Address:	-
	Source Port:		-

Detailed Authentication Information:
	Logon Process:		Kerberos  
	Authentication Package:	Kerberos
	Transited Services:	-
	Package Name (NTLM only):	-
	Key Length:		0

This event is generated when a logon session is created. It is generated on the computer that was accessed.

The subject fields indicate the account on the local system which requested the logon. This is most commonly a service such as the Server service, or a local process such as Winlogon.exe or Services.exe.

The logon type field indicates the kind of logon that occurred. The most common types are 2 (interactive) and 3 (network).

The New Logon fields indicate the account for whom the new logon was created, i.e. the account that was logged on.

The network fields indicate where a remote logon request originated. Workstation name is not always available and may be left blank in some cases.

The impersonation level field indicates the extent to which a process in the logon session can impersonate.

The authentication information fields provide detailed information about this specific logon request.
	- Logon GUID is a unique identifier that can be used to correlate this event with a KDC event.
	- Transited services indicate which intermediate services have participated in this logon request.
	- Package name indicates which sub-protocol was used among the NTLM protocols.
	- Key length indicates the length of the generated session key. This will be 0 if no session key was requested.",C:\Windows\System32\svchost.exe,12544,LEROY_VAUGHAN
1681737129,4624,Information,"An account was successfully logged on.

Subject:
	Security ID:		S-1-5-18
	Account Name:		JUBI09433$
	Account Domain:		JUBILIFE
	Logon ID:		0x74656E

Logon Type:			2

Impersonation Level:		Impersonation

New Logon:
	Security ID:		S-1-5-21-4223521121-1109782943-2127437603-1199
	Account Name:		FELECIA_CHRISTIAN
	Account Domain:		NT AUTHORITY
	Logon ID:		0x74656E
	Logon GUID:		1251DCE2-C5E5-4BC1-9B7E-1FD310515B7A

Process Information:
	Process ID:		0x4e
	Process Name:		C:\Windows\System32\winlogon.exe

Network Information:
	Workstation Name:	
	Source Network Address:	-
	Source Port:		-

Detailed Authentication Information:
	Logon Process:		Kerberos  
	Authentication Package:	Kerberos
	Transited Services:	-
	Package Name (NTLM only):	-
	Key Length:		0

This event is generated when a logon session is created. It is generated on the computer that was accessed.

The subject fields indicate the account on the local system which requested the logon. This is most commonly a service such as the Server service, or a local process such as Winlogon.exe or Services.exe.

The logon type field indicates the kind of logon that occurred. The most common types are 2 (interactive) and 3 (network).

The New Logon fields indicate the account for whom the new logon was created, i.e. the account that was logged on.

The network fields indicate where a remote logon request originated. Workstation name is not always available and may be left blank in some cases.

The impersonation level field indicates the extent to which a process in the logon session can impersonate.

The authentication information fields provide detailed information about this specific logon request.
	- Logon GUID is a unique identifier that can be used to correlate this event with a KDC event.
	- Transited services indicate which intermediate services have participated in this logon request.
	- Package name indicates which sub-protocol was used among the NTLM protocols.
	- Key length indicates the length of the generated session key. This will be 0 if no session key was requested.",C:\Windows\System32\winlogon.exe,12544,FELECIA_CHRISTIAN
1681737150,4624,Information,"An account was successfully logged on.

Subject:
	Security ID:		S-1-5-18
	Account Name:		JUBI94998$
	Account Domain:		JUBILIFE
	Logon ID:		0x657261

Logon Type:			2

Impersonation Level:		Impersonation

New Logon:
	Security ID:		S-1-5-21-4223521121-1109782943-2127437603-1232
	Account Name:		TABITHA_COOK
	Account Domain:		NT AUTHORITY
	Logon ID:		0x657261
	Logon GUID:		B27B6FA3-41FF-4B6B-85A2-FB9E7CA35B2B

Process Information:
	Process ID:		0x37
	Process Name:		C:\Windows\System32\svchost.exe

Network Information:
	Workstation Name:	
	Source Network Address:	-
	Source Port:		-

Detailed Authentication Information:
	Logon Process:		Kerberos  
	Authentication Package:	Kerberos
	Transited Services:	-
	Package Name (NTLM only):	-
	Key Length:		0

This event is generated when a logon session is created. It is generated on the computer that was accessed.

The subject fields indicate the account on the local system which requested the logon. This is most commonly a service such as the Server service, or a local process such as Winlogon.exe or Services.exe.

The logon type field indicates the kind of logon that occurred. The most common types are 2 (interactive) and 3 (network).

The New Logon fields indicate the account for whom the new logon was created, i.e. the account that was logged on.

The network fields indicate where a remote logon request originated. Workstation name is not always available and may be left blank in some cases.

The impersonation level field indicates the extent to which a process in the logon session can impersonate.

The authentication information fields provide detailed information about this specific logon request.
	- Logon GUID is a unique identifier that can be used to correlate this event with a KDC event.
	- Transited services indicate which intermediate services have participated in this logon request.
	- Package name indicates which sub-protocol was used among the NTLM protocols.
	- Key length indicates the length of the generated session key. This will be 0 if no session key was requested.",C:\Windows\System32\svchost.exe,12544,TABITHA_COOK
1681737151,4624,Information,"An account was successfully logged on.

Subject:
	Security ID:		S-1-5-18
	Account Name:		JUBI60869$
	Account Domain:		JUBILIFE
	Logon ID:		0x736B69

Logon Type:			11

Impersonation Level:		Impersonation

New Logon:
	Security ID:		S-1-5-21-4223521121-1109782943-2127437603-1141
	Account Name:		BETH_CARTER
	Account Domain:		NT AUTHORITY
	Logon ID:		0x736B69
	Logon GUID:		54FBFD4E-0A4A-43CA-8E84-E0E65FD2C13D

Process Information:
	Process ID:		0x6a
	Process Name:		-

Network Information:
	Workstation Name:	
	Source Network Address:	172.19.8.84
	Source Port:		37922

Detailed Authentication Information:
	Logon Process:		Kerberos  
	Authentication Package:	Kerberos
	Transited Services:	-
	Package Name (NTLM only):	-
	Key Length:		0

This event is generated when a logon session is created. It is generated on the computer that was accessed.

The subject fields indicate the account on the local system which requested the logon. This is most commonly a service such as the Server service, or a local process such as Winlogon.exe or Services.exe.

The logon type field indicates the kind of logon that occurred. The most common types are 2 (interactive) and 3 (network).

The New Logon fields indicate the account for whom the new logon was created, i.e. the account that was logged on.

The network fields indicate where a remote logon request originated. Workstation name is not always available and may be left blank in some cases.

The impersonation level field indicates the extent to which a process in the logon session can impersonate.

The authentication information fields provide detailed information about this specific logon request.
	- Logon GUID is a unique identifier that can be used to correlate this event with a KDC event.
	- Transited services indicate which intermediate services have participated in this logon request.
	- Package name indicates which sub-protocol was used among the NTLM protocols.
	- Key length indicates the length of the generated session key. This will be 0 if no session key was requested.",-,12544,BETH_CARTER
1681737156,4624,Information,"An account was successfully logged on.

Subject:
	Security ID:		S-1-5-18
	Account Name:		JUBI19681$
	Account Domain:		JUBILIFE
	Logon ID:		0x656174

Logon Type:			11

Impersonation Level:		Impersonation

New Logon:
	Security ID:		S-1-5-21-4223521121-1109782943-2127437603-1428
	Account Name:		MAXINE_CHANEY
	Account Domain:		NT AUTHORITY
	Logon ID:		0x656174
	Logon GUID:		829B3D99-A4BC-4716-9A90-5F402286F112

Process Information:
	Process ID:		0x66
	Process Name:		-

Network Information:
	Workstation Name:	
	Source Network Address:	-
	Source Port:		-

Detailed Authentication Information:
	Logon Process:		Kerberos  
	Authentication Package:	Kerberos
	Transited Services:	-
	Package Name (NTLM only):	-
	Key Length:		0

This event is generated when a logon session is created. It is generated on the computer that was accessed.

The subject fields indicate the account on the local system which requested the logon. This is most commonly a service such as the Server service, or a local process such as Winlogon.exe or Services.exe.

The logon type field indicates the kind of logon that occurred. The most common types are 2 (interactive) and 3 (network).

The New Logon fields indicate the account for whom the new logon was created, i.e. the account that was logged on.

The network fields indicate where a remote logon request originated. Workstation name is not always available and may be left blank in some cases.

The impersonation level field indicates the extent to which a process in the logon session can impersonate.

The authentication information fields provide detailed information about this specific logon request.
	- Logon GUID is a unique identifier that can be used to correlate this event with a KDC event.
	- Transited services indicate which intermediate services have participated in this logon request.
	- Package name indicates which sub-protocol was used among the NTLM protocols.
	- Key length indicates the length of the generated session key. This will be 0 if no session key was requested.",-,12544,MAXINE_CHANEY
1681737171,4624,Information,"An account was successfully logged on.

Subject:
	Security ID:		S-1-5-18
	Account Name:		JUBI21257$
	Account Domain:		JUBILIFE
	Logon ID:		0x706F74

Logon Type:			3

Impersonation Level:		Impersonation

New Logon:
	Security ID:		S-1-5-21-4223521121-1109782943-2127437603-1151
	Account Name:		VELMA_KEMP
	Account Domain:		NT AUTHORITY
	Logon ID:		0x706F74
	Logon GUID:		1E7DB263-9586-4BF4-BBAE-60A91E4A8CBB

Process Information:
	Process ID:		0x0
	Process Name:		-

Network Information:
	Workstation Name:	
	Source Network Address:	172.19.2.119
	Source Port:		40866

Detailed Authentication Information:
	Logon Process:		Kerberos  
	Authentication Package:	Kerberos
	Transited Services:	-
	Package Name (NTLM only):	-
	Key Length:		0

This event is generated when a logon session is created. It is generated on the computer that was accessed.

The subject fields indicate the account on the local system which requested the logon. This is most commonly a service such as the Server service, or a local process such as Winlogon.exe or Services.exe.

The logon type field indicates the kind of logon that occurred. The most common types are 2 (interactive) and 3 (network).

The New Logon fields indicate the account for whom the new logon was created, i.e. the account that was logged on.

The network fields indicate where a remote logon request originated. Workstation name is not always available and may be left blank in some cases.

The impersonation level field indicates the extent to which a process in the logon session can impersonate.

The authentication information fields provide detailed information about this specific logon request.
	- Logon GUID is a unique identifier that can be used to correlate this event with a KDC event.
	- Transited services indicate which intermediate services have participated in this logon request.
	- Package name indicates which sub-protocol was used among the NTLM protocols.
	- Key length indicates the length of the generated session key. This will be 0 if no session key was requested.",-,12544,VELMA_KEMP
1681737173,4624,Information,"An account was successfully logged on.

Subject:
	Security ID:		S-1-5-18
	Account Name:		JUBI75760$
	Account Domain:		JUBILIFE
	Logon ID:		0x6C6164

Logon Type:			3

Impersonation Level:		Impersonation

New Logon:
	Security ID:		S-1-5-21-4223521121-1109782943-2127437603-1418
	Account Name:		CHARLES_HENDERSON
	Account Domain:		NT AUTHORITY
	Logon ID:		0x6C6164
	Logon GUID:		3C16D1A8-FF33-4C7B-B02A-7F4B99F5C71C

Process Information:
	Process ID:		0x0
	Process Name:		-

Network Information:
	Workstation Name:	
	Source Network Address:	-
	Source Port:		-

Detailed Authentication Information:
	Logon Process:		Kerberos  
	Authentication Package:	Kerberos
	Transited Services:	-
	Package Name (NTLM only):	-
	Key Length:		0

This event is generated when a logon session is created. It is generated on the computer that was accessed.

The subject fields indicate the account on the local system which requested the logon. This is most commonly a service such as the Server service, or a local process such as Winlogon.exe or Services.exe.

The logon type field indicates the kind of logon that occurred. The most common types are 2 (interactive) and 3 (network).

The New Logon fields indicate the account for whom the new logon was created, i.e. the account that was logged on.

The network fields indicate where a remote logon request originated. Workstation name is not always available and may be left blank in some cases.

The impersonation level field indicates the extent to which a process in the logon session can impersonate.

The authentication information fields provide detailed information about this specific logon request.
	- Logon GUID is a unique identifier that can be used to correlate this event with a KDC event.
	- Transited services indicate which intermediate services have participated in this logon request.
	- Package name indicates which sub-protocol was used among the NTLM protocols.
	- Key length indicates the length of the generated session key. This will be 0 if no session key was requested.",-,12544,CHARLES_HENDERSON
1681737185,4624,Information,"An account was successfully logged on.

Subject:
	Security ID:		S-1-5-18
	Account Name:		JUBI32484$
	Account Domain:		JUBILIFE
	Logon ID:		0x626167

Logon Type:			3

Impersonation Level:		Impersonation

New Logon:
	Security ID:		S-1-5-21-4223521121-1109782943-2127437603-1412
	Account Name:		SANG_ONEILL
	Account Domain:		NT AUTHORITY
	Logon ID:		0x626167
	Logon GUID:		48FD94FD-98A5-4497-A831-E9896E8C18BD

Process Information:
	Process ID:		0x0
	Process Name:		-

Network Information:
	Workstation Name:	
	Source Network Address:	172.19.9.39
	Source Port:		32659

Detailed Authentication Information:
	Logon Process:		Kerberos  
	Authentication Package:	Kerberos
	Transited Services:	-
	Package Name (NTLM only):	-
	Key Length:		0

This event is generated when a logon session is created. It is generated on the computer that was accessed.

The subject fields indicate the account on the local system which requested the logon. This is most commonly a service such as the Server service, or a local process such as Winlogon.exe or Services.exe.

The logon type field indicates the kind of logon that occurred. The most common types are 2 (interactive) and 3 (network).

The New Logon fields indicate the account for whom the new logon was created, i.e. the account that was logged on.

The network fields indicate where a remote logon request originated. Workstation name is not always available and may be left blank in some cases.

The impersonation level field indicates the extent to which a process in the logon session can impersonate.

The authentication information fields provide detailed information about this specific logon request.
	- Logon GUID is a unique identifier that can be used to correlate this event with a KDC event.
	- Transited services indicate which intermediate services have participated in this logon request.
	- Package name indicates which sub-protocol was used among the NTLM protocols.
	- Key length indicates the length of the generated session key. This will be 0 if no session key was requested.",-,12544,SANG_ONEILL
1681737196,4624,Information,"An account was successfully logged on.

Subject:
	Security ID:		S-1-5-18
	Account Name:		JUBI96757$
	Account Domain:		JUBILIFE
	Logon ID:		0x647567

Logon Type:			2

Impersonation Level:		Impersonation

New Logon:
	Security ID:		S-1-5-21-4223521121-1109782943-2127437603-1375
	Account Name:		KATIE_NASH
	Account Domain:		NT AUTHORITY
	Logon ID:		0x647567
	Logon GUID:		A7005E59-2167-4597-B19B-5EE953119BC2

Process Information:
	Process ID:		0x15
	Process Name:		C:\Windows\System32\svchost.exe

Network Information:
	Workstation Name:	
	Source Network Address:	-
	Source Port:		-

Detailed Authentication Information:
	Logon Process:		Kerberos  
	Authentication Package:	Kerberos
	Transited Services:	-
	Package Name (NTLM only):	-
	Key Length:		0

This event is generated when a logon session is created. It is generated on the computer that was accessed.

The subject fields indicate the account on the local system which requested the logon. This is most commonly a service such as the Server service, or a local process such as Winlogon.exe or Services.exe.

The logon type field indicates the kind of logon that occurred. The most common types are 2 (interactive) and 3 (network).

The New Logon fields indicate the account for whom the new logon was created, i.e. the account that was logged on.

The network fields indicate where a remote logon request originated. Workstation name is not always available and may be left blank in some cases.

The impersonation level field indicates the extent to which a process in the logon session can impersonate.

The authentication information fields provide detailed information about this specific logon request.
	- Logon GUID is a unique identifier that can be used to correlate this event with a KDC event.
	- Transited services indicate which intermediate services have participated in this logon request.
	- Package name indicates which sub-protocol was used among the NTLM protocols.
	- Key length indicates the length of the generated session key. This will be 0 if no session key was requested.",C:\Windows\System32\svchost.exe,12544,KATIE_NASH
1681737208,4624,Information,"An account was successfully logged on.

Subject:
	Security ID:		S-1-5-18
	Account Name:		JUBI56184$
	Account Domain:		JUBILIFE
	Logon ID:		0x746970

Logon Type:			2

Impersonation Level:		Impersonation

New Logon:
	Security ID:		S-1-5-21-4223521121-1109782943-2127437603-1350
	Account Name:		DOMINIQUE_GALLOWAY
	Account Domain:		NT AUTHORITY
	Logon ID:		0x746970
	Logon GUID:		746EC07F-AE32-4C24-A52A-053C0CF61E1D

Process Information:
	Process ID:		0x45
	Process Name:		C:\Windows\System32\svchost.exe

Network Information:
	Workstation Name:	
	Source Network Address:	-
	Source Port:		-

Detailed Authentication Information:
	Logon Process:		Kerberos  
	Authentication Package:	Kerberos
	Transited Services:	-
	Package Name (NTLM only):	-
	Key Length:		0

This event is generated when a logon session is created. It is generated on the computer that was accessed.

The subject fields indicate the account on the local system which requested the logon. This is most commonly a service such as the Server service, or a local process such as Winlogon.exe or Services.exe.

The logon type field indicates the kind of logon that occurred. The most common types are 2 (interactive) and 3 (network).

The New Logon fields indicate the account for whom the new logon was created, i.e. the account that was logged on.

The network fields indicate where a remote logon request originated. Workstation name is not always available and may be left blank in some cases.

The impersonation level field indicates the extent to which a process in the logon session can impersonate.

The authentication information fields provide detailed information about this specific logon request.
	- Logon GUID is a unique identifier that can be used to correlate this event with a KDC event.
	- Transited services indicate which intermediate services have participated in this logon request.
	- Package name indicates which sub-protocol was used among the NTLM protocols.
	- Key length indicates the length of the generated session key. This will be 0 if no session key was requested.",C:\Windows\System32\svchost.exe,12544,DOMINIQUE_GALLOWAY
1681737210,4624,Information,"An account was successfully logged on.

Subject:
	Security ID:		S-1-5-18
	Account Name:		JUBI92789$
	Account Domain:		JUBILIFE
	Logon ID:		0x6D7973

Logon Type:			2

Impersonation Level:		Impersonation

New Logon:
	Security ID:		S-1-5-21-4223521121-1109782943-2127437603-1133
	Account Name:		GEORGIA_SHANNON
	Account Domain:		NT AUTHORITY
	Logon ID:		0x6D7973
	Logon GUID:		029D252C-2F74-435C-BFAA-AFF8E769D641

Process Information:
	Process ID:		0x43
	Process Name:		C:\Windows\System32\svchost.exe

Network Information:
	Workstation Name:	
	Source Network Address:	-
	Source Port:		-

Detailed Authentication Information:
	Logon Process:		Kerberos  
	Authentication Package:	Kerberos
	Transited Services:	-
	Package Name (NTLM only):	-
	Key Length:		0

This event is generated when a logon session is created. It is generated on the computer that was accessed.

The subject fields indicate the account on the local system which requested the logon. This is most commonly a service such as the Server service, or a local process such as Winlogon.exe or Services.exe.

The logon type field indicates the kind of logon that occurred. The most common types are 2 (interactive) and 3 (network).

The New Logon fields indicate the account for whom the new logon was created, i.e. the account that was logged on.

The network fields indicate where a remote logon request originated. Workstation name is not always available and may be left blank in some cases.

The impersonation level field indicates the extent to which a process in the logon session can impersonate.

The authentication information fields provide detailed information about this specific logon request.
	- Logon GUID is a unique identifier that can be used to correlate this event with a KDC event.
	- Transited services indicate which intermediate services have participated in this logon request.
	- Package name indicates which sub-protocol was used among the NTLM protocols.
	- Key length indicates the length of the generated session key. This will be 0 if no session key was requested.",C:\Windows\System32\svchost.exe,12544,GEORGIA_SHANNON
1681737210,4624,Information,"An account was successfully logged on.

Subject:
	Security ID:		S-1-5-18
	Account Name:		JUBI91856$
	Account Domain:		JUBILIFE
	Logon ID:		0x63616E

Logon Type:			2

Impersonation Level:		Impersonation

New Logon:
	Security ID:		S-1-5-21-4223521121-1109782943-2127437603-1455
	Account Name:		LILLIE_LEVINE
	Account Domain:		NT AUTHORITY
	Logon ID:		0x63616E
	Logon GUID:		84FDC4BC-14F3-4890-A4DB-6C7695B9B621

Process Information:
	Process ID:		0x21
	Process Name:		C:\Windows\System32\winlogon.exe

Network Information:
	Workstation Name:	
	Source Network Address:	-
	Source Port:		-

Detailed Authentication Information:
	Logon Process:		Kerberos  
	Authentication Package:	Kerberos
	Transited Services:	-
	Package Name (NTLM only):	-
	Key Length:		0

This event is generated when a logon session is created. It is generated on the computer that was accessed.

The subject fields indicate the account on the local system which requested the logon. This is most commonly a service such as the Server service, or a local process such as Winlogon.exe or Services.exe.

The logon type field indicates the kind of logon that occurred. The most common types are 2 (interactive) and 3 (network).

The New Logon fields indicate the account for whom the new logon was created, i.e. the account that was logged on.

The network fields indicate where a remote logon request originated. Workstation name is not always available and may be left blank in some cases.

The impersonation level field indicates the extent to which a process in the logon session can impersonate.

The authentication information fields provide detailed information about this specific logon request.
	- Logon GUID is a unique identifier that can be used to correlate this event with a KDC event.
	- Transited services indicate which intermediate services have participated in this logon request.
	- Package name indicates which sub-protocol was used among the NTLM protocols.
	- Key length indicates the length of the generated session key. This will be 0 if no session key was requested.",C:\Windows\System32\winlogon.exe,12544,LILLIE_LEVINE
1681737226,4624,Information,"An account was successfully logged on.

Subject:
	Security ID:		S-1-5-18
	Account Name:		JUBI83537$
	Account Domain:		JUBILIFE
	Logon ID:		0x646162

Logon Type:			3

Impersonation Level:		Impersonation

New Logon:
	Security ID:		S-1-5-21-4223521121-1109782943-2127437603-1229
	Account Name:		ELMA_MOODY
	Account Domain:		NT AUTHORITY
	Logon ID:		0x646162
	Logon GUID:		C0444A1A-15F4-405B-900A-4DE406783DD4

Process Information:
	Process ID:		0x0
	Process Name:		-

Network Information:
	Workstation Name:	
	Source Network Address:	172.19.7.118
	Source Port:		43602

Detailed Authentication Information:
	Logon Process:		Kerberos  
	Authentication Package:	Kerberos
	Transited Services:	-
	Package Name (NTLM only):	-
	Key Length:		0

This event is generated when a logon session is created. It is generated on the computer that was accessed.

The subject fields indicate the account on the local system which requested the logon. This is most commonly a service such as the Server service, or a local process such as Winlogon.exe or Services.exe.

The logon type field indicates the kind of logon that occurred. The most common types are 2 (interactive) and 3 (network).

The New Logon fields indicate the account for whom the new logon was created, i.e. the account that was logged on.

The network fields indicate where a remote logon request originated. Workstation name is not always available and may be left blank in some cases.

The impersonation level field indicates the extent to which a process in the logon session can impersonate.

The authentication information fields provide detailed information about this specific logon request.
	- Logon GUID is a unique identifier that can be used to correlate this event with a KDC event.
	- Transited services indicate which intermediate services have participated in this logon request.
	- Package name indicates which sub-protocol was used among the NTLM protocols.
	- Key length indicates the length of the generated session key. This will be 0 if no session key was requested.",-,12544,ELMA_MOODY
1681737232,4624,Information,"An account was successfully logged on.

Subject:
	Security ID:		S-1-5-18
	Account Name:		JUBI48721$
	Account Domain:		JUBILIFE
	Logon ID:		0x6E6F6E

Logon Type:			2

Impersonation Level:		Impersonation

New Logon:
	Security ID:		S-1-5-21-4223521121-1109782943-2127437603-1163
	Account Name:		LAUREL_MAYS
	Account Domain:		NT AUTHORITY
	Logon ID:		0x6E6F6E
	Logon GUID:		F769EC3C-47CE-44D7-801B-B4F5E8EF85FF

Process Information:
	Process ID:		0x4a
	Process Name:		C:\Windows\System32\svchost.exe

Network Information:
	Workstation Name:	
	Source Network Address:	-
	Source Port:		-

Detailed Authentication Information:
	Logon Process:		Kerberos  
	Authentication Package:	Kerberos
	Transited Services:	-
	Package Name (NTLM only):	-
	Key Length:		0

This event is generated when a logon session is created. It is generated on the computer that was accessed.

The subject fields indicate the account on the local system which requested the logon. This is most commonly a service such as the Server service, or a local process such as Winlogon.exe or Services.exe.

The logon type field indicates the kind of logon that occurred. The most common types are 2 (interactive) and 3 (network).

The New Logon fields indicate the account for whom the new logon was created, i.e. the account that was logged on.

The network fields indicate where a remote logon request originated. Workstation name is not always available and may be left blank in some cases.

The impersonation level field indicates the extent to which a process in the logon session can impersonate.

The authentication information fields provide detailed information about this specific logon request.
	- Logon GUID is a unique identifier that can be used to correlate this event with a KDC event.
	- Transited services indicate which intermediate services have participated in this logon request.
	- Package name indicates which sub-protocol was used among the NTLM protocols.
	- Key length indicates the length of the generated session key. This will be 0 if no session key was requested.",C:\Windows\System32\svchost.exe,12544,LAUREL_MAYS
1681737234,4624,Information,"An account was successfully logged on.

Subject:
	Security ID:		S-1-5-18
	Account Name:		JUBI65366$
	Account Domain:		JUBILIFE
	Logon ID:		0x736879

Logon Type:			2

Impersonation Level:		Impersonation

New Logon:
	Security ID:		S-1-5-21-4223521121-1109782943-2127437603-1185
	Account Name:		VERNA_CHRISTIAN
	Account Domain:		NT AUTHORITY
	Logon ID:		0x736879
	Logon GUID:		825CBA55-0464-4117-8F01-DD71D00C91F9

Process Information:
	Process ID:		0x14
	Process Name:		C:\Windows\System32\svchost.exe

Network Information:
	Workstation Name:	
	Source Network Address:	-
	Source Port:		-

Detailed Authentication Information:
	Logon Process:		Kerberos  
	Authentication Package:	Kerberos
	Transited Services:	-
	Package Name (NTLM only):	-
	Key Length:		0

This event is generated when a logon session is created. It is generated on the computer that was accessed.

The subject fields indicate the account on the local system which requested the logon. This is most commonly a service such as the Server service, or a local process such as Winlogon.exe or Services.exe.

The logon type field indicates the kind of logon that occurred. The most common types are 2 (interactive) and 3 (network).

The New Logon fields indicate the account for whom the new logon was created, i.e. the account that was logged on.

The network fields indicate where a remote logon request originated. Workstation name is not always available and may be left blank in some cases.

The impersonation level field indicates the extent to which a process in the logon session can impersonate.

The authentication information fields provide detailed information about this specific logon request.
	- Logon GUID is a unique identifier that can be used to correlate this event with a KDC event.
	- Transited services indicate which intermediate services have participated in this logon request.
	- Package name indicates which sub-protocol was used among the NTLM protocols.
	- Key length indicates the length of the generated session key. This will be 0 if no session key was requested.",C:\Windows\System32\svchost.exe,12544,VERNA_CHRISTIAN
1681737234,4624,Information,"An account was successfully logged on.

Subject:
	Security ID:		S-1-5-18
	Account Name:		JUBI16129$
	Account Domain:		JUBILIFE
	Logon ID:		0x676F64

Logon Type:			3

Impersonation Level:		Impersonation

New Logon:
	Security ID:		S-1-5-21-4223521121-1109782943-2127437603-1396
	Account Name:		JAKE_JOHNS
	Account Domain:		NT AUTHORITY
	Logon ID:		0x676F64
	Logon GUID:		A5BFF57F-8520-4587-A5BE-E90FF41E8929

Process Information:
	Process ID:		0x0
	Process Name:		-

Network Information:
	Workstation Name:	
	Source Network Address:	-
	Source Port:		-

Detailed Authentication Information:
	Logon Process:		Kerberos  
	Authentication Package:	Kerberos
	Transited Services:	-
	Package Name (NTLM only):	-
	Key Length:		0

This event is generated when a logon session is created. It is generated on the computer that was accessed.

The subject fields indicate the account on the local system which requested the logon. This is most commonly a service such as the Server service, or a local process such as Winlogon.exe or Services.exe.

The logon type field indicates the kind of logon that occurred. The most common types are 2 (interactive) and 3 (network).

The New Logon fields indicate the account for whom the new logon was created, i.e. the account that was logged on.

The network fields indicate where a remote logon request originated. Workstation name is not always available and may be left blank in some cases.

The impersonation level field indicates the extent to which a process in the logon session can impersonate.

The authentication information fields provide detailed information about this specific logon request.
	- Logon GUID is a unique identifier that can be used to correlate this event with a KDC event.
	- Transited services indicate which intermediate services have participated in this logon request.
	- Package name indicates which sub-protocol was used among the NTLM protocols.
	- Key length indicates the length of the generated session key. This will be 0 if no session key was requested.",-,12544,JAKE_JOHNS
1681737237,4624,Information,"An account was successfully logged on.

Subject:
	Security ID:		S-1-5-18
	Account Name:		JUBI12219$
	Account Domain:		JUBILIFE
	Logon ID:		0x68616D

Logon Type:			3

Impersonation Level:		Impersonation

New Logon:
	Security ID:		S-1-5-21-4223521121-1109782943-2127437603-1392
	Account Name:		TAMARA_VARGAS
	Account Domain:		NT AUTHORITY
	Logon ID:		0x68616D
	Logon GUID:		8B22279A-D9BC-4398-A8EF-DB8671AE914D

Process Information:
	Process ID:		0x0
	Process Name:		-

Network Information:
	Workstation Name:	
	Source Network Address:	172.19.5.55
	Source Port:		20825

Detailed Authentication Information:
	Logon Process:		Kerberos  
	Authentication Package:	Kerberos
	Transited Services:	-
	Package Name (NTLM only):	-
	Key Length:		0

This event is generated when a logon session is created. It is generated on the computer that was accessed.

The subject fields indicate the account on the local system which requested the logon. This is most commonly a service such as the Server service, or a local process such as Winlogon.exe or Services.exe.

The logon type field indicates the kind of logon that occurred. The most common types are 2 (interactive) and 3 (network).

The New Logon fields indicate the account for whom the new logon was created, i.e. the account that was logged on.

The network fields indicate where a remote logon request originated. Workstation name is not always available and may be left blank in some cases.

The impersonation level field indicates the extent to which a process in the logon session can impersonate.

The authentication information fields provide detailed information about this specific logon request.
	- Logon GUID is a unique identifier that can be used to correlate this event with a KDC event.
	- Transited services indicate which intermediate services have participated in this logon request.
	- Package name indicates which sub-protocol was used among the NTLM protocols.
	- Key length indicates the length of the generated session key. This will be 0 if no session key was requested.",-,12544,TAMARA_VARGAS
1681737239,4624,Information,"An account was successfully logged on.

Subject:
	Security ID:		S-1-5-18
	Account Name:		JUBI94505$
	Account Domain:		JUBILIFE
	Logon ID:		0x636F67

Logon Type:			3

Impersonation Level:		Impersonation

New Logon:
	Security ID:		S-1-5-21-4223521121-1109782943-2127437603-1265
	Account Name:		KATIE_SHIELDS
	Account Domain:		NT AUTHORITY
	Logon ID:		0x636F67
	Logon GUID:		77EFD4AB-03B9-40EB-949C-998000D24D80

Process Information:
	Process ID:		0x0
	Process Name:		-

Network Information:
	Workstation Name:	
	Source Network Address:	172.19.2.65
	Source Port:		64000

Detailed Authentication Information:
	Logon Process:		Kerberos  
	Authentication Package:	Kerberos
	Transited Services:	-
	Package Name (NTLM only):	-
	Key Length:		0

This event is generated when a logon session is created. It is generated on the computer that was accessed.

The subject fields indicate the account on the local system which requested the logon. This is most commonly a service such as the Server service, or a local process such as Winlogon.exe or Services.exe.

The logon type field indicates the kind of logon that occurred. The most common types are 2 (interactive) and 3 (network).

The New Logon fields indicate the account for whom the new logon was created, i.e. the account that was logged on.

The network fields indicate where a remote logon request originated. Workstation name is not always available and may be left blank in some cases.

The impersonation level field indicates the extent to which a process in the logon session can impersonate.

The authentication information fields provide detailed information about this specific logon request.
	- Logon GUID is a unique identifier that can be used to correlate this event with a KDC event.
	- Transited services indicate which intermediate services have participated in this logon request.
	- Package name indicates which sub-protocol was used among the NTLM protocols.
	- Key length indicates the length of the generated session key. This will be 0 if no session key was requested.",-,12544,KATIE_SHIELDS
