1681823400,4624,Information,"An account was successfully logged on.

Subject:
	Security ID:		S-1-5-18
	Account Name:		JUBI81171$
	Account Domain:		JUBILIFE
	Logon ID:		0x6F616B

Logon Type:			2

Impersonation Level:		Impersonation

New Logon:
	Security ID:		S-1-5-21-4223521121-1109782943-2127437603-1237
	Account Name:		CLAIR_CONRAD
	Account Domain:		NT AUTHORITY
	Logon ID:		0x6F616B
	Logon GUID:		E099895E-B3AF-424F-A141-62BC0ED4B5E3

Process Information:
	Process ID:		0x6e
	Process Name:		C:\Windows\System32\svchost.exe

Network Information:
	Workstation Name:	
	Source Network Address:	-
	Source Port:		-

Detailed Authentication Information:
	Logon Process:		Kerberos  
	Authentication Package:	Kerberos
	Transited Services:	-
	Package Name (NTLM only):	-
	Key Length:		0

This event is generated when a logon session is created. It is generated on the computer that was accessed.

The subject fields indicate the account on the local system which requested the logon. This is most commonly a service such as the Server service, or a local process such as Winlogon.exe or Services.exe.

The logon type field indicates the kind of logon that occurred. The most common types are 2 (interactive) and 3 (network).

The New Logon fields indicate the account for whom the new logon was created, i.e. the account that was logged on.

The network fields indicate where a remote logon request originated. Workstation name is not always available and may be left blank in some cases.

The impersonation level field indicates the extent to which a process in the logon session can impersonate.

The authentication information fields provide detailed information about this specific logon request.
	- Logon GUID is a unique identifier that can be used to correlate this event with a KDC event.
	- Transited services indicate which intermediate services have participated in this logon request.
	- Package name indicates which sub-protocol was used among the NTLM protocols.
	- Key length indicates the length of the generated session key. This will be 0 if no session key was requested.",C:\Windows\System32\svchost.exe,12544,CLAIR_CONRAD
1681823402,4624,Information,"An account was successfully logged on.

Subject:
	Security ID:		S-1-5-18
	Account Name:		JUBI08717$
	Account Domain:		JUBILIFE
	Logon ID:		0x6C6567

Logon Type:			3

Impersonation Level:		Impersonation

New Logon:
	Security ID:		S-1-5-21-4223521121-1109782943-2127437603-1365
	Account Name:		KELLY_CLARKE
	Account Domain:		NT AUTHORITY
	Logon ID:		0x6C6567
	Logon GUID:		C80385F6-0E62-497D-BF2F-5453607FBA57

Process Information:
	Process ID:		0x0
	Process Name:		-

Network Information:
	Workstation Name:	
	Source Network Address:	172.19.9.181
	Source Port:		57614

Detailed Authentication Information:
	Logon Process:		Kerberos  
	Authentication Package:	Kerberos
	Transited Services:	-
	Package Name (NTLM only):	-
	Key Length:		0

This event is generated when a logon session is created. It is generated on the computer that was accessed.

The subject fields indicate the account on the local system which requested the logon. This is most commonly a service such as the Server service, or a local process such as Winlogon.exe or Services.exe.

The logon type field indicates the kind of logon that occurred. The most common types are 2 (interactive) and 3 (network).

The New Logon fields indicate the account for whom the new logon was created, i.e. the account that was logged on.

The network fields indicate where a remote logon request originated. Workstation name is not always available and may be left blank in some cases.

The impersonation level field indicates the extent to which a process in the logon session can impersonate.

The authentication information fields provide detailed information about this specific logon request.
	- Logon GUID is a unique identifier that can be used to correlate this event with a KDC event.
	- Transited services indicate which intermediate services have participated in this logon request.
	- Package name indicates which sub-protocol was used among the NTLM protocols.
	- Key length indicates the length of the generated session key. This will be 0 if no session key was requested.",-,12544,KELLY_CLARKE
1681823404,4624,Information,"An account was successfully logged on.

Subject:
	Security ID:		S-1-5-18
	Account Name:		JUBI16598$
	Account Domain:		JUBILIFE
	Logon ID:		0x686F65

Logon Type:			3

Impersonation Level:		Impersonation

New Logon:
	Security ID:		S-1-5-21-4223521121-1109782943-2127437603-1338
	Account Name:		LEE_KNOX
	Account Domain:		NT AUTHORITY
	Logon ID:		0x686F65
	Logon GUID:		CEA55C4F-3DC3-4345-9B67-47B0BE7A99FC

Process Information:
	Process ID:		0x0
	Process Name:		-

Network Information:
	Workstation Name:	
	Source Network Address:	172.19.9.94
	Source Port:		32705

Detailed Authentication Information:
	Logon Process:		Kerberos  
	Authentication Package:	Kerberos
	Transited Services:	-
	Package Name (NTLM only):	-
	Key Length:		0

This event is generated when a logon session is created. It is generated on the computer that was accessed.

The subject fields indicate the account on the local system which requested the logon. This is most commonly a service such as the Server service, or a local process such as Winlogon.exe or Services.exe.

The logon type field indicates the kind of logon that occurred. The most common types are 2 (interactive) and 3 (network).

The New Logon fields indicate the account for whom the new logon was created, i.e. the account that was logged on.

The network fields indicate where a remote logon request originated. Workstation name is not always available and may be left blank in some cases.

The impersonation level field indicates the extent to which a process in the logon session can impersonate.

The authentication information fields provide detailed information about this specific logon request.
	- Logon GUID is a unique identifier that can be used to correlate this event with a KDC event.
	- Transited services indicate which intermediate services have participated in this logon request.
	- Package name indicates which sub-protocol was used among the NTLM protocols.
	- Key length indicates the length of the generated session key. This will be 0 if no session key was requested.",-,12544,LEE_KNOX
1681823405,4624,Information,"An account was successfully logged on.

Subject:
	Security ID:		S-1-5-18
	Account Name:		JUBI03767$
	Account Domain:		JUBILIFE
	Logon ID:		0x636162

Logon Type:			2

Impersonation Level:		Impersonation

New Logon:
	Security ID:		S-1-5-21-4223521121-1109782943-2127437603-1377
	Account Name:		ISSAC_ROACH
	Account Domain:		NT AUTHORITY
	Logon ID:		0x636162
	Logon GUID:		B0AD2DBE-54F8-400D-96EC-08BEA9763BB3

Process Information:
	Process ID:		0x43
	Process Name:		C:\Windows\System32\svchost.exe

Network Information:
	Workstation Name:	
	Source Network Address:	-
	Source Port:		-

Detailed Authentication Information:
	Logon Process:		Kerberos  
	Authentication Package:	Kerberos
	Transited Services:	-
	Package Name (NTLM only):	-
	Key Length:		0

This event is generated when a logon session is created. It is generated on the computer that was accessed.

The subject fields indicate the account on the local system which requested the logon. This is most commonly a service such as the Server service, or a local process such as Winlogon.exe or Services.exe.

The logon type field indicates the kind of logon that occurred. The most common types are 2 (interactive) and 3 (network).

The New Logon fields indicate the account for whom the new logon was created, i.e. the account that was logged on.

The network fields indicate where a remote logon request originated. Workstation name is not always available and may be left blank in some cases.

The impersonation level field indicates the extent to which a process in the logon session can impersonate.

The authentication information fields provide detailed information about this specific logon request.
	- Logon GUID is a unique identifier that can be used to correlate this event with a KDC event.
	- Transited services indicate which intermediate services have participated in this logon request.
	- Package name indicates which sub-protocol was used among the NTLM protocols.
	- Key length indicates the length of the generated session key. This will be 0 if no session key was requested.",C:\Windows\System32\svchost.exe,12544,ISSAC_ROACH
1681823412,4624,Information,"An account was successfully logged on.

Subject:
	Security ID:		S-1-5-18
	Account Name:		JUBI28312$
	Account Domain:		JUBILIFE
	Logon ID:		0x70656E

Logon Type:			3

Impersonation Level:		Impersonation

New Logon:
	Security ID:		S-1-5-21-4223521121-1109782943-2127437603-1126
	Account Name:		MASON_BALL
	Account Domain:		NT AUTHORITY
	Logon ID:		0x70656E
	Logon GUID:		BD3DD23A-4B9E-4E74-95C8-A9F17AD9D3D9

Process Information:
	Process ID:		0x0
	Process Name:		-

Network Information:
	Workstation Name:	
	Source Network Address:	172.19.8.207
	Source Port:		25944

Detailed Authentication Information:
	Logon Process:		Kerberos  
	Authentication Package:	Kerberos
	Transited Services:	-
	Package Name (NTLM only):	-
	Key Length:		0

This event is generated when a logon session is created. It is generated on the computer that was accessed.

The subject fields indicate the account on the local system which requested the logon. This is most commonly a service such as the Server service, or a local process such as Winlogon.exe or Services.exe.

The logon type field indicates the kind of logon that occurred. The most common types are 2 (interactive) and 3 (network).

The New Logon fields indicate the account for whom the new logon was created, i.e. the account that was logged on.

The network fields indicate where a remote logon request originated. Workstation name is not always available and may be left blank in some cases.

The impersonation level field indicates the extent to which a process in the logon session can impersonate.

The authentication information fields provide detailed information about this specific logon request.
	- Logon GUID is a unique identifier that can be used to correlate this event with a KDC event.
	- Transited services indicate which intermediate services have participated in this logon request.
	- Package name indicates which sub-protocol was used among the NTLM protocols.
	- Key length indicates the length of the generated session key. This will be 0 if no session key was requested.",-,12544,MASON_BALL
1681823420,4624,Information,"An account was successfully logged on.

Subject:
	Security ID:		S-1-5-18
	Account Name:		JUBI71967$
	Account Domain:		JUBILIFE
	Logon ID:		0x686F67

Logon Type:			2

Impersonation Level:		Impersonation

New Logon:
	Security ID:		S-1-5-21-4223521121-1109782943-2127437603-1170
	Account Name:		THOMAS_NELSON
	Account Domain:		NT AUTHORITY
	Logon ID:		0x686F67
	Logon GUID:		5BA345A2-A4BF-426A-A22F-130208FACBCD

Process Information:
	Process ID:		0x28
	Process Name:		C:\Windows\System32\winlogon.exe

Network Information:
	Workstation Name:	
	Source Network Address:	-
	Source Port:		-

Detailed Authentication Information:
	Logon Process:		Kerberos  
	Authentication Package:	Kerberos
	Transited Services:	-
	Package Name (NTLM only):	-
	Key Length:		0

This event is generated when a logon session is created. It is generated on the computer that was accessed.

The subject fields indicate the account on the local system which requested the logon. This is most commonly a service such as the Server service, or a local process such as Winlogon.exe or Services.exe.

The logon type field indicates the kind of logon that occurred. The most common types are 2 (interactive) and 3 (network).

The New Logon fields indicate the account for whom the new logon was created, i.e. the account that was logged on.

The network fields indicate where a remote logon request originated. Workstation name is not always available and may be left blank in some cases.

The impersonation level field indicates the extent to which a process in the logon session can impersonate.

The authentication information fields provide detailed information about this specific logon request.
	- Logon GUID is a unique identifier that can be used to correlate this event with a KDC event.
	- Transited services indicate which intermediate services have participated in this logon request.
	- Package name indicates which sub-protocol was used among the NTLM protocols.
	- Key length indicates the length of the generated session key. This will be 0 if no session key was requested.",C:\Windows\System32\winlogon.exe,12544,THOMAS_NELSON
1681823423,4624,Information,"An account was successfully logged on.

Subject:
	Security ID:		S-1-5-18
	Account Name:		JUBI88253$
	Account Domain:		JUBILIFE
	Logon ID:		0x656C6D

Logon Type:			11

Impersonation Level:		Impersonation

New Logon:
	Security ID:		S-1-5-21-4223521121-1109782943-2127437603-1189
	Account Name:		LEOPOLDO_HARTMAN
	Account Domain:		NT AUTHORITY
	Logon ID:		0x656C6D
	Logon GUID:		E5C9A17E-0A14-4D0B-AFBD-0B6011811394

Process Information:
	Process ID:		0x5e
	Process Name:		C:\Windows\System32\svchost.exe

Network Information:
	Workstation Name:	
	Source Network Address:	172.19.5.197
	Source Port:		11191

Detailed Authentication Information:
	Logon Process:		Kerberos  
	Authentication Package:	Kerberos
	Transited Services:	-
	Package Name (NTLM only):	-
	Key Length:		0

This event is generated when a logon session is created. It is generated on the computer that was accessed.

The subject fields indicate the account on the local system which requested the logon. This is most commonly a service such as the Server service, or a local process such as Winlogon.exe or Services.exe.

The logon type field indicates the kind of logon that occurred. The most common types are 2 (interactive) and 3 (network).

The New Logon fields indicate the account for whom the new logon was created, i.e. the account that was logged on.

The network fields indicate where a remote logon request originated. Workstation name is not always available and may be left blank in some cases.

The impersonation level field indicates the extent to which a process in the logon session can impersonate.

The authentication information fields provide detailed information about this specific logon request.
	- Logon GUID is a unique identifier that can be used to correlate this event with a KDC event.
	- Transited services indicate which intermediate services have participated in this logon request.
	- Package name indicates which sub-protocol was used among the NTLM protocols.
	- Key length indicates the length of the generated session key. This will be 0 if no session key was requested.",C:\Windows\System32\svchost.exe,12544,LEOPOLDO_HARTMAN
1681823424,4624,Information,"An account was successfully logged on.

Subject:
	Security ID:		S-1-5-18
	Account Name:		JUBI75431$
	Account Domain:		JUBILIFE
	Logon ID:		0x6C6178

Logon Type:			11

Impersonation Level:		Impersonation

New Logon:
	Security ID:		S-1-5-21-4223521121-1109782943-2127437603-1430
	Account Name:		FERDINAND_MOSES
	Account Domain:		NT AUTHORITY
	Logon ID:		0x6C6178
	Logon GUID:		86A08760-0A84-4403-BAFF-A4780C9243E5

Process Information:
	Process ID:		0x5c
	Process Name:		C:\Windows\System32\svchost.exe

Network Information:
	Workstation Name:	
	Source Network Address:	172.19.3.62
	Source Port:		23545

Detailed Authentication Information:
	Logon Process:		Kerberos  
	Authentication Package:	Kerberos
	Transited Services:	-
	Package Name (NTLM only):	-
	Key Length:		0

This event is generated when a logon session is created. It is generated on the computer that was accessed.

The subject fields indicate the account on the local system which requested the logon. This is most commonly a service such as the Server service, or a local process such as Winlogon.exe or Services.exe.

The logon type field indicates the kind of logon that occurred. The most common types are 2 (interactive) and 3 (network).

The New Logon fields indicate the account for whom the new logon was created, i.e. the account that was logged on.

The network fields indicate where a remote logon request originated. Workstation name is not always available and may be left blank in some cases.

The impersonation level field indicates the extent to which a process in the logon session can impersonate.

The authentication information fields provide detailed information about this specific logon request.
	- Logon GUID is a unique identifier that can be used to correlate this event with a KDC event.
	- Transited services indicate which intermediate services have participated in this logon request.
	- Package name indicates which sub-protocol was used among the NTLM protocols.
	- Key length indicates the length of the generated session key. This will be 0 if no session key was requested.",C:\Windows\System32\svchost.exe,12544,FERDINAND_MOSES
1681823427,4624,Information,"An account was successfully logged on.

Subject:
	Security ID:		S-1-5-18
	Account Name:		JUBI21257$
	Account Domain:		JUBILIFE
	Logon ID:		0x706F74

Logon Type:			11

Impersonation Level:		Impersonation

New Logon:
	Security ID:		S-1-5-21-4223521121-1109782943-2127437603-1151
	Account Name:		VELMA_KEMP
	Account Domain:		NT AUTHORITY
	Logon ID:		0x706F74
	Logon GUID:		1E7DB263-9586-4BF4-BBAE-60A91E4A8CBB

Process Information:
	Process ID:		0x50
	Process Name:		-

Network Information:
	Workstation Name:	
	Source Network Address:	172.19.2.119
	Source Port:		65323

Detailed Authentication Information:
	Logon Process:		Kerberos  
	Authentication Package:	Kerberos
	Transited Services:	-
	Package Name (NTLM only):	-
	Key Length:		0

This event is generated when a logon session is created. It is generated on the computer that was accessed.

The subject fields indicate the account on the local system which requested the logon. This is most commonly a service such as the Server service, or a local process such as Winlogon.exe or Services.exe.

The logon type field indicates the kind of logon that occurred. The most common types are 2 (interactive) and 3 (network).

The New Logon fields indicate the account for whom the new logon was created, i.e. the account that was logged on.

The network fields indicate where a remote logon request originated. Workstation name is not always available and may be left blank in some cases.

The impersonation level field indicates the extent to which a process in the logon session can impersonate.

The authentication information fields provide detailed information about this specific logon request.
	- Logon GUID is a unique identifier that can be used to correlate this event with a KDC event.
	- Transited services indicate which intermediate services have participated in this logon request.
	- Package name indicates which sub-protocol was used among the NTLM protocols.
	- Key length indicates the length of the generated session key. This will be 0 if no session key was requested.",-,12544,VELMA_KEMP
1681823430,4624,Information,"An account was successfully logged on.

Subject:
	Security ID:		S-1-5-18
	Account Name:		JUBI08997$
	Account Domain:		JUBILIFE
	Logon ID:		0x6D6F6D

Logon Type:			2

Impersonation Level:		Impersonation

New Logon:
	Security ID:		S-1-5-21-4223521121-1109782943-2127437603-1311
	Account Name:		BEATRICE_GUERRA
	Account Domain:		NT AUTHORITY
	Logon ID:		0x6D6F6D
	Logon GUID:		1D1763DE-45CE-4343-AAB8-2E037FED8C99

Process Information:
	Process ID:		0x4b
	Process Name:		C:\Windows\System32\winlogon.exe

Network Information:
	Workstation Name:	
	Source Network Address:	-
	Source Port:		-

Detailed Authentication Information:
	Logon Process:		Kerberos  
	Authentication Package:	Kerberos
	Transited Services:	-
	Package Name (NTLM only):	-
	Key Length:		0

This event is generated when a logon session is created. It is generated on the computer that was accessed.

The subject fields indicate the account on the local system which requested the logon. This is most commonly a service such as the Server service, or a local process such as Winlogon.exe or Services.exe.

The logon type field indicates the kind of logon that occurred. The most common types are 2 (interactive) and 3 (network).

The New Logon fields indicate the account for whom the new logon was created, i.e. the account that was logged on.

The network fields indicate where a remote logon request originated. Workstation name is not always available and may be left blank in some cases.

The impersonation level field indicates the extent to which a process in the logon session can impersonate.

The authentication information fields provide detailed information about this specific logon request.
	- Logon GUID is a unique identifier that can be used to correlate this event with a KDC event.
	- Transited services indicate which intermediate services have participated in this logon request.
	- Package name indicates which sub-protocol was used among the NTLM protocols.
	- Key length indicates the length of the generated session key. This will be 0 if no session key was requested.",C:\Windows\System32\winlogon.exe,12544,BEATRICE_GUERRA
1681823430,4624,Information,"An account was successfully logged on.

Subject:
	Security ID:		S-1-5-18
	Account Name:		JUBI54776$
	Account Domain:		JUBILIFE
	Logon ID:		0x64616D

Logon Type:			2

Impersonation Level:		Impersonation

New Logon:
	Security ID:		S-1-5-21-4223521121-1109782943-2127437603-1406
	Account Name:		HOLLIE_WATERS
	Account Domain:		NT AUTHORITY
	Logon ID:		0x64616D
	Logon GUID:		F4C7F973-0F2E-4AEF-B99F-17B79E8EBFAF

Process Information:
	Process ID:		0x46
	Process Name:		C:\Windows\System32\winlogon.exe

Network Information:
	Workstation Name:	
	Source Network Address:	-
	Source Port:		-

Detailed Authentication Information:
	Logon Process:		Kerberos  
	Authentication Package:	Kerberos
	Transited Services:	-
	Package Name (NTLM only):	-
	Key Length:		0

This event is generated when a logon session is created. It is generated on the computer that was accessed.

The subject fields indicate the account on the local system which requested the logon. This is most commonly a service such as the Server service, or a local process such as Winlogon.exe or Services.exe.

The logon type field indicates the kind of logon that occurred. The most common types are 2 (interactive) and 3 (network).

The New Logon fields indicate the account for whom the new logon was created, i.e. the account that was logged on.

The network fields indicate where a remote logon request originated. Workstation name is not always available and may be left blank in some cases.

The impersonation level field indicates the extent to which a process in the logon session can impersonate.

The authentication information fields provide detailed information about this specific logon request.
	- Logon GUID is a unique identifier that can be used to correlate this event with a KDC event.
	- Transited services indicate which intermediate services have participated in this logon request.
	- Package name indicates which sub-protocol was used among the NTLM protocols.
	- Key length indicates the length of the generated session key. This will be 0 if no session key was requested.",C:\Windows\System32\winlogon.exe,12544,HOLLIE_WATERS
1681823433,4624,Information,"An account was successfully logged on.

Subject:
	Security ID:		S-1-5-18
	Account Name:		JUBI46814$
	Account Domain:		JUBILIFE
	Logon ID:		0x736B79

Logon Type:			2

Impersonation Level:		Impersonation

New Logon:
	Security ID:		S-1-5-21-4223521121-1109782943-2127437603-1268
	Account Name:		JARVIS_KING
	Account Domain:		NT AUTHORITY
	Logon ID:		0x736B79
	Logon GUID:		64E5E59C-5814-44A5-9A53-DADF345DDE1F

Process Information:
	Process ID:		0xe
	Process Name:		C:\Windows\System32\winlogon.exe

Network Information:
	Workstation Name:	
	Source Network Address:	-
	Source Port:		-

Detailed Authentication Information:
	Logon Process:		Kerberos  
	Authentication Package:	Kerberos
	Transited Services:	-
	Package Name (NTLM only):	-
	Key Length:		0

This event is generated when a logon session is created. It is generated on the computer that was accessed.

The subject fields indicate the account on the local system which requested the logon. This is most commonly a service such as the Server service, or a local process such as Winlogon.exe or Services.exe.

The logon type field indicates the kind of logon that occurred. The most common types are 2 (interactive) and 3 (network).

The New Logon fields indicate the account for whom the new logon was created, i.e. the account that was logged on.

The network fields indicate where a remote logon request originated. Workstation name is not always available and may be left blank in some cases.

The impersonation level field indicates the extent to which a process in the logon session can impersonate.

The authentication information fields provide detailed information about this specific logon request.
	- Logon GUID is a unique identifier that can be used to correlate this event with a KDC event.
	- Transited services indicate which intermediate services have participated in this logon request.
	- Package name indicates which sub-protocol was used among the NTLM protocols.
	- Key length indicates the length of the generated session key. This will be 0 if no session key was requested.",C:\Windows\System32\winlogon.exe,12544,JARVIS_KING
1681823450,4624,Information,"An account was successfully logged on.

Subject:
	Security ID:		S-1-5-18
	Account Name:		JUBI17011$
	Account Domain:		JUBILIFE
	Logon ID:		0x66696E

Logon Type:			2

Impersonation Level:		Impersonation

New Logon:
	Security ID:		S-1-5-21-4223521121-1109782943-2127437603-1331
	Account Name:		ERWIN_KING
	Account Domain:		NT AUTHORITY
	Logon ID:		0x66696E
	Logon GUID:		F5E1C57B-AD3B-4FA3-AECA-EFD13D8EEF51

Process Information:
	Process ID:		0x67
	Process Name:		C:\Windows\System32\winlogon.exe

Network Information:
	Workstation Name:	
	Source Network Address:	-
	Source Port:		-

Detailed Authentication Information:
	Logon Process:		Kerberos  
	Authentication Package:	Kerberos
	Transited Services:	-
	Package Name (NTLM only):	-
	Key Length:		0

This event is generated when a logon session is created. It is generated on the computer that was accessed.

The subject fields indicate the account on the local system which requested the logon. This is most commonly a service such as the Server service, or a local process such as Winlogon.exe or Services.exe.

The logon type field indicates the kind of logon that occurred. The most common types are 2 (interactive) and 3 (network).

The New Logon fields indicate the account for whom the new logon was created, i.e. the account that was logged on.

The network fields indicate where a remote logon request originated. Workstation name is not always available and may be left blank in some cases.

The impersonation level field indicates the extent to which a process in the logon session can impersonate.

The authentication information fields provide detailed information about this specific logon request.
	- Logon GUID is a unique identifier that can be used to correlate this event with a KDC event.
	- Transited services indicate which intermediate services have participated in this logon request.
	- Package name indicates which sub-protocol was used among the NTLM protocols.
	- Key length indicates the length of the generated session key. This will be 0 if no session key was requested.",C:\Windows\System32\winlogon.exe,12544,ERWIN_KING
1681823472,4624,Information,"An account was successfully logged on.

Subject:
	Security ID:		S-1-5-18
	Account Name:		JUBI99572$
	Account Domain:		JUBILIFE
	Logon ID:		0x656172

Logon Type:			3

Impersonation Level:		Impersonation

New Logon:
	Security ID:		S-1-5-21-4223521121-1109782943-2127437603-1290
	Account Name:		GUADALUPE_SHAW
	Account Domain:		NT AUTHORITY
	Logon ID:		0x656172
	Logon GUID:		EB9339A6-6452-4024-90A0-D06628ECA15B

Process Information:
	Process ID:		0x0
	Process Name:		-

Network Information:
	Workstation Name:	
	Source Network Address:	172.19.1.43
	Source Port:		8987

Detailed Authentication Information:
	Logon Process:		Kerberos  
	Authentication Package:	Kerberos
	Transited Services:	-
	Package Name (NTLM only):	-
	Key Length:		0

This event is generated when a logon session is created. It is generated on the computer that was accessed.

The subject fields indicate the account on the local system which requested the logon. This is most commonly a service such as the Server service, or a local process such as Winlogon.exe or Services.exe.

The logon type field indicates the kind of logon that occurred. The most common types are 2 (interactive) and 3 (network).

The New Logon fields indicate the account for whom the new logon was created, i.e. the account that was logged on.

The network fields indicate where a remote logon request originated. Workstation name is not always available and may be left blank in some cases.

The impersonation level field indicates the extent to which a process in the logon session can impersonate.

The authentication information fields provide detailed information about this specific logon request.
	- Logon GUID is a unique identifier that can be used to correlate this event with a KDC event.
	- Transited services indicate which intermediate services have participated in this logon request.
	- Package name indicates which sub-protocol was used among the NTLM protocols.
	- Key length indicates the length of the generated session key. This will be 0 if no session key was requested.",-,12544,GUADALUPE_SHAW
1681823481,4624,Information,"An account was successfully logged on.

Subject:
	Security ID:		S-1-5-18
	Account Name:		JUBI32155$
	Account Domain:		JUBILIFE
	Logon ID:		0x737570

Logon Type:			11

Impersonation Level:		Impersonation

New Logon:
	Security ID:		S-1-5-21-4223521121-1109782943-2127437603-1314
	Account Name:		SAUL_ANDERSON
	Account Domain:		NT AUTHORITY
	Logon ID:		0x737570
	Logon GUID:		069EDF34-DB29-4BC8-83B7-D7AD1CAC81E3

Process Information:
	Process ID:		0x3a
	Process Name:		-

Network Information:
	Workstation Name:	
	Source Network Address:	172.19.1.78
	Source Port:		52996

Detailed Authentication Information:
	Logon Process:		Kerberos  
	Authentication Package:	Kerberos
	Transited Services:	-
	Package Name (NTLM only):	-
	Key Length:		0

This event is generated when a logon session is created. It is generated on the computer that was accessed.

The subject fields indicate the account on the local system which requested the logon. This is most commonly a service such as the Server service, or a local process such as Winlogon.exe or Services.exe.

The logon type field indicates the kind of logon that occurred. The most common types are 2 (interactive) and 3 (network).

The New Logon fields indicate the account for whom the new logon was created, i.e. the account that was logged on.

The network fields indicate where a remote logon request originated. Workstation name is not always available and may be left blank in some cases.

The impersonation level field indicates the extent to which a process in the logon session can impersonate.

The authentication information fields provide detailed information about this specific logon request.
	- Logon GUID is a unique identifier that can be used to correlate this event with a KDC event.
	- Transited services indicate which intermediate services have participated in this logon request.
	- Package name indicates which sub-protocol was used among the NTLM protocols.
	- Key length indicates the length of the generated session key. This will be 0 if no session key was requested.",-,12544,SAUL_ANDERSON
1681823490,4624,Information,"An account was successfully logged on.

Subject:
	Security ID:		S-1-5-18
	Account Name:		JUBI92030$
	Account Domain:		JUBILIFE
	Logon ID:		0x6F7661

Logon Type:			11

Impersonation Level:		Impersonation

New Logon:
	Security ID:		S-1-5-21-4223521121-1109782943-2127437603-1452
	Account Name:		ALFONSO_RAMSEY
	Account Domain:		NT AUTHORITY
	Logon ID:		0x6F7661
	Logon GUID:		166FE890-4041-4A67-B112-450C2545BEF0

Process Information:
	Process ID:		0x1a
	Process Name:		C:\Windows\System32\svchost.exe

Network Information:
	Workstation Name:	
	Source Network Address:	172.19.4.231
	Source Port:		42012

Detailed Authentication Information:
	Logon Process:		Kerberos  
	Authentication Package:	Kerberos
	Transited Services:	-
	Package Name (NTLM only):	-
	Key Length:		0

This event is generated when a logon session is created. It is generated on the computer that was accessed.

The subject fields indicate the account on the local system which requested the logon. This is most commonly a service such as the Server service, or a local process such as Winlogon.exe or Services.exe.

The logon type field indicates the kind of logon that occurred. The most common types are 2 (interactive) and 3 (network).

The New Logon fields indicate the account for whom the new logon was created, i.e. the account that was logged on.

The network fields indicate where a remote logon request originated. Workstation name is not always available and may be left blank in some cases.

The impersonation level field indicates the extent to which a process in the logon session can impersonate.

The authentication information fields provide detailed information about this specific logon request.
	- Logon GUID is a unique identifier that can be used to correlate this event with a KDC event.
	- Transited services indicate which intermediate services have participated in this logon request.
	- Package name indicates which sub-protocol was used among the NTLM protocols.
	- Key length indicates the length of the generated session key. This will be 0 if no session key was requested.",C:\Windows\System32\svchost.exe,12544,ALFONSO_RAMSEY
1681823492,4624,Information,"An account was successfully logged on.

Subject:
	Security ID:		S-1-5-18
	Account Name:		JUBI44327$
	Account Domain:		JUBILIFE
	Logon ID:		0x777279

Logon Type:			11

Impersonation Level:		Impersonation

New Logon:
	Security ID:		S-1-5-21-4223521121-1109782943-2127437603-1441
	Account Name:		ERIC_RIGGS
	Account Domain:		NT AUTHORITY
	Logon ID:		0x777279
	Logon GUID:		2F6D3FFE-5101-40B4-BC85-C4467C46B840

Process Information:
	Process ID:		0x3a
	Process Name:		C:\Windows\System32\svchost.exe

Network Information:
	Workstation Name:	
	Source Network Address:	-
	Source Port:		-

Detailed Authentication Information:
	Logon Process:		Kerberos  
	Authentication Package:	Kerberos
	Transited Services:	-
	Package Name (NTLM only):	-
	Key Length:		0

This event is generated when a logon session is created. It is generated on the computer that was accessed.

The subject fields indicate the account on the local system which requested the logon. This is most commonly a service such as the Server service, or a local process such as Winlogon.exe or Services.exe.

The logon type field indicates the kind of logon that occurred. The most common types are 2 (interactive) and 3 (network).

The New Logon fields indicate the account for whom the new logon was created, i.e. the account that was logged on.

The network fields indicate where a remote logon request originated. Workstation name is not always available and may be left blank in some cases.

The impersonation level field indicates the extent to which a process in the logon session can impersonate.

The authentication information fields provide detailed information about this specific logon request.
	- Logon GUID is a unique identifier that can be used to correlate this event with a KDC event.
	- Transited services indicate which intermediate services have participated in this logon request.
	- Package name indicates which sub-protocol was used among the NTLM protocols.
	- Key length indicates the length of the generated session key. This will be 0 if no session key was requested.",C:\Windows\System32\svchost.exe,12544,ERIC_RIGGS
1681823492,4624,Information,"An account was successfully logged on.

Subject:
	Security ID:		S-1-5-18
	Account Name:		JUBI99740$
	Account Domain:		JUBILIFE
	Logon ID:		0x796F75

Logon Type:			11

Impersonation Level:		Impersonation

New Logon:
	Security ID:		S-1-5-21-4223521121-1109782943-2127437603-1462
	Account Name:		SARA_DANIEL
	Account Domain:		NT AUTHORITY
	Logon ID:		0x796F75
	Logon GUID:		9225D1E5-9AC3-4CD2-AA3B-6EE82CF1BE04

Process Information:
	Process ID:		0x68
	Process Name:		-

Network Information:
	Workstation Name:	
	Source Network Address:	172.19.10.127
	Source Port:		44611

Detailed Authentication Information:
	Logon Process:		Kerberos  
	Authentication Package:	Kerberos
	Transited Services:	-
	Package Name (NTLM only):	-
	Key Length:		0

This event is generated when a logon session is created. It is generated on the computer that was accessed.

The subject fields indicate the account on the local system which requested the logon. This is most commonly a service such as the Server service, or a local process such as Winlogon.exe or Services.exe.

The logon type field indicates the kind of logon that occurred. The most common types are 2 (interactive) and 3 (network).

The New Logon fields indicate the account for whom the new logon was created, i.e. the account that was logged on.

The network fields indicate where a remote logon request originated. Workstation name is not always available and may be left blank in some cases.

The impersonation level field indicates the extent to which a process in the logon session can impersonate.

The authentication information fields provide detailed information about this specific logon request.
	- Logon GUID is a unique identifier that can be used to correlate this event with a KDC event.
	- Transited services indicate which intermediate services have participated in this logon request.
	- Package name indicates which sub-protocol was used among the NTLM protocols.
	- Key length indicates the length of the generated session key. This will be 0 if no session key was requested.",-,12544,SARA_DANIEL
1681823495,4624,Information,"An account was successfully logged on.

Subject:
	Security ID:		S-1-5-18
	Account Name:		JUBI26528$
	Account Domain:		JUBILIFE
	Logon ID:		0x64756F

Logon Type:			2

Impersonation Level:		Impersonation

New Logon:
	Security ID:		S-1-5-21-4223521121-1109782943-2127437603-1325
	Account Name:		SOFIA_MORRIS
	Account Domain:		NT AUTHORITY
	Logon ID:		0x64756F
	Logon GUID:		B44BA626-93F1-4798-A128-C1A16D285C02

Process Information:
	Process ID:		0x55
	Process Name:		C:\Windows\System32\winlogon.exe

Network Information:
	Workstation Name:	
	Source Network Address:	-
	Source Port:		-

Detailed Authentication Information:
	Logon Process:		Kerberos  
	Authentication Package:	Kerberos
	Transited Services:	-
	Package Name (NTLM only):	-
	Key Length:		0

This event is generated when a logon session is created. It is generated on the computer that was accessed.

The subject fields indicate the account on the local system which requested the logon. This is most commonly a service such as the Server service, or a local process such as Winlogon.exe or Services.exe.

The logon type field indicates the kind of logon that occurred. The most common types are 2 (interactive) and 3 (network).

The New Logon fields indicate the account for whom the new logon was created, i.e. the account that was logged on.

The network fields indicate where a remote logon request originated. Workstation name is not always available and may be left blank in some cases.

The impersonation level field indicates the extent to which a process in the logon session can impersonate.

The authentication information fields provide detailed information about this specific logon request.
	- Logon GUID is a unique identifier that can be used to correlate this event with a KDC event.
	- Transited services indicate which intermediate services have participated in this logon request.
	- Package name indicates which sub-protocol was used among the NTLM protocols.
	- Key length indicates the length of the generated session key. This will be 0 if no session key was requested.",C:\Windows\System32\winlogon.exe,12544,SOFIA_MORRIS
1681823499,4624,Information,"An account was successfully logged on.

Subject:
	Security ID:		S-1-5-18
	Account Name:		JUBI99362$
	Account Domain:		JUBILIFE
	Logon ID:		0x776164

Logon Type:			3

Impersonation Level:		Impersonation

New Logon:
	Security ID:		S-1-5-21-4223521121-1109782943-2127437603-1283
	Account Name:		PATTY_SALAS
	Account Domain:		NT AUTHORITY
	Logon ID:		0x776164
	Logon GUID:		516CE780-2250-46F4-90B4-B44BE4F5B33F

Process Information:
	Process ID:		0x0
	Process Name:		-

Network Information:
	Workstation Name:	
	Source Network Address:	-
	Source Port:		-

Detailed Authentication Information:
	Logon Process:		Kerberos  
	Authentication Package:	Kerberos
	Transited Services:	-
	Package Name (NTLM only):	-
	Key Length:		0

This event is generated when a logon session is created. It is generated on the computer that was accessed.

The subject fields indicate the account on the local system which requested the logon. This is most commonly a service such as the Server service, or a local process such as Winlogon.exe or Services.exe.

The logon type field indicates the kind of logon that occurred. The most common types are 2 (interactive) and 3 (network).

The New Logon fields indicate the account for whom the new logon was created, i.e. the account that was logged on.

The network fields indicate where a remote logon request originated. Workstation name is not always available and may be left blank in some cases.

The impersonation level field indicates the extent to which a process in the logon session can impersonate.

The authentication information fields provide detailed information about this specific logon request.
	- Logon GUID is a unique identifier that can be used to correlate this event with a KDC event.
	- Transited services indicate which intermediate services have participated in this logon request.
	- Package name indicates which sub-protocol was used among the NTLM protocols.
	- Key length indicates the length of the generated session key. This will be 0 if no session key was requested.",-,12544,PATTY_SALAS
1681823507,4624,Information,"An account was successfully logged on.

Subject:
	Security ID:		S-1-5-18
	Account Name:		JUBI07360$
	Account Domain:		JUBILIFE
	Logon ID:		0x6D616E

Logon Type:			11

Impersonation Level:		Impersonation

New Logon:
	Security ID:		S-1-5-21-4223521121-1109782943-2127437603-1348
	Account Name:		ALVARO_KENT
	Account Domain:		NT AUTHORITY
	Logon ID:		0x6D616E
	Logon GUID:		FD30FCCD-D543-4F57-9EB8-4FCFBD806005

Process Information:
	Process ID:		0x35
	Process Name:		C:\Windows\System32\svchost.exe

Network Information:
	Workstation Name:	
	Source Network Address:	172.19.9.148
	Source Port:		27581

Detailed Authentication Information:
	Logon Process:		Kerberos  
	Authentication Package:	Kerberos
	Transited Services:	-
	Package Name (NTLM only):	-
	Key Length:		0

This event is generated when a logon session is created. It is generated on the computer that was accessed.

The subject fields indicate the account on the local system which requested the logon. This is most commonly a service such as the Server service, or a local process such as Winlogon.exe or Services.exe.

The logon type field indicates the kind of logon that occurred. The most common types are 2 (interactive) and 3 (network).

The New Logon fields indicate the account for whom the new logon was created, i.e. the account that was logged on.

The network fields indicate where a remote logon request originated. Workstation name is not always available and may be left blank in some cases.

The impersonation level field indicates the extent to which a process in the logon session can impersonate.

The authentication information fields provide detailed information about this specific logon request.
	- Logon GUID is a unique identifier that can be used to correlate this event with a KDC event.
	- Transited services indicate which intermediate services have participated in this logon request.
	- Package name indicates which sub-protocol was used among the NTLM protocols.
	- Key length indicates the length of the generated session key. This will be 0 if no session key was requested.",C:\Windows\System32\svchost.exe,12544,ALVARO_KENT
1681823512,4624,Information,"An account was successfully logged on.

Subject:
	Security ID:		S-1-5-18
	Account Name:		JUBI81792$
	Account Domain:		JUBILIFE
	Logon ID:		0x616C65

Logon Type:			2

Impersonation Level:		Impersonation

New Logon:
	Security ID:		S-1-5-21-4223521121-1109782943-2127437603-1240
	Account Name:		HERBERT_HARTMAN
	Account Domain:		NT AUTHORITY
	Logon ID:		0x616C65
	Logon GUID:		EC33CAC6-1157-42DC-90E7-264A14A335A6

Process Information:
	Process ID:		0xa
	Process Name:		C:\Windows\System32\winlogon.exe

Network Information:
	Workstation Name:	
	Source Network Address:	-
	Source Port:		-

Detailed Authentication Information:
	Logon Process:		Kerberos  
	Authentication Package:	Kerberos
	Transited Services:	-
	Package Name (NTLM only):	-
	Key Length:		0

This event is generated when a logon session is created. It is generated on the computer that was accessed.

The subject fields indicate the account on the local system which requested the logon. This is most commonly a service such as the Server service, or a local process such as Winlogon.exe or Services.exe.

The logon type field indicates the kind of logon that occurred. The most common types are 2 (interactive) and 3 (network).

The New Logon fields indicate the account for whom the new logon was created, i.e. the account that was logged on.

The network fields indicate where a remote logon request originated. Workstation name is not always available and may be left blank in some cases.

The impersonation level field indicates the extent to which a process in the logon session can impersonate.

The authentication information fields provide detailed information about this specific logon request.
	- Logon GUID is a unique identifier that can be used to correlate this event with a KDC event.
	- Transited services indicate which intermediate services have participated in this logon request.
	- Package name indicates which sub-protocol was used among the NTLM protocols.
	- Key length indicates the length of the generated session key. This will be 0 if no session key was requested.",C:\Windows\System32\winlogon.exe,12544,HERBERT_HARTMAN
1681823512,4624,Information,"An account was successfully logged on.

Subject:
	Security ID:		S-1-5-18
	Account Name:		JUBI49241$
	Account Domain:		JUBILIFE
	Logon ID:		0x657665

Logon Type:			3

Impersonation Level:		Impersonation

New Logon:
	Security ID:		S-1-5-21-4223521121-1109782943-2127437603-1431
	Account Name:		TOD_NGUYEN
	Account Domain:		NT AUTHORITY
	Logon ID:		0x657665
	Logon GUID:		B8447A5F-AADB-4269-8512-21A9723AA537

Process Information:
	Process ID:		0x0
	Process Name:		-

Network Information:
	Workstation Name:	
	Source Network Address:	172.19.4.170
	Source Port:		5895

Detailed Authentication Information:
	Logon Process:		Kerberos  
	Authentication Package:	Kerberos
	Transited Services:	-
	Package Name (NTLM only):	-
	Key Length:		0

This event is generated when a logon session is created. It is generated on the computer that was accessed.

The subject fields indicate the account on the local system which requested the logon. This is most commonly a service such as the Server service, or a local process such as Winlogon.exe or Services.exe.

The logon type field indicates the kind of logon that occurred. The most common types are 2 (interactive) and 3 (network).

The New Logon fields indicate the account for whom the new logon was created, i.e. the account that was logged on.

The network fields indicate where a remote logon request originated. Workstation name is not always available and may be left blank in some cases.

The impersonation level field indicates the extent to which a process in the logon session can impersonate.

The authentication information fields provide detailed information about this specific logon request.
	- Logon GUID is a unique identifier that can be used to correlate this event with a KDC event.
	- Transited services indicate which intermediate services have participated in this logon request.
	- Package name indicates which sub-protocol was used among the NTLM protocols.
	- Key length indicates the length of the generated session key. This will be 0 if no session key was requested.",-,12544,TOD_NGUYEN
