1681823285,4624,Information,"An account was successfully logged on.

Subject:
	Security ID:		S-1-5-18
	Account Name:		JUBI91856$
	Account Domain:		JUBILIFE
	Logon ID:		0x63616E

Logon Type:			2

Impersonation Level:		Impersonation

New Logon:
	Security ID:		S-1-5-21-4223521121-1109782943-2127437603-1455
	Account Name:		LILLIE_LEVINE
	Account Domain:		NT AUTHORITY
	Logon ID:		0x63616E
	Logon GUID:		84FDC4BC-14F3-4890-A4DB-6C7695B9B621

Process Information:
	Process ID:		0x1c
	Process Name:		C:\Windows\System32\winlogon.exe

Network Information:
	Workstation Name:	
	Source Network Address:	-
	Source Port:		-

Detailed Authentication Information:
	Logon Process:		Kerberos  
	Authentication Package:	Kerberos
	Transited Services:	-
	Package Name (NTLM only):	-
	Key Length:		0

This event is generated when a logon session is created. It is generated on the computer that was accessed.

The subject fields indicate the account on the local system which requested the logon. This is most commonly a service such as the Server service, or a local process such as Winlogon.exe or Services.exe.

The logon type field indicates the kind of logon that occurred. The most common types are 2 (interactive) and 3 (network).

The New Logon fields indicate the account for whom the new logon was created, i.e. the account that was logged on.

The network fields indicate where a remote logon request originated. Workstation name is not always available and may be left blank in some cases.

The impersonation level field indicates the extent to which a process in the logon session can impersonate.

The authentication information fields provide detailed information about this specific logon request.
	- Logon GUID is a unique identifier that can be used to correlate this event with a KDC event.
	- Transited services indicate which intermediate services have participated in this logon request.
	- Package name indicates which sub-protocol was used among the NTLM protocols.
	- Key length indicates the length of the generated session key. This will be 0 if no session key was requested.",C:\Windows\System32\winlogon.exe,12544,LILLIE_LEVINE
1681823290,4624,Information,"An account was successfully logged on.

Subject:
	Security ID:		S-1-5-18
	Account Name:		JUBI31663$
	Account Domain:		JUBILIFE
	Logon ID:		0x657665

Logon Type:			11

Impersonation Level:		Impersonation

New Logon:
	Security ID:		S-1-5-21-4223521121-1109782943-2127437603-1249
	Account Name:		ALLIE_RODGERS
	Account Domain:		NT AUTHORITY
	Logon ID:		0x657665
	Logon GUID:		B9B8840C-65C8-47BF-96A4-6A54F71F84F4

Process Information:
	Process ID:		0x16
	Process Name:		-

Network Information:
	Workstation Name:	
	Source Network Address:	172.19.7.209
	Source Port:		51992

Detailed Authentication Information:
	Logon Process:		Kerberos  
	Authentication Package:	Kerberos
	Transited Services:	-
	Package Name (NTLM only):	-
	Key Length:		0

This event is generated when a logon session is created. It is generated on the computer that was accessed.

The subject fields indicate the account on the local system which requested the logon. This is most commonly a service such as the Server service, or a local process such as Winlogon.exe or Services.exe.

The logon type field indicates the kind of logon that occurred. The most common types are 2 (interactive) and 3 (network).

The New Logon fields indicate the account for whom the new logon was created, i.e. the account that was logged on.

The network fields indicate where a remote logon request originated. Workstation name is not always available and may be left blank in some cases.

The impersonation level field indicates the extent to which a process in the logon session can impersonate.

The authentication information fields provide detailed information about this specific logon request.
	- Logon GUID is a unique identifier that can be used to correlate this event with a KDC event.
	- Transited services indicate which intermediate services have participated in this logon request.
	- Package name indicates which sub-protocol was used among the NTLM protocols.
	- Key length indicates the length of the generated session key. This will be 0 if no session key was requested.",-,12544,ALLIE_RODGERS
1681823293,4624,Information,"An account was successfully logged on.

Subject:
	Security ID:		S-1-5-18
	Account Name:		JUBI09761$
	Account Domain:		JUBILIFE
	Logon ID:		0x646F67

Logon Type:			11

Impersonation Level:		Impersonation

New Logon:
	Security ID:		S-1-5-21-4223521121-1109782943-2127437603-1130
	Account Name:		ANGIE_LARSEN
	Account Domain:		NT AUTHORITY
	Logon ID:		0x646F67
	Logon GUID:		9A55111F-236F-4F66-B0D9-0D4F148F119D

Process Information:
	Process ID:		0x12
	Process Name:		C:\Windows\System32\svchost.exe

Network Information:
	Workstation Name:	
	Source Network Address:	172.19.5.203
	Source Port:		7679

Detailed Authentication Information:
	Logon Process:		Kerberos  
	Authentication Package:	Kerberos
	Transited Services:	-
	Package Name (NTLM only):	-
	Key Length:		0

This event is generated when a logon session is created. It is generated on the computer that was accessed.

The subject fields indicate the account on the local system which requested the logon. This is most commonly a service such as the Server service, or a local process such as Winlogon.exe or Services.exe.

The logon type field indicates the kind of logon that occurred. The most common types are 2 (interactive) and 3 (network).

The New Logon fields indicate the account for whom the new logon was created, i.e. the account that was logged on.

The network fields indicate where a remote logon request originated. Workstation name is not always available and may be left blank in some cases.

The impersonation level field indicates the extent to which a process in the logon session can impersonate.

The authentication information fields provide detailed information about this specific logon request.
	- Logon GUID is a unique identifier that can be used to correlate this event with a KDC event.
	- Transited services indicate which intermediate services have participated in this logon request.
	- Package name indicates which sub-protocol was used among the NTLM protocols.
	- Key length indicates the length of the generated session key. This will be 0 if no session key was requested.",C:\Windows\System32\svchost.exe,12544,ANGIE_LARSEN
1681823309,4624,Information,"An account was successfully logged on.

Subject:
	Security ID:		S-1-5-18
	Account Name:		JUBI03631$
	Account Domain:		JUBILIFE
	Logon ID:		0x636177

Logon Type:			11

Impersonation Level:		Impersonation

New Logon:
	Security ID:		S-1-5-21-4223521121-1109782943-2127437603-1230
	Account Name:		GENARO_HENSLEY
	Account Domain:		NT AUTHORITY
	Logon ID:		0x636177
	Logon GUID:		E88A5763-0F15-4CCF-974A-0B554A52E0C6

Process Information:
	Process ID:		0x5b
	Process Name:		-

Network Information:
	Workstation Name:	
	Source Network Address:	-
	Source Port:		-

Detailed Authentication Information:
	Logon Process:		Kerberos  
	Authentication Package:	Kerberos
	Transited Services:	-
	Package Name (NTLM only):	-
	Key Length:		0

This event is generated when a logon session is created. It is generated on the computer that was accessed.

The subject fields indicate the account on the local system which requested the logon. This is most commonly a service such as the Server service, or a local process such as Winlogon.exe or Services.exe.

The logon type field indicates the kind of logon that occurred. The most common types are 2 (interactive) and 3 (network).

The New Logon fields indicate the account for whom the new logon was created, i.e. the account that was logged on.

The network fields indicate where a remote logon request originated. Workstation name is not always available and may be left blank in some cases.

The impersonation level field indicates the extent to which a process in the logon session can impersonate.

The authentication information fields provide detailed information about this specific logon request.
	- Logon GUID is a unique identifier that can be used to correlate this event with a KDC event.
	- Transited services indicate which intermediate services have participated in this logon request.
	- Package name indicates which sub-protocol was used among the NTLM protocols.
	- Key length indicates the length of the generated session key. This will be 0 if no session key was requested.",-,12544,GENARO_HENSLEY
1681823324,4624,Information,"An account was successfully logged on.

Subject:
	Security ID:		S-1-5-18
	Account Name:		JUBI66094$
	Account Domain:		JUBILIFE
	Logon ID:		0x6D6164

Logon Type:			11

Impersonation Level:		Impersonation

New Logon:
	Security ID:		S-1-5-21-4223521121-1109782943-2127437603-1341
	Account Name:		YOUNG_COOLEY
	Account Domain:		NT AUTHORITY
	Logon ID:		0x6D6164
	Logon GUID:		3B51FA39-92C6-4E67-BC04-7F8064EBEEE6

Process Information:
	Process ID:		0x35
	Process Name:		-

Network Information:
	Workstation Name:	
	Source Network Address:	172.19.8.126
	Source Port:		53674

Detailed Authentication Information:
	Logon Process:		Kerberos  
	Authentication Package:	Kerberos
	Transited Services:	-
	Package Name (NTLM only):	-
	Key Length:		0

This event is generated when a logon session is created. It is generated on the computer that was accessed.

The subject fields indicate the account on the local system which requested the logon. This is most commonly a service such as the Server service, or a local process such as Winlogon.exe or Services.exe.

The logon type field indicates the kind of logon that occurred. The most common types are 2 (interactive) and 3 (network).

The New Logon fields indicate the account for whom the new logon was created, i.e. the account that was logged on.

The network fields indicate where a remote logon request originated. Workstation name is not always available and may be left blank in some cases.

The impersonation level field indicates the extent to which a process in the logon session can impersonate.

The authentication information fields provide detailed information about this specific logon request.
	- Logon GUID is a unique identifier that can be used to correlate this event with a KDC event.
	- Transited services indicate which intermediate services have participated in this logon request.
	- Package name indicates which sub-protocol was used among the NTLM protocols.
	- Key length indicates the length of the generated session key. This will be 0 if no session key was requested.",-,12544,YOUNG_COOLEY
1681823325,4624,Information,"An account was successfully logged on.

Subject:
	Security ID:		S-1-5-18
	Account Name:		JUBI81084$
	Account Domain:		JUBILIFE
	Logon ID:		0x6F7265

Logon Type:			3

Impersonation Level:		Impersonation

New Logon:
	Security ID:		S-1-5-21-4223521121-1109782943-2127437603-1407
	Account Name:		JAMES_HOUSTON
	Account Domain:		NT AUTHORITY
	Logon ID:		0x6F7265
	Logon GUID:		D1E6C217-F4CE-4CBB-A243-28C43C4B606B

Process Information:
	Process ID:		0x0
	Process Name:		-

Network Information:
	Workstation Name:	
	Source Network Address:	172.19.10.240
	Source Port:		34560

Detailed Authentication Information:
	Logon Process:		Kerberos  
	Authentication Package:	Kerberos
	Transited Services:	-
	Package Name (NTLM only):	-
	Key Length:		0

This event is generated when a logon session is created. It is generated on the computer that was accessed.

The subject fields indicate the account on the local system which requested the logon. This is most commonly a service such as the Server service, or a local process such as Winlogon.exe or Services.exe.

The logon type field indicates the kind of logon that occurred. The most common types are 2 (interactive) and 3 (network).

The New Logon fields indicate the account for whom the new logon was created, i.e. the account that was logged on.

The network fields indicate where a remote logon request originated. Workstation name is not always available and may be left blank in some cases.

The impersonation level field indicates the extent to which a process in the logon session can impersonate.

The authentication information fields provide detailed information about this specific logon request.
	- Logon GUID is a unique identifier that can be used to correlate this event with a KDC event.
	- Transited services indicate which intermediate services have participated in this logon request.
	- Package name indicates which sub-protocol was used among the NTLM protocols.
	- Key length indicates the length of the generated session key. This will be 0 if no session key was requested.",-,12544,JAMES_HOUSTON
1681823330,4624,Information,"An account was successfully logged on.

Subject:
	Security ID:		S-1-5-18
	Account Name:		JUBI13648$
	Account Domain:		JUBILIFE
	Logon ID:		0x4B2773

Logon Type:			3

Impersonation Level:		Impersonation

New Logon:
	Security ID:		S-1-5-21-4223521121-1109782943-2127437603-1289
	Account Name:		LEAH_HART
	Account Domain:		NT AUTHORITY
	Logon ID:		0x4B2773
	Logon GUID:		F3479F8E-C230-4211-84A0-C755E136AF3C

Process Information:
	Process ID:		0x0
	Process Name:		-

Network Information:
	Workstation Name:	
	Source Network Address:	172.19.8.165
	Source Port:		38386

Detailed Authentication Information:
	Logon Process:		Kerberos  
	Authentication Package:	Kerberos
	Transited Services:	-
	Package Name (NTLM only):	-
	Key Length:		0

This event is generated when a logon session is created. It is generated on the computer that was accessed.

The subject fields indicate the account on the local system which requested the logon. This is most commonly a service such as the Server service, or a local process such as Winlogon.exe or Services.exe.

The logon type field indicates the kind of logon that occurred. The most common types are 2 (interactive) and 3 (network).

The New Logon fields indicate the account for whom the new logon was created, i.e. the account that was logged on.

The network fields indicate where a remote logon request originated. Workstation name is not always available and may be left blank in some cases.

The impersonation level field indicates the extent to which a process in the logon session can impersonate.

The authentication information fields provide detailed information about this specific logon request.
	- Logon GUID is a unique identifier that can be used to correlate this event with a KDC event.
	- Transited services indicate which intermediate services have participated in this logon request.
	- Package name indicates which sub-protocol was used among the NTLM protocols.
	- Key length indicates the length of the generated session key. This will be 0 if no session key was requested.",-,12544,LEAH_HART
1681823332,4624,Information,"An account was successfully logged on.

Subject:
	Security ID:		S-1-5-18
	Account Name:		JUBI27591$
	Account Domain:		JUBILIFE
	Logon ID:		0x697265

Logon Type:			11

Impersonation Level:		Impersonation

New Logon:
	Security ID:		S-1-5-21-4223521121-1109782943-2127437603-1303
	Account Name:		FRANCES_MOLINA
	Account Domain:		NT AUTHORITY
	Logon ID:		0x697265
	Logon GUID:		74C4F1AD-4078-4371-87CD-DA625062F139

Process Information:
	Process ID:		0xf
	Process Name:		-

Network Information:
	Workstation Name:	
	Source Network Address:	-
	Source Port:		-

Detailed Authentication Information:
	Logon Process:		Kerberos  
	Authentication Package:	Kerberos
	Transited Services:	-
	Package Name (NTLM only):	-
	Key Length:		0

This event is generated when a logon session is created. It is generated on the computer that was accessed.

The subject fields indicate the account on the local system which requested the logon. This is most commonly a service such as the Server service, or a local process such as Winlogon.exe or Services.exe.

The logon type field indicates the kind of logon that occurred. The most common types are 2 (interactive) and 3 (network).

The New Logon fields indicate the account for whom the new logon was created, i.e. the account that was logged on.

The network fields indicate where a remote logon request originated. Workstation name is not always available and may be left blank in some cases.

The impersonation level field indicates the extent to which a process in the logon session can impersonate.

The authentication information fields provide detailed information about this specific logon request.
	- Logon GUID is a unique identifier that can be used to correlate this event with a KDC event.
	- Transited services indicate which intermediate services have participated in this logon request.
	- Package name indicates which sub-protocol was used among the NTLM protocols.
	- Key length indicates the length of the generated session key. This will be 0 if no session key was requested.",-,12544,FRANCES_MOLINA
1681823336,4624,Information,"An account was successfully logged on.

Subject:
	Security ID:		S-1-5-18
	Account Name:		JUBI98506$
	Account Domain:		JUBILIFE
	Logon ID:		0x627261

Logon Type:			11

Impersonation Level:		Impersonation

New Logon:
	Security ID:		S-1-5-21-4223521121-1109782943-2127437603-1404
	Account Name:		MORGAN_KELLER
	Account Domain:		NT AUTHORITY
	Logon ID:		0x627261
	Logon GUID:		D01203C4-BF07-46B0-ACB9-AFC876370892

Process Information:
	Process ID:		0x61
	Process Name:		-

Network Information:
	Workstation Name:	
	Source Network Address:	172.19.8.174
	Source Port:		42585

Detailed Authentication Information:
	Logon Process:		Kerberos  
	Authentication Package:	Kerberos
	Transited Services:	-
	Package Name (NTLM only):	-
	Key Length:		0

This event is generated when a logon session is created. It is generated on the computer that was accessed.

The subject fields indicate the account on the local system which requested the logon. This is most commonly a service such as the Server service, or a local process such as Winlogon.exe or Services.exe.

The logon type field indicates the kind of logon that occurred. The most common types are 2 (interactive) and 3 (network).

The New Logon fields indicate the account for whom the new logon was created, i.e. the account that was logged on.

The network fields indicate where a remote logon request originated. Workstation name is not always available and may be left blank in some cases.

The impersonation level field indicates the extent to which a process in the logon session can impersonate.

The authentication information fields provide detailed information about this specific logon request.
	- Logon GUID is a unique identifier that can be used to correlate this event with a KDC event.
	- Transited services indicate which intermediate services have participated in this logon request.
	- Package name indicates which sub-protocol was used among the NTLM protocols.
	- Key length indicates the length of the generated session key. This will be 0 if no session key was requested.",-,12544,MORGAN_KELLER
1681823337,4624,Information,"An account was successfully logged on.

Subject:
	Security ID:		S-1-5-18
	Account Name:		JUBI24584$
	Account Domain:		JUBILIFE
	Logon ID:		0x6C6177

Logon Type:			11

Impersonation Level:		Impersonation

New Logon:
	Security ID:		S-1-5-21-4223521121-1109782943-2127437603-1127
	Account Name:		SANFORD_FOREMAN
	Account Domain:		NT AUTHORITY
	Logon ID:		0x6C6177
	Logon GUID:		D7F0EA02-9B62-41BF-BB3A-C6706231A43B

Process Information:
	Process ID:		0x33
	Process Name:		-

Network Information:
	Workstation Name:	
	Source Network Address:	172.19.9.180
	Source Port:		11577

Detailed Authentication Information:
	Logon Process:		Kerberos  
	Authentication Package:	Kerberos
	Transited Services:	-
	Package Name (NTLM only):	-
	Key Length:		0

This event is generated when a logon session is created. It is generated on the computer that was accessed.

The subject fields indicate the account on the local system which requested the logon. This is most commonly a service such as the Server service, or a local process such as Winlogon.exe or Services.exe.

The logon type field indicates the kind of logon that occurred. The most common types are 2 (interactive) and 3 (network).

The New Logon fields indicate the account for whom the new logon was created, i.e. the account that was logged on.

The network fields indicate where a remote logon request originated. Workstation name is not always available and may be left blank in some cases.

The impersonation level field indicates the extent to which a process in the logon session can impersonate.

The authentication information fields provide detailed information about this specific logon request.
	- Logon GUID is a unique identifier that can be used to correlate this event with a KDC event.
	- Transited services indicate which intermediate services have participated in this logon request.
	- Package name indicates which sub-protocol was used among the NTLM protocols.
	- Key length indicates the length of the generated session key. This will be 0 if no session key was requested.",-,12544,SANFORD_FOREMAN
1681823339,4624,Information,"An account was successfully logged on.

Subject:
	Security ID:		S-1-5-18
	Account Name:		JUBI14883$
	Account Domain:		JUBILIFE
	Logon ID:		0x6C7965

Logon Type:			11

Impersonation Level:		Impersonation

New Logon:
	Security ID:		S-1-5-21-4223521121-1109782943-2127437603-1382
	Account Name:		LUCILE_GRIFFIN
	Account Domain:		NT AUTHORITY
	Logon ID:		0x6C7965
	Logon GUID:		AC4C7837-7BEA-40DC-B904-74F53A124410

Process Information:
	Process ID:		0x3c
	Process Name:		C:\Windows\System32\svchost.exe

Network Information:
	Workstation Name:	
	Source Network Address:	172.19.4.157
	Source Port:		48002

Detailed Authentication Information:
	Logon Process:		Kerberos  
	Authentication Package:	Kerberos
	Transited Services:	-
	Package Name (NTLM only):	-
	Key Length:		0

This event is generated when a logon session is created. It is generated on the computer that was accessed.

The subject fields indicate the account on the local system which requested the logon. This is most commonly a service such as the Server service, or a local process such as Winlogon.exe or Services.exe.

The logon type field indicates the kind of logon that occurred. The most common types are 2 (interactive) and 3 (network).

The New Logon fields indicate the account for whom the new logon was created, i.e. the account that was logged on.

The network fields indicate where a remote logon request originated. Workstation name is not always available and may be left blank in some cases.

The impersonation level field indicates the extent to which a process in the logon session can impersonate.

The authentication information fields provide detailed information about this specific logon request.
	- Logon GUID is a unique identifier that can be used to correlate this event with a KDC event.
	- Transited services indicate which intermediate services have participated in this logon request.
	- Package name indicates which sub-protocol was used among the NTLM protocols.
	- Key length indicates the length of the generated session key. This will be 0 if no session key was requested.",C:\Windows\System32\svchost.exe,12544,LUCILE_GRIFFIN
1681823340,4624,Information,"An account was successfully logged on.

Subject:
	Security ID:		S-1-5-18
	Account Name:		JUBI67359$
	Account Domain:		JUBILIFE
	Logon ID:		0x6C7965

Logon Type:			3

Impersonation Level:		Impersonation

New Logon:
	Security ID:		S-1-5-21-4223521121-1109782943-2127437603-1105
	Account Name:		CHRISTIE_WOODARD
	Account Domain:		NT AUTHORITY
	Logon ID:		0x6C7965
	Logon GUID:		7CED3134-B98F-42AB-8486-EF866996A7AC

Process Information:
	Process ID:		0x0
	Process Name:		-

Network Information:
	Workstation Name:	
	Source Network Address:	172.19.5.247
	Source Port:		47239

Detailed Authentication Information:
	Logon Process:		Kerberos  
	Authentication Package:	Kerberos
	Transited Services:	-
	Package Name (NTLM only):	-
	Key Length:		0

This event is generated when a logon session is created. It is generated on the computer that was accessed.

The subject fields indicate the account on the local system which requested the logon. This is most commonly a service such as the Server service, or a local process such as Winlogon.exe or Services.exe.

The logon type field indicates the kind of logon that occurred. The most common types are 2 (interactive) and 3 (network).

The New Logon fields indicate the account for whom the new logon was created, i.e. the account that was logged on.

The network fields indicate where a remote logon request originated. Workstation name is not always available and may be left blank in some cases.

The impersonation level field indicates the extent to which a process in the logon session can impersonate.

The authentication information fields provide detailed information about this specific logon request.
	- Logon GUID is a unique identifier that can be used to correlate this event with a KDC event.
	- Transited services indicate which intermediate services have participated in this logon request.
	- Package name indicates which sub-protocol was used among the NTLM protocols.
	- Key length indicates the length of the generated session key. This will be 0 if no session key was requested.",-,12544,CHRISTIE_WOODARD
1681823341,4624,Information,"An account was successfully logged on.

Subject:
	Security ID:		S-1-5-18
	Account Name:		JUBI39442$
	Account Domain:		JUBILIFE
	Logon ID:		0x746167

Logon Type:			3

Impersonation Level:		Impersonation

New Logon:
	Security ID:		S-1-5-21-4223521121-1109782943-2127437603-1491
	Account Name:		CHARMAINE_MEADOWS
	Account Domain:		NT AUTHORITY
	Logon ID:		0x746167
	Logon GUID:		6318758D-F624-42EC-B81D-FFD9769C0A65

Process Information:
	Process ID:		0x0
	Process Name:		-

Network Information:
	Workstation Name:	
	Source Network Address:	172.19.9.186
	Source Port:		18526

Detailed Authentication Information:
	Logon Process:		Kerberos  
	Authentication Package:	Kerberos
	Transited Services:	-
	Package Name (NTLM only):	-
	Key Length:		0

This event is generated when a logon session is created. It is generated on the computer that was accessed.

The subject fields indicate the account on the local system which requested the logon. This is most commonly a service such as the Server service, or a local process such as Winlogon.exe or Services.exe.

The logon type field indicates the kind of logon that occurred. The most common types are 2 (interactive) and 3 (network).

The New Logon fields indicate the account for whom the new logon was created, i.e. the account that was logged on.

The network fields indicate where a remote logon request originated. Workstation name is not always available and may be left blank in some cases.

The impersonation level field indicates the extent to which a process in the logon session can impersonate.

The authentication information fields provide detailed information about this specific logon request.
	- Logon GUID is a unique identifier that can be used to correlate this event with a KDC event.
	- Transited services indicate which intermediate services have participated in this logon request.
	- Package name indicates which sub-protocol was used among the NTLM protocols.
	- Key length indicates the length of the generated session key. This will be 0 if no session key was requested.",-,12544,CHARMAINE_MEADOWS
1681823344,4624,Information,"An account was successfully logged on.

Subject:
	Security ID:		S-1-5-18
	Account Name:		JUBI74143$
	Account Domain:		JUBILIFE
	Logon ID:		0x72616E

Logon Type:			11

Impersonation Level:		Impersonation

New Logon:
	Security ID:		S-1-5-21-4223521121-1109782943-2127437603-1171
	Account Name:		LOTTIE_MCCLURE
	Account Domain:		NT AUTHORITY
	Logon ID:		0x72616E
	Logon GUID:		A7B82BA6-0DEA-4A16-B955-B2FFEB13C4E7

Process Information:
	Process ID:		0x56
	Process Name:		C:\Windows\System32\svchost.exe

Network Information:
	Workstation Name:	
	Source Network Address:	172.19.2.71
	Source Port:		61941

Detailed Authentication Information:
	Logon Process:		Kerberos  
	Authentication Package:	Kerberos
	Transited Services:	-
	Package Name (NTLM only):	-
	Key Length:		0

This event is generated when a logon session is created. It is generated on the computer that was accessed.

The subject fields indicate the account on the local system which requested the logon. This is most commonly a service such as the Server service, or a local process such as Winlogon.exe or Services.exe.

The logon type field indicates the kind of logon that occurred. The most common types are 2 (interactive) and 3 (network).

The New Logon fields indicate the account for whom the new logon was created, i.e. the account that was logged on.

The network fields indicate where a remote logon request originated. Workstation name is not always available and may be left blank in some cases.

The impersonation level field indicates the extent to which a process in the logon session can impersonate.

The authentication information fields provide detailed information about this specific logon request.
	- Logon GUID is a unique identifier that can be used to correlate this event with a KDC event.
	- Transited services indicate which intermediate services have participated in this logon request.
	- Package name indicates which sub-protocol was used among the NTLM protocols.
	- Key length indicates the length of the generated session key. This will be 0 if no session key was requested.",C:\Windows\System32\svchost.exe,12544,LOTTIE_MCCLURE
1681823350,4624,Information,"An account was successfully logged on.

Subject:
	Security ID:		S-1-5-18
	Account Name:		JUBI97810$
	Account Domain:		JUBILIFE
	Logon ID:		0x61726D

Logon Type:			11

Impersonation Level:		Impersonation

New Logon:
	Security ID:		S-1-5-21-4223521121-1109782943-2127437603-1242
	Account Name:		DARLA_GOULD
	Account Domain:		NT AUTHORITY
	Logon ID:		0x61726D
	Logon GUID:		9E757CDB-316E-42C9-9B01-F31F064A0870

Process Information:
	Process ID:		0x13
	Process Name:		C:\Windows\System32\svchost.exe

Network Information:
	Workstation Name:	
	Source Network Address:	172.19.8.227
	Source Port:		41943

Detailed Authentication Information:
	Logon Process:		Kerberos  
	Authentication Package:	Kerberos
	Transited Services:	-
	Package Name (NTLM only):	-
	Key Length:		0

This event is generated when a logon session is created. It is generated on the computer that was accessed.

The subject fields indicate the account on the local system which requested the logon. This is most commonly a service such as the Server service, or a local process such as Winlogon.exe or Services.exe.

The logon type field indicates the kind of logon that occurred. The most common types are 2 (interactive) and 3 (network).

The New Logon fields indicate the account for whom the new logon was created, i.e. the account that was logged on.

The network fields indicate where a remote logon request originated. Workstation name is not always available and may be left blank in some cases.

The impersonation level field indicates the extent to which a process in the logon session can impersonate.

The authentication information fields provide detailed information about this specific logon request.
	- Logon GUID is a unique identifier that can be used to correlate this event with a KDC event.
	- Transited services indicate which intermediate services have participated in this logon request.
	- Package name indicates which sub-protocol was used among the NTLM protocols.
	- Key length indicates the length of the generated session key. This will be 0 if no session key was requested.",C:\Windows\System32\svchost.exe,12544,DARLA_GOULD
1681823351,4624,Information,"An account was successfully logged on.

Subject:
	Security ID:		S-1-5-18
	Account Name:		JUBI01317$
	Account Domain:		JUBILIFE
	Logon ID:		0x746167

Logon Type:			2

Impersonation Level:		Impersonation

New Logon:
	Security ID:		S-1-5-21-4223521121-1109782943-2127437603-1387
	Account Name:		SHERRI_MENDEZ
	Account Domain:		NT AUTHORITY
	Logon ID:		0x746167
	Logon GUID:		1BA6EE5F-29E3-4A47-A3E8-66219118C923

Process Information:
	Process ID:		0x4d
	Process Name:		C:\Windows\System32\svchost.exe

Network Information:
	Workstation Name:	
	Source Network Address:	-
	Source Port:		-

Detailed Authentication Information:
	Logon Process:		Kerberos  
	Authentication Package:	Kerberos
	Transited Services:	-
	Package Name (NTLM only):	-
	Key Length:		0

This event is generated when a logon session is created. It is generated on the computer that was accessed.

The subject fields indicate the account on the local system which requested the logon. This is most commonly a service such as the Server service, or a local process such as Winlogon.exe or Services.exe.

The logon type field indicates the kind of logon that occurred. The most common types are 2 (interactive) and 3 (network).

The New Logon fields indicate the account for whom the new logon was created, i.e. the account that was logged on.

The network fields indicate where a remote logon request originated. Workstation name is not always available and may be left blank in some cases.

The impersonation level field indicates the extent to which a process in the logon session can impersonate.

The authentication information fields provide detailed information about this specific logon request.
	- Logon GUID is a unique identifier that can be used to correlate this event with a KDC event.
	- Transited services indicate which intermediate services have participated in this logon request.
	- Package name indicates which sub-protocol was used among the NTLM protocols.
	- Key length indicates the length of the generated session key. This will be 0 if no session key was requested.",C:\Windows\System32\svchost.exe,12544,SHERRI_MENDEZ
1681823361,4624,Information,"An account was successfully logged on.

Subject:
	Security ID:		S-1-5-18
	Account Name:		JUBI15126$
	Account Domain:		JUBILIFE
	Logon ID:		0x66657A

Logon Type:			3

Impersonation Level:		Impersonation

New Logon:
	Security ID:		S-1-5-21-4223521121-1109782943-2127437603-1197
	Account Name:		ROWENA_CONRAD
	Account Domain:		NT AUTHORITY
	Logon ID:		0x66657A
	Logon GUID:		363927E0-A04C-420A-921F-D6AC01C6F689

Process Information:
	Process ID:		0x0
	Process Name:		-

Network Information:
	Workstation Name:	
	Source Network Address:	-
	Source Port:		-

Detailed Authentication Information:
	Logon Process:		Kerberos  
	Authentication Package:	Kerberos
	Transited Services:	-
	Package Name (NTLM only):	-
	Key Length:		0

This event is generated when a logon session is created. It is generated on the computer that was accessed.

The subject fields indicate the account on the local system which requested the logon. This is most commonly a service such as the Server service, or a local process such as Winlogon.exe or Services.exe.

The logon type field indicates the kind of logon that occurred. The most common types are 2 (interactive) and 3 (network).

The New Logon fields indicate the account for whom the new logon was created, i.e. the account that was logged on.

The network fields indicate where a remote logon request originated. Workstation name is not always available and may be left blank in some cases.

The impersonation level field indicates the extent to which a process in the logon session can impersonate.

The authentication information fields provide detailed information about this specific logon request.
	- Logon GUID is a unique identifier that can be used to correlate this event with a KDC event.
	- Transited services indicate which intermediate services have participated in this logon request.
	- Package name indicates which sub-protocol was used among the NTLM protocols.
	- Key length indicates the length of the generated session key. This will be 0 if no session key was requested.",-,12544,ROWENA_CONRAD
1681823363,4624,Information,"An account was successfully logged on.

Subject:
	Security ID:		S-1-5-18
	Account Name:		JUBI78700$
	Account Domain:		JUBILIFE
	Logon ID:		0x6F7574

Logon Type:			11

Impersonation Level:		Impersonation

New Logon:
	Security ID:		S-1-5-21-4223521121-1109782943-2127437603-1409
	Account Name:		MANUELA_VINCENT
	Account Domain:		NT AUTHORITY
	Logon ID:		0x6F7574
	Logon GUID:		44199710-524E-4EE4-8147-D386346A7980

Process Information:
	Process ID:		0x23
	Process Name:		C:\Windows\System32\svchost.exe

Network Information:
	Workstation Name:	
	Source Network Address:	-
	Source Port:		-

Detailed Authentication Information:
	Logon Process:		Kerberos  
	Authentication Package:	Kerberos
	Transited Services:	-
	Package Name (NTLM only):	-
	Key Length:		0

This event is generated when a logon session is created. It is generated on the computer that was accessed.

The subject fields indicate the account on the local system which requested the logon. This is most commonly a service such as the Server service, or a local process such as Winlogon.exe or Services.exe.

The logon type field indicates the kind of logon that occurred. The most common types are 2 (interactive) and 3 (network).

The New Logon fields indicate the account for whom the new logon was created, i.e. the account that was logged on.

The network fields indicate where a remote logon request originated. Workstation name is not always available and may be left blank in some cases.

The impersonation level field indicates the extent to which a process in the logon session can impersonate.

The authentication information fields provide detailed information about this specific logon request.
	- Logon GUID is a unique identifier that can be used to correlate this event with a KDC event.
	- Transited services indicate which intermediate services have participated in this logon request.
	- Package name indicates which sub-protocol was used among the NTLM protocols.
	- Key length indicates the length of the generated session key. This will be 0 if no session key was requested.",C:\Windows\System32\svchost.exe,12544,MANUELA_VINCENT
1681823368,4624,Information,"An account was successfully logged on.

Subject:
	Security ID:		S-1-5-18
	Account Name:		JUBI51898$
	Account Domain:		JUBILIFE
	Logon ID:		0x4A6577

Logon Type:			3

Impersonation Level:		Impersonation

New Logon:
	Security ID:		S-1-5-21-4223521121-1109782943-2127437603-1282
	Account Name:		TRENT_MCINTOSH
	Account Domain:		NT AUTHORITY
	Logon ID:		0x4A6577
	Logon GUID:		4D22C79B-81A2-4186-B9AB-1B7B58070671

Process Information:
	Process ID:		0x0
	Process Name:		-

Network Information:
	Workstation Name:	
	Source Network Address:	172.19.4.219
	Source Port:		29498

Detailed Authentication Information:
	Logon Process:		Kerberos  
	Authentication Package:	Kerberos
	Transited Services:	-
	Package Name (NTLM only):	-
	Key Length:		0

This event is generated when a logon session is created. It is generated on the computer that was accessed.

The subject fields indicate the account on the local system which requested the logon. This is most commonly a service such as the Server service, or a local process such as Winlogon.exe or Services.exe.

The logon type field indicates the kind of logon that occurred. The most common types are 2 (interactive) and 3 (network).

The New Logon fields indicate the account for whom the new logon was created, i.e. the account that was logged on.

The network fields indicate where a remote logon request originated. Workstation name is not always available and may be left blank in some cases.

The impersonation level field indicates the extent to which a process in the logon session can impersonate.

The authentication information fields provide detailed information about this specific logon request.
	- Logon GUID is a unique identifier that can be used to correlate this event with a KDC event.
	- Transited services indicate which intermediate services have participated in this logon request.
	- Package name indicates which sub-protocol was used among the NTLM protocols.
	- Key length indicates the length of the generated session key. This will be 0 if no session key was requested.",-,12544,TRENT_MCINTOSH
1681823369,4624,Information,"An account was successfully logged on.

Subject:
	Security ID:		S-1-5-18
	Account Name:		JUBI24064$
	Account Domain:		JUBILIFE
	Logon ID:		0x776967

Logon Type:			11

Impersonation Level:		Impersonation

New Logon:
	Security ID:		S-1-5-21-4223521121-1109782943-2127437603-1259
	Account Name:		ERIKA_LEBLANC
	Account Domain:		NT AUTHORITY
	Logon ID:		0x776967
	Logon GUID:		B96B9F47-A15B-434F-AAF4-35B5BBC62543

Process Information:
	Process ID:		0x50
	Process Name:		C:\Windows\System32\svchost.exe

Network Information:
	Workstation Name:	
	Source Network Address:	172.19.9.38
	Source Port:		64563

Detailed Authentication Information:
	Logon Process:		Kerberos  
	Authentication Package:	Kerberos
	Transited Services:	-
	Package Name (NTLM only):	-
	Key Length:		0

This event is generated when a logon session is created. It is generated on the computer that was accessed.

The subject fields indicate the account on the local system which requested the logon. This is most commonly a service such as the Server service, or a local process such as Winlogon.exe or Services.exe.

The logon type field indicates the kind of logon that occurred. The most common types are 2 (interactive) and 3 (network).

The New Logon fields indicate the account for whom the new logon was created, i.e. the account that was logged on.

The network fields indicate where a remote logon request originated. Workstation name is not always available and may be left blank in some cases.

The impersonation level field indicates the extent to which a process in the logon session can impersonate.

The authentication information fields provide detailed information about this specific logon request.
	- Logon GUID is a unique identifier that can be used to correlate this event with a KDC event.
	- Transited services indicate which intermediate services have participated in this logon request.
	- Package name indicates which sub-protocol was used among the NTLM protocols.
	- Key length indicates the length of the generated session key. This will be 0 if no session key was requested.",C:\Windows\System32\svchost.exe,12544,ERIKA_LEBLANC
1681823378,4624,Information,"An account was successfully logged on.

Subject:
	Security ID:		S-1-5-18
	Account Name:		JUBI27174$
	Account Domain:		JUBILIFE
	Logon ID:		0x657261

Logon Type:			2

Impersonation Level:		Impersonation

New Logon:
	Security ID:		S-1-5-21-4223521121-1109782943-2127437603-1476
	Account Name:		CLARICE_CHERRY
	Account Domain:		NT AUTHORITY
	Logon ID:		0x657261
	Logon GUID:		E498F57B-4F51-441A-B85F-42DF0DC192BD

Process Information:
	Process ID:		0x60
	Process Name:		C:\Windows\System32\winlogon.exe

Network Information:
	Workstation Name:	
	Source Network Address:	-
	Source Port:		-

Detailed Authentication Information:
	Logon Process:		Kerberos  
	Authentication Package:	Kerberos
	Transited Services:	-
	Package Name (NTLM only):	-
	Key Length:		0

This event is generated when a logon session is created. It is generated on the computer that was accessed.

The subject fields indicate the account on the local system which requested the logon. This is most commonly a service such as the Server service, or a local process such as Winlogon.exe or Services.exe.

The logon type field indicates the kind of logon that occurred. The most common types are 2 (interactive) and 3 (network).

The New Logon fields indicate the account for whom the new logon was created, i.e. the account that was logged on.

The network fields indicate where a remote logon request originated. Workstation name is not always available and may be left blank in some cases.

The impersonation level field indicates the extent to which a process in the logon session can impersonate.

The authentication information fields provide detailed information about this specific logon request.
	- Logon GUID is a unique identifier that can be used to correlate this event with a KDC event.
	- Transited services indicate which intermediate services have participated in this logon request.
	- Package name indicates which sub-protocol was used among the NTLM protocols.
	- Key length indicates the length of the generated session key. This will be 0 if no session key was requested.",C:\Windows\System32\winlogon.exe,12544,CLARICE_CHERRY
1681823380,4624,Information,"An account was successfully logged on.

Subject:
	Security ID:		S-1-5-18
	Account Name:		JUBI25770$
	Account Domain:		JUBILIFE
	Logon ID:		0x626564

Logon Type:			2

Impersonation Level:		Impersonation

New Logon:
	Security ID:		S-1-5-21-4223521121-1109782943-2127437603-1258
	Account Name:		MAJOR_BLACKBURN
	Account Domain:		NT AUTHORITY
	Logon ID:		0x626564
	Logon GUID:		406EC733-C998-498C-8BDE-DB5A1FFCA5B3

Process Information:
	Process ID:		0x24
	Process Name:		C:\Windows\System32\svchost.exe

Network Information:
	Workstation Name:	
	Source Network Address:	-
	Source Port:		-

Detailed Authentication Information:
	Logon Process:		Kerberos  
	Authentication Package:	Kerberos
	Transited Services:	-
	Package Name (NTLM only):	-
	Key Length:		0

This event is generated when a logon session is created. It is generated on the computer that was accessed.

The subject fields indicate the account on the local system which requested the logon. This is most commonly a service such as the Server service, or a local process such as Winlogon.exe or Services.exe.

The logon type field indicates the kind of logon that occurred. The most common types are 2 (interactive) and 3 (network).

The New Logon fields indicate the account for whom the new logon was created, i.e. the account that was logged on.

The network fields indicate where a remote logon request originated. Workstation name is not always available and may be left blank in some cases.

The impersonation level field indicates the extent to which a process in the logon session can impersonate.

The authentication information fields provide detailed information about this specific logon request.
	- Logon GUID is a unique identifier that can be used to correlate this event with a KDC event.
	- Transited services indicate which intermediate services have participated in this logon request.
	- Package name indicates which sub-protocol was used among the NTLM protocols.
	- Key length indicates the length of the generated session key. This will be 0 if no session key was requested.",C:\Windows\System32\svchost.exe,12544,MAJOR_BLACKBURN
1681823392,4624,Information,"An account was successfully logged on.

Subject:
	Security ID:		S-1-5-18
	Account Name:		JUBI41811$
	Account Domain:		JUBILIFE
	Logon ID:		0x636F64

Logon Type:			2

Impersonation Level:		Impersonation

New Logon:
	Security ID:		S-1-5-21-4223521121-1109782943-2127437603-1257
	Account Name:		LILY_ROWE
	Account Domain:		NT AUTHORITY
	Logon ID:		0x636F64
	Logon GUID:		A786B365-C5D8-408D-A293-339F4E292935

Process Information:
	Process ID:		0x6d
	Process Name:		C:\Windows\System32\winlogon.exe

Network Information:
	Workstation Name:	
	Source Network Address:	-
	Source Port:		-

Detailed Authentication Information:
	Logon Process:		Kerberos  
	Authentication Package:	Kerberos
	Transited Services:	-
	Package Name (NTLM only):	-
	Key Length:		0

This event is generated when a logon session is created. It is generated on the computer that was accessed.

The subject fields indicate the account on the local system which requested the logon. This is most commonly a service such as the Server service, or a local process such as Winlogon.exe or Services.exe.

The logon type field indicates the kind of logon that occurred. The most common types are 2 (interactive) and 3 (network).

The New Logon fields indicate the account for whom the new logon was created, i.e. the account that was logged on.

The network fields indicate where a remote logon request originated. Workstation name is not always available and may be left blank in some cases.

The impersonation level field indicates the extent to which a process in the logon session can impersonate.

The authentication information fields provide detailed information about this specific logon request.
	- Logon GUID is a unique identifier that can be used to correlate this event with a KDC event.
	- Transited services indicate which intermediate services have participated in this logon request.
	- Package name indicates which sub-protocol was used among the NTLM protocols.
	- Key length indicates the length of the generated session key. This will be 0 if no session key was requested.",C:\Windows\System32\winlogon.exe,12544,LILY_ROWE
