1681741777,4624,Information,"An account was successfully logged on.

Subject:
	Security ID:		S-1-5-18
	Account Name:		JUBI67359$
	Account Domain:		JUBILIFE
	Logon ID:		0x6C7965

Logon Type:			2

Impersonation Level:		Impersonation

New Logon:
	Security ID:		S-1-5-21-4223521121-1109782943-2127437603-1105
	Account Name:		CHRISTIE_WOODARD
	Account Domain:		NT AUTHORITY
	Logon ID:		0x6C7965
	Logon GUID:		7CED3134-B98F-42AB-8486-EF866996A7AC

Process Information:
	Process ID:		0x11
	Process Name:		C:\Windows\System32\svchost.exe

Network Information:
	Workstation Name:	
	Source Network Address:	-
	Source Port:		-

Detailed Authentication Information:
	Logon Process:		Kerberos  
	Authentication Package:	Kerberos
	Transited Services:	-
	Package Name (NTLM only):	-
	Key Length:		0

This event is generated when a logon session is created. It is generated on the computer that was accessed.

The subject fields indicate the account on the local system which requested the logon. This is most commonly a service such as the Server service, or a local process such as Winlogon.exe or Services.exe.

The logon type field indicates the kind of logon that occurred. The most common types are 2 (interactive) and 3 (network).

The New Logon fields indicate the account for whom the new logon was created, i.e. the account that was logged on.

The network fields indicate where a remote logon request originated. Workstation name is not always available and may be left blank in some cases.

The impersonation level field indicates the extent to which a process in the logon session can impersonate.

The authentication information fields provide detailed information about this specific logon request.
	- Logon GUID is a unique identifier that can be used to correlate this event with a KDC event.
	- Transited services indicate which intermediate services have participated in this logon request.
	- Package name indicates which sub-protocol was used among the NTLM protocols.
	- Key length indicates the length of the generated session key. This will be 0 if no session key was requested.",C:\Windows\System32\svchost.exe,12544,CHRISTIE_WOODARD
1681742068,4624,Information,"An account was successfully logged on.

Subject:
	Security ID:		S-1-5-18
	Account Name:		JUBI45457$
	Account Domain:		JUBILIFE
	Logon ID:		0x6E6974

Logon Type:			3

Impersonation Level:		Impersonation

New Logon:
	Security ID:		S-1-5-21-4223521121-1109782943-2127437603-1142
	Account Name:		KAITLIN_FREEMAN
	Account Domain:		NT AUTHORITY
	Logon ID:		0x6E6974
	Logon GUID:		75B37721-2638-4336-AB00-4312BC6CEB96

Process Information:
	Process ID:		0x0
	Process Name:		-

Network Information:
	Workstation Name:	
	Source Network Address:	172.19.7.24
	Source Port:		51195

Detailed Authentication Information:
	Logon Process:		Kerberos  
	Authentication Package:	Kerberos
	Transited Services:	-
	Package Name (NTLM only):	-
	Key Length:		0

This event is generated when a logon session is created. It is generated on the computer that was accessed.

The subject fields indicate the account on the local system which requested the logon. This is most commonly a service such as the Server service, or a local process such as Winlogon.exe or Services.exe.

The logon type field indicates the kind of logon that occurred. The most common types are 2 (interactive) and 3 (network).

The New Logon fields indicate the account for whom the new logon was created, i.e. the account that was logged on.

The network fields indicate where a remote logon request originated. Workstation name is not always available and may be left blank in some cases.

The impersonation level field indicates the extent to which a process in the logon session can impersonate.

The authentication information fields provide detailed information about this specific logon request.
	- Logon GUID is a unique identifier that can be used to correlate this event with a KDC event.
	- Transited services indicate which intermediate services have participated in this logon request.
	- Package name indicates which sub-protocol was used among the NTLM protocols.
	- Key length indicates the length of the generated session key. This will be 0 if no session key was requested.",-,12544,KAITLIN_FREEMAN
1681742103,4624,Information,"An account was successfully logged on.

Subject:
	Security ID:		S-1-5-18
	Account Name:		JUBI78137$
	Account Domain:		JUBILIFE
	Logon ID:		0x6A6F67

Logon Type:			2

Impersonation Level:		Impersonation

New Logon:
	Security ID:		S-1-5-21-4223521121-1109782943-2127437603-1310
	Account Name:		PEGGY_STANLEY
	Account Domain:		NT AUTHORITY
	Logon ID:		0x6A6F67
	Logon GUID:		6E7E418A-130F-4B9B-9527-8C4D56B7381B

Process Information:
	Process ID:		0x48
	Process Name:		C:\Windows\System32\svchost.exe

Network Information:
	Workstation Name:	
	Source Network Address:	-
	Source Port:		-

Detailed Authentication Information:
	Logon Process:		Kerberos  
	Authentication Package:	Kerberos
	Transited Services:	-
	Package Name (NTLM only):	-
	Key Length:		0

This event is generated when a logon session is created. It is generated on the computer that was accessed.

The subject fields indicate the account on the local system which requested the logon. This is most commonly a service such as the Server service, or a local process such as Winlogon.exe or Services.exe.

The logon type field indicates the kind of logon that occurred. The most common types are 2 (interactive) and 3 (network).

The New Logon fields indicate the account for whom the new logon was created, i.e. the account that was logged on.

The network fields indicate where a remote logon request originated. Workstation name is not always available and may be left blank in some cases.

The impersonation level field indicates the extent to which a process in the logon session can impersonate.

The authentication information fields provide detailed information about this specific logon request.
	- Logon GUID is a unique identifier that can be used to correlate this event with a KDC event.
	- Transited services indicate which intermediate services have participated in this logon request.
	- Package name indicates which sub-protocol was used among the NTLM protocols.
	- Key length indicates the length of the generated session key. This will be 0 if no session key was requested.",C:\Windows\System32\svchost.exe,12544,PEGGY_STANLEY
1681742170,4624,Information,"An account was successfully logged on.

Subject:
	Security ID:		S-1-5-18
	Account Name:		JUBI26528$
	Account Domain:		JUBILIFE
	Logon ID:		0x64756F

Logon Type:			2

Impersonation Level:		Impersonation

New Logon:
	Security ID:		S-1-5-21-4223521121-1109782943-2127437603-1325
	Account Name:		SOFIA_MORRIS
	Account Domain:		NT AUTHORITY
	Logon ID:		0x64756F
	Logon GUID:		B44BA626-93F1-4798-A128-C1A16D285C02

Process Information:
	Process ID:		0x4e
	Process Name:		C:\Windows\System32\svchost.exe

Network Information:
	Workstation Name:	
	Source Network Address:	-
	Source Port:		-

Detailed Authentication Information:
	Logon Process:		Kerberos  
	Authentication Package:	Kerberos
	Transited Services:	-
	Package Name (NTLM only):	-
	Key Length:		0

This event is generated when a logon session is created. It is generated on the computer that was accessed.

The subject fields indicate the account on the local system which requested the logon. This is most commonly a service such as the Server service, or a local process such as Winlogon.exe or Services.exe.

The logon type field indicates the kind of logon that occurred. The most common types are 2 (interactive) and 3 (network).

The New Logon fields indicate the account for whom the new logon was created, i.e. the account that was logged on.

The network fields indicate where a remote logon request originated. Workstation name is not always available and may be left blank in some cases.

The impersonation level field indicates the extent to which a process in the logon session can impersonate.

The authentication information fields provide detailed information about this specific logon request.
	- Logon GUID is a unique identifier that can be used to correlate this event with a KDC event.
	- Transited services indicate which intermediate services have participated in this logon request.
	- Package name indicates which sub-protocol was used among the NTLM protocols.
	- Key length indicates the length of the generated session key. This will be 0 if no session key was requested.",C:\Windows\System32\svchost.exe,12544,SOFIA_MORRIS
1681744247,4624,Information,"An account was successfully logged on.

Subject:
	Security ID:		S-1-5-18
	Account Name:		JUBI98184$
	Account Domain:		JUBILIFE
	Logon ID:		0x6E6574

Logon Type:			11

Impersonation Level:		Impersonation

New Logon:
	Security ID:		S-1-5-21-4223521121-1109782943-2127437603-1260
	Account Name:		TINA_TYSON
	Account Domain:		NT AUTHORITY
	Logon ID:		0x6E6574
	Logon GUID:		1EB9C232-AD75-4BF9-8150-2F1BEFD04408

Process Information:
	Process ID:		0x4e
	Process Name:		C:\Windows\System32\svchost.exe

Network Information:
	Workstation Name:	
	Source Network Address:	172.19.5.54
	Source Port:		11692

Detailed Authentication Information:
	Logon Process:		Kerberos  
	Authentication Package:	Kerberos
	Transited Services:	-
	Package Name (NTLM only):	-
	Key Length:		0

This event is generated when a logon session is created. It is generated on the computer that was accessed.

The subject fields indicate the account on the local system which requested the logon. This is most commonly a service such as the Server service, or a local process such as Winlogon.exe or Services.exe.

The logon type field indicates the kind of logon that occurred. The most common types are 2 (interactive) and 3 (network).

The New Logon fields indicate the account for whom the new logon was created, i.e. the account that was logged on.

The network fields indicate where a remote logon request originated. Workstation name is not always available and may be left blank in some cases.

The impersonation level field indicates the extent to which a process in the logon session can impersonate.

The authentication information fields provide detailed information about this specific logon request.
	- Logon GUID is a unique identifier that can be used to correlate this event with a KDC event.
	- Transited services indicate which intermediate services have participated in this logon request.
	- Package name indicates which sub-protocol was used among the NTLM protocols.
	- Key length indicates the length of the generated session key. This will be 0 if no session key was requested.",C:\Windows\System32\svchost.exe,12544,TINA_TYSON
1681748525,4624,Information,"An account was successfully logged on.

Subject:
	Security ID:		S-1-5-18
	Account Name:		JUBI74714$
	Account Domain:		JUBILIFE
	Logon ID:		0x6C6F74

Logon Type:			11

Impersonation Level:		Impersonation

New Logon:
	Security ID:		S-1-5-21-4223521121-1109782943-2127437603-1255
	Account Name:		ROY_MCLAUGHLIN
	Account Domain:		NT AUTHORITY
	Logon ID:		0x6C6F74
	Logon GUID:		63E9BD06-161B-4D34-B552-B2FB9E968CB6

Process Information:
	Process ID:		0x69
	Process Name:		C:\Windows\System32\svchost.exe

Network Information:
	Workstation Name:	
	Source Network Address:	-
	Source Port:		-

Detailed Authentication Information:
	Logon Process:		Kerberos  
	Authentication Package:	Kerberos
	Transited Services:	-
	Package Name (NTLM only):	-
	Key Length:		0

This event is generated when a logon session is created. It is generated on the computer that was accessed.

The subject fields indicate the account on the local system which requested the logon. This is most commonly a service such as the Server service, or a local process such as Winlogon.exe or Services.exe.

The logon type field indicates the kind of logon that occurred. The most common types are 2 (interactive) and 3 (network).

The New Logon fields indicate the account for whom the new logon was created, i.e. the account that was logged on.

The network fields indicate where a remote logon request originated. Workstation name is not always available and may be left blank in some cases.

The impersonation level field indicates the extent to which a process in the logon session can impersonate.

The authentication information fields provide detailed information about this specific logon request.
	- Logon GUID is a unique identifier that can be used to correlate this event with a KDC event.
	- Transited services indicate which intermediate services have participated in this logon request.
	- Package name indicates which sub-protocol was used among the NTLM protocols.
	- Key length indicates the length of the generated session key. This will be 0 if no session key was requested.",C:\Windows\System32\svchost.exe,12544,ROY_MCLAUGHLIN
1681749627,4624,Information,"An account was successfully logged on.

Subject:
	Security ID:		S-1-5-18
	Account Name:		JUBI48049$
	Account Domain:		JUBILIFE
	Logon ID:		0x666974

Logon Type:			2

Impersonation Level:		Impersonation

New Logon:
	Security ID:		S-1-5-21-4223521121-1109782943-2127437603-1276
	Account Name:		BRET_MARTIN
	Account Domain:		NT AUTHORITY
	Logon ID:		0x666974
	Logon GUID:		96CDF557-A591-47F6-B37E-30208B0BB446

Process Information:
	Process ID:		0x38
	Process Name:		C:\Windows\System32\winlogon.exe

Network Information:
	Workstation Name:	
	Source Network Address:	-
	Source Port:		-

Detailed Authentication Information:
	Logon Process:		Kerberos  
	Authentication Package:	Kerberos
	Transited Services:	-
	Package Name (NTLM only):	-
	Key Length:		0

This event is generated when a logon session is created. It is generated on the computer that was accessed.

The subject fields indicate the account on the local system which requested the logon. This is most commonly a service such as the Server service, or a local process such as Winlogon.exe or Services.exe.

The logon type field indicates the kind of logon that occurred. The most common types are 2 (interactive) and 3 (network).

The New Logon fields indicate the account for whom the new logon was created, i.e. the account that was logged on.

The network fields indicate where a remote logon request originated. Workstation name is not always available and may be left blank in some cases.

The impersonation level field indicates the extent to which a process in the logon session can impersonate.

The authentication information fields provide detailed information about this specific logon request.
	- Logon GUID is a unique identifier that can be used to correlate this event with a KDC event.
	- Transited services indicate which intermediate services have participated in this logon request.
	- Package name indicates which sub-protocol was used among the NTLM protocols.
	- Key length indicates the length of the generated session key. This will be 0 if no session key was requested.",C:\Windows\System32\winlogon.exe,12544,BRET_MARTIN
1681751394,4634,Information,"An account was logged off.

Subject:
	Security ID:		JUBILIFE\ROMEO_MCFADDEN
	Account Name:		JUBI98071$
	Account Domain:		JUBILIFE
	Logon ID:		0x6F7574

Logon Type:			2

This event is generated when a logon session is destroyed. It may be positively correlated with a logon event using the Logon ID value. Logon IDs are only unique between reboots
on the same computer.",C:\Windows\System32\winlogon.exe,12545,ROMEO_MCFADDEN
1681751763,4624,Information,"An account was successfully logged on.

Subject:
	Security ID:		S-1-5-18
	Account Name:		JUBI19912$
	Account Domain:		JUBILIFE
	Logon ID:		0x77616E

Logon Type:			3

Impersonation Level:		Impersonation

New Logon:
	Security ID:		S-1-5-21-4223521121-1109782943-2127437603-1485
	Account Name:		BRANDON_BUCKLEY
	Account Domain:		NT AUTHORITY
	Logon ID:		0x77616E
	Logon GUID:		B304146D-A5AC-475E-A70E-DDAF58D5E4A4

Process Information:
	Process ID:		0x0
	Process Name:		-

Network Information:
	Workstation Name:	
	Source Network Address:	172.19.3.143
	Source Port:		47928

Detailed Authentication Information:
	Logon Process:		Kerberos  
	Authentication Package:	Kerberos
	Transited Services:	-
	Package Name (NTLM only):	-
	Key Length:		0

This event is generated when a logon session is created. It is generated on the computer that was accessed.

The subject fields indicate the account on the local system which requested the logon. This is most commonly a service such as the Server service, or a local process such as Winlogon.exe or Services.exe.

The logon type field indicates the kind of logon that occurred. The most common types are 2 (interactive) and 3 (network).

The New Logon fields indicate the account for whom the new logon was created, i.e. the account that was logged on.

The network fields indicate where a remote logon request originated. Workstation name is not always available and may be left blank in some cases.

The impersonation level field indicates the extent to which a process in the logon session can impersonate.

The authentication information fields provide detailed information about this specific logon request.
	- Logon GUID is a unique identifier that can be used to correlate this event with a KDC event.
	- Transited services indicate which intermediate services have participated in this logon request.
	- Package name indicates which sub-protocol was used among the NTLM protocols.
	- Key length indicates the length of the generated session key. This will be 0 if no session key was requested.",-,12544,BRANDON_BUCKLEY
1681752042,4624,Information,"An account was successfully logged on.

Subject:
	Security ID:		S-1-5-18
	Account Name:		JUBI31695$
	Account Domain:		JUBILIFE
	Logon ID:		0x4F2773

Logon Type:			11

Impersonation Level:		Impersonation

New Logon:
	Security ID:		S-1-5-21-4223521121-1109782943-2127437603-1202
	Account Name:		CLAIRE_HARVEY
	Account Domain:		NT AUTHORITY
	Logon ID:		0x4F2773
	Logon GUID:		34042969-4909-4CC9-ACCA-8205DC47922D

Process Information:
	Process ID:		0x24
	Process Name:		C:\Windows\System32\svchost.exe

Network Information:
	Workstation Name:	
	Source Network Address:	172.19.8.129
	Source Port:		48889

Detailed Authentication Information:
	Logon Process:		Kerberos  
	Authentication Package:	Kerberos
	Transited Services:	-
	Package Name (NTLM only):	-
	Key Length:		0

This event is generated when a logon session is created. It is generated on the computer that was accessed.

The subject fields indicate the account on the local system which requested the logon. This is most commonly a service such as the Server service, or a local process such as Winlogon.exe or Services.exe.

The logon type field indicates the kind of logon that occurred. The most common types are 2 (interactive) and 3 (network).

The New Logon fields indicate the account for whom the new logon was created, i.e. the account that was logged on.

The network fields indicate where a remote logon request originated. Workstation name is not always available and may be left blank in some cases.

The impersonation level field indicates the extent to which a process in the logon session can impersonate.

The authentication information fields provide detailed information about this specific logon request.
	- Logon GUID is a unique identifier that can be used to correlate this event with a KDC event.
	- Transited services indicate which intermediate services have participated in this logon request.
	- Package name indicates which sub-protocol was used among the NTLM protocols.
	- Key length indicates the length of the generated session key. This will be 0 if no session key was requested.",C:\Windows\System32\svchost.exe,12544,CLAIRE_HARVEY
1681752076,4624,Information,"An account was successfully logged on.

Subject:
	Security ID:		S-1-5-18
	Account Name:		JUBI81155$
	Account Domain:		JUBILIFE
	Logon ID:		0x6C6164

Logon Type:			11

Impersonation Level:		Impersonation

New Logon:
	Security ID:		S-1-5-21-4223521121-1109782943-2127437603-1305
	Account Name:		LESLIE_SHAW
	Account Domain:		NT AUTHORITY
	Logon ID:		0x6C6164
	Logon GUID:		3576A43C-9F5D-4724-B0B7-0E0A39C5A9A8

Process Information:
	Process ID:		0x3e
	Process Name:		C:\Windows\System32\svchost.exe

Network Information:
	Workstation Name:	
	Source Network Address:	172.19.9.236
	Source Port:		61486

Detailed Authentication Information:
	Logon Process:		Kerberos  
	Authentication Package:	Kerberos
	Transited Services:	-
	Package Name (NTLM only):	-
	Key Length:		0

This event is generated when a logon session is created. It is generated on the computer that was accessed.

The subject fields indicate the account on the local system which requested the logon. This is most commonly a service such as the Server service, or a local process such as Winlogon.exe or Services.exe.

The logon type field indicates the kind of logon that occurred. The most common types are 2 (interactive) and 3 (network).

The New Logon fields indicate the account for whom the new logon was created, i.e. the account that was logged on.

The network fields indicate where a remote logon request originated. Workstation name is not always available and may be left blank in some cases.

The impersonation level field indicates the extent to which a process in the logon session can impersonate.

The authentication information fields provide detailed information about this specific logon request.
	- Logon GUID is a unique identifier that can be used to correlate this event with a KDC event.
	- Transited services indicate which intermediate services have participated in this logon request.
	- Package name indicates which sub-protocol was used among the NTLM protocols.
	- Key length indicates the length of the generated session key. This will be 0 if no session key was requested.",C:\Windows\System32\svchost.exe,12544,LESLIE_SHAW
1681752243,4634,Information,"An account was logged off.

Subject:
	Security ID:		JUBILIFE\CASEY_CERVANTES
	Account Name:		JUBI94036$
	Account Domain:		JUBILIFE
	Logon ID:		0x6C6162

Logon Type:			3

This event is generated when a logon session is destroyed. It may be positively correlated with a logon event using the Logon ID value. Logon IDs are only unique between reboots
on the same computer.",-,12545,CASEY_CERVANTES
1681752244,4624,Information,"An account was successfully logged on.

Subject:
	Security ID:		S-1-5-18
	Account Name:		JUBI86983$
	Account Domain:		JUBILIFE
	Logon ID:		0x626967

Logon Type:			3

Impersonation Level:		Impersonation

New Logon:
	Security ID:		S-1-5-21-4223521121-1109782943-2127437603-1467
	Account Name:		BRIAN_GAY
	Account Domain:		NT AUTHORITY
	Logon ID:		0x626967
	Logon GUID:		FA59E123-1433-4208-A758-C5F46C48E1F8

Process Information:
	Process ID:		0x0
	Process Name:		-

Network Information:
	Workstation Name:	
	Source Network Address:	172.19.9.199
	Source Port:		57200

Detailed Authentication Information:
	Logon Process:		Kerberos  
	Authentication Package:	Kerberos
	Transited Services:	-
	Package Name (NTLM only):	-
	Key Length:		0

This event is generated when a logon session is created. It is generated on the computer that was accessed.

The subject fields indicate the account on the local system which requested the logon. This is most commonly a service such as the Server service, or a local process such as Winlogon.exe or Services.exe.

The logon type field indicates the kind of logon that occurred. The most common types are 2 (interactive) and 3 (network).

The New Logon fields indicate the account for whom the new logon was created, i.e. the account that was logged on.

The network fields indicate where a remote logon request originated. Workstation name is not always available and may be left blank in some cases.

The impersonation level field indicates the extent to which a process in the logon session can impersonate.

The authentication information fields provide detailed information about this specific logon request.
	- Logon GUID is a unique identifier that can be used to correlate this event with a KDC event.
	- Transited services indicate which intermediate services have participated in this logon request.
	- Package name indicates which sub-protocol was used among the NTLM protocols.
	- Key length indicates the length of the generated session key. This will be 0 if no session key was requested.",-,12544,BRIAN_GAY
1681752567,4624,Information,"An account was successfully logged on.

Subject:
	Security ID:		S-1-5-18
	Account Name:		JUBI32982$
	Account Domain:		JUBILIFE
	Logon ID:		0x6F7572

Logon Type:			3

Impersonation Level:		Impersonation

New Logon:
	Security ID:		S-1-5-21-4223521121-1109782943-2127437603-1380
	Account Name:		LETICIA_PERRY
	Account Domain:		NT AUTHORITY
	Logon ID:		0x6F7572
	Logon GUID:		46941345-E023-4B63-BDA7-11510FD4AD57

Process Information:
	Process ID:		0x0
	Process Name:		-

Network Information:
	Workstation Name:	
	Source Network Address:	-
	Source Port:		-

Detailed Authentication Information:
	Logon Process:		Kerberos  
	Authentication Package:	Kerberos
	Transited Services:	-
	Package Name (NTLM only):	-
	Key Length:		0

This event is generated when a logon session is created. It is generated on the computer that was accessed.

The subject fields indicate the account on the local system which requested the logon. This is most commonly a service such as the Server service, or a local process such as Winlogon.exe or Services.exe.

The logon type field indicates the kind of logon that occurred. The most common types are 2 (interactive) and 3 (network).

The New Logon fields indicate the account for whom the new logon was created, i.e. the account that was logged on.

The network fields indicate where a remote logon request originated. Workstation name is not always available and may be left blank in some cases.

The impersonation level field indicates the extent to which a process in the logon session can impersonate.

The authentication information fields provide detailed information about this specific logon request.
	- Logon GUID is a unique identifier that can be used to correlate this event with a KDC event.
	- Transited services indicate which intermediate services have participated in this logon request.
	- Package name indicates which sub-protocol was used among the NTLM protocols.
	- Key length indicates the length of the generated session key. This will be 0 if no session key was requested.",-,12544,LETICIA_PERRY
1681753496,4624,Information,"An account was successfully logged on.

Subject:
	Security ID:		S-1-5-18
	Account Name:		JUBI90474$
	Account Domain:		JUBILIFE
	Logon ID:		0x657665

Logon Type:			3

Impersonation Level:		Impersonation

New Logon:
	Security ID:		S-1-5-21-4223521121-1109782943-2127437603-1312
	Account Name:		BRANDEN_MCCULLOUGH
	Account Domain:		NT AUTHORITY
	Logon ID:		0x657665
	Logon GUID:		BF2FD1E5-902C-4B2C-8AE3-5CDCC1FEB463

Process Information:
	Process ID:		0x0
	Process Name:		-

Network Information:
	Workstation Name:	
	Source Network Address:	172.19.6.129
	Source Port:		6539

Detailed Authentication Information:
	Logon Process:		Kerberos  
	Authentication Package:	Kerberos
	Transited Services:	-
	Package Name (NTLM only):	-
	Key Length:		0

This event is generated when a logon session is created. It is generated on the computer that was accessed.

The subject fields indicate the account on the local system which requested the logon. This is most commonly a service such as the Server service, or a local process such as Winlogon.exe or Services.exe.

The logon type field indicates the kind of logon that occurred. The most common types are 2 (interactive) and 3 (network).

The New Logon fields indicate the account for whom the new logon was created, i.e. the account that was logged on.

The network fields indicate where a remote logon request originated. Workstation name is not always available and may be left blank in some cases.

The impersonation level field indicates the extent to which a process in the logon session can impersonate.

The authentication information fields provide detailed information about this specific logon request.
	- Logon GUID is a unique identifier that can be used to correlate this event with a KDC event.
	- Transited services indicate which intermediate services have participated in this logon request.
	- Package name indicates which sub-protocol was used among the NTLM protocols.
	- Key length indicates the length of the generated session key. This will be 0 if no session key was requested.",-,12544,BRANDEN_MCCULLOUGH
1681753963,4624,Information,"An account was successfully logged on.

Subject:
	Security ID:		S-1-5-18
	Account Name:		JUBI76309$
	Account Domain:		JUBILIFE
	Logon ID:		0x746F74

Logon Type:			11

Impersonation Level:		Impersonation

New Logon:
	Security ID:		S-1-5-21-4223521121-1109782943-2127437603-1419
	Account Name:		PIERRE_SHEPARD
	Account Domain:		NT AUTHORITY
	Logon ID:		0x746F74
	Logon GUID:		D0772E47-BA26-49C1-A873-8E6218323E3E

Process Information:
	Process ID:		0x3d
	Process Name:		-

Network Information:
	Workstation Name:	
	Source Network Address:	172.19.5.207
	Source Port:		55008

Detailed Authentication Information:
	Logon Process:		Kerberos  
	Authentication Package:	Kerberos
	Transited Services:	-
	Package Name (NTLM only):	-
	Key Length:		0

This event is generated when a logon session is created. It is generated on the computer that was accessed.

The subject fields indicate the account on the local system which requested the logon. This is most commonly a service such as the Server service, or a local process such as Winlogon.exe or Services.exe.

The logon type field indicates the kind of logon that occurred. The most common types are 2 (interactive) and 3 (network).

The New Logon fields indicate the account for whom the new logon was created, i.e. the account that was logged on.

The network fields indicate where a remote logon request originated. Workstation name is not always available and may be left blank in some cases.

The impersonation level field indicates the extent to which a process in the logon session can impersonate.

The authentication information fields provide detailed information about this specific logon request.
	- Logon GUID is a unique identifier that can be used to correlate this event with a KDC event.
	- Transited services indicate which intermediate services have participated in this logon request.
	- Package name indicates which sub-protocol was used among the NTLM protocols.
	- Key length indicates the length of the generated session key. This will be 0 if no session key was requested.",-,12544,PIERRE_SHEPARD
1681754334,4634,Information,"An account was logged off.

Subject:
	Security ID:		JUBILIFE\TOD_NGUYEN
	Account Name:		JUBI49241$
	Account Domain:		JUBILIFE
	Logon ID:		0x657665

Logon Type:			2

This event is generated when a logon session is destroyed. It may be positively correlated with a logon event using the Logon ID value. Logon IDs are only unique between reboots
on the same computer.",C:\Windows\System32\svchost.exe,12545,TOD_NGUYEN
1681754708,4634,Information,"An account was logged off.

Subject:
	Security ID:		JUBILIFE\REBECCA_OSBORN
	Account Name:		JUBI34453$
	Account Domain:		JUBILIFE
	Logon ID:		0x626F62

Logon Type:			2

This event is generated when a logon session is destroyed. It may be positively correlated with a logon event using the Logon ID value. Logon IDs are only unique between reboots
on the same computer.",C:\Windows\System32\svchost.exe,12545,REBECCA_OSBORN
1681754948,4624,Information,"An account was successfully logged on.

Subject:
	Security ID:		S-1-5-18
	Account Name:		JUBI62465$
	Account Domain:		JUBILIFE
	Logon ID:		0x6A6F62

Logon Type:			3

Impersonation Level:		Impersonation

New Logon:
	Security ID:		S-1-5-21-4223521121-1109782943-2127437603-1117
	Account Name:		ANDERSON_SANTOS
	Account Domain:		NT AUTHORITY
	Logon ID:		0x6A6F62
	Logon GUID:		CBBFDD43-3C3A-4254-AE17-B13A1352B67E

Process Information:
	Process ID:		0x0
	Process Name:		-

Network Information:
	Workstation Name:	
	Source Network Address:	172.19.4.72
	Source Port:		61610

Detailed Authentication Information:
	Logon Process:		Kerberos  
	Authentication Package:	Kerberos
	Transited Services:	-
	Package Name (NTLM only):	-
	Key Length:		0

This event is generated when a logon session is created. It is generated on the computer that was accessed.

The subject fields indicate the account on the local system which requested the logon. This is most commonly a service such as the Server service, or a local process such as Winlogon.exe or Services.exe.

The logon type field indicates the kind of logon that occurred. The most common types are 2 (interactive) and 3 (network).

The New Logon fields indicate the account for whom the new logon was created, i.e. the account that was logged on.

The network fields indicate where a remote logon request originated. Workstation name is not always available and may be left blank in some cases.

The impersonation level field indicates the extent to which a process in the logon session can impersonate.

The authentication information fields provide detailed information about this specific logon request.
	- Logon GUID is a unique identifier that can be used to correlate this event with a KDC event.
	- Transited services indicate which intermediate services have participated in this logon request.
	- Package name indicates which sub-protocol was used among the NTLM protocols.
	- Key length indicates the length of the generated session key. This will be 0 if no session key was requested.",-,12544,ANDERSON_SANTOS
1681755484,4634,Information,"An account was logged off.

Subject:
	Security ID:		JUBILIFE\EDGAR_BEACH
	Account Name:		JUBI42960$
	Account Domain:		JUBILIFE
	Logon ID:		0x6E6574

Logon Type:			2

This event is generated when a logon session is destroyed. It may be positively correlated with a logon event using the Logon ID value. Logon IDs are only unique between reboots
on the same computer.",C:\Windows\System32\winlogon.exe,12545,EDGAR_BEACH
1681755578,4634,Information,"An account was logged off.

Subject:
	Security ID:		JUBILIFE\LENNY_MCCONNELL
	Account Name:		JUBI94772$
	Account Domain:		JUBILIFE
	Logon ID:		0x726167

Logon Type:			3

This event is generated when a logon session is destroyed. It may be positively correlated with a logon event using the Logon ID value. Logon IDs are only unique between reboots
on the same computer.",-,12545,LENNY_MCCONNELL
1681756752,4634,Information,"An account was logged off.

Subject:
	Security ID:		JUBILIFE\NICK_ROWLAND
	Account Name:		JUBI30099$
	Account Domain:		JUBILIFE
	Logon ID:		0x6C6177

Logon Type:			3

This event is generated when a logon session is destroyed. It may be positively correlated with a logon event using the Logon ID value. Logon IDs are only unique between reboots
on the same computer.",-,12545,NICK_ROWLAND
1681756903,4634,Information,"An account was logged off.

Subject:
	Security ID:		JUBILIFE\ELTON_LEVY
	Account Name:		JUBI60691$
	Account Domain:		JUBILIFE
	Logon ID:		0x686F74

Logon Type:			2

This event is generated when a logon session is destroyed. It may be positively correlated with a logon event using the Logon ID value. Logon IDs are only unique between reboots
on the same computer.",C:\Windows\System32\svchost.exe,12545,ELTON_LEVY
1681757072,4634,Information,"An account was logged off.

Subject:
	Security ID:		JUBILIFE\TREVOR_YOUNG
	Account Name:		JUBI43537$
	Account Domain:		JUBILIFE
	Logon ID:		0x6C6567

Logon Type:			2

This event is generated when a logon session is destroyed. It may be positively correlated with a logon event using the Logon ID value. Logon IDs are only unique between reboots
on the same computer.",C:\Windows\System32\winlogon.exe,12545,TREVOR_YOUNG
1681757095,4624,Information,"An account was successfully logged on.

Subject:
	Security ID:		S-1-5-18
	Account Name:		JUBI20659$
	Account Domain:		JUBILIFE
	Logon ID:		0x656C6B

Logon Type:			2

Impersonation Level:		Impersonation

New Logon:
	Security ID:		S-1-5-21-4223521121-1109782943-2127437603-1233
	Account Name:		HAROLD_DILLON
	Account Domain:		NT AUTHORITY
	Logon ID:		0x656C6B
	Logon GUID:		03EABFF0-0FF9-4581-9DB4-3C8CFAF5ED74

Process Information:
	Process ID:		0x5e
	Process Name:		C:\Windows\System32\svchost.exe

Network Information:
	Workstation Name:	
	Source Network Address:	-
	Source Port:		-

Detailed Authentication Information:
	Logon Process:		Kerberos  
	Authentication Package:	Kerberos
	Transited Services:	-
	Package Name (NTLM only):	-
	Key Length:		0

This event is generated when a logon session is created. It is generated on the computer that was accessed.

The subject fields indicate the account on the local system which requested the logon. This is most commonly a service such as the Server service, or a local process such as Winlogon.exe or Services.exe.

The logon type field indicates the kind of logon that occurred. The most common types are 2 (interactive) and 3 (network).

The New Logon fields indicate the account for whom the new logon was created, i.e. the account that was logged on.

The network fields indicate where a remote logon request originated. Workstation name is not always available and may be left blank in some cases.

The impersonation level field indicates the extent to which a process in the logon session can impersonate.

The authentication information fields provide detailed information about this specific logon request.
	- Logon GUID is a unique identifier that can be used to correlate this event with a KDC event.
	- Transited services indicate which intermediate services have participated in this logon request.
	- Package name indicates which sub-protocol was used among the NTLM protocols.
	- Key length indicates the length of the generated session key. This will be 0 if no session key was requested.",C:\Windows\System32\svchost.exe,12544,HAROLD_DILLON
1681757307,4634,Information,"An account was logged off.

Subject:
	Security ID:		JUBILIFE\FERDINAND_MOSES
	Account Name:		JUBI75431$
	Account Domain:		JUBILIFE
	Logon ID:		0x6C6178

Logon Type:			3

This event is generated when a logon session is destroyed. It may be positively correlated with a logon event using the Logon ID value. Logon IDs are only unique between reboots
on the same computer.",-,12545,FERDINAND_MOSES
1681757505,4634,Information,"An account was logged off.

Subject:
	Security ID:		JUBILIFE\CHRISTIE_WOODARD
	Account Name:		JUBI67359$
	Account Domain:		JUBILIFE
	Logon ID:		0x6C7965

Logon Type:			2

This event is generated when a logon session is destroyed. It may be positively correlated with a logon event using the Logon ID value. Logon IDs are only unique between reboots
on the same computer.",C:\Windows\System32\svchost.exe,12545,CHRISTIE_WOODARD
1681757777,4634,Information,"An account was logged off.

Subject:
	Security ID:		JUBILIFE\ALLAN_MACDONALD
	Account Name:		JUBI15828$
	Account Domain:		JUBILIFE
	Logon ID:		0x746879

Logon Type:			3

This event is generated when a logon session is destroyed. It may be positively correlated with a logon event using the Logon ID value. Logon IDs are only unique between reboots
on the same computer.",-,12545,ALLAN_MACDONALD
1681758083,4634,Information,"An account was logged off.

Subject:
	Security ID:		JUBILIFE\LOTTIE_MCCLURE
	Account Name:		JUBI74143$
	Account Domain:		JUBILIFE
	Logon ID:		0x72616E

Logon Type:			2

This event is generated when a logon session is destroyed. It may be positively correlated with a logon event using the Logon ID value. Logon IDs are only unique between reboots
on the same computer.",C:\Windows\System32\svchost.exe,12545,LOTTIE_MCCLURE
1681758326,4634,Information,"An account was logged off.

Subject:
	Security ID:		JUBILIFE\TISHA_KOCH
	Account Name:		JUBI41323$
	Account Domain:		JUBILIFE
	Logon ID:		0x6D6173

Logon Type:			3

This event is generated when a logon session is destroyed. It may be positively correlated with a logon event using the Logon ID value. Logon IDs are only unique between reboots
on the same computer.",-,12545,TISHA_KOCH
1681760752,4634,Information,"An account was logged off.

Subject:
	Security ID:		JUBILIFE\MARYANNE_MIDDLETON
	Account Name:		JUBI20996$
	Account Domain:		JUBILIFE
	Logon ID:		0x6C6162

Logon Type:			11

This event is generated when a logon session is destroyed. It may be positively correlated with a logon event using the Logon ID value. Logon IDs are only unique between reboots
on the same computer.",C:\Windows\System32\svchost.exe,12545,MARYANNE_MIDDLETON
1681762112,4634,Information,"An account was logged off.

Subject:
	Security ID:		JUBILIFE\PENNY_ALFORD
	Account Name:		JUBI86265$
	Account Domain:		JUBILIFE
	Logon ID:		0x706F74

Logon Type:			2

This event is generated when a logon session is destroyed. It may be positively correlated with a logon event using the Logon ID value. Logon IDs are only unique between reboots
on the same computer.",C:\Windows\System32\winlogon.exe,12545,PENNY_ALFORD
1681763882,4634,Information,"An account was logged off.

Subject:
	Security ID:		JUBILIFE\MICHELLE_COTE
	Account Name:		JUBI33188$
	Account Domain:		JUBILIFE
	Logon ID:		0x646964

Logon Type:			2

This event is generated when a logon session is destroyed. It may be positively correlated with a logon event using the Logon ID value. Logon IDs are only unique between reboots
on the same computer.",C:\Windows\System32\svchost.exe,12545,MICHELLE_COTE
1681763975,4634,Information,"An account was logged off.

Subject:
	Security ID:		JUBILIFE\DARYL_PATTERSON
	Account Name:		JUBI58118$
	Account Domain:		JUBILIFE
	Logon ID:		0x746162

Logon Type:			11

This event is generated when a logon session is destroyed. It may be positively correlated with a logon event using the Logon ID value. Logon IDs are only unique between reboots
on the same computer.",-,12545,DARYL_PATTERSON
1681764053,4634,Information,"An account was logged off.

Subject:
	Security ID:		JUBILIFE\FLORENCE_EDWARDS
	Account Name:		JUBI86597$
	Account Domain:		JUBILIFE
	Logon ID:		0x6D756D

Logon Type:			2

This event is generated when a logon session is destroyed. It may be positively correlated with a logon event using the Logon ID value. Logon IDs are only unique between reboots
on the same computer.",C:\Windows\System32\svchost.exe,12545,FLORENCE_EDWARDS
1681764107,4634,Information,"An account was logged off.

Subject:
	Security ID:		JUBILIFE\PRISCILLA_DILLON
	Account Name:		JUBI46141$
	Account Domain:		JUBILIFE
	Logon ID:		0x776F6F

Logon Type:			2

This event is generated when a logon session is destroyed. It may be positively correlated with a logon event using the Logon ID value. Logon IDs are only unique between reboots
on the same computer.",C:\Windows\System32\svchost.exe,12545,PRISCILLA_DILLON
1681764132,4634,Information,"An account was logged off.

Subject:
	Security ID:		JUBILIFE\JOSE_STEWART
	Account Name:		JUBI06950$
	Account Domain:		JUBILIFE
	Logon ID:		0x552773

Logon Type:			2

This event is generated when a logon session is destroyed. It may be positively correlated with a logon event using the Logon ID value. Logon IDs are only unique between reboots
on the same computer.",C:\Windows\System32\winlogon.exe,12545,JOSE_STEWART
1681764355,4634,Information,"An account was logged off.

Subject:
	Security ID:		JUBILIFE\ROBERT_WOLFE
	Account Name:		JUBI30331$
	Account Domain:		JUBILIFE
	Logon ID:		0x736972

Logon Type:			3

This event is generated when a logon session is destroyed. It may be positively correlated with a logon event using the Logon ID value. Logon IDs are only unique between reboots
on the same computer.",-,12545,ROBERT_WOLFE
1681764380,4634,Information,"An account was logged off.

Subject:
	Security ID:		JUBILIFE\DARRELL_CURTIS
	Account Name:		JUBI57371$
	Account Domain:		JUBILIFE
	Logon ID:		0x656172

Logon Type:			11

This event is generated when a logon session is destroyed. It may be positively correlated with a logon event using the Logon ID value. Logon IDs are only unique between reboots
on the same computer.",-,12545,DARRELL_CURTIS
1681764405,4634,Information,"An account was logged off.

Subject:
	Security ID:		JUBILIFE\SETH_EVANS
	Account Name:		JUBI13765$
	Account Domain:		JUBILIFE
	Logon ID:		0x696E73

Logon Type:			11

This event is generated when a logon session is destroyed. It may be positively correlated with a logon event using the Logon ID value. Logon IDs are only unique between reboots
on the same computer.",-,12545,SETH_EVANS
1681764942,4634,Information,"An account was logged off.

Subject:
	Security ID:		JUBILIFE\CLAY_NORRIS
	Account Name:		JUBI42130$
	Account Domain:		JUBILIFE
	Logon ID:		0x616C65

Logon Type:			2

This event is generated when a logon session is destroyed. It may be positively correlated with a logon event using the Logon ID value. Logon IDs are only unique between reboots
on the same computer.",C:\Windows\System32\svchost.exe,12545,CLAY_NORRIS
1681765062,4634,Information,"An account was logged off.

Subject:
	Security ID:		JUBILIFE\CHARMAINE_MEADOWS
	Account Name:		JUBI39442$
	Account Domain:		JUBILIFE
	Logon ID:		0x746167

Logon Type:			2

This event is generated when a logon session is destroyed. It may be positively correlated with a logon event using the Logon ID value. Logon IDs are only unique between reboots
on the same computer.",C:\Windows\System32\winlogon.exe,12545,CHARMAINE_MEADOWS
1681765224,4634,Information,"An account was logged off.

Subject:
	Security ID:		JUBILIFE\HAROLD_DILLON
	Account Name:		JUBI20659$
	Account Domain:		JUBILIFE
	Logon ID:		0x656C6B

Logon Type:			2

This event is generated when a logon session is destroyed. It may be positively correlated with a logon event using the Logon ID value. Logon IDs are only unique between reboots
on the same computer.",C:\Windows\System32\svchost.exe,12545,HAROLD_DILLON
1681765236,4634,Information,"An account was logged off.

Subject:
	Security ID:		JUBILIFE\ELLA_GILES
	Account Name:		JUBI33710$
	Account Domain:		JUBILIFE
	Logon ID:		0x6B6579

Logon Type:			11

This event is generated when a logon session is destroyed. It may be positively correlated with a logon event using the Logon ID value. Logon IDs are only unique between reboots
on the same computer.",-,12545,ELLA_GILES
1681765426,4634,Information,"An account was logged off.

Subject:
	Security ID:		JUBILIFE\ELMA_MOODY
	Account Name:		JUBI83537$
	Account Domain:		JUBILIFE
	Logon ID:		0x646162

Logon Type:			3

This event is generated when a logon session is destroyed. It may be positively correlated with a logon event using the Logon ID value. Logon IDs are only unique between reboots
on the same computer.",-,12545,ELMA_MOODY
1681765508,4634,Information,"An account was logged off.

Subject:
	Security ID:		JUBILIFE\SYLVIA_GRIFFITH
	Account Name:		JUBI73306$
	Account Domain:		JUBILIFE
	Logon ID:		0x77686F

Logon Type:			11

This event is generated when a logon session is destroyed. It may be positively correlated with a logon event using the Logon ID value. Logon IDs are only unique between reboots
on the same computer.",-,12545,SYLVIA_GRIFFITH
1681765581,4634,Information,"An account was logged off.

Subject:
	Security ID:		JUBILIFE\NATASHA_RAYMOND
	Account Name:		JUBI36573$
	Account Domain:		JUBILIFE
	Logon ID:		0x6F6465

Logon Type:			11

This event is generated when a logon session is destroyed. It may be positively correlated with a logon event using the Logon ID value. Logon IDs are only unique between reboots
on the same computer.",-,12545,NATASHA_RAYMOND
1681765582,4634,Information,"An account was logged off.

Subject:
	Security ID:		JUBILIFE\KRISTEN_MCPHERSON
	Account Name:		JUBI68059$
	Account Domain:		JUBILIFE
	Logon ID:		0x6E6167

Logon Type:			11

This event is generated when a logon session is destroyed. It may be positively correlated with a logon event using the Logon ID value. Logon IDs are only unique between reboots
on the same computer.",-,12545,KRISTEN_MCPHERSON
1681765628,4634,Information,"An account was logged off.

Subject:
	Security ID:		JUBILIFE\NORBERT_HOWE
	Account Name:		JUBI97777$
	Account Domain:		JUBILIFE
	Logon ID:		0x6D6170

Logon Type:			2

This event is generated when a logon session is destroyed. It may be positively correlated with a logon event using the Logon ID value. Logon IDs are only unique between reboots
on the same computer.",C:\Windows\System32\winlogon.exe,12545,NORBERT_HOWE
1681766070,4634,Information,"An account was logged off.

Subject:
	Security ID:		JUBILIFE\LEE_KNOX
	Account Name:		JUBI16598$
	Account Domain:		JUBILIFE
	Logon ID:		0x686F65

Logon Type:			11

This event is generated when a logon session is destroyed. It may be positively correlated with a logon event using the Logon ID value. Logon IDs are only unique between reboots
on the same computer.",-,12545,LEE_KNOX
1681766144,4634,Information,"An account was logged off.

Subject:
	Security ID:		JUBILIFE\LANCE_DURHAM
	Account Name:		JUBI24962$
	Account Domain:		JUBILIFE
	Logon ID:		0x656262

Logon Type:			2

This event is generated when a logon session is destroyed. It may be positively correlated with a logon event using the Logon ID value. Logon IDs are only unique between reboots
on the same computer.",C:\Windows\System32\svchost.exe,12545,LANCE_DURHAM
1681766162,4634,Information,"An account was logged off.

Subject:
	Security ID:		JUBILIFE\ROWENA_CONRAD
	Account Name:		JUBI15126$
	Account Domain:		JUBILIFE
	Logon ID:		0x66657A

Logon Type:			3

This event is generated when a logon session is destroyed. It may be positively correlated with a logon event using the Logon ID value. Logon IDs are only unique between reboots
on the same computer.",-,12545,ROWENA_CONRAD
