1681855524,4634,Information,"An account was logged off.

Subject:
	Security ID:		JUBILIFE\GRANT_ADAMS
	Account Name:		JUBI61790$
	Account Domain:		JUBILIFE
	Logon ID:		0x686F77

Logon Type:			11

This event is generated when a logon session is destroyed. It may be positively correlated with a logon event using the Logon ID value. Logon IDs are only unique between reboots
on the same computer.",-,12545,GRANT_ADAMS
1681855527,4634,Information,"An account was logged off.

Subject:
	Security ID:		JUBILIFE\MARVA_STONE
	Account Name:		JUBI89298$
	Account Domain:		JUBILIFE
	Logon ID:		0x737562

Logon Type:			11

This event is generated when a logon session is destroyed. It may be positively correlated with a logon event using the Logon ID value. Logon IDs are only unique between reboots
on the same computer.",C:\Windows\System32\svchost.exe,12545,MARVA_STONE
1681855536,4634,Information,"An account was logged off.

Subject:
	Security ID:		JUBILIFE\BUD_ALSTON
	Account Name:		JUBI73267$
	Account Domain:		JUBILIFE
	Logon ID:		0x746170

Logon Type:			3

This event is generated when a logon session is destroyed. It may be positively correlated with a logon event using the Logon ID value. Logon IDs are only unique between reboots
on the same computer.",-,12545,BUD_ALSTON
1681855538,4634,Information,"An account was logged off.

Subject:
	Security ID:		JUBILIFE\MITCHELL_DAUGHERTY
	Account Name:		JUBI31936$
	Account Domain:		JUBILIFE
	Logon ID:		0x62756D

Logon Type:			2

This event is generated when a logon session is destroyed. It may be positively correlated with a logon event using the Logon ID value. Logon IDs are only unique between reboots
on the same computer.",C:\Windows\System32\svchost.exe,12545,MITCHELL_DAUGHERTY
1681855540,4634,Information,"An account was logged off.

Subject:
	Security ID:		JUBILIFE\GIOVANNI_BASS
	Account Name:		JUBI89660$
	Account Domain:		JUBILIFE
	Logon ID:		0x746970

Logon Type:			3

This event is generated when a logon session is destroyed. It may be positively correlated with a logon event using the Logon ID value. Logon IDs are only unique between reboots
on the same computer.",-,12545,GIOVANNI_BASS
1681855548,4634,Information,"An account was logged off.

Subject:
	Security ID:		JUBILIFE\STACEY_MERCER
	Account Name:		JUBI05284$
	Account Domain:		JUBILIFE
	Logon ID:		0x4B2773

Logon Type:			11

This event is generated when a logon session is destroyed. It may be positively correlated with a logon event using the Logon ID value. Logon IDs are only unique between reboots
on the same computer.",-,12545,STACEY_MERCER
1681855550,4634,Information,"An account was logged off.

Subject:
	Security ID:		JUBILIFE\CLARICE_CHERRY
	Account Name:		JUBI27174$
	Account Domain:		JUBILIFE
	Logon ID:		0x657261

Logon Type:			2

This event is generated when a logon session is destroyed. It may be positively correlated with a logon event using the Logon ID value. Logon IDs are only unique between reboots
on the same computer.",C:\Windows\System32\winlogon.exe,12545,CLARICE_CHERRY
1681855558,4634,Information,"An account was logged off.

Subject:
	Security ID:		JUBILIFE\SARAH_DOYLE
	Account Name:		JUBI54024$
	Account Domain:		JUBILIFE
	Logon ID:		0x4D6179

Logon Type:			2

This event is generated when a logon session is destroyed. It may be positively correlated with a logon event using the Logon ID value. Logon IDs are only unique between reboots
on the same computer.",C:\Windows\System32\svchost.exe,12545,SARAH_DOYLE
1681855559,4634,Information,"An account was logged off.

Subject:
	Security ID:		JUBILIFE\FLORENCE_EDWARDS
	Account Name:		JUBI86597$
	Account Domain:		JUBILIFE
	Logon ID:		0x6D756D

Logon Type:			3

This event is generated when a logon session is destroyed. It may be positively correlated with a logon event using the Logon ID value. Logon IDs are only unique between reboots
on the same computer.",-,12545,FLORENCE_EDWARDS
1681855561,4634,Information,"An account was logged off.

Subject:
	Security ID:		JUBILIFE\EDNA_NAVARRO
	Account Name:		JUBI72535$
	Account Domain:		JUBILIFE
	Logon ID:		0x636F6E

Logon Type:			11

This event is generated when a logon session is destroyed. It may be positively correlated with a logon event using the Logon ID value. Logon IDs are only unique between reboots
on the same computer.",C:\Windows\System32\svchost.exe,12545,EDNA_NAVARRO
1681855572,4634,Information,"An account was logged off.

Subject:
	Security ID:		JUBILIFE\ABIGAIL_FORBES
	Account Name:		JUBI53661$
	Account Domain:		JUBILIFE
	Logon ID:		0x626F79

Logon Type:			11

This event is generated when a logon session is destroyed. It may be positively correlated with a logon event using the Logon ID value. Logon IDs are only unique between reboots
on the same computer.",C:\Windows\System32\svchost.exe,12545,ABIGAIL_FORBES
1681855573,4634,Information,"An account was logged off.

Subject:
	Security ID:		JUBILIFE\TAMARA_VARGAS
	Account Name:		JUBI12219$
	Account Domain:		JUBILIFE
	Logon ID:		0x68616D

Logon Type:			3

This event is generated when a logon session is destroyed. It may be positively correlated with a logon event using the Logon ID value. Logon IDs are only unique between reboots
on the same computer.",-,12545,TAMARA_VARGAS
1681855574,4634,Information,"An account was logged off.

Subject:
	Security ID:		JUBILIFE\LUCIANO_CONRAD
	Account Name:		JUBI28507$
	Account Domain:		JUBILIFE
	Logon ID:		0x796574

Logon Type:			2

This event is generated when a logon session is destroyed. It may be positively correlated with a logon event using the Logon ID value. Logon IDs are only unique between reboots
on the same computer.",C:\Windows\System32\winlogon.exe,12545,LUCIANO_CONRAD
1681855582,4634,Information,"An account was logged off.

Subject:
	Security ID:		JUBILIFE\STEFAN_CASTILLO
	Account Name:		JUBI06072$
	Account Domain:		JUBILIFE
	Logon ID:		0x686973

Logon Type:			2

This event is generated when a logon session is destroyed. It may be positively correlated with a logon event using the Logon ID value. Logon IDs are only unique between reboots
on the same computer.",C:\Windows\System32\winlogon.exe,12545,STEFAN_CASTILLO
1681855586,4634,Information,"An account was logged off.

Subject:
	Security ID:		JUBILIFE\DANIEL_HURLEY
	Account Name:		JUBI00191$
	Account Domain:		JUBILIFE
	Logon ID:		0x6D616E

Logon Type:			2

This event is generated when a logon session is destroyed. It may be positively correlated with a logon event using the Logon ID value. Logon IDs are only unique between reboots
on the same computer.",C:\Windows\System32\winlogon.exe,12545,DANIEL_HURLEY
1681855587,4634,Information,"An account was logged off.

Subject:
	Security ID:		JUBILIFE\REX_HUTCHINSON
	Account Name:		JUBI16510$
	Account Domain:		JUBILIFE
	Logon ID:		0x707562

Logon Type:			11

This event is generated when a logon session is destroyed. It may be positively correlated with a logon event using the Logon ID value. Logon IDs are only unique between reboots
on the same computer.",-,12545,REX_HUTCHINSON
1681855597,4634,Information,"An account was logged off.

Subject:
	Security ID:		JUBILIFE\BETH_CARTER
	Account Name:		JUBI60869$
	Account Domain:		JUBILIFE
	Logon ID:		0x736B69

Logon Type:			11

This event is generated when a logon session is destroyed. It may be positively correlated with a logon event using the Logon ID value. Logon IDs are only unique between reboots
on the same computer.",C:\Windows\System32\svchost.exe,12545,BETH_CARTER
1681855602,4634,Information,"An account was logged off.

Subject:
	Security ID:		JUBILIFE\BEATRICE_GUERRA
	Account Name:		JUBI08997$
	Account Domain:		JUBILIFE
	Logon ID:		0x6D6F6D

Logon Type:			2

This event is generated when a logon session is destroyed. It may be positively correlated with a logon event using the Logon ID value. Logon IDs are only unique between reboots
on the same computer.",C:\Windows\System32\winlogon.exe,12545,BEATRICE_GUERRA
1681855603,4634,Information,"An account was logged off.

Subject:
	Security ID:		JUBILIFE\ULYSSES_THOMPSON
	Account Name:		JUBI76883$
	Account Domain:		JUBILIFE
	Logon ID:		0x6F7074

Logon Type:			2

This event is generated when a logon session is destroyed. It may be positively correlated with a logon event using the Logon ID value. Logon IDs are only unique between reboots
on the same computer.",C:\Windows\System32\svchost.exe,12545,ULYSSES_THOMPSON
1681855614,4634,Information,"An account was logged off.

Subject:
	Security ID:		JUBILIFE\JOSEF_SHANNON
	Account Name:		JUBI75601$
	Account Domain:		JUBILIFE
	Logon ID:		0x616365

Logon Type:			3

This event is generated when a logon session is destroyed. It may be positively correlated with a logon event using the Logon ID value. Logon IDs are only unique between reboots
on the same computer.",-,12545,JOSEF_SHANNON
1681855619,4634,Information,"An account was logged off.

Subject:
	Security ID:		JUBILIFE\GABRIEL_PEREZ
	Account Name:		JUBI61867$
	Account Domain:		JUBILIFE
	Logon ID:		0x696D70

Logon Type:			3

This event is generated when a logon session is destroyed. It may be positively correlated with a logon event using the Logon ID value. Logon IDs are only unique between reboots
on the same computer.",-,12545,GABRIEL_PEREZ
1681855621,4634,Information,"An account was logged off.

Subject:
	Security ID:		JUBILIFE\PERRY_BARTLETT
	Account Name:		JUBI97805$
	Account Domain:		JUBILIFE
	Logon ID:		0x647567

Logon Type:			2

This event is generated when a logon session is destroyed. It may be positively correlated with a logon event using the Logon ID value. Logon IDs are only unique between reboots
on the same computer.",C:\Windows\System32\svchost.exe,12545,PERRY_BARTLETT
1681855623,4634,Information,"An account was logged off.

Subject:
	Security ID:		JUBILIFE\HENRIETTA_SAMPSON
	Account Name:		JUBI42226$
	Account Domain:		JUBILIFE
	Logon ID:		0x686F74

Logon Type:			11

This event is generated when a logon session is destroyed. It may be positively correlated with a logon event using the Logon ID value. Logon IDs are only unique between reboots
on the same computer.",C:\Windows\System32\svchost.exe,12545,HENRIETTA_SAMPSON
1681855628,4634,Information,"An account was logged off.

Subject:
	Security ID:		JUBILIFE\SETH_EVANS
	Account Name:		JUBI13765$
	Account Domain:		JUBILIFE
	Logon ID:		0x696E73

Logon Type:			3

This event is generated when a logon session is destroyed. It may be positively correlated with a logon event using the Logon ID value. Logon IDs are only unique between reboots
on the same computer.",-,12545,SETH_EVANS
1681855632,4634,Information,"An account was logged off.

Subject:
	Security ID:		JUBILIFE\KRISTEN_MCPHERSON
	Account Name:		JUBI68059$
	Account Domain:		JUBILIFE
	Logon ID:		0x6E6167

Logon Type:			2

This event is generated when a logon session is destroyed. It may be positively correlated with a logon event using the Logon ID value. Logon IDs are only unique between reboots
on the same computer.",C:\Windows\System32\svchost.exe,12545,KRISTEN_MCPHERSON
1681855638,4634,Information,"An account was logged off.

Subject:
	Security ID:		JUBILIFE\REED_FRANCO
	Account Name:		JUBI68680$
	Account Domain:		JUBILIFE
	Logon ID:		0x776F6B

Logon Type:			2

This event is generated when a logon session is destroyed. It may be positively correlated with a logon event using the Logon ID value. Logon IDs are only unique between reboots
on the same computer.",C:\Windows\System32\winlogon.exe,12545,REED_FRANCO
1681855644,4634,Information,"An account was logged off.

Subject:
	Security ID:		JUBILIFE\JAIME_CLAY
	Account Name:		JUBI79291$
	Account Domain:		JUBILIFE
	Logon ID:		0x627573

Logon Type:			2

This event is generated when a logon session is destroyed. It may be positively correlated with a logon event using the Logon ID value. Logon IDs are only unique between reboots
on the same computer.",C:\Windows\System32\svchost.exe,12545,JAIME_CLAY
1681855644,4634,Information,"An account was logged off.

Subject:
	Security ID:		JUBILIFE\DOMINIQUE_GALLOWAY
	Account Name:		JUBI56184$
	Account Domain:		JUBILIFE
	Logon ID:		0x746970

Logon Type:			3

This event is generated when a logon session is destroyed. It may be positively correlated with a logon event using the Logon ID value. Logon IDs are only unique between reboots
on the same computer.",-,12545,DOMINIQUE_GALLOWAY
1681855659,4634,Information,"An account was logged off.

Subject:
	Security ID:		JUBILIFE\RODERICK_TERRELL
	Account Name:		JUBI11853$
	Account Domain:		JUBILIFE
	Logon ID:		0x617465

Logon Type:			3

This event is generated when a logon session is destroyed. It may be positively correlated with a logon event using the Logon ID value. Logon IDs are only unique between reboots
on the same computer.",-,12545,RODERICK_TERRELL
1681855661,4634,Information,"An account was logged off.

Subject:
	Security ID:		JUBILIFE\TREVOR_YOUNG
	Account Name:		JUBI43537$
	Account Domain:		JUBILIFE
	Logon ID:		0x6C6567

Logon Type:			2

This event is generated when a logon session is destroyed. It may be positively correlated with a logon event using the Logon ID value. Logon IDs are only unique between reboots
on the same computer.",C:\Windows\System32\svchost.exe,12545,TREVOR_YOUNG
1681855664,4634,Information,"An account was logged off.

Subject:
	Security ID:		JUBILIFE\ERIC_RIGGS
	Account Name:		JUBI44327$
	Account Domain:		JUBILIFE
	Logon ID:		0x777279

Logon Type:			11

This event is generated when a logon session is destroyed. It may be positively correlated with a logon event using the Logon ID value. Logon IDs are only unique between reboots
on the same computer.",C:\Windows\System32\svchost.exe,12545,ERIC_RIGGS
1681855664,4634,Information,"An account was logged off.

Subject:
	Security ID:		JUBILIFE\SAUNDRA_CAMPBELL
	Account Name:		JUBI64815$
	Account Domain:		JUBILIFE
	Logon ID:		0x626567

Logon Type:			3

This event is generated when a logon session is destroyed. It may be positively correlated with a logon event using the Logon ID value. Logon IDs are only unique between reboots
on the same computer.",-,12545,SAUNDRA_CAMPBELL
1681855679,4634,Information,"An account was logged off.

Subject:
	Security ID:		JUBILIFE\ALVARO_KENT
	Account Name:		JUBI07360$
	Account Domain:		JUBILIFE
	Logon ID:		0x6D616E

Logon Type:			11

This event is generated when a logon session is destroyed. It may be positively correlated with a logon event using the Logon ID value. Logon IDs are only unique between reboots
on the same computer.",C:\Windows\System32\svchost.exe,12545,ALVARO_KENT
1681855685,4634,Information,"An account was logged off.

Subject:
	Security ID:		JUBILIFE\FELECIA_CHRISTIAN
	Account Name:		JUBI09433$
	Account Domain:		JUBILIFE
	Logon ID:		0x74656E

Logon Type:			2

This event is generated when a logon session is destroyed. It may be positively correlated with a logon event using the Logon ID value. Logon IDs are only unique between reboots
on the same computer.",C:\Windows\System32\svchost.exe,12545,FELECIA_CHRISTIAN
1681855695,4634,Information,"An account was logged off.

Subject:
	Security ID:		JUBILIFE\KORY_BRAY
	Account Name:		JUBI95184$
	Account Domain:		JUBILIFE
	Logon ID:		0x616E64

Logon Type:			11

This event is generated when a logon session is destroyed. It may be positively correlated with a logon event using the Logon ID value. Logon IDs are only unique between reboots
on the same computer.",C:\Windows\System32\svchost.exe,12545,KORY_BRAY
1681855697,4634,Information,"An account was logged off.

Subject:
	Security ID:		JUBILIFE\JAMES_HOUSTON
	Account Name:		JUBI81084$
	Account Domain:		JUBILIFE
	Logon ID:		0x6F7265

Logon Type:			3

This event is generated when a logon session is destroyed. It may be positively correlated with a logon event using the Logon ID value. Logon IDs are only unique between reboots
on the same computer.",-,12545,JAMES_HOUSTON
1681855715,4634,Information,"An account was logged off.

Subject:
	Security ID:		JUBILIFE\KAY_RIVAS
	Account Name:		JUBI57144$
	Account Domain:		JUBILIFE
	Logon ID:		0x676179

Logon Type:			11

This event is generated when a logon session is destroyed. It may be positively correlated with a logon event using the Logon ID value. Logon IDs are only unique between reboots
on the same computer.",C:\Windows\System32\svchost.exe,12545,KAY_RIVAS
1681855716,4634,Information,"An account was logged off.

Subject:
	Security ID:		JUBILIFE\NICOLAS_GILLIAM
	Account Name:		JUBI12765$
	Account Domain:		JUBILIFE
	Logon ID:		0x647279

Logon Type:			11

This event is generated when a logon session is destroyed. It may be positively correlated with a logon event using the Logon ID value. Logon IDs are only unique between reboots
on the same computer.",-,12545,NICOLAS_GILLIAM
1681855721,4634,Information,"An account was logged off.

Subject:
	Security ID:		JUBILIFE\GEORGIA_SHANNON
	Account Name:		JUBI92789$
	Account Domain:		JUBILIFE
	Logon ID:		0x6D7973

Logon Type:			11

This event is generated when a logon session is destroyed. It may be positively correlated with a logon event using the Logon ID value. Logon IDs are only unique between reboots
on the same computer.",C:\Windows\System32\svchost.exe,12545,GEORGIA_SHANNON
1681855732,4634,Information,"An account was logged off.

Subject:
	Security ID:		JUBILIFE\TINA_TYSON
	Account Name:		JUBI98184$
	Account Domain:		JUBILIFE
	Logon ID:		0x6E6574

Logon Type:			3

This event is generated when a logon session is destroyed. It may be positively correlated with a logon event using the Logon ID value. Logon IDs are only unique between reboots
on the same computer.",-,12545,TINA_TYSON
1681855736,4634,Information,"An account was logged off.

Subject:
	Security ID:		JUBILIFE\ALICIA_GOLDEN
	Account Name:		JUBI62068$
	Account Domain:		JUBILIFE
	Logon ID:		0x706577

Logon Type:			2

This event is generated when a logon session is destroyed. It may be positively correlated with a logon event using the Logon ID value. Logon IDs are only unique between reboots
on the same computer.",C:\Windows\System32\svchost.exe,12545,ALICIA_GOLDEN
1681855744,4634,Information,"An account was logged off.

Subject:
	Security ID:		JUBILIFE\BRIAN_GAY
	Account Name:		JUBI86983$
	Account Domain:		JUBILIFE
	Logon ID:		0x626967

Logon Type:			11

This event is generated when a logon session is destroyed. It may be positively correlated with a logon event using the Logon ID value. Logon IDs are only unique between reboots
on the same computer.",-,12545,BRIAN_GAY
1681855746,4634,Information,"An account was logged off.

Subject:
	Security ID:		JUBILIFE\BRET_MARTIN
	Account Name:		JUBI48049$
	Account Domain:		JUBILIFE
	Logon ID:		0x666974

Logon Type:			2

This event is generated when a logon session is destroyed. It may be positively correlated with a logon event using the Logon ID value. Logon IDs are only unique between reboots
on the same computer.",C:\Windows\System32\svchost.exe,12545,BRET_MARTIN
1681855751,4634,Information,"An account was logged off.

Subject:
	Security ID:		JUBILIFE\ANDREA_SANTANA
	Account Name:		JUBI86313$
	Account Domain:		JUBILIFE
	Logon ID:		0x502773

Logon Type:			3

This event is generated when a logon session is destroyed. It may be positively correlated with a logon event using the Logon ID value. Logon IDs are only unique between reboots
on the same computer.",-,12545,ANDREA_SANTANA
1681855764,4634,Information,"An account was logged off.

Subject:
	Security ID:		JUBILIFE\LILY_ROWE
	Account Name:		JUBI41811$
	Account Domain:		JUBILIFE
	Logon ID:		0x636F64

Logon Type:			2

This event is generated when a logon session is destroyed. It may be positively correlated with a logon event using the Logon ID value. Logon IDs are only unique between reboots
on the same computer.",C:\Windows\System32\winlogon.exe,12545,LILY_ROWE
1681855766,4634,Information,"An account was logged off.

Subject:
	Security ID:		JUBILIFE\JAN_ROMERO
	Account Name:		JUBI37442$
	Account Domain:		JUBILIFE
	Logon ID:		0x616365

Logon Type:			3

This event is generated when a logon session is destroyed. It may be positively correlated with a logon event using the Logon ID value. Logon IDs are only unique between reboots
on the same computer.",-,12545,JAN_ROMERO
1681855767,4634,Information,"An account was logged off.

Subject:
	Security ID:		JUBILIFE\CAREY_CHURCH
	Account Name:		JUBI57802$
	Account Domain:		JUBILIFE
	Logon ID:		0x6E6974

Logon Type:			11

This event is generated when a logon session is destroyed. It may be positively correlated with a logon event using the Logon ID value. Logon IDs are only unique between reboots
on the same computer.",-,12545,CAREY_CHURCH
1681855776,4634,Information,"An account was logged off.

Subject:
	Security ID:		JUBILIFE\JOSE_BRIGHT
	Account Name:		JUBI97469$
	Account Domain:		JUBILIFE
	Logon ID:		0x706967

Logon Type:			2

This event is generated when a logon session is destroyed. It may be positively correlated with a logon event using the Logon ID value. Logon IDs are only unique between reboots
on the same computer.",C:\Windows\System32\svchost.exe,12545,JOSE_BRIGHT
1681855777,4634,Information,"An account was logged off.

Subject:
	Security ID:		JUBILIFE\ISSAC_ROACH
	Account Name:		JUBI03767$
	Account Domain:		JUBILIFE
	Logon ID:		0x636162

Logon Type:			2

This event is generated when a logon session is destroyed. It may be positively correlated with a logon event using the Logon ID value. Logon IDs are only unique between reboots
on the same computer.",C:\Windows\System32\svchost.exe,12545,ISSAC_ROACH
1681855782,4634,Information,"An account was logged off.

Subject:
	Security ID:		JUBILIFE\MARCEL_NOLAN
	Account Name:		JUBI37663$
	Account Domain:		JUBILIFE
	Logon ID:		0x676F74

Logon Type:			2

This event is generated when a logon session is destroyed. It may be positively correlated with a logon event using the Logon ID value. Logon IDs are only unique between reboots
on the same computer.",C:\Windows\System32\winlogon.exe,12545,MARCEL_NOLAN
1681855792,4634,Information,"An account was logged off.

Subject:
	Security ID:		JUBILIFE\THOMAS_NELSON
	Account Name:		JUBI71967$
	Account Domain:		JUBILIFE
	Logon ID:		0x686F67

Logon Type:			2

This event is generated when a logon session is destroyed. It may be positively correlated with a logon event using the Logon ID value. Logon IDs are only unique between reboots
on the same computer.",C:\Windows\System32\winlogon.exe,12545,THOMAS_NELSON
1681855795,4634,Information,"An account was logged off.

Subject:
	Security ID:		JUBILIFE\LEOPOLDO_HARTMAN
	Account Name:		JUBI88253$
	Account Domain:		JUBILIFE
	Logon ID:		0x656C6D

Logon Type:			11

This event is generated when a logon session is destroyed. It may be positively correlated with a logon event using the Logon ID value. Logon IDs are only unique between reboots
on the same computer.",C:\Windows\System32\svchost.exe,12545,LEOPOLDO_HARTMAN
1681855796,4634,Information,"An account was logged off.

Subject:
	Security ID:		JUBILIFE\TRUMAN_SUAREZ
	Account Name:		JUBI39634$
	Account Domain:		JUBILIFE
	Logon ID:		0x746F74

Logon Type:			3

This event is generated when a logon session is destroyed. It may be positively correlated with a logon event using the Logon ID value. Logon IDs are only unique between reboots
on the same computer.",-,12545,TRUMAN_SUAREZ
1681855805,4634,Information,"An account was logged off.

Subject:
	Security ID:		JUBILIFE\MELODY_THORNTON
	Account Name:		JUBI82427$
	Account Domain:		JUBILIFE
	Logon ID:		0x737061

Logon Type:			2

This event is generated when a logon session is destroyed. It may be positively correlated with a logon event using the Logon ID value. Logon IDs are only unique between reboots
on the same computer.",C:\Windows\System32\winlogon.exe,12545,MELODY_THORNTON
1681855809,4634,Information,"An account was logged off.

Subject:
	Security ID:		JUBILIFE\MICAH_GARDNER
	Account Name:		JUBI65872$
	Account Domain:		JUBILIFE
	Logon ID:		0x686164

Logon Type:			3

This event is generated when a logon session is destroyed. It may be positively correlated with a logon event using the Logon ID value. Logon IDs are only unique between reboots
on the same computer.",-,12545,MICAH_GARDNER
1681855809,4634,Information,"An account was logged off.

Subject:
	Security ID:		JUBILIFE\JEANNIE_COTE
	Account Name:		JUBI06006$
	Account Domain:		JUBILIFE
	Logon ID:		0x6C6F67

Logon Type:			11

This event is generated when a logon session is destroyed. It may be positively correlated with a logon event using the Logon ID value. Logon IDs are only unique between reboots
on the same computer.",-,12545,JEANNIE_COTE
1681855810,4634,Information,"An account was logged off.

Subject:
	Security ID:		JUBILIFE\EDMUND_MARQUEZ
	Account Name:		JUBI22519$
	Account Domain:		JUBILIFE
	Logon ID:		0x706179

Logon Type:			3

This event is generated when a logon session is destroyed. It may be positively correlated with a logon event using the Logon ID value. Logon IDs are only unique between reboots
on the same computer.",-,12545,EDMUND_MARQUEZ
1681855810,4634,Information,"An account was logged off.

Subject:
	Security ID:		JUBILIFE\LORI_RIDDLE
	Account Name:		JUBI20168$
	Account Domain:		JUBILIFE
	Logon ID:		0x6C6567

Logon Type:			2

This event is generated when a logon session is destroyed. It may be positively correlated with a logon event using the Logon ID value. Logon IDs are only unique between reboots
on the same computer.",C:\Windows\System32\winlogon.exe,12545,LORI_RIDDLE
1681855827,4634,Information,"An account was logged off.

Subject:
	Security ID:		JUBILIFE\REBA_BERRY
	Account Name:		JUBI87186$
	Account Domain:		JUBILIFE
	Logon ID:		0x6E6F77

Logon Type:			2

This event is generated when a logon session is destroyed. It may be positively correlated with a logon event using the Logon ID value. Logon IDs are only unique between reboots
on the same computer.",C:\Windows\System32\svchost.exe,12545,REBA_BERRY
1681855830,4634,Information,"An account was logged off.

Subject:
	Security ID:		JUBILIFE\ESMERALDA_SARGENT
	Account Name:		JUBI47613$
	Account Domain:		JUBILIFE
	Logon ID:		0x746F79

Logon Type:			3

This event is generated when a logon session is destroyed. It may be positively correlated with a logon event using the Logon ID value. Logon IDs are only unique between reboots
on the same computer.",-,12545,ESMERALDA_SARGENT
1681855853,4634,Information,"An account was logged off.

Subject:
	Security ID:		JUBILIFE\SAUL_ANDERSON
	Account Name:		JUBI32155$
	Account Domain:		JUBILIFE
	Logon ID:		0x737570

Logon Type:			11

This event is generated when a logon session is destroyed. It may be positively correlated with a logon event using the Logon ID value. Logon IDs are only unique between reboots
on the same computer.",-,12545,SAUL_ANDERSON
1681855867,4634,Information,"An account was logged off.

Subject:
	Security ID:		JUBILIFE\SOFIA_MORRIS
	Account Name:		JUBI26528$
	Account Domain:		JUBILIFE
	Logon ID:		0x64756F

Logon Type:			2

This event is generated when a logon session is destroyed. It may be positively correlated with a logon event using the Logon ID value. Logon IDs are only unique between reboots
on the same computer.",C:\Windows\System32\winlogon.exe,12545,SOFIA_MORRIS
1681855875,4634,Information,"An account was logged off.

Subject:
	Security ID:		JUBILIFE\BECKY_RANDOLPH
	Account Name:		JUBI66690$
	Account Domain:		JUBILIFE
	Logon ID:		0x726967

Logon Type:			11

This event is generated when a logon session is destroyed. It may be positively correlated with a logon event using the Logon ID value. Logon IDs are only unique between reboots
on the same computer.",C:\Windows\System32\svchost.exe,12545,BECKY_RANDOLPH
1681855876,4634,Information,"An account was logged off.

Subject:
	Security ID:		JUBILIFE\LUZ_DICKSON
	Account Name:		JUBI81728$
	Account Domain:		JUBILIFE
	Logon ID:		0x637279

Logon Type:			11

This event is generated when a logon session is destroyed. It may be positively correlated with a logon event using the Logon ID value. Logon IDs are only unique between reboots
on the same computer.",C:\Windows\System32\svchost.exe,12545,LUZ_DICKSON
1681855887,4634,Information,"An account was logged off.

Subject:
	Security ID:		JUBILIFE\DEIDRE_FUENTES
	Account Name:		JUBI15475$
	Account Domain:		JUBILIFE
	Logon ID:		0x676565

Logon Type:			3

This event is generated when a logon session is destroyed. It may be positively correlated with a logon event using the Logon ID value. Logon IDs are only unique between reboots
on the same computer.",-,12545,DEIDRE_FUENTES
1681855888,4634,Information,"An account was logged off.

Subject:
	Security ID:		JUBILIFE\TRAVIS_DOYLE
	Account Name:		JUBI62145$
	Account Domain:		JUBILIFE
	Logon ID:		0x746974

Logon Type:			11

This event is generated when a logon session is destroyed. It may be positively correlated with a logon event using the Logon ID value. Logon IDs are only unique between reboots
on the same computer.",-,12545,TRAVIS_DOYLE
1681855892,4634,Information,"An account was logged off.

Subject:
	Security ID:		JUBILIFE\MARGARITO_RAMOS
	Account Name:		JUBI43727$
	Account Domain:		JUBILIFE
	Logon ID:		0x542773

Logon Type:			3

This event is generated when a logon session is destroyed. It may be positively correlated with a logon event using the Logon ID value. Logon IDs are only unique between reboots
on the same computer.",-,12545,MARGARITO_RAMOS
1681855899,4634,Information,"An account was logged off.

Subject:
	Security ID:		JUBILIFE\ELIJAH_ODOM
	Account Name:		JUBI06421$
	Account Domain:		JUBILIFE
	Logon ID:		0x462773

Logon Type:			3

This event is generated when a logon session is destroyed. It may be positively correlated with a logon event using the Logon ID value. Logon IDs are only unique between reboots
on the same computer.",-,12545,ELIJAH_ODOM
1681855908,4634,Information,"An account was logged off.

Subject:
	Security ID:		JUBILIFE\MORGAN_KELLER
	Account Name:		JUBI98506$
	Account Domain:		JUBILIFE
	Logon ID:		0x627261

Logon Type:			11

This event is generated when a logon session is destroyed. It may be positively correlated with a logon event using the Logon ID value. Logon IDs are only unique between reboots
on the same computer.",-,12545,MORGAN_KELLER
1681855909,4634,Information,"An account was logged off.

Subject:
	Security ID:		JUBILIFE\SANFORD_FOREMAN
	Account Name:		JUBI24584$
	Account Domain:		JUBILIFE
	Logon ID:		0x6C6177

Logon Type:			11

This event is generated when a logon session is destroyed. It may be positively correlated with a logon event using the Logon ID value. Logon IDs are only unique between reboots
on the same computer.",-,12545,SANFORD_FOREMAN
1681855911,4634,Information,"An account was logged off.

Subject:
	Security ID:		JUBILIFE\ANGELINE_VAUGHAN
	Account Name:		JUBI02248$
	Account Domain:		JUBILIFE
	Logon ID:		0x706177

Logon Type:			2

This event is generated when a logon session is destroyed. It may be positively correlated with a logon event using the Logon ID value. Logon IDs are only unique between reboots
on the same computer.",C:\Windows\System32\winlogon.exe,12545,ANGELINE_VAUGHAN
1681855912,4634,Information,"An account was logged off.

Subject:
	Security ID:		JUBILIFE\CHRISTIE_WOODARD
	Account Name:		JUBI67359$
	Account Domain:		JUBILIFE
	Logon ID:		0x6C7965

Logon Type:			3

This event is generated when a logon session is destroyed. It may be positively correlated with a logon event using the Logon ID value. Logon IDs are only unique between reboots
on the same computer.",-,12545,CHRISTIE_WOODARD
1681855915,4634,Information,"An account was logged off.

Subject:
	Security ID:		JUBILIFE\BEVERLEY_PHELPS
	Account Name:		JUBI25836$
	Account Domain:		JUBILIFE
	Logon ID:		0x706561

Logon Type:			3

This event is generated when a logon session is destroyed. It may be positively correlated with a logon event using the Logon ID value. Logon IDs are only unique between reboots
on the same computer.",-,12545,BEVERLEY_PHELPS
1681855922,4634,Information,"An account was logged off.

Subject:
	Security ID:		JUBILIFE\WALDO_TORRES
	Account Name:		JUBI51780$
	Account Domain:		JUBILIFE
	Logon ID:		0x626167

Logon Type:			3

This event is generated when a logon session is destroyed. It may be positively correlated with a logon event using the Logon ID value. Logon IDs are only unique between reboots
on the same computer.",-,12545,WALDO_TORRES
1681855923,4634,Information,"An account was logged off.

Subject:
	Security ID:		JUBILIFE\LUCY_WILKINS
	Account Name:		JUBI99288$
	Account Domain:		JUBILIFE
	Logon ID:		0x686973

Logon Type:			3

This event is generated when a logon session is destroyed. It may be positively correlated with a logon event using the Logon ID value. Logon IDs are only unique between reboots
on the same computer.",-,12545,LUCY_WILKINS
1681855923,4634,Information,"An account was logged off.

Subject:
	Security ID:		JUBILIFE\SHERRI_MENDEZ
	Account Name:		JUBI01317$
	Account Domain:		JUBILIFE
	Logon ID:		0x746167

Logon Type:			2

This event is generated when a logon session is destroyed. It may be positively correlated with a logon event using the Logon ID value. Logon IDs are only unique between reboots
on the same computer.",C:\Windows\System32\svchost.exe,12545,SHERRI_MENDEZ
1681855927,4634,Information,"An account was logged off.

Subject:
	Security ID:		JUBILIFE\EDWIN_NAVARRO
	Account Name:		JUBI35532$
	Account Domain:		JUBILIFE
	Logon ID:		0x706164

Logon Type:			3

This event is generated when a logon session is destroyed. It may be positively correlated with a logon event using the Logon ID value. Logon IDs are only unique between reboots
on the same computer.",-,12545,EDWIN_NAVARRO
1681855929,4634,Information,"An account was logged off.

Subject:
	Security ID:		JUBILIFE\HILARIO_FIELDS
	Account Name:		JUBI53377$
	Account Domain:		JUBILIFE
	Logon ID:		0x616374

Logon Type:			2

This event is generated when a logon session is destroyed. It may be positively correlated with a logon event using the Logon ID value. Logon IDs are only unique between reboots
on the same computer.",C:\Windows\System32\winlogon.exe,12545,HILARIO_FIELDS
1681855932,4634,Information,"An account was logged off.

Subject:
	Security ID:		JUBILIFE\DARYL_PATTERSON
	Account Name:		JUBI58118$
	Account Domain:		JUBILIFE
	Logon ID:		0x746162

Logon Type:			11

This event is generated when a logon session is destroyed. It may be positively correlated with a logon event using the Logon ID value. Logon IDs are only unique between reboots
on the same computer.",-,12545,DARYL_PATTERSON
1681855935,4634,Information,"An account was logged off.

Subject:
	Security ID:		JUBILIFE\LEAH_HUBBARD
	Account Name:		JUBI85325$
	Account Domain:		JUBILIFE
	Logon ID:		0x7A6F6F

Logon Type:			11

This event is generated when a logon session is destroyed. It may be positively correlated with a logon event using the Logon ID value. Logon IDs are only unique between reboots
on the same computer.",C:\Windows\System32\svchost.exe,12545,LEAH_HUBBARD
1681855935,4634,Information,"An account was logged off.

Subject:
	Security ID:		JUBILIFE\MANUELA_VINCENT
	Account Name:		JUBI78700$
	Account Domain:		JUBILIFE
	Logon ID:		0x6F7574

Logon Type:			11

This event is generated when a logon session is destroyed. It may be positively correlated with a logon event using the Logon ID value. Logon IDs are only unique between reboots
on the same computer.",C:\Windows\System32\svchost.exe,12545,MANUELA_VINCENT
1681855938,4634,Information,"An account was logged off.

Subject:
	Security ID:		JUBILIFE\NEVA_RUSH
	Account Name:		JUBI67217$
	Account Domain:		JUBILIFE
	Logon ID:		0x572773

Logon Type:			11

This event is generated when a logon session is destroyed. It may be positively correlated with a logon event using the Logon ID value. Logon IDs are only unique between reboots
on the same computer.",-,12545,NEVA_RUSH
1681855940,4634,Information,"An account was logged off.

Subject:
	Security ID:		JUBILIFE\TRENT_MCINTOSH
	Account Name:		JUBI51898$
	Account Domain:		JUBILIFE
	Logon ID:		0x4A6577

Logon Type:			3

This event is generated when a logon session is destroyed. It may be positively correlated with a logon event using the Logon ID value. Logon IDs are only unique between reboots
on the same computer.",-,12545,TRENT_MCINTOSH
1681855946,4634,Information,"An account was logged off.

Subject:
	Security ID:		JUBILIFE\MALINDA_LLOYD
	Account Name:		JUBI76230$
	Account Domain:		JUBILIFE
	Logon ID:		0x646F6E

Logon Type:			2

This event is generated when a logon session is destroyed. It may be positively correlated with a logon event using the Logon ID value. Logon IDs are only unique between reboots
on the same computer.",C:\Windows\System32\svchost.exe,12545,MALINDA_LLOYD
1681855946,4634,Information,"An account was logged off.

Subject:
	Security ID:		JUBILIFE\BLANCHE_PACE
	Account Name:		JUBI15731$
	Account Domain:		JUBILIFE
	Logon ID:		0x656174

Logon Type:			3

This event is generated when a logon session is destroyed. It may be positively correlated with a logon event using the Logon ID value. Logon IDs are only unique between reboots
on the same computer.",-,12545,BLANCHE_PACE
1681855950,4634,Information,"An account was logged off.

Subject:
	Security ID:		JUBILIFE\BRIGITTE_FRENCH
	Account Name:		JUBI15640$
	Account Domain:		JUBILIFE
	Logon ID:		0x676162

Logon Type:			11

This event is generated when a logon session is destroyed. It may be positively correlated with a logon event using the Logon ID value. Logon IDs are only unique between reboots
on the same computer.",C:\Windows\System32\svchost.exe,12545,BRIGITTE_FRENCH
1681855957,4634,Information,"An account was logged off.

Subject:
	Security ID:		JUBILIFE\TAMMIE_SUTTON
	Account Name:		JUBI88016$
	Account Domain:		JUBILIFE
	Logon ID:		0x73756E

Logon Type:			2

This event is generated when a logon session is destroyed. It may be positively correlated with a logon event using the Logon ID value. Logon IDs are only unique between reboots
on the same computer.",C:\Windows\System32\svchost.exe,12545,TAMMIE_SUTTON
1681855968,4634,Information,"An account was logged off.

Subject:
	Security ID:		JUBILIFE\PABLO_BOOTH
	Account Name:		JUBI80854$
	Account Domain:		JUBILIFE
	Logon ID:		0x636174

Logon Type:			2

This event is generated when a logon session is destroyed. It may be positively correlated with a logon event using the Logon ID value. Logon IDs are only unique between reboots
on the same computer.",C:\Windows\System32\winlogon.exe,12545,PABLO_BOOTH
1681855974,4634,Information,"An account was logged off.

Subject:
	Security ID:		JUBILIFE\KELLY_CLARKE
	Account Name:		JUBI08717$
	Account Domain:		JUBILIFE
	Logon ID:		0x6C6567

Logon Type:			3

This event is generated when a logon session is destroyed. It may be positively correlated with a logon event using the Logon ID value. Logon IDs are only unique between reboots
on the same computer.",-,12545,KELLY_CLARKE
1681855978,4634,Information,"An account was logged off.

Subject:
	Security ID:		JUBILIFE\EMMANUEL_DORSEY
	Account Name:		JUBI91728$
	Account Domain:		JUBILIFE
	Logon ID:		0x736578

Logon Type:			3

This event is generated when a logon session is destroyed. It may be positively correlated with a logon event using the Logon ID value. Logon IDs are only unique between reboots
on the same computer.",-,12545,EMMANUEL_DORSEY
1681855990,4634,Information,"An account was logged off.

Subject:
	Security ID:		JUBILIFE\HAROLD_DILLON
	Account Name:		JUBI20659$
	Account Domain:		JUBILIFE
	Logon ID:		0x656C6B

Logon Type:			11

This event is generated when a logon session is destroyed. It may be positively correlated with a logon event using the Logon ID value. Logon IDs are only unique between reboots
on the same computer.",-,12545,HAROLD_DILLON
1681855996,4634,Information,"An account was logged off.

Subject:
	Security ID:		JUBILIFE\NESTOR_GREEN
	Account Name:		JUBI97014$
	Account Domain:		JUBILIFE
	Logon ID:		0x776172

Logon Type:			3

This event is generated when a logon session is destroyed. It may be positively correlated with a logon event using the Logon ID value. Logon IDs are only unique between reboots
on the same computer.",-,12545,NESTOR_GREEN
1681855999,4634,Information,"An account was logged off.

Subject:
	Security ID:		JUBILIFE\VELMA_KEMP
	Account Name:		JUBI21257$
	Account Domain:		JUBILIFE
	Logon ID:		0x706F74

Logon Type:			11

This event is generated when a logon session is destroyed. It may be positively correlated with a logon event using the Logon ID value. Logon IDs are only unique between reboots
on the same computer.",-,12545,VELMA_KEMP
1681856004,4634,Information,"An account was logged off.

Subject:
	Security ID:		JUBILIFE\HERMINIA_GARNER
	Account Name:		JUBI22680$
	Account Domain:		JUBILIFE
	Logon ID:		0x736574

Logon Type:			2

This event is generated when a logon session is destroyed. It may be positively correlated with a logon event using the Logon ID value. Logon IDs are only unique between reboots
on the same computer.",C:\Windows\System32\winlogon.exe,12545,HERMINIA_GARNER
1681856004,4634,Information,"An account was logged off.

Subject:
	Security ID:		JUBILIFE\SONDRA_FARLEY
	Account Name:		JUBI18271$
	Account Domain:		JUBILIFE
	Logon ID:		0x452773

Logon Type:			11

This event is generated when a logon session is destroyed. It may be positively correlated with a logon event using the Logon ID value. Logon IDs are only unique between reboots
on the same computer.",C:\Windows\System32\svchost.exe,12545,SONDRA_FARLEY
1681856005,4634,Information,"An account was logged off.

Subject:
	Security ID:		JUBILIFE\JARVIS_KING
	Account Name:		JUBI46814$
	Account Domain:		JUBILIFE
	Logon ID:		0x736B79

Logon Type:			2

This event is generated when a logon session is destroyed. It may be positively correlated with a logon event using the Logon ID value. Logon IDs are only unique between reboots
on the same computer.",C:\Windows\System32\winlogon.exe,12545,JARVIS_KING
1681856014,4634,Information,"An account was logged off.

Subject:
	Security ID:		JUBILIFE\RYAN_STRICKLAND
	Account Name:		JUBI48498$
	Account Domain:		JUBILIFE
	Logon ID:		0x6F6873

Logon Type:			2

This event is generated when a logon session is destroyed. It may be positively correlated with a logon event using the Logon ID value. Logon IDs are only unique between reboots
on the same computer.",C:\Windows\System32\svchost.exe,12545,RYAN_STRICKLAND
1681856015,4634,Information,"An account was logged off.

Subject:
	Security ID:		JUBILIFE\LINDA_LE
	Account Name:		JUBI42208$
	Account Domain:		JUBILIFE
	Logon ID:		0x626172

Logon Type:			3

This event is generated when a logon session is destroyed. It may be positively correlated with a logon event using the Logon ID value. Logon IDs are only unique between reboots
on the same computer.",-,12545,LINDA_LE
1681856016,4634,Information,"An account was logged off.

Subject:
	Security ID:		JUBILIFE\KAREN_LAWSON
	Account Name:		JUBI92176$
	Account Domain:		JUBILIFE
	Logon ID:		0x492773

Logon Type:			11

This event is generated when a logon session is destroyed. It may be positively correlated with a logon event using the Logon ID value. Logon IDs are only unique between reboots
on the same computer.",C:\Windows\System32\svchost.exe,12545,KAREN_LAWSON
1681856023,4634,Information,"An account was logged off.

Subject:
	Security ID:		JUBILIFE\ROY_MCLAUGHLIN
	Account Name:		JUBI74714$
	Account Domain:		JUBILIFE
	Logon ID:		0x6C6F74

Logon Type:			11

This event is generated when a logon session is destroyed. It may be positively correlated with a logon event using the Logon ID value. Logon IDs are only unique between reboots
on the same computer.",-,12545,ROY_MCLAUGHLIN
1681856031,4634,Information,"An account was logged off.

Subject:
	Security ID:		JUBILIFE\JANIE_MEADOWS
	Account Name:		JUBI78428$
	Account Domain:		JUBILIFE
	Logon ID:		0x572773

Logon Type:			11

This event is generated when a logon session is destroyed. It may be positively correlated with a logon event using the Logon ID value. Logon IDs are only unique between reboots
on the same computer.",C:\Windows\System32\svchost.exe,12545,JANIE_MEADOWS
1681856035,4634,Information,"An account was logged off.

Subject:
	Security ID:		JUBILIFE\VONDA_ELLIS
	Account Name:		JUBI68463$
	Account Domain:		JUBILIFE
	Logon ID:		0x706567

Logon Type:			11

This event is generated when a logon session is destroyed. It may be positively correlated with a logon event using the Logon ID value. Logon IDs are only unique between reboots
on the same computer.",C:\Windows\System32\svchost.exe,12545,VONDA_ELLIS
1681856036,4634,Information,"An account was logged off.

Subject:
	Security ID:		JUBILIFE\WESLEY_HICKS
	Account Name:		JUBI75580$
	Account Domain:		JUBILIFE
	Logon ID:		0x676574

Logon Type:			3

This event is generated when a logon session is destroyed. It may be positively correlated with a logon event using the Logon ID value. Logon IDs are only unique between reboots
on the same computer.",-,12545,WESLEY_HICKS
1681856036,4634,Information,"An account was logged off.

Subject:
	Security ID:		JUBILIFE\ERWIN_TRUJILLO
	Account Name:		JUBI21308$
	Account Domain:		JUBILIFE
	Logon ID:		0x67796D

Logon Type:			3

This event is generated when a logon session is destroyed. It may be positively correlated with a logon event using the Logon ID value. Logon IDs are only unique between reboots
on the same computer.",-,12545,ERWIN_TRUJILLO
1681856043,4634,Information,"An account was logged off.

Subject:
	Security ID:		JUBILIFE\MICHELE_OSBORN
	Account Name:		JUBI53309$
	Account Domain:		JUBILIFE
	Logon ID:		0x776562

Logon Type:			3

This event is generated when a logon session is destroyed. It may be positively correlated with a logon event using the Logon ID value. Logon IDs are only unique between reboots
on the same computer.",-,12545,MICHELE_OSBORN
1681856049,4634,Information,"An account was logged off.

Subject:
	Security ID:		JUBILIFE\MARGERY_SWANSON
	Account Name:		JUBI12171$
	Account Domain:		JUBILIFE
	Logon ID:		0x726F77

Logon Type:			2

This event is generated when a logon session is destroyed. It may be positively correlated with a logon event using the Logon ID value. Logon IDs are only unique between reboots
on the same computer.",C:\Windows\System32\svchost.exe,12545,MARGERY_SWANSON
1681856049,4634,Information,"An account was logged off.

Subject:
	Security ID:		JUBILIFE\GINGER_GILMORE
	Account Name:		JUBI44469$
	Account Domain:		JUBILIFE
	Logon ID:		0x697679

Logon Type:			3

This event is generated when a logon session is destroyed. It may be positively correlated with a logon event using the Logon ID value. Logon IDs are only unique between reboots
on the same computer.",-,12545,GINGER_GILMORE
1681856049,4634,Information,"An account was logged off.

Subject:
	Security ID:		JUBILIFE\MAVIS_FRANCO
	Account Name:		JUBI23987$
	Account Domain:		JUBILIFE
	Logon ID:		0x636F67

Logon Type:			2

This event is generated when a logon session is destroyed. It may be positively correlated with a logon event using the Logon ID value. Logon IDs are only unique between reboots
on the same computer.",C:\Windows\System32\winlogon.exe,12545,MAVIS_FRANCO
1681856057,4634,Information,"An account was logged off.

Subject:
	Security ID:		JUBILIFE\LILLIE_LEVINE
	Account Name:		JUBI91856$
	Account Domain:		JUBILIFE
	Logon ID:		0x63616E

Logon Type:			2

This event is generated when a logon session is destroyed. It may be positively correlated with a logon event using the Logon ID value. Logon IDs are only unique between reboots
on the same computer.",C:\Windows\System32\winlogon.exe,12545,LILLIE_LEVINE
1681856069,4634,Information,"An account was logged off.

Subject:
	Security ID:		JUBILIFE\WILLA_FORD
	Account Name:		JUBI12392$
	Account Domain:		JUBILIFE
	Logon ID:		0x6D6170

Logon Type:			11

This event is generated when a logon session is destroyed. It may be positively correlated with a logon event using the Logon ID value. Logon IDs are only unique between reboots
on the same computer.",-,12545,WILLA_FORD
1681856072,4634,Information,"An account was logged off.

Subject:
	Security ID:		JUBILIFE\MARYANNE_MIDDLETON
	Account Name:		JUBI20996$
	Account Domain:		JUBILIFE
	Logon ID:		0x6C6162

Logon Type:			3

This event is generated when a logon session is destroyed. It may be positively correlated with a logon event using the Logon ID value. Logon IDs are only unique between reboots
on the same computer.",-,12545,MARYANNE_MIDDLETON
1681856075,4634,Information,"An account was logged off.

Subject:
	Security ID:		JUBILIFE\PORFIRIO_HALL
	Account Name:		JUBI72553$
	Account Domain:		JUBILIFE
	Logon ID:		0x736578

Logon Type:			3

This event is generated when a logon session is destroyed. It may be positively correlated with a logon event using the Logon ID value. Logon IDs are only unique between reboots
on the same computer.",-,12545,PORFIRIO_HALL
1681856075,4634,Information,"An account was logged off.

Subject:
	Security ID:		JUBILIFE\GEOFFREY_HANSON
	Account Name:		JUBI50953$
	Account Domain:		JUBILIFE
	Logon ID:		0x6C6964

Logon Type:			11

This event is generated when a logon session is destroyed. It may be positively correlated with a logon event using the Logon ID value. Logon IDs are only unique between reboots
on the same computer.",C:\Windows\System32\svchost.exe,12545,GEOFFREY_HANSON
1681856077,4634,Information,"An account was logged off.

Subject:
	Security ID:		JUBILIFE\MAURA_BALDWIN
	Account Name:		JUBI84731$
	Account Domain:		JUBILIFE
	Logon ID:		0x666962

Logon Type:			3

This event is generated when a logon session is destroyed. It may be positively correlated with a logon event using the Logon ID value. Logon IDs are only unique between reboots
on the same computer.",-,12545,MAURA_BALDWIN
