1681856083,4634,Information,"An account was logged off.

Subject:
	Security ID:		JUBILIFE\JERRY_HICKMAN
	Account Name:		JUBI38337$
	Account Domain:		JUBILIFE
	Logon ID:		0x706164

Logon Type:			11

This event is generated when a logon session is destroyed. It may be positively correlated with a logon event using the Logon ID value. Logon IDs are only unique between reboots
on the same computer.",C:\Windows\System32\svchost.exe,12545,JERRY_HICKMAN
1681856083,4634,Information,"An account was logged off.

Subject:
	Security ID:		JUBILIFE\ANTHONY_KIM
	Account Name:		JUBI08645$
	Account Domain:		JUBILIFE
	Logon ID:		0x636F62

Logon Type:			3

This event is generated when a logon session is destroyed. It may be positively correlated with a logon event using the Logon ID value. Logon IDs are only unique between reboots
on the same computer.",-,12545,ANTHONY_KIM
1681856084,4634,Information,"An account was logged off.

Subject:
	Security ID:		JUBILIFE\HERBERT_HARTMAN
	Account Name:		JUBI81792$
	Account Domain:		JUBILIFE
	Logon ID:		0x616C65

Logon Type:			2

This event is generated when a logon session is destroyed. It may be positively correlated with a logon event using the Logon ID value. Logon IDs are only unique between reboots
on the same computer.",C:\Windows\System32\winlogon.exe,12545,HERBERT_HARTMAN
1681856087,4634,Information,"An account was logged off.

Subject:
	Security ID:		JUBILIFE\BLAINE_BLACKBURN
	Account Name:		JUBI24011$
	Account Domain:		JUBILIFE
	Logon ID:		0x6D6174

Logon Type:			2

This event is generated when a logon session is destroyed. It may be positively correlated with a logon event using the Logon ID value. Logon IDs are only unique between reboots
on the same computer.",C:\Windows\System32\svchost.exe,12545,BLAINE_BLACKBURN
1681856095,4634,Information,"An account was logged off.

Subject:
	Security ID:		JUBILIFE\CORY_COTTON
	Account Name:		JUBI29685$
	Account Domain:		JUBILIFE
	Logon ID:		0x706170

Logon Type:			2

This event is generated when a logon session is destroyed. It may be positively correlated with a logon event using the Logon ID value. Logon IDs are only unique between reboots
on the same computer.",C:\Windows\System32\winlogon.exe,12545,CORY_COTTON
1681856104,4634,Information,"An account was logged off.

Subject:
	Security ID:		JUBILIFE\FRANCES_MOLINA
	Account Name:		JUBI27591$
	Account Domain:		JUBILIFE
	Logon ID:		0x697265

Logon Type:			11

This event is generated when a logon session is destroyed. It may be positively correlated with a logon event using the Logon ID value. Logon IDs are only unique between reboots
on the same computer.",-,12545,FRANCES_MOLINA
1681856112,4634,Information,"An account was logged off.

Subject:
	Security ID:		JUBILIFE\VITO_NEWTON
	Account Name:		JUBI73613$
	Account Domain:		JUBILIFE
	Logon ID:		0x747562

Logon Type:			11

This event is generated when a logon session is destroyed. It may be positively correlated with a logon event using the Logon ID value. Logon IDs are only unique between reboots
on the same computer.",-,12545,VITO_NEWTON
1681856118,4634,Information,"An account was logged off.

Subject:
	Security ID:		JUBILIFE\TRACEY_RANDOLPH
	Account Name:		JUBI70220$
	Account Domain:		JUBILIFE
	Logon ID:		0x656F6E

Logon Type:			3

This event is generated when a logon session is destroyed. It may be positively correlated with a logon event using the Logon ID value. Logon IDs are only unique between reboots
on the same computer.",-,12545,TRACEY_RANDOLPH
1681856135,4634,Information,"An account was logged off.

Subject:
	Security ID:		JUBILIFE\LEONARDO_COLLIER
	Account Name:		JUBI63894$
	Account Domain:		JUBILIFE
	Logon ID:		0x766574

Logon Type:			11

This event is generated when a logon session is destroyed. It may be positively correlated with a logon event using the Logon ID value. Logon IDs are only unique between reboots
on the same computer.",C:\Windows\System32\svchost.exe,12545,LEONARDO_COLLIER
1681856136,4634,Information,"An account was logged off.

Subject:
	Security ID:		JUBILIFE\DOROTHY_SKINNER
	Account Name:		JUBI77143$
	Account Domain:		JUBILIFE
	Logon ID:		0x6F686D

Logon Type:			2

This event is generated when a logon session is destroyed. It may be positively correlated with a logon event using the Logon ID value. Logon IDs are only unique between reboots
on the same computer.",C:\Windows\System32\svchost.exe,12545,DOROTHY_SKINNER
1681856137,4634,Information,"An account was logged off.

Subject:
	Security ID:		JUBILIFE\DEAN_GLASS
	Account Name:		JUBI07310$
	Account Domain:		JUBILIFE
	Logon ID:		0x696C6C

Logon Type:			3

This event is generated when a logon session is destroyed. It may be positively correlated with a logon event using the Logon ID value. Logon IDs are only unique between reboots
on the same computer.",-,12545,DEAN_GLASS
1681856148,4634,Information,"An account was logged off.

Subject:
	Security ID:		JUBILIFE\LEOLA_LEWIS
	Account Name:		JUBI24290$
	Account Domain:		JUBILIFE
	Logon ID:		0x776564

Logon Type:			11

This event is generated when a logon session is destroyed. It may be positively correlated with a logon event using the Logon ID value. Logon IDs are only unique between reboots
on the same computer.",C:\Windows\System32\svchost.exe,12545,LEOLA_LEWIS
1681856156,4634,Information,"An account was logged off.

Subject:
	Security ID:		JUBILIFE\GEORGINA_NIXON
	Account Name:		JUBI42360$
	Account Domain:		JUBILIFE
	Logon ID:		0x727574

Logon Type:			2

This event is generated when a logon session is destroyed. It may be positively correlated with a logon event using the Logon ID value. Logon IDs are only unique between reboots
on the same computer.",C:\Windows\System32\winlogon.exe,12545,GEORGINA_NIXON
1681856165,4634,Information,"An account was logged off.

Subject:
	Security ID:		JUBILIFE\RICARDO_PERKINS
	Account Name:		JUBI18327$
	Account Domain:		JUBILIFE
	Logon ID:		0x64656E

Logon Type:			11

This event is generated when a logon session is destroyed. It may be positively correlated with a logon event using the Logon ID value. Logon IDs are only unique between reboots
on the same computer.",C:\Windows\System32\svchost.exe,12545,RICARDO_PERKINS
1681856168,4634,Information,"An account was logged off.

Subject:
	Security ID:		JUBILIFE\KRISTOPHER_AYALA
	Account Name:		JUBI82756$
	Account Domain:		JUBILIFE
	Logon ID:		0x726177

Logon Type:			3

This event is generated when a logon session is destroyed. It may be positively correlated with a logon event using the Logon ID value. Logon IDs are only unique between reboots
on the same computer.",-,12545,KRISTOPHER_AYALA
1681856172,4634,Information,"An account was logged off.

Subject:
	Security ID:		JUBILIFE\NATASHA_RAYMOND
	Account Name:		JUBI36573$
	Account Domain:		JUBILIFE
	Logon ID:		0x6F6465

Logon Type:			11

This event is generated when a logon session is destroyed. It may be positively correlated with a logon event using the Logon ID value. Logon IDs are only unique between reboots
on the same computer.",-,12545,NATASHA_RAYMOND
1681856178,4634,Information,"An account was logged off.

Subject:
	Security ID:		JUBILIFE\KAITLIN_FREEMAN
	Account Name:		JUBI45457$
	Account Domain:		JUBILIFE
	Logon ID:		0x6E6974

Logon Type:			3

This event is generated when a logon session is destroyed. It may be positively correlated with a logon event using the Logon ID value. Logon IDs are only unique between reboots
on the same computer.",-,12545,KAITLIN_FREEMAN
1681856182,4634,Information,"An account was logged off.

Subject:
	Security ID:		JUBILIFE\EMORY_BELL
	Account Name:		JUBI26989$
	Account Domain:		JUBILIFE
	Logon ID:		0x6F7574

Logon Type:			3

This event is generated when a logon session is destroyed. It may be positively correlated with a logon event using the Logon ID value. Logon IDs are only unique between reboots
on the same computer.",-,12545,EMORY_BELL
1681856207,4634,Information,"An account was logged off.

Subject:
	Security ID:		JUBILIFE\CATHLEEN_RODRIGUEZ
	Account Name:		JUBI61865$
	Account Domain:		JUBILIFE
	Logon ID:		0x68696D

Logon Type:			11

This event is generated when a logon session is destroyed. It may be positively correlated with a logon event using the Logon ID value. Logon IDs are only unique between reboots
on the same computer.",-,12545,CATHLEEN_RODRIGUEZ
1681856211,4634,Information,"An account was logged off.

Subject:
	Security ID:		JUBILIFE\NICK_ROWLAND
	Account Name:		JUBI30099$
	Account Domain:		JUBILIFE
	Logon ID:		0x6C6177

Logon Type:			3

This event is generated when a logon session is destroyed. It may be positively correlated with a logon event using the Logon ID value. Logon IDs are only unique between reboots
on the same computer.",-,12545,NICK_ROWLAND
1681856223,4634,Information,"An account was logged off.

Subject:
	Security ID:		JUBILIFE\DUNCAN_ROLLINS
	Account Name:		JUBI80245$
	Account Domain:		JUBILIFE
	Logon ID:		0x6F6166

Logon Type:			3

This event is generated when a logon session is destroyed. It may be positively correlated with a logon event using the Logon ID value. Logon IDs are only unique between reboots
on the same computer.",-,12545,DUNCAN_ROLLINS
1681856244,4634,Information,"An account was logged off.

Subject:
	Security ID:		JUBILIFE\RILEY_PRUITT
	Account Name:		JUBI70796$
	Account Domain:		JUBILIFE
	Logon ID:		0x616E74

Logon Type:			11

This event is generated when a logon session is destroyed. It may be positively correlated with a logon event using the Logon ID value. Logon IDs are only unique between reboots
on the same computer.",-,12545,RILEY_PRUITT
1681856258,4634,Information,"An account was logged off.

Subject:
	Security ID:		JUBILIFE\MARLA_SULLIVAN
	Account Name:		JUBI58785$
	Account Domain:		JUBILIFE
	Logon ID:		0x6F696C

Logon Type:			3

This event is generated when a logon session is destroyed. It may be positively correlated with a logon event using the Logon ID value. Logon IDs are only unique between reboots
on the same computer.",-,12545,MARLA_SULLIVAN
1681856259,4634,Information,"An account was logged off.

Subject:
	Security ID:		JUBILIFE\LOLITA_MARTINEZ
	Account Name:		JUBI17357$
	Account Domain:		JUBILIFE
	Logon ID:		0x776F65

Logon Type:			3

This event is generated when a logon session is destroyed. It may be positively correlated with a logon event using the Logon ID value. Logon IDs are only unique between reboots
on the same computer.",-,12545,LOLITA_MARTINEZ
1681856262,4634,Information,"An account was logged off.

Subject:
	Security ID:		JUBILIFE\ALLIE_RODGERS
	Account Name:		JUBI31663$
	Account Domain:		JUBILIFE
	Logon ID:		0x657665

Logon Type:			11

This event is generated when a logon session is destroyed. It may be positively correlated with a logon event using the Logon ID value. Logon IDs are only unique between reboots
on the same computer.",-,12545,ALLIE_RODGERS
1681856271,4634,Information,"An account was logged off.

Subject:
	Security ID:		JUBILIFE\JAMAL_KEITH
	Account Name:		JUBI75053$
	Account Domain:		JUBILIFE
	Logon ID:		0x67616C

Logon Type:			11

This event is generated when a logon session is destroyed. It may be positively correlated with a logon event using the Logon ID value. Logon IDs are only unique between reboots
on the same computer.",C:\Windows\System32\svchost.exe,12545,JAMAL_KEITH
1681856277,4634,Information,"An account was logged off.

Subject:
	Security ID:		JUBILIFE\ELISA_TERRELL
	Account Name:		JUBI13542$
	Account Domain:		JUBILIFE
	Logon ID:		0x737565

Logon Type:			2

This event is generated when a logon session is destroyed. It may be positively correlated with a logon event using the Logon ID value. Logon IDs are only unique between reboots
on the same computer.",C:\Windows\System32\svchost.exe,12545,ELISA_TERRELL
1681856280,4634,Information,"An account was logged off.

Subject:
	Security ID:		JUBILIFE\EMMA_LOWE
	Account Name:		JUBI69029$
	Account Domain:		JUBILIFE
	Logon ID:		0x617865

Logon Type:			3

This event is generated when a logon session is destroyed. It may be positively correlated with a logon event using the Logon ID value. Logon IDs are only unique between reboots
on the same computer.",-,12545,EMMA_LOWE
1681856299,4634,Information,"An account was logged off.

Subject:
	Security ID:		JUBILIFE\JO_CAMACHO
	Account Name:		JUBI47895$
	Account Domain:		JUBILIFE
	Logon ID:		0x66726F

Logon Type:			11

This event is generated when a logon session is destroyed. It may be positively correlated with a logon event using the Logon ID value. Logon IDs are only unique between reboots
on the same computer.",C:\Windows\System32\svchost.exe,12545,JO_CAMACHO
1681856304,4634,Information,"An account was logged off.

Subject:
	Security ID:		JUBILIFE\REBECCA_OSBORN
	Account Name:		JUBI34453$
	Account Domain:		JUBILIFE
	Logon ID:		0x626F62

Logon Type:			11

This event is generated when a logon session is destroyed. It may be positively correlated with a logon event using the Logon ID value. Logon IDs are only unique between reboots
on the same computer.",C:\Windows\System32\svchost.exe,12545,REBECCA_OSBORN
1681856309,4634,Information,"An account was logged off.

Subject:
	Security ID:		JUBILIFE\GINO_MILLER
	Account Name:		JUBI22581$
	Account Domain:		JUBILIFE
	Logon ID:		0x472773

Logon Type:			11

This event is generated when a logon session is destroyed. It may be positively correlated with a logon event using the Logon ID value. Logon IDs are only unique between reboots
on the same computer.",-,12545,GINO_MILLER
1681856311,4634,Information,"An account was logged off.

Subject:
	Security ID:		JUBILIFE\LUCILE_GRIFFIN
	Account Name:		JUBI14883$
	Account Domain:		JUBILIFE
	Logon ID:		0x6C7965

Logon Type:			11

This event is generated when a logon session is destroyed. It may be positively correlated with a logon event using the Logon ID value. Logon IDs are only unique between reboots
on the same computer.",C:\Windows\System32\svchost.exe,12545,LUCILE_GRIFFIN
1681856314,4634,Information,"An account was logged off.

Subject:
	Security ID:		JUBILIFE\FREDERIC_BATES
	Account Name:		JUBI01179$
	Account Domain:		JUBILIFE
	Logon ID:		0x73756D

Logon Type:			11

This event is generated when a logon session is destroyed. It may be positively correlated with a logon event using the Logon ID value. Logon IDs are only unique between reboots
on the same computer.",C:\Windows\System32\svchost.exe,12545,FREDERIC_BATES
1681856317,4634,Information,"An account was logged off.

Subject:
	Security ID:		JUBILIFE\JULES_MANN
	Account Name:		JUBI46002$
	Account Domain:		JUBILIFE
	Logon ID:		0x776F6E

Logon Type:			11

This event is generated when a logon session is destroyed. It may be positively correlated with a logon event using the Logon ID value. Logon IDs are only unique between reboots
on the same computer.",-,12545,JULES_MANN
1681856326,4634,Information,"An account was logged off.

Subject:
	Security ID:		JUBILIFE\RHEA_ATKINSON
	Account Name:		JUBI71445$
	Account Domain:		JUBILIFE
	Logon ID:		0x706974

Logon Type:			3

This event is generated when a logon session is destroyed. It may be positively correlated with a logon event using the Logon ID value. Logon IDs are only unique between reboots
on the same computer.",-,12545,RHEA_ATKINSON
1681856328,4634,Information,"An account was logged off.

Subject:
	Security ID:		JUBILIFE\MAXINE_CHANEY
	Account Name:		JUBI19681$
	Account Domain:		JUBILIFE
	Logon ID:		0x656174

Logon Type:			3

This event is generated when a logon session is destroyed. It may be positively correlated with a logon event using the Logon ID value. Logon IDs are only unique between reboots
on the same computer.",-,12545,MAXINE_CHANEY
1681856333,4634,Information,"An account was logged off.

Subject:
	Security ID:		JUBILIFE\ROWENA_CONRAD
	Account Name:		JUBI15126$
	Account Domain:		JUBILIFE
	Logon ID:		0x66657A

Logon Type:			3

This event is generated when a logon session is destroyed. It may be positively correlated with a logon event using the Logon ID value. Logon IDs are only unique between reboots
on the same computer.",-,12545,ROWENA_CONRAD
1681856335,4634,Information,"An account was logged off.

Subject:
	Security ID:		JUBILIFE\SOCORRO_FOLEY
	Account Name:		JUBI67313$
	Account Domain:		JUBILIFE
	Logon ID:		0x572773

Logon Type:			2

This event is generated when a logon session is destroyed. It may be positively correlated with a logon event using the Logon ID value. Logon IDs are only unique between reboots
on the same computer.",C:\Windows\System32\winlogon.exe,12545,SOCORRO_FOLEY
1681856336,4634,Information,"An account was logged off.

Subject:
	Security ID:		JUBILIFE\JEANETTE_ESTRADA
	Account Name:		JUBI92015$
	Account Domain:		JUBILIFE
	Logon ID:		0x616365

Logon Type:			2

This event is generated when a logon session is destroyed. It may be positively correlated with a logon event using the Logon ID value. Logon IDs are only unique between reboots
on the same computer.",C:\Windows\System32\winlogon.exe,12545,JEANETTE_ESTRADA
1681856339,4634,Information,"An account was logged off.

Subject:
	Security ID:		JUBILIFE\LEROY_VAUGHAN
	Account Name:		JUBI84881$
	Account Domain:		JUBILIFE
	Logon ID:		0x616E64

Logon Type:			11

This event is generated when a logon session is destroyed. It may be positively correlated with a logon event using the Logon ID value. Logon IDs are only unique between reboots
on the same computer.",C:\Windows\System32\svchost.exe,12545,LEROY_VAUGHAN
1681856344,4634,Information,"An account was logged off.

Subject:
	Security ID:		JUBILIFE\ERMA_EMERSON
	Account Name:		JUBI59619$
	Account Domain:		JUBILIFE
	Logon ID:		0x6E696C

Logon Type:			2

This event is generated when a logon session is destroyed. It may be positively correlated with a logon event using the Logon ID value. Logon IDs are only unique between reboots
on the same computer.",C:\Windows\System32\svchost.exe,12545,ERMA_EMERSON
1681856355,4634,Information,"An account was logged off.

Subject:
	Security ID:		JUBILIFE\CHARLEY_ONEIL
	Account Name:		JUBI11790$
	Account Domain:		JUBILIFE
	Logon ID:		0x6E6167

Logon Type:			11

This event is generated when a logon session is destroyed. It may be positively correlated with a logon event using the Logon ID value. Logon IDs are only unique between reboots
on the same computer.",C:\Windows\System32\svchost.exe,12545,CHARLEY_ONEIL
1681856359,4634,Information,"An account was logged off.

Subject:
	Security ID:		JUBILIFE\LUCIANO_BURT
	Account Name:		JUBI35479$
	Account Domain:		JUBILIFE
	Logon ID:		0x706973

Logon Type:			3

This event is generated when a logon session is destroyed. It may be positively correlated with a logon event using the Logon ID value. Logon IDs are only unique between reboots
on the same computer.",-,12545,LUCIANO_BURT
1681856366,4634,Information,"An account was logged off.

Subject:
	Security ID:		JUBILIFE\LETICIA_PERRY
	Account Name:		JUBI32982$
	Account Domain:		JUBILIFE
	Logon ID:		0x6F7572

Logon Type:			11

This event is generated when a logon session is destroyed. It may be positively correlated with a logon event using the Logon ID value. Logon IDs are only unique between reboots
on the same computer.",-,12545,LETICIA_PERRY
1681856377,4634,Information,"An account was logged off.

Subject:
	Security ID:		JUBILIFE\VITO_HARRELL
	Account Name:		JUBI16546$
	Account Domain:		JUBILIFE
	Logon ID:		0x532773

Logon Type:			11

This event is generated when a logon session is destroyed. It may be positively correlated with a logon event using the Logon ID value. Logon IDs are only unique between reboots
on the same computer.",-,12545,VITO_HARRELL
1681856386,4634,Information,"An account was logged off.

Subject:
	Security ID:		JUBILIFE\ISAAC_MORALES
	Account Name:		JUBI48754$
	Account Domain:		JUBILIFE
	Logon ID:		0x746170

Logon Type:			2

This event is generated when a logon session is destroyed. It may be positively correlated with a logon event using the Logon ID value. Logon IDs are only unique between reboots
on the same computer.",C:\Windows\System32\svchost.exe,12545,ISAAC_MORALES
1681856388,4634,Information,"An account was logged off.

Subject:
	Security ID:		JUBILIFE\LETICIA_BERG
	Account Name:		JUBI51013$
	Account Domain:		JUBILIFE
	Logon ID:		0x746170

Logon Type:			3

This event is generated when a logon session is destroyed. It may be positively correlated with a logon event using the Logon ID value. Logon IDs are only unique between reboots
on the same computer.",-,12545,LETICIA_BERG
1681856397,4634,Information,"An account was logged off.

Subject:
	Security ID:		JUBILIFE\BRENDA_SANTOS
	Account Name:		JUBI21131$
	Account Domain:		JUBILIFE
	Logon ID:		0x657965

Logon Type:			2

This event is generated when a logon session is destroyed. It may be positively correlated with a logon event using the Logon ID value. Logon IDs are only unique between reboots
on the same computer.",C:\Windows\System32\winlogon.exe,12545,BRENDA_SANTOS
1681856407,4634,Information,"An account was logged off.

Subject:
	Security ID:		JUBILIFE\CAITLIN_HOWE
	Account Name:		JUBI62589$
	Account Domain:		JUBILIFE
	Logon ID:		0x706967

Logon Type:			2

This event is generated when a logon session is destroyed. It may be positively correlated with a logon event using the Logon ID value. Logon IDs are only unique between reboots
on the same computer.",C:\Windows\System32\svchost.exe,12545,CAITLIN_HOWE
1681856415,4634,Information,"An account was logged off.

Subject:
	Security ID:		JUBILIFE\MAURICE_BUCKNER
	Account Name:		JUBI89424$
	Account Domain:		JUBILIFE
	Logon ID:		0x736978

Logon Type:			3

This event is generated when a logon session is destroyed. It may be positively correlated with a logon event using the Logon ID value. Logon IDs are only unique between reboots
on the same computer.",-,12545,MAURICE_BUCKNER
1681856431,4634,Information,"An account was logged off.

Subject:
	Security ID:		JUBILIFE\MAI_CERVANTES
	Account Name:		JUBI35394$
	Account Domain:		JUBILIFE
	Logon ID:		0x64696E

Logon Type:			11

This event is generated when a logon session is destroyed. It may be positively correlated with a logon event using the Logon ID value. Logon IDs are only unique between reboots
on the same computer.",-,12545,MAI_CERVANTES
1681856444,4634,Information,"An account was logged off.

Subject:
	Security ID:		JUBILIFE\GUADALUPE_SHAW
	Account Name:		JUBI99572$
	Account Domain:		JUBILIFE
	Logon ID:		0x656172

Logon Type:			3

This event is generated when a logon session is destroyed. It may be positively correlated with a logon event using the Logon ID value. Logon IDs are only unique between reboots
on the same computer.",-,12545,GUADALUPE_SHAW
1681856450,4634,Information,"An account was logged off.

Subject:
	Security ID:		JUBILIFE\SHARI_MORRISON
	Account Name:		JUBI52188$
	Account Domain:		JUBILIFE
	Logon ID:		0x736164

Logon Type:			11

This event is generated when a logon session is destroyed. It may be positively correlated with a logon event using the Logon ID value. Logon IDs are only unique between reboots
on the same computer.",-,12545,SHARI_MORRISON
1681856457,4634,Information,"An account was logged off.

Subject:
	Security ID:		JUBILIFE\CARMEN_PETERS
	Account Name:		JUBI34506$
	Account Domain:		JUBILIFE
	Logon ID:		0x696C6C

Logon Type:			2

This event is generated when a logon session is destroyed. It may be positively correlated with a logon event using the Logon ID value. Logon IDs are only unique between reboots
on the same computer.",C:\Windows\System32\winlogon.exe,12545,CARMEN_PETERS
1681856457,4634,Information,"An account was logged off.

Subject:
	Security ID:		JUBILIFE\LYNN_HULL
	Account Name:		JUBI82084$
	Account Domain:		JUBILIFE
	Logon ID:		0x736179

Logon Type:			11

This event is generated when a logon session is destroyed. It may be positively correlated with a logon event using the Logon ID value. Logon IDs are only unique between reboots
on the same computer.",-,12545,LYNN_HULL
1681856458,4634,Information,"An account was logged off.

Subject:
	Security ID:		JUBILIFE\MARISA_HARTMAN
	Account Name:		JUBI91077$
	Account Domain:		JUBILIFE
	Logon ID:		0x666164

Logon Type:			2

This event is generated when a logon session is destroyed. It may be positively correlated with a logon event using the Logon ID value. Logon IDs are only unique between reboots
on the same computer.",C:\Windows\System32\svchost.exe,12545,MARISA_HARTMAN
1681856462,4634,Information,"An account was logged off.

Subject:
	Security ID:		JUBILIFE\ALFONSO_RAMSEY
	Account Name:		JUBI92030$
	Account Domain:		JUBILIFE
	Logon ID:		0x6F7661

Logon Type:			11

This event is generated when a logon session is destroyed. It may be positively correlated with a logon event using the Logon ID value. Logon IDs are only unique between reboots
on the same computer.",C:\Windows\System32\svchost.exe,12545,ALFONSO_RAMSEY
1681856464,4634,Information,"An account was logged off.

Subject:
	Security ID:		JUBILIFE\SARA_DANIEL
	Account Name:		JUBI99740$
	Account Domain:		JUBILIFE
	Logon ID:		0x796F75

Logon Type:			11

This event is generated when a logon session is destroyed. It may be positively correlated with a logon event using the Logon ID value. Logon IDs are only unique between reboots
on the same computer.",-,12545,SARA_DANIEL
1681856471,4634,Information,"An account was logged off.

Subject:
	Security ID:		JUBILIFE\PATTY_SALAS
	Account Name:		JUBI99362$
	Account Domain:		JUBILIFE
	Logon ID:		0x776164

Logon Type:			3

This event is generated when a logon session is destroyed. It may be positively correlated with a logon event using the Logon ID value. Logon IDs are only unique between reboots
on the same computer.",-,12545,PATTY_SALAS
1681856485,4634,Information,"An account was logged off.

Subject:
	Security ID:		JUBILIFE\ANDERSON_SANTOS
	Account Name:		JUBI62465$
	Account Domain:		JUBILIFE
	Logon ID:		0x6A6F62

Logon Type:			2

This event is generated when a logon session is destroyed. It may be positively correlated with a logon event using the Logon ID value. Logon IDs are only unique between reboots
on the same computer.",C:\Windows\System32\winlogon.exe,12545,ANDERSON_SANTOS
1681856486,4634,Information,"An account was logged off.

Subject:
	Security ID:		JUBILIFE\MARINA_SOSA
	Account Name:		JUBI79496$
	Account Domain:		JUBILIFE
	Logon ID:		0x696D70

Logon Type:			3

This event is generated when a logon session is destroyed. It may be positively correlated with a logon event using the Logon ID value. Logon IDs are only unique between reboots
on the same computer.",-,12545,MARINA_SOSA
1681856487,4634,Information,"An account was logged off.

Subject:
	Security ID:		JUBILIFE\BETTIE_GUERRA
	Account Name:		JUBI27333$
	Account Domain:		JUBILIFE
	Logon ID:		0x697473

Logon Type:			11

This event is generated when a logon session is destroyed. It may be positively correlated with a logon event using the Logon ID value. Logon IDs are only unique between reboots
on the same computer.",C:\Windows\System32\svchost.exe,12545,BETTIE_GUERRA
1681856498,4634,Information,"An account was logged off.

Subject:
	Security ID:		JUBILIFE\AUDREY_BANKS
	Account Name:		JUBI66732$
	Account Domain:		JUBILIFE
	Logon ID:		0x706170

Logon Type:			2

This event is generated when a logon session is destroyed. It may be positively correlated with a logon event using the Logon ID value. Logon IDs are only unique between reboots
on the same computer.",C:\Windows\System32\svchost.exe,12545,AUDREY_BANKS
1681856498,4634,Information,"An account was logged off.

Subject:
	Security ID:		JUBILIFE\TERRA_TATE
	Account Name:		JUBI94169$
	Account Domain:		JUBILIFE
	Logon ID:		0x666164

Logon Type:			11

This event is generated when a logon session is destroyed. It may be positively correlated with a logon event using the Logon ID value. Logon IDs are only unique between reboots
on the same computer.",-,12545,TERRA_TATE
1681856502,4634,Information,"An account was logged off.

Subject:
	Security ID:		JUBILIFE\LEAH_HART
	Account Name:		JUBI13648$
	Account Domain:		JUBILIFE
	Logon ID:		0x4B2773

Logon Type:			3

This event is generated when a logon session is destroyed. It may be positively correlated with a logon event using the Logon ID value. Logon IDs are only unique between reboots
on the same computer.",-,12545,LEAH_HART
1681856513,4634,Information,"An account was logged off.

Subject:
	Security ID:		JUBILIFE\BARBARA_VEGA
	Account Name:		JUBI22247$
	Account Domain:		JUBILIFE
	Logon ID:		0x756768

Logon Type:			11

This event is generated when a logon session is destroyed. It may be positively correlated with a logon event using the Logon ID value. Logon IDs are only unique between reboots
on the same computer.",-,12545,BARBARA_VEGA
1681856522,4634,Information,"An account was logged off.

Subject:
	Security ID:		JUBILIFE\DARLA_GOULD
	Account Name:		JUBI97810$
	Account Domain:		JUBILIFE
	Logon ID:		0x61726D

Logon Type:			11

This event is generated when a logon session is destroyed. It may be positively correlated with a logon event using the Logon ID value. Logon IDs are only unique between reboots
on the same computer.",C:\Windows\System32\svchost.exe,12545,DARLA_GOULD
1681856560,4634,Information,"An account was logged off.

Subject:
	Security ID:		JUBILIFE\BRUCE_GUTHRIE
	Account Name:		JUBI31713$
	Account Domain:		JUBILIFE
	Logon ID:		0x706967

Logon Type:			3

This event is generated when a logon session is destroyed. It may be positively correlated with a logon event using the Logon ID value. Logon IDs are only unique between reboots
on the same computer.",-,12545,BRUCE_GUTHRIE
1681856561,4634,Information,"An account was logged off.

Subject:
	Security ID:		JUBILIFE\NORBERT_HOWE
	Account Name:		JUBI97777$
	Account Domain:		JUBILIFE
	Logon ID:		0x6D6170

Logon Type:			11

This event is generated when a logon session is destroyed. It may be positively correlated with a logon event using the Logon ID value. Logon IDs are only unique between reboots
on the same computer.",C:\Windows\System32\svchost.exe,12545,NORBERT_HOWE
1681856563,4634,Information,"An account was logged off.

Subject:
	Security ID:		JUBILIFE\LUIS_SALAS
	Account Name:		JUBI44061$
	Account Domain:		JUBILIFE
	Logon ID:		0x6F6C64

Logon Type:			3

This event is generated when a logon session is destroyed. It may be positively correlated with a logon event using the Logon ID value. Logon IDs are only unique between reboots
on the same computer.",-,12545,LUIS_SALAS
1681856583,4634,Information,"An account was logged off.

Subject:
	Security ID:		JUBILIFE\PRISCILLA_DILLON
	Account Name:		JUBI46141$
	Account Domain:		JUBILIFE
	Logon ID:		0x776F6F

Logon Type:			2

This event is generated when a logon session is destroyed. It may be positively correlated with a logon event using the Logon ID value. Logon IDs are only unique between reboots
on the same computer.",C:\Windows\System32\svchost.exe,12545,PRISCILLA_DILLON
1681856584,4634,Information,"An account was logged off.

Subject:
	Security ID:		JUBILIFE\LORI_FRANCIS
	Account Name:		JUBI49420$
	Account Domain:		JUBILIFE
	Logon ID:		0x766F77

Logon Type:			2

This event is generated when a logon session is destroyed. It may be positively correlated with a logon event using the Logon ID value. Logon IDs are only unique between reboots
on the same computer.",C:\Windows\System32\winlogon.exe,12545,LORI_FRANCIS
1681856592,4634,Information,"An account was logged off.

Subject:
	Security ID:		JUBILIFE\AURORA_MORAN
	Account Name:		JUBI22209$
	Account Domain:		JUBILIFE
	Logon ID:		0x562773

Logon Type:			2

This event is generated when a logon session is destroyed. It may be positively correlated with a logon event using the Logon ID value. Logon IDs are only unique between reboots
on the same computer.",C:\Windows\System32\svchost.exe,12545,AURORA_MORAN
1681856603,4634,Information,"An account was logged off.

Subject:
	Security ID:		JUBILIFE\MARIBEL_NIXON
	Account Name:		JUBI05963$
	Account Domain:		JUBILIFE
	Logon ID:		0x616765

Logon Type:			11

This event is generated when a logon session is destroyed. It may be positively correlated with a logon event using the Logon ID value. Logon IDs are only unique between reboots
on the same computer.",-,12545,MARIBEL_NIXON
1681856607,4634,Information,"An account was logged off.

Subject:
	Security ID:		JUBILIFE\DARIO_VELAZQUEZ
	Account Name:		JUBI54818$
	Account Domain:		JUBILIFE
	Logon ID:		0x6F6464

Logon Type:			2

This event is generated when a logon session is destroyed. It may be positively correlated with a logon event using the Logon ID value. Logon IDs are only unique between reboots
on the same computer.",C:\Windows\System32\svchost.exe,12545,DARIO_VELAZQUEZ
1681856607,4634,Information,"An account was logged off.

Subject:
	Security ID:		JUBILIFE\CLAIRE_HARVEY
	Account Name:		JUBI31695$
	Account Domain:		JUBILIFE
	Logon ID:		0x4F2773

Logon Type:			2

This event is generated when a logon session is destroyed. It may be positively correlated with a logon event using the Logon ID value. Logon IDs are only unique between reboots
on the same computer.",C:\Windows\System32\winlogon.exe,12545,CLAIRE_HARVEY
1681856623,4634,Information,"An account was logged off.

Subject:
	Security ID:		JUBILIFE\JOLENE_WRIGHT
	Account Name:		JUBI47845$
	Account Domain:		JUBILIFE
	Logon ID:		0x542773

Logon Type:			3

This event is generated when a logon session is destroyed. It may be positively correlated with a logon event using the Logon ID value. Logon IDs are only unique between reboots
on the same computer.",-,12545,JOLENE_WRIGHT
1681856623,4634,Information,"An account was logged off.

Subject:
	Security ID:		JUBILIFE\ALDEN_VALENZUELA
	Account Name:		JUBI68016$
	Account Domain:		JUBILIFE
	Logon ID:		0x736163

Logon Type:			3

This event is generated when a logon session is destroyed. It may be positively correlated with a logon event using the Logon ID value. Logon IDs are only unique between reboots
on the same computer.",-,12545,ALDEN_VALENZUELA
1681856637,4634,Information,"An account was logged off.

Subject:
	Security ID:		JUBILIFE\LENNY_MCCONNELL
	Account Name:		JUBI94772$
	Account Domain:		JUBILIFE
	Logon ID:		0x726167

Logon Type:			2

This event is generated when a logon session is destroyed. It may be positively correlated with a logon event using the Logon ID value. Logon IDs are only unique between reboots
on the same computer.",C:\Windows\System32\svchost.exe,12545,LENNY_MCCONNELL
1681856641,4634,Information,"An account was logged off.

Subject:
	Security ID:		JUBILIFE\ERNEST_SALINAS
	Account Name:		JUBI85592$
	Account Domain:		JUBILIFE
	Logon ID:		0x666972

Logon Type:			11

This event is generated when a logon session is destroyed. It may be positively correlated with a logon event using the Logon ID value. Logon IDs are only unique between reboots
on the same computer.",-,12545,ERNEST_SALINAS
1681856645,4634,Information,"An account was logged off.

Subject:
	Security ID:		JUBILIFE\EUNICE_FERRELL
	Account Name:		JUBI27890$
	Account Domain:		JUBILIFE
	Logon ID:		0x686F70

Logon Type:			3

This event is generated when a logon session is destroyed. It may be positively correlated with a logon event using the Logon ID value. Logon IDs are only unique between reboots
on the same computer.",-,12545,EUNICE_FERRELL
1681856649,4634,Information,"An account was logged off.

Subject:
	Security ID:		JUBILIFE\OFELIA_BARKER
	Account Name:		JUBI13488$
	Account Domain:		JUBILIFE
	Logon ID:		0x666972

Logon Type:			3

This event is generated when a logon session is destroyed. It may be positively correlated with a logon event using the Logon ID value. Logon IDs are only unique between reboots
on the same computer.",-,12545,OFELIA_BARKER
1681856661,4634,Information,"An account was logged off.

Subject:
	Security ID:		JUBILIFE\REX_KELLY
	Account Name:		JUBI32154$
	Account Domain:		JUBILIFE
	Logon ID:		0x706177

Logon Type:			11

This event is generated when a logon session is destroyed. It may be positively correlated with a logon event using the Logon ID value. Logon IDs are only unique between reboots
on the same computer.",C:\Windows\System32\svchost.exe,12545,REX_KELLY
1681856665,4634,Information,"An account was logged off.

Subject:
	Security ID:		JUBILIFE\MARIANO_WARD
	Account Name:		JUBI47919$
	Account Domain:		JUBILIFE
	Logon ID:		0x72616E

Logon Type:			3

This event is generated when a logon session is destroyed. It may be positively correlated with a logon event using the Logon ID value. Logon IDs are only unique between reboots
on the same computer.",-,12545,MARIANO_WARD
1681856685,4634,Information,"An account was logged off.

Subject:
	Security ID:		JUBILIFE\TYLER_MIDDLETON
	Account Name:		JUBI28613$
	Account Domain:		JUBILIFE
	Logon ID:		0x636F6E

Logon Type:			2

This event is generated when a logon session is destroyed. It may be positively correlated with a logon event using the Logon ID value. Logon IDs are only unique between reboots
on the same computer.",C:\Windows\System32\winlogon.exe,12545,TYLER_MIDDLETON
1681856685,4634,Information,"An account was logged off.

Subject:
	Security ID:		JUBILIFE\MURIEL_FLYNN
	Account Name:		JUBI00592$
	Account Domain:		JUBILIFE
	Logon ID:		0x6D6179

Logon Type:			11

This event is generated when a logon session is destroyed. It may be positively correlated with a logon event using the Logon ID value. Logon IDs are only unique between reboots
on the same computer.",C:\Windows\System32\svchost.exe,12545,MURIEL_FLYNN
1681856941,4634,Information,"An account was logged off.

Subject:
	Security ID:		JUBILIFE\ERIKA_LEBLANC
	Account Name:		JUBI24064$
	Account Domain:		JUBILIFE
	Logon ID:		0x776967

Logon Type:			11

This event is generated when a logon session is destroyed. It may be positively correlated with a logon event using the Logon ID value. Logon IDs are only unique between reboots
on the same computer.",C:\Windows\System32\svchost.exe,12545,ERIKA_LEBLANC
1681857025,4634,Information,"An account was logged off.

Subject:
	Security ID:		JUBILIFE\JOAQUIN_PHELPS
	Account Name:		JUBI96107$
	Account Domain:		JUBILIFE
	Logon ID:		0x646965

Logon Type:			2

This event is generated when a logon session is destroyed. It may be positively correlated with a logon event using the Logon ID value. Logon IDs are only unique between reboots
on the same computer.",C:\Windows\System32\svchost.exe,12545,JOAQUIN_PHELPS
1681857473,4634,Information,"An account was logged off.

Subject:
	Security ID:		JUBILIFE\SYLVIA_GRIFFITH
	Account Name:		JUBI73306$
	Account Domain:		JUBILIFE
	Logon ID:		0x77686F

Logon Type:			3

This event is generated when a logon session is destroyed. It may be positively correlated with a logon event using the Logon ID value. Logon IDs are only unique between reboots
on the same computer.",-,12545,SYLVIA_GRIFFITH
1681857631,4634,Information,"An account was logged off.

Subject:
	Security ID:		JUBILIFE\VERN_MCMAHON
	Account Name:		JUBI70037$
	Account Domain:		JUBILIFE
	Logon ID:		0x77697A

Logon Type:			11

This event is generated when a logon session is destroyed. It may be positively correlated with a logon event using the Logon ID value. Logon IDs are only unique between reboots
on the same computer.",C:\Windows\System32\svchost.exe,12545,VERN_MCMAHON
1681857855,4634,Information,"An account was logged off.

Subject:
	Security ID:		JUBILIFE\ELMA_MOODY
	Account Name:		JUBI83537$
	Account Domain:		JUBILIFE
	Logon ID:		0x646162

Logon Type:			2

This event is generated when a logon session is destroyed. It may be positively correlated with a logon event using the Logon ID value. Logon IDs are only unique between reboots
on the same computer.",C:\Windows\System32\winlogon.exe,12545,ELMA_MOODY
1681858077,4634,Information,"An account was logged off.

Subject:
	Security ID:		JUBILIFE\NESTOR_BENNETT
	Account Name:		JUBI47990$
	Account Domain:		JUBILIFE
	Logon ID:		0x706567

Logon Type:			3

This event is generated when a logon session is destroyed. It may be positively correlated with a logon event using the Logon ID value. Logon IDs are only unique between reboots
on the same computer.",-,12545,NESTOR_BENNETT
1681858163,4634,Information,"An account was logged off.

Subject:
	Security ID:		JUBILIFE\LANCE_DURHAM
	Account Name:		JUBI24962$
	Account Domain:		JUBILIFE
	Logon ID:		0x656262

Logon Type:			3

This event is generated when a logon session is destroyed. It may be positively correlated with a logon event using the Logon ID value. Logon IDs are only unique between reboots
on the same computer.",-,12545,LANCE_DURHAM
1681858174,4634,Information,"An account was logged off.

Subject:
	Security ID:		JUBILIFE\COLLIN_DUKE
	Account Name:		JUBI78815$
	Account Domain:		JUBILIFE
	Logon ID:		0x6C6164

Logon Type:			2

This event is generated when a logon session is destroyed. It may be positively correlated with a logon event using the Logon ID value. Logon IDs are only unique between reboots
on the same computer.",C:\Windows\System32\winlogon.exe,12545,COLLIN_DUKE
1681858709,4634,Information,"An account was logged off.

Subject:
	Security ID:		JUBILIFE\CARLOS_BERG
	Account Name:		JUBI55463$
	Account Domain:		JUBILIFE
	Logon ID:		0x6C6F74

Logon Type:			3

This event is generated when a logon session is destroyed. It may be positively correlated with a logon event using the Logon ID value. Logon IDs are only unique between reboots
on the same computer.",-,12545,CARLOS_BERG
1681858762,4634,Information,"An account was logged off.

Subject:
	Security ID:		JUBILIFE\MALLORY_CRANE
	Account Name:		JUBI74825$
	Account Domain:		JUBILIFE
	Logon ID:		0x736174

Logon Type:			11

This event is generated when a logon session is destroyed. It may be positively correlated with a logon event using the Logon ID value. Logon IDs are only unique between reboots
on the same computer.",-,12545,MALLORY_CRANE
1681858776,4634,Information,"An account was logged off.

Subject:
	Security ID:		JUBILIFE\ROMEO_MCFADDEN
	Account Name:		JUBI98071$
	Account Domain:		JUBILIFE
	Logon ID:		0x6F7574

Logon Type:			11

This event is generated when a logon session is destroyed. It may be positively correlated with a logon event using the Logon ID value. Logon IDs are only unique between reboots
on the same computer.",C:\Windows\System32\svchost.exe,12545,ROMEO_MCFADDEN
1681858972,4634,Information,"An account was logged off.

Subject:
	Security ID:		JUBILIFE\CLAIR_CONRAD
	Account Name:		JUBI81171$
	Account Domain:		JUBILIFE
	Logon ID:		0x6F616B

Logon Type:			2

This event is generated when a logon session is destroyed. It may be positively correlated with a logon event using the Logon ID value. Logon IDs are only unique between reboots
on the same computer.",C:\Windows\System32\svchost.exe,12545,CLAIR_CONRAD
1681859913,4634,Information,"An account was logged off.

Subject:
	Security ID:		JUBILIFE\CHARMAINE_MEADOWS
	Account Name:		JUBI39442$
	Account Domain:		JUBILIFE
	Logon ID:		0x746167

Logon Type:			3

This event is generated when a logon session is destroyed. It may be positively correlated with a logon event using the Logon ID value. Logon IDs are only unique between reboots
on the same computer.",-,12545,CHARMAINE_MEADOWS
1681860865,4634,Information,"An account was logged off.

Subject:
	Security ID:		JUBILIFE\ANGIE_LARSEN
	Account Name:		JUBI09761$
	Account Domain:		JUBILIFE
	Logon ID:		0x646F67

Logon Type:			11

This event is generated when a logon session is destroyed. It may be positively correlated with a logon event using the Logon ID value. Logon IDs are only unique between reboots
on the same computer.",C:\Windows\System32\svchost.exe,12545,ANGIE_LARSEN
1681904544,4624,Information,"An account was successfully logged on.

Subject:
	Security ID:		S-1-5-18
	Account Name:		JUBI47172$
	Account Domain:		JUBILIFE
	Logon ID:		0x706164

Logon Type:			11

Impersonation Level:		Impersonation

New Logon:
	Security ID:		S-1-5-21-4223521121-1109782943-2127437603-1275
	Account Name:		SUSANNE_FOSTER
	Account Domain:		NT AUTHORITY
	Logon ID:		0x706164
	Logon GUID:		A002ADB5-FD56-4B3C-B8A3-9CDE2A8F2588

Process Information:
	Process ID:		0x2d
	Process Name:		-

Network Information:
	Workstation Name:	
	Source Network Address:	172.19.2.53
	Source Port:		36204

Detailed Authentication Information:
	Logon Process:		Kerberos  
	Authentication Package:	Kerberos
	Transited Services:	-
	Package Name (NTLM only):	-
	Key Length:		0

This event is generated when a logon session is created. It is generated on the computer that was accessed.

The subject fields indicate the account on the local system which requested the logon. This is most commonly a service such as the Server service, or a local process such as Winlogon.exe or Services.exe.

The logon type field indicates the kind of logon that occurred. The most common types are 2 (interactive) and 3 (network).

The New Logon fields indicate the account for whom the new logon was created, i.e. the account that was logged on.

The network fields indicate where a remote logon request originated. Workstation name is not always available and may be left blank in some cases.

The impersonation level field indicates the extent to which a process in the logon session can impersonate.

The authentication information fields provide detailed information about this specific logon request.
	- Logon GUID is a unique identifier that can be used to correlate this event with a KDC event.
	- Transited services indicate which intermediate services have participated in this logon request.
	- Package name indicates which sub-protocol was used among the NTLM protocols.
	- Key length indicates the length of the generated session key. This will be 0 if no session key was requested.",-,12544,SUSANNE_FOSTER
1681905477,4624,Information,"An account was successfully logged on.

Subject:
	Security ID:		S-1-5-18
	Account Name:		JUBI90474$
	Account Domain:		JUBILIFE
	Logon ID:		0x657665

Logon Type:			2

Impersonation Level:		Impersonation

New Logon:
	Security ID:		S-1-5-21-4223521121-1109782943-2127437603-1312
	Account Name:		BRANDEN_MCCULLOUGH
	Account Domain:		NT AUTHORITY
	Logon ID:		0x657665
	Logon GUID:		BF2FD1E5-902C-4B2C-8AE3-5CDCC1FEB463

Process Information:
	Process ID:		0x4b
	Process Name:		C:\Windows\System32\winlogon.exe

Network Information:
	Workstation Name:	
	Source Network Address:	-
	Source Port:		-

Detailed Authentication Information:
	Logon Process:		Kerberos  
	Authentication Package:	Kerberos
	Transited Services:	-
	Package Name (NTLM only):	-
	Key Length:		0

This event is generated when a logon session is created. It is generated on the computer that was accessed.

The subject fields indicate the account on the local system which requested the logon. This is most commonly a service such as the Server service, or a local process such as Winlogon.exe or Services.exe.

The logon type field indicates the kind of logon that occurred. The most common types are 2 (interactive) and 3 (network).

The New Logon fields indicate the account for whom the new logon was created, i.e. the account that was logged on.

The network fields indicate where a remote logon request originated. Workstation name is not always available and may be left blank in some cases.

The impersonation level field indicates the extent to which a process in the logon session can impersonate.

The authentication information fields provide detailed information about this specific logon request.
	- Logon GUID is a unique identifier that can be used to correlate this event with a KDC event.
	- Transited services indicate which intermediate services have participated in this logon request.
	- Package name indicates which sub-protocol was used among the NTLM protocols.
	- Key length indicates the length of the generated session key. This will be 0 if no session key was requested.",C:\Windows\System32\winlogon.exe,12544,BRANDEN_MCCULLOUGH
1681905684,4624,Information,"An account was successfully logged on.

Subject:
	Security ID:		S-1-5-18
	Account Name:		JUBI63894$
	Account Domain:		JUBILIFE
	Logon ID:		0x766574

Logon Type:			3

Impersonation Level:		Impersonation

New Logon:
	Security ID:		S-1-5-21-4223521121-1109782943-2127437603-1119
	Account Name:		LEONARDO_COLLIER
	Account Domain:		NT AUTHORITY
	Logon ID:		0x766574
	Logon GUID:		18E160A5-19C6-4798-B406-F37FB32BAC4A

Process Information:
	Process ID:		0x0
	Process Name:		-

Network Information:
	Workstation Name:	
	Source Network Address:	172.19.9.61
	Source Port:		56751

Detailed Authentication Information:
	Logon Process:		Kerberos  
	Authentication Package:	Kerberos
	Transited Services:	-
	Package Name (NTLM only):	-
	Key Length:		0

This event is generated when a logon session is created. It is generated on the computer that was accessed.

The subject fields indicate the account on the local system which requested the logon. This is most commonly a service such as the Server service, or a local process such as Winlogon.exe or Services.exe.

The logon type field indicates the kind of logon that occurred. The most common types are 2 (interactive) and 3 (network).

The New Logon fields indicate the account for whom the new logon was created, i.e. the account that was logged on.

The network fields indicate where a remote logon request originated. Workstation name is not always available and may be left blank in some cases.

The impersonation level field indicates the extent to which a process in the logon session can impersonate.

The authentication information fields provide detailed information about this specific logon request.
	- Logon GUID is a unique identifier that can be used to correlate this event with a KDC event.
	- Transited services indicate which intermediate services have participated in this logon request.
	- Package name indicates which sub-protocol was used among the NTLM protocols.
	- Key length indicates the length of the generated session key. This will be 0 if no session key was requested.",-,12544,LEONARDO_COLLIER
