1681926388,4624,Information,"An account was successfully logged on.

Subject:
	Security ID:		S-1-5-18
	Account Name:		JUBI31695$
	Account Domain:		JUBILIFE
	Logon ID:		0x4F2773

Logon Type:			2

Impersonation Level:		Impersonation

New Logon:
	Security ID:		S-1-5-21-4223521121-1109782943-2127437603-1202
	Account Name:		CLAIRE_HARVEY
	Account Domain:		NT AUTHORITY
	Logon ID:		0x4F2773
	Logon GUID:		34042969-4909-4CC9-ACCA-8205DC47922D

Process Information:
	Process ID:		0xc
	Process Name:		C:\Windows\System32\svchost.exe

Network Information:
	Workstation Name:	
	Source Network Address:	-
	Source Port:		-

Detailed Authentication Information:
	Logon Process:		Kerberos  
	Authentication Package:	Kerberos
	Transited Services:	-
	Package Name (NTLM only):	-
	Key Length:		0

This event is generated when a logon session is created. It is generated on the computer that was accessed.

The subject fields indicate the account on the local system which requested the logon. This is most commonly a service such as the Server service, or a local process such as Winlogon.exe or Services.exe.

The logon type field indicates the kind of logon that occurred. The most common types are 2 (interactive) and 3 (network).

The New Logon fields indicate the account for whom the new logon was created, i.e. the account that was logged on.

The network fields indicate where a remote logon request originated. Workstation name is not always available and may be left blank in some cases.

The impersonation level field indicates the extent to which a process in the logon session can impersonate.

The authentication information fields provide detailed information about this specific logon request.
	- Logon GUID is a unique identifier that can be used to correlate this event with a KDC event.
	- Transited services indicate which intermediate services have participated in this logon request.
	- Package name indicates which sub-protocol was used among the NTLM protocols.
	- Key length indicates the length of the generated session key. This will be 0 if no session key was requested.",C:\Windows\System32\svchost.exe,12544,CLAIRE_HARVEY
1681926868,4634,Information,"An account was logged off.

Subject:
	Security ID:		JUBILIFE\MURIEL_FLYNN
	Account Name:		JUBI00592$
	Account Domain:		JUBILIFE
	Logon ID:		0x6D6179

Logon Type:			11

This event is generated when a logon session is destroyed. It may be positively correlated with a logon event using the Logon ID value. Logon IDs are only unique between reboots
on the same computer.",C:\Windows\System32\svchost.exe,12545,MURIEL_FLYNN
1681926908,4624,Information,"An account was successfully logged on.

Subject:
	Security ID:		S-1-5-18
	Account Name:		JUBI54776$
	Account Domain:		JUBILIFE
	Logon ID:		0x64616D

Logon Type:			3

Impersonation Level:		Impersonation

New Logon:
	Security ID:		S-1-5-21-4223521121-1109782943-2127437603-1406
	Account Name:		HOLLIE_WATERS
	Account Domain:		NT AUTHORITY
	Logon ID:		0x64616D
	Logon GUID:		F4C7F973-0F2E-4AEF-B99F-17B79E8EBFAF

Process Information:
	Process ID:		0x0
	Process Name:		-

Network Information:
	Workstation Name:	
	Source Network Address:	172.19.9.16
	Source Port:		29783

Detailed Authentication Information:
	Logon Process:		Kerberos  
	Authentication Package:	Kerberos
	Transited Services:	-
	Package Name (NTLM only):	-
	Key Length:		0

This event is generated when a logon session is created. It is generated on the computer that was accessed.

The subject fields indicate the account on the local system which requested the logon. This is most commonly a service such as the Server service, or a local process such as Winlogon.exe or Services.exe.

The logon type field indicates the kind of logon that occurred. The most common types are 2 (interactive) and 3 (network).

The New Logon fields indicate the account for whom the new logon was created, i.e. the account that was logged on.

The network fields indicate where a remote logon request originated. Workstation name is not always available and may be left blank in some cases.

The impersonation level field indicates the extent to which a process in the logon session can impersonate.

The authentication information fields provide detailed information about this specific logon request.
	- Logon GUID is a unique identifier that can be used to correlate this event with a KDC event.
	- Transited services indicate which intermediate services have participated in this logon request.
	- Package name indicates which sub-protocol was used among the NTLM protocols.
	- Key length indicates the length of the generated session key. This will be 0 if no session key was requested.",-,12544,HOLLIE_WATERS
1681927500,4634,Information,"An account was logged off.

Subject:
	Security ID:		JUBILIFE\ESMERALDA_SARGENT
	Account Name:		JUBI47613$
	Account Domain:		JUBILIFE
	Logon ID:		0x746F79

Logon Type:			11

This event is generated when a logon session is destroyed. It may be positively correlated with a logon event using the Logon ID value. Logon IDs are only unique between reboots
on the same computer.",-,12545,ESMERALDA_SARGENT
1681927583,4624,Information,"An account was successfully logged on.

Subject:
	Security ID:		S-1-5-18
	Account Name:		JUBI63942$
	Account Domain:		JUBILIFE
	Logon ID:		0x656172

Logon Type:			11

Impersonation Level:		Impersonation

New Logon:
	Security ID:		S-1-5-21-4223521121-1109782943-2127437603-1300
	Account Name:		JACKSON_JORDAN
	Account Domain:		NT AUTHORITY
	Logon ID:		0x656172
	Logon GUID:		F338F8C7-E65D-4F75-AE90-DA71BB7363C4

Process Information:
	Process ID:		0x1a
	Process Name:		-

Network Information:
	Workstation Name:	
	Source Network Address:	172.19.9.216
	Source Port:		48790

Detailed Authentication Information:
	Logon Process:		Kerberos  
	Authentication Package:	Kerberos
	Transited Services:	-
	Package Name (NTLM only):	-
	Key Length:		0

This event is generated when a logon session is created. It is generated on the computer that was accessed.

The subject fields indicate the account on the local system which requested the logon. This is most commonly a service such as the Server service, or a local process such as Winlogon.exe or Services.exe.

The logon type field indicates the kind of logon that occurred. The most common types are 2 (interactive) and 3 (network).

The New Logon fields indicate the account for whom the new logon was created, i.e. the account that was logged on.

The network fields indicate where a remote logon request originated. Workstation name is not always available and may be left blank in some cases.

The impersonation level field indicates the extent to which a process in the logon session can impersonate.

The authentication information fields provide detailed information about this specific logon request.
	- Logon GUID is a unique identifier that can be used to correlate this event with a KDC event.
	- Transited services indicate which intermediate services have participated in this logon request.
	- Package name indicates which sub-protocol was used among the NTLM protocols.
	- Key length indicates the length of the generated session key. This will be 0 if no session key was requested.",-,12544,JACKSON_JORDAN
1681928763,4624,Information,"An account was successfully logged on.

Subject:
	Security ID:		S-1-5-18
	Account Name:		JUBI44469$
	Account Domain:		JUBILIFE
	Logon ID:		0x697679

Logon Type:			3

Impersonation Level:		Impersonation

New Logon:
	Security ID:		S-1-5-21-4223521121-1109782943-2127437603-1388
	Account Name:		GINGER_GILMORE
	Account Domain:		NT AUTHORITY
	Logon ID:		0x697679
	Logon GUID:		E6FB2679-2209-4266-8D3D-8485FA75D5D6

Process Information:
	Process ID:		0x0
	Process Name:		-

Network Information:
	Workstation Name:	
	Source Network Address:	172.19.6.10
	Source Port:		11573

Detailed Authentication Information:
	Logon Process:		Kerberos  
	Authentication Package:	Kerberos
	Transited Services:	-
	Package Name (NTLM only):	-
	Key Length:		0

This event is generated when a logon session is created. It is generated on the computer that was accessed.

The subject fields indicate the account on the local system which requested the logon. This is most commonly a service such as the Server service, or a local process such as Winlogon.exe or Services.exe.

The logon type field indicates the kind of logon that occurred. The most common types are 2 (interactive) and 3 (network).

The New Logon fields indicate the account for whom the new logon was created, i.e. the account that was logged on.

The network fields indicate where a remote logon request originated. Workstation name is not always available and may be left blank in some cases.

The impersonation level field indicates the extent to which a process in the logon session can impersonate.

The authentication information fields provide detailed information about this specific logon request.
	- Logon GUID is a unique identifier that can be used to correlate this event with a KDC event.
	- Transited services indicate which intermediate services have participated in this logon request.
	- Package name indicates which sub-protocol was used among the NTLM protocols.
	- Key length indicates the length of the generated session key. This will be 0 if no session key was requested.",-,12544,GINGER_GILMORE
1681928974,4634,Information,"An account was logged off.

Subject:
	Security ID:		JUBILIFE\MARCEL_NOLAN
	Account Name:		JUBI37663$
	Account Domain:		JUBILIFE
	Logon ID:		0x676F74

Logon Type:			3

This event is generated when a logon session is destroyed. It may be positively correlated with a logon event using the Logon ID value. Logon IDs are only unique between reboots
on the same computer.",-,12545,MARCEL_NOLAN
1681929146,4634,Information,"An account was logged off.

Subject:
	Security ID:		JUBILIFE\NAPOLEON_CLEMONS
	Account Name:		JUBI33532$
	Account Domain:		JUBILIFE
	Logon ID:		0x532773

Logon Type:			3

This event is generated when a logon session is destroyed. It may be positively correlated with a logon event using the Logon ID value. Logon IDs are only unique between reboots
on the same computer.",-,12545,NAPOLEON_CLEMONS
1681930109,4634,Information,"An account was logged off.

Subject:
	Security ID:		JUBILIFE\MICHELE_OSBORN
	Account Name:		JUBI53309$
	Account Domain:		JUBILIFE
	Logon ID:		0x776562

Logon Type:			2

This event is generated when a logon session is destroyed. It may be positively correlated with a logon event using the Logon ID value. Logon IDs are only unique between reboots
on the same computer.",C:\Windows\System32\svchost.exe,12545,MICHELE_OSBORN
1681930277,4634,Information,"An account was logged off.

Subject:
	Security ID:		JUBILIFE\LYNN_HULL
	Account Name:		JUBI82084$
	Account Domain:		JUBILIFE
	Logon ID:		0x736179

Logon Type:			3

This event is generated when a logon session is destroyed. It may be positively correlated with a logon event using the Logon ID value. Logon IDs are only unique between reboots
on the same computer.",-,12545,LYNN_HULL
1681931188,4634,Information,"An account was logged off.

Subject:
	Security ID:		JUBILIFE\LORI_RIDDLE
	Account Name:		JUBI20168$
	Account Domain:		JUBILIFE
	Logon ID:		0x6C6567

Logon Type:			2

This event is generated when a logon session is destroyed. It may be positively correlated with a logon event using the Logon ID value. Logon IDs are only unique between reboots
on the same computer.",C:\Windows\System32\winlogon.exe,12545,LORI_RIDDLE
1681931303,4634,Information,"An account was logged off.

Subject:
	Security ID:		JUBILIFE\JAMES_HOUSTON
	Account Name:		JUBI81084$
	Account Domain:		JUBILIFE
	Logon ID:		0x6F7265

Logon Type:			3

This event is generated when a logon session is destroyed. It may be positively correlated with a logon event using the Logon ID value. Logon IDs are only unique between reboots
on the same computer.",-,12545,JAMES_HOUSTON
1681931418,4634,Information,"An account was logged off.

Subject:
	Security ID:		JUBILIFE\LENNY_MCCONNELL
	Account Name:		JUBI94772$
	Account Domain:		JUBILIFE
	Logon ID:		0x726167

Logon Type:			2

This event is generated when a logon session is destroyed. It may be positively correlated with a logon event using the Logon ID value. Logon IDs are only unique between reboots
on the same computer.",C:\Windows\System32\winlogon.exe,12545,LENNY_MCCONNELL
1681933122,4634,Information,"An account was logged off.

Subject:
	Security ID:		JUBILIFE\MARCELO_SAVAGE
	Account Name:		JUBI38717$
	Account Domain:		JUBILIFE
	Logon ID:		0x656E64

Logon Type:			3

This event is generated when a logon session is destroyed. It may be positively correlated with a logon event using the Logon ID value. Logon IDs are only unique between reboots
on the same computer.",-,12545,MARCELO_SAVAGE
1681936572,4634,Information,"An account was logged off.

Subject:
	Security ID:		JUBILIFE\JOSE_BRIGHT
	Account Name:		JUBI97469$
	Account Domain:		JUBILIFE
	Logon ID:		0x706967

Logon Type:			3

This event is generated when a logon session is destroyed. It may be positively correlated with a logon event using the Logon ID value. Logon IDs are only unique between reboots
on the same computer.",-,12545,JOSE_BRIGHT
1681937062,4634,Information,"An account was logged off.

Subject:
	Security ID:		JUBILIFE\CHRISTIE_WOODARD
	Account Name:		JUBI67359$
	Account Domain:		JUBILIFE
	Logon ID:		0x6C7965

Logon Type:			2

This event is generated when a logon session is destroyed. It may be positively correlated with a logon event using the Logon ID value. Logon IDs are only unique between reboots
on the same computer.",C:\Windows\System32\winlogon.exe,12545,CHRISTIE_WOODARD
1681937200,4634,Information,"An account was logged off.

Subject:
	Security ID:		JUBILIFE\CLAIR_CONRAD
	Account Name:		JUBI81171$
	Account Domain:		JUBILIFE
	Logon ID:		0x6F616B

Logon Type:			11

This event is generated when a logon session is destroyed. It may be positively correlated with a logon event using the Logon ID value. Logon IDs are only unique between reboots
on the same computer.",C:\Windows\System32\svchost.exe,12545,CLAIR_CONRAD
1681937403,4634,Information,"An account was logged off.

Subject:
	Security ID:		JUBILIFE\VERNA_CHRISTIAN
	Account Name:		JUBI65366$
	Account Domain:		JUBILIFE
	Logon ID:		0x736879

Logon Type:			3

This event is generated when a logon session is destroyed. It may be positively correlated with a logon event using the Logon ID value. Logon IDs are only unique between reboots
on the same computer.",-,12545,VERNA_CHRISTIAN
1681937581,4634,Information,"An account was logged off.

Subject:
	Security ID:		JUBILIFE\LUIS_SALAS
	Account Name:		JUBI44061$
	Account Domain:		JUBILIFE
	Logon ID:		0x6F6C64

Logon Type:			3

This event is generated when a logon session is destroyed. It may be positively correlated with a logon event using the Logon ID value. Logon IDs are only unique between reboots
on the same computer.",-,12545,LUIS_SALAS
1681937650,4634,Information,"An account was logged off.

Subject:
	Security ID:		JUBILIFE\BRENDA_SANTOS
	Account Name:		JUBI21131$
	Account Domain:		JUBILIFE
	Logon ID:		0x657965

Logon Type:			3

This event is generated when a logon session is destroyed. It may be positively correlated with a logon event using the Logon ID value. Logon IDs are only unique between reboots
on the same computer.",-,12545,BRENDA_SANTOS
1681937731,4634,Information,"An account was logged off.

Subject:
	Security ID:		JUBILIFE\TISHA_KOCH
	Account Name:		JUBI41323$
	Account Domain:		JUBILIFE
	Logon ID:		0x6D6173

Logon Type:			2

This event is generated when a logon session is destroyed. It may be positively correlated with a logon event using the Logon ID value. Logon IDs are only unique between reboots
on the same computer.",C:\Windows\System32\winlogon.exe,12545,TISHA_KOCH
1681937741,4634,Information,"An account was logged off.

Subject:
	Security ID:		JUBILIFE\GABRIEL_PEREZ
	Account Name:		JUBI61867$
	Account Domain:		JUBILIFE
	Logon ID:		0x696D70

Logon Type:			3

This event is generated when a logon session is destroyed. It may be positively correlated with a logon event using the Logon ID value. Logon IDs are only unique between reboots
on the same computer.",-,12545,GABRIEL_PEREZ
1681938124,4634,Information,"An account was logged off.

Subject:
	Security ID:		JUBILIFE\SAUNDRA_CAMPBELL
	Account Name:		JUBI64815$
	Account Domain:		JUBILIFE
	Logon ID:		0x626567

Logon Type:			3

This event is generated when a logon session is destroyed. It may be positively correlated with a logon event using the Logon ID value. Logon IDs are only unique between reboots
on the same computer.",-,12545,SAUNDRA_CAMPBELL
1681938196,4634,Information,"An account was logged off.

Subject:
	Security ID:		JUBILIFE\PABLO_BOOTH
	Account Name:		JUBI80854$
	Account Domain:		JUBILIFE
	Logon ID:		0x636174

Logon Type:			2

This event is generated when a logon session is destroyed. It may be positively correlated with a logon event using the Logon ID value. Logon IDs are only unique between reboots
on the same computer.",C:\Windows\System32\winlogon.exe,12545,PABLO_BOOTH
1681938256,4634,Information,"An account was logged off.

Subject:
	Security ID:		JUBILIFE\LEONARDO_COLLIER
	Account Name:		JUBI63894$
	Account Domain:		JUBILIFE
	Logon ID:		0x766574

Logon Type:			3

This event is generated when a logon session is destroyed. It may be positively correlated with a logon event using the Logon ID value. Logon IDs are only unique between reboots
on the same computer.",-,12545,LEONARDO_COLLIER
1681938338,4634,Information,"An account was logged off.

Subject:
	Security ID:		JUBILIFE\JESSIE_CRUZ
	Account Name:		JUBI92383$
	Account Domain:		JUBILIFE
	Logon ID:		0x6D6577

Logon Type:			3

This event is generated when a logon session is destroyed. It may be positively correlated with a logon event using the Logon ID value. Logon IDs are only unique between reboots
on the same computer.",-,12545,JESSIE_CRUZ
1681938344,4634,Information,"An account was logged off.

Subject:
	Security ID:		JUBILIFE\ORVAL_LYNCH
	Account Name:		JUBI79935$
	Account Domain:		JUBILIFE
	Logon ID:		0x756768

Logon Type:			3

This event is generated when a logon session is destroyed. It may be positively correlated with a logon event using the Logon ID value. Logon IDs are only unique between reboots
on the same computer.",-,12545,ORVAL_LYNCH
1681938517,4634,Information,"An account was logged off.

Subject:
	Security ID:		JUBILIFE\TAMARA_VARGAS
	Account Name:		JUBI12219$
	Account Domain:		JUBILIFE
	Logon ID:		0x68616D

Logon Type:			2

This event is generated when a logon session is destroyed. It may be positively correlated with a logon event using the Logon ID value. Logon IDs are only unique between reboots
on the same computer.",C:\Windows\System32\svchost.exe,12545,TAMARA_VARGAS
1681938570,4634,Information,"An account was logged off.

Subject:
	Security ID:		JUBILIFE\MAC_DELACRUZ
	Account Name:		JUBI10050$
	Account Domain:		JUBILIFE
	Logon ID:		0x646164

Logon Type:			3

This event is generated when a logon session is destroyed. It may be positively correlated with a logon event using the Logon ID value. Logon IDs are only unique between reboots
on the same computer.",-,12545,MAC_DELACRUZ
1681938740,4634,Information,"An account was logged off.

Subject:
	Security ID:		JUBILIFE\ERWIN_KING
	Account Name:		JUBI17011$
	Account Domain:		JUBILIFE
	Logon ID:		0x66696E

Logon Type:			11

This event is generated when a logon session is destroyed. It may be positively correlated with a logon event using the Logon ID value. Logon IDs are only unique between reboots
on the same computer.",C:\Windows\System32\svchost.exe,12545,ERWIN_KING
1681938777,4634,Information,"An account was logged off.

Subject:
	Security ID:		JUBILIFE\HENRIETTA_SAMPSON
	Account Name:		JUBI42226$
	Account Domain:		JUBILIFE
	Logon ID:		0x686F74

Logon Type:			2

This event is generated when a logon session is destroyed. It may be positively correlated with a logon event using the Logon ID value. Logon IDs are only unique between reboots
on the same computer.",C:\Windows\System32\winlogon.exe,12545,HENRIETTA_SAMPSON
1681938838,4634,Information,"An account was logged off.

Subject:
	Security ID:		JUBILIFE\ESMERALDA_MIRANDA
	Account Name:		JUBI45177$
	Account Domain:		JUBILIFE
	Logon ID:		0x776967

Logon Type:			11

This event is generated when a logon session is destroyed. It may be positively correlated with a logon event using the Logon ID value. Logon IDs are only unique between reboots
on the same computer.",-,12545,ESMERALDA_MIRANDA
1681938886,4634,Information,"An account was logged off.

Subject:
	Security ID:		JUBILIFE\REX_HUTCHINSON
	Account Name:		JUBI16510$
	Account Domain:		JUBILIFE
	Logon ID:		0x707562

Logon Type:			11

This event is generated when a logon session is destroyed. It may be positively correlated with a logon event using the Logon ID value. Logon IDs are only unique between reboots
on the same computer.",-,12545,REX_HUTCHINSON
1681939070,4634,Information,"An account was logged off.

Subject:
	Security ID:		JUBILIFE\NICK_ROWLAND
	Account Name:		JUBI30099$
	Account Domain:		JUBILIFE
	Logon ID:		0x6C6177

Logon Type:			2

This event is generated when a logon session is destroyed. It may be positively correlated with a logon event using the Logon ID value. Logon IDs are only unique between reboots
on the same computer.",C:\Windows\System32\winlogon.exe,12545,NICK_ROWLAND
1681939102,4634,Information,"An account was logged off.

Subject:
	Security ID:		JUBILIFE\NEVA_RUSH
	Account Name:		JUBI67217$
	Account Domain:		JUBILIFE
	Logon ID:		0x572773

Logon Type:			11

This event is generated when a logon session is destroyed. It may be positively correlated with a logon event using the Logon ID value. Logon IDs are only unique between reboots
on the same computer.",C:\Windows\System32\svchost.exe,12545,NEVA_RUSH
1681939135,4634,Information,"An account was logged off.

Subject:
	Security ID:		JUBILIFE\PATTY_SALAS
	Account Name:		JUBI99362$
	Account Domain:		JUBILIFE
	Logon ID:		0x776164

Logon Type:			11

This event is generated when a logon session is destroyed. It may be positively correlated with a logon event using the Logon ID value. Logon IDs are only unique between reboots
on the same computer.",C:\Windows\System32\svchost.exe,12545,PATTY_SALAS
1681939522,4634,Information,"An account was logged off.

Subject:
	Security ID:		JUBILIFE\MEGAN_MAYNARD
	Account Name:		JUBI06486$
	Account Domain:		JUBILIFE
	Logon ID:		0x706172

Logon Type:			11

This event is generated when a logon session is destroyed. It may be positively correlated with a logon event using the Logon ID value. Logon IDs are only unique between reboots
on the same computer.",-,12545,MEGAN_MAYNARD
1681939800,4634,Information,"An account was logged off.

Subject:
	Security ID:		JUBILIFE\ELLA_GILES
	Account Name:		JUBI33710$
	Account Domain:		JUBILIFE
	Logon ID:		0x6B6579

Logon Type:			3

This event is generated when a logon session is destroyed. It may be positively correlated with a logon event using the Logon ID value. Logon IDs are only unique between reboots
on the same computer.",-,12545,ELLA_GILES
1681939807,4634,Information,"An account was logged off.

Subject:
	Security ID:		JUBILIFE\MARGERY_SWANSON
	Account Name:		JUBI12171$
	Account Domain:		JUBILIFE
	Logon ID:		0x726F77

Logon Type:			2

This event is generated when a logon session is destroyed. It may be positively correlated with a logon event using the Logon ID value. Logon IDs are only unique between reboots
on the same computer.",C:\Windows\System32\winlogon.exe,12545,MARGERY_SWANSON
1681940000,4634,Information,"An account was logged off.

Subject:
	Security ID:		JUBILIFE\JACKSON_JORDAN
	Account Name:		JUBI63942$
	Account Domain:		JUBILIFE
	Logon ID:		0x656172

Logon Type:			11

This event is generated when a logon session is destroyed. It may be positively correlated with a logon event using the Logon ID value. Logon IDs are only unique between reboots
on the same computer.",-,12545,JACKSON_JORDAN
1681940034,4634,Information,"An account was logged off.

Subject:
	Security ID:		JUBILIFE\CLAUDE_MAYER
	Account Name:		JUBI72205$
	Account Domain:		JUBILIFE
	Logon ID:		0x646965

Logon Type:			11

This event is generated when a logon session is destroyed. It may be positively correlated with a logon event using the Logon ID value. Logon IDs are only unique between reboots
on the same computer.",C:\Windows\System32\svchost.exe,12545,CLAUDE_MAYER
1681940197,4634,Information,"An account was logged off.

Subject:
	Security ID:		JUBILIFE\DARIO_VELAZQUEZ
	Account Name:		JUBI54818$
	Account Domain:		JUBILIFE
	Logon ID:		0x6F6464

Logon Type:			2

This event is generated when a logon session is destroyed. It may be positively correlated with a logon event using the Logon ID value. Logon IDs are only unique between reboots
on the same computer.",C:\Windows\System32\svchost.exe,12545,DARIO_VELAZQUEZ
1681940211,4634,Information,"An account was logged off.

Subject:
	Security ID:		JUBILIFE\BUD_ALSTON
	Account Name:		JUBI73267$
	Account Domain:		JUBILIFE
	Logon ID:		0x746170

Logon Type:			11

This event is generated when a logon session is destroyed. It may be positively correlated with a logon event using the Logon ID value. Logon IDs are only unique between reboots
on the same computer.",-,12545,BUD_ALSTON
1681940217,4634,Information,"An account was logged off.

Subject:
	Security ID:		JUBILIFE\ANGELINE_VAUGHAN
	Account Name:		JUBI02248$
	Account Domain:		JUBILIFE
	Logon ID:		0x706177

Logon Type:			3

This event is generated when a logon session is destroyed. It may be positively correlated with a logon event using the Logon ID value. Logon IDs are only unique between reboots
on the same computer.",-,12545,ANGELINE_VAUGHAN
1681940269,4634,Information,"An account was logged off.

Subject:
	Security ID:		JUBILIFE\LORI_FRANCIS
	Account Name:		JUBI49420$
	Account Domain:		JUBILIFE
	Logon ID:		0x766F77

Logon Type:			11

This event is generated when a logon session is destroyed. It may be positively correlated with a logon event using the Logon ID value. Logon IDs are only unique between reboots
on the same computer.",-,12545,LORI_FRANCIS
1681940442,4634,Information,"An account was logged off.

Subject:
	Security ID:		JUBILIFE\ANTHONY_KIM
	Account Name:		JUBI08645$
	Account Domain:		JUBILIFE
	Logon ID:		0x636F62

Logon Type:			3

This event is generated when a logon session is destroyed. It may be positively correlated with a logon event using the Logon ID value. Logon IDs are only unique between reboots
on the same computer.",-,12545,ANTHONY_KIM
1681940606,4634,Information,"An account was logged off.

Subject:
	Security ID:		JUBILIFE\CAITLIN_HOWE
	Account Name:		JUBI62589$
	Account Domain:		JUBILIFE
	Logon ID:		0x706967

Logon Type:			2

This event is generated when a logon session is destroyed. It may be positively correlated with a logon event using the Logon ID value. Logon IDs are only unique between reboots
on the same computer.",C:\Windows\System32\winlogon.exe,12545,CAITLIN_HOWE
1681940753,4634,Information,"An account was logged off.

Subject:
	Security ID:		JUBILIFE\SOFIA_MORRIS
	Account Name:		JUBI26528$
	Account Domain:		JUBILIFE
	Logon ID:		0x64756F

Logon Type:			3

This event is generated when a logon session is destroyed. It may be positively correlated with a logon event using the Logon ID value. Logon IDs are only unique between reboots
on the same computer.",-,12545,SOFIA_MORRIS
1681940797,4634,Information,"An account was logged off.

Subject:
	Security ID:		JUBILIFE\SHAUN_MARTIN
	Account Name:		JUBI95785$
	Account Domain:		JUBILIFE
	Logon ID:		0x676170

Logon Type:			11

This event is generated when a logon session is destroyed. It may be positively correlated with a logon event using the Logon ID value. Logon IDs are only unique between reboots
on the same computer.",C:\Windows\System32\svchost.exe,12545,SHAUN_MARTIN
1681940828,4634,Information,"An account was logged off.

Subject:
	Security ID:		JUBILIFE\CHARLES_HENDERSON
	Account Name:		JUBI75760$
	Account Domain:		JUBILIFE
	Logon ID:		0x6C6164

Logon Type:			11

This event is generated when a logon session is destroyed. It may be positively correlated with a logon event using the Logon ID value. Logon IDs are only unique between reboots
on the same computer.",C:\Windows\System32\svchost.exe,12545,CHARLES_HENDERSON
1681940930,4634,Information,"An account was logged off.

Subject:
	Security ID:		JUBILIFE\ERIC_RIGGS
	Account Name:		JUBI44327$
	Account Domain:		JUBILIFE
	Logon ID:		0x777279

Logon Type:			11

This event is generated when a logon session is destroyed. It may be positively correlated with a logon event using the Logon ID value. Logon IDs are only unique between reboots
on the same computer.",C:\Windows\System32\svchost.exe,12545,ERIC_RIGGS
1681940979,4634,Information,"An account was logged off.

Subject:
	Security ID:		JUBILIFE\ADELE_MURRAY
	Account Name:		JUBI98587$
	Account Domain:		JUBILIFE
	Logon ID:		0x61696D

Logon Type:			3

This event is generated when a logon session is destroyed. It may be positively correlated with a logon event using the Logon ID value. Logon IDs are only unique between reboots
on the same computer.",-,12545,ADELE_MURRAY
1681941111,4634,Information,"An account was logged off.
Subject:
	Security ID:		JUBILIFE\ABIGAIL_FORBES
	Account Name:		JUBI53661$
	Account Domain:		JUBILIFE
	Logon ID:		0x626F79

Logon Type:			2

This event is generated when a logon session is destroyed. It may be positively correlated with a logon event using the Logon ID value. Logon IDs are only unique between reboots
on the same computer.",C:\Windows\System32\svchost.exe,12545,ABIGAIL_FORBES
1681941389,4634,Information,"An account was logged off.

Subject:
	Security ID:		JUBILIFE\EDGAR_BEACH
	Account Name:		JUBI42960$
	Account Domain:		JUBILIFE
	Logon ID:		0x6E6574

Logon Type:			2

This event is generated when a logon session is destroyed. It may be positively correlated with a logon event using the Logon ID value. Logon IDs are only unique between reboots
on the same computer.",C:\Windows\System32\svchost.exe,12545,EDGAR_BEACH
1681941570,4634,Information,"An account was logged off.

Subject:
	Security ID:		JUBILIFE\SYLVESTER_PRINCE
	Account Name:		JUBI72525$
	Account Domain:		JUBILIFE
	Logon ID:		0x70656E

Logon Type:			11

This event is generated when a logon session is destroyed. It may be positively correlated with a logon event using the Logon ID value. Logon IDs are only unique between reboots
on the same computer.",C:\Windows\System32\svchost.exe,12545,SYLVESTER_PRINCE
1681941725,4634,Information,"An account was logged off.

Subject:
	Security ID:		JUBILIFE\JOSE_STEWART
	Account Name:		JUBI06950$
	Account Domain:		JUBILIFE
	Logon ID:		0x552773

Logon Type:			11

This event is generated when a logon session is destroyed. It may be positively correlated with a logon event using the Logon ID value. Logon IDs are only unique between reboots
on the same computer.",-,12545,JOSE_STEWART
1681941753,4634,Information,"An account was logged off.

Subject:
	Security ID:		JUBILIFE\CLARE_REYES
	Account Name:		JUBI51682$
	Account Domain:		JUBILIFE
	Logon ID:		0x746F6E

Logon Type:			2

This event is generated when a logon session is destroyed. It may be positively correlated with a logon event using the Logon ID value. Logon IDs are only unique between reboots
on the same computer.",C:\Windows\System32\svchost.exe,12545,CLARE_REYES
1681941764,4634,Information,"An account was logged off.

Subject:
	Security ID:		JUBILIFE\JESSIE_SELLERS
	Account Name:		JUBI87690$
	Account Domain:		JUBILIFE
	Logon ID:		0x626F6F

Logon Type:			2

This event is generated when a logon session is destroyed. It may be positively correlated with a logon event using the Logon ID value. Logon IDs are only unique between reboots
on the same computer.",C:\Windows\System32\svchost.exe,12545,JESSIE_SELLERS
1681941914,4634,Information,"An account was logged off.

Subject:
	Security ID:		JUBILIFE\EUNICE_FERRELL
	Account Name:		JUBI27890$
	Account Domain:		JUBILIFE
	Logon ID:		0x686F70

Logon Type:			2

This event is generated when a logon session is destroyed. It may be positively correlated with a logon event using the Logon ID value. Logon IDs are only unique between reboots
on the same computer.",C:\Windows\System32\svchost.exe,12545,EUNICE_FERRELL
1681941926,4634,Information,"An account was logged off.

Subject:
	Security ID:		JUBILIFE\AURORA_MORAN
	Account Name:		JUBI22209$
	Account Domain:		JUBILIFE
	Logon ID:		0x562773

Logon Type:			11

This event is generated when a logon session is destroyed. It may be positively correlated with a logon event using the Logon ID value. Logon IDs are only unique between reboots
on the same computer.",-,12545,AURORA_MORAN
1681941929,4634,Information,"An account was logged off.

Subject:
	Security ID:		JUBILIFE\LUCIANO_CONRAD
	Account Name:		JUBI28507$
	Account Domain:		JUBILIFE
	Logon ID:		0x796574

Logon Type:			11

This event is generated when a logon session is destroyed. It may be positively correlated with a logon event using the Logon ID value. Logon IDs are only unique between reboots
on the same computer.",-,12545,LUCIANO_CONRAD
1681941951,4634,Information,"An account was logged off.

Subject:
	Security ID:		JUBILIFE\EDWIN_NAVARRO
	Account Name:		JUBI35532$
	Account Domain:		JUBILIFE
	Logon ID:		0x706164

Logon Type:			2

This event is generated when a logon session is destroyed. It may be positively correlated with a logon event using the Logon ID value. Logon IDs are only unique between reboots
on the same computer.",C:\Windows\System32\svchost.exe,12545,EDWIN_NAVARRO
1681941956,4634,Information,"An account was logged off.

Subject:
	Security ID:		JUBILIFE\HOLLIS_KEY
	Account Name:		JUBI57715$
	Account Domain:		JUBILIFE
	Logon ID:		0x657965

Logon Type:			11

This event is generated when a logon session is destroyed. It may be positively correlated with a logon event using the Logon ID value. Logon IDs are only unique between reboots
on the same computer.",-,12545,HOLLIS_KEY
1681941960,4634,Information,"An account was logged off.

Subject:
	Security ID:		JUBILIFE\ALVA_SHARPE
	Account Name:		JUBI38529$
	Account Domain:		JUBILIFE
	Logon ID:		0x67656C

Logon Type:			3

This event is generated when a logon session is destroyed. It may be positively correlated with a logon event using the Logon ID value. Logon IDs are only unique between reboots
on the same computer.",-,12545,ALVA_SHARPE
1681941964,4634,Information,"An account was logged off.

Subject:
	Security ID:		JUBILIFE\EMMANUEL_DORSEY
	Account Name:		JUBI91728$
	Account Domain:		JUBILIFE
	Logon ID:		0x736578

Logon Type:			2

This event is generated when a logon session is destroyed. It may be positively correlated with a logon event using the Logon ID value. Logon IDs are only unique between reboots
on the same computer.",C:\Windows\System32\svchost.exe,12545,EMMANUEL_DORSEY
1681941969,4634,Information,"An account was logged off.

Subject:
	Security ID:		JUBILIFE\BECKY_RANDOLPH
	Account Name:		JUBI66690$
	Account Domain:		JUBILIFE
	Logon ID:		0x726967

Logon Type:			11

This event is generated when a logon session is destroyed. It may be positively correlated with a logon event using the Logon ID value. Logon IDs are only unique between reboots
on the same computer.",-,12545,BECKY_RANDOLPH
1681941983,4634,Information,"An account was logged off.

Subject:
	Security ID:		JUBILIFE\STEFAN_CASTILLO
	Account Name:		JUBI06072$
	Account Domain:		JUBILIFE
	Logon ID:		0x686973

Logon Type:			11

This event is generated when a logon session is destroyed. It may be positively correlated with a logon event using the Logon ID value. Logon IDs are only unique between reboots
on the same computer.",C:\Windows\System32\svchost.exe,12545,STEFAN_CASTILLO
1681941984,4634,Information,"An account was logged off.

Subject:
	Security ID:		JUBILIFE\VONDA_ELLIS
	Account Name:		JUBI68463$
	Account Domain:		JUBILIFE
	Logon ID:		0x706567

Logon Type:			2

This event is generated when a logon session is destroyed. It may be positively correlated with a logon event using the Logon ID value. Logon IDs are only unique between reboots
on the same computer.",C:\Windows\System32\svchost.exe,12545,VONDA_ELLIS
1681941990,4634,Information,"An account was logged off.

Subject:
	Security ID:		JUBILIFE\LEAH_HART
	Account Name:		JUBI13648$
	Account Domain:		JUBILIFE
	Logon ID:		0x4B2773

Logon Type:			11

This event is generated when a logon session is destroyed. It may be positively correlated with a logon event using the Logon ID value. Logon IDs are only unique between reboots
on the same computer.",-,12545,LEAH_HART
1681941995,4634,Information,"An account was logged off.

Subject:
	Security ID:		JUBILIFE\ALLIE_RODGERS
	Account Name:		JUBI31663$
	Account Domain:		JUBILIFE
	Logon ID:		0x657665

Logon Type:			2

This event is generated when a logon session is destroyed. It may be positively correlated with a logon event using the Logon ID value. Logon IDs are only unique between reboots
on the same computer.",C:\Windows\System32\winlogon.exe,12545,ALLIE_RODGERS
1681941997,4634,Information,"An account was logged off.

Subject:
	Security ID:		JUBILIFE\RYAN_STRICKLAND
	Account Name:		JUBI48498$
	Account Domain:		JUBILIFE
	Logon ID:		0x6F6873

Logon Type:			3

This event is generated when a logon session is destroyed. It may be positively correlated with a logon event using the Logon ID value. Logon IDs are only unique between reboots
on the same computer.",-,12545,RYAN_STRICKLAND
1681941999,4634,Information,"An account was logged off.

Subject:
	Security ID:		JUBILIFE\KAITLIN_FREEMAN
	Account Name:		JUBI45457$
	Account Domain:		JUBILIFE
	Logon ID:		0x6E6974

Logon Type:			3

This event is generated when a logon session is destroyed. It may be positively correlated with a logon event using the Logon ID value. Logon IDs are only unique between reboots
on the same computer.",-,12545,KAITLIN_FREEMAN
1681941999,4634,Information,"An account was logged off.

Subject:
	Security ID:		JUBILIFE\MAURA_BALDWIN
	Account Name:		JUBI84731$
	Account Domain:		JUBILIFE
	Logon ID:		0x666962

Logon Type:			11

This event is generated when a logon session is destroyed. It may be positively correlated with a logon event using the Logon ID value. Logon IDs are only unique between reboots
on the same computer.",-,12545,MAURA_BALDWIN
1681942001,4634,Information,"An account was logged off.

Subject:
	Security ID:		JUBILIFE\DEAN_GLASS
	Account Name:		JUBI07310$
	Account Domain:		JUBILIFE
	Logon ID:		0x696C6C

Logon Type:			2

This event is generated when a logon session is destroyed. It may be positively correlated with a logon event using the Logon ID value. Logon IDs are only unique between reboots
on the same computer.",C:\Windows\System32\svchost.exe,12545,DEAN_GLASS
1681942005,4634,Information,"An account was logged off.

Subject:
	Security ID:		JUBILIFE\MAURICE_BUCKNER
	Account Name:		JUBI89424$
	Account Domain:		JUBILIFE
	Logon ID:		0x736978

Logon Type:			3

This event is generated when a logon session is destroyed. It may be positively correlated with a logon event using the Logon ID value. Logon IDs are only unique between reboots
on the same computer.",-,12545,MAURICE_BUCKNER
1681942021,4634,Information,"An account was logged off.

Subject:
	Security ID:		JUBILIFE\MARVA_STONE
	Account Name:		JUBI89298$
	Account Domain:		JUBILIFE
	Logon ID:		0x737562

Logon Type:			11

This event is generated when a logon session is destroyed. It may be positively correlated with a logon event using the Logon ID value. Logon IDs are only unique between reboots
on the same computer.",-,12545,MARVA_STONE
1681942024,4634,Information,"An account was logged off.

Subject:
	Security ID:		JUBILIFE\EMMA_LOWE
	Account Name:		JUBI69029$
	Account Domain:		JUBILIFE
	Logon ID:		0x617865

Logon Type:			11

This event is generated when a logon session is destroyed. It may be positively correlated with a logon event using the Logon ID value. Logon IDs are only unique between reboots
on the same computer.",-,12545,EMMA_LOWE
1681942034,4634,Information,"An account was logged off.

Subject:
	Security ID:		JUBILIFE\JOSEF_SHANNON
	Account Name:		JUBI75601$
	Account Domain:		JUBILIFE
	Logon ID:		0x616365

Logon Type:			2

This event is generated when a logon session is destroyed. It may be positively correlated with a logon event using the Logon ID value. Logon IDs are only unique between reboots
on the same computer.",C:\Windows\System32\winlogon.exe,12545,JOSEF_SHANNON
1681942038,4634,Information,"An account was logged off.

Subject:
	Security ID:		JUBILIFE\CAREY_CHURCH
	Account Name:		JUBI57802$
	Account Domain:		JUBILIFE
	Logon ID:		0x6E6974

Logon Type:			11

This event is generated when a logon session is destroyed. It may be positively correlated with a logon event using the Logon ID value. Logon IDs are only unique between reboots
on the same computer.",-,12545,CAREY_CHURCH
1681942044,4634,Information,"An account was logged off.

Subject:
	Security ID:		JUBILIFE\TAMMIE_TORRES
	Account Name:		JUBI38513$
	Account Domain:		JUBILIFE
	Logon ID:		0x696F6E

Logon Type:			11

This event is generated when a logon session is destroyed. It may be positively correlated with a logon event using the Logon ID value. Logon IDs are only unique between reboots
on the same computer.",-,12545,TAMMIE_TORRES
1681942050,4634,Information,"An account was logged off.

Subject:
	Security ID:		JUBILIFE\SONIA_KELLEY
	Account Name:		JUBI09145$
	Account Domain:		JUBILIFE
	Logon ID:		0x592773

Logon Type:			2

This event is generated when a logon session is destroyed. It may be positively correlated with a logon event using the Logon ID value. Logon IDs are only unique between reboots
on the same computer.",C:\Windows\System32\svchost.exe,12545,SONIA_KELLEY
1681942063,4634,Information,"An account was logged off.

Subject:
	Security ID:		JUBILIFE\HOUSTON_CANTRELL
	Account Name:		JUBI05557$
	Account Domain:		JUBILIFE
	Logon ID:		0x686F65

Logon Type:			11

This event is generated when a logon session is destroyed. It may be positively correlated with a logon event using the Logon ID value. Logon IDs are only unique between reboots
on the same computer.",C:\Windows\System32\svchost.exe,12545,HOUSTON_CANTRELL
1681942065,4634,Information,"An account was logged off.

Subject:
	Security ID:		JUBILIFE\HOLLIE_WATERS
	Account Name:		JUBI54776$
	Account Domain:		JUBILIFE
	Logon ID:		0x64616D

Logon Type:			3

This event is generated when a logon session is destroyed. It may be positively correlated with a logon event using the Logon ID value. Logon IDs are only unique between reboots
on the same computer.",-,12545,HOLLIE_WATERS
1681942074,4634,Information,"An account was logged off.

Subject:
	Security ID:		JUBILIFE\VITO_NEWTON
	Account Name:		JUBI73613$
	Account Domain:		JUBILIFE
	Logon ID:		0x747562

Logon Type:			3

This event is generated when a logon session is destroyed. It may be positively correlated with a logon event using the Logon ID value. Logon IDs are only unique between reboots
on the same computer.",-,12545,VITO_NEWTON
1681942076,4634,Information,"An account was logged off.

Subject:
	Security ID:		JUBILIFE\NICOLAS_GILLIAM
	Account Name:		JUBI12765$
	Account Domain:		JUBILIFE
	Logon ID:		0x647279

Logon Type:			2

This event is generated when a logon session is destroyed. It may be positively correlated with a logon event using the Logon ID value. Logon IDs are only unique between reboots
on the same computer.",C:\Windows\System32\svchost.exe,12545,NICOLAS_GILLIAM
1681942083,4634,Information,"An account was logged off.

Subject:
	Security ID:		JUBILIFE\LEROY_VAUGHAN
	Account Name:		JUBI84881$
	Account Domain:		JUBILIFE
	Logon ID:		0x616E64

Logon Type:			3

This event is generated when a logon session is destroyed. It may be positively correlated with a logon event using the Logon ID value. Logon IDs are only unique between reboots
on the same computer.",-,12545,LEROY_VAUGHAN
1681942083,4634,Information,"An account was logged off.

Subject:
	Security ID:		JUBILIFE\MAVIS_SHEPPARD
	Account Name:		JUBI95705$
	Account Domain:		JUBILIFE
	Logon ID:		0x67796D

Logon Type:			3

This event is generated when a logon session is destroyed. It may be positively correlated with a logon event using the Logon ID value. Logon IDs are only unique between reboots
on the same computer.",-,12545,MAVIS_SHEPPARD
1681942103,4634,Information,"An account was logged off.

Subject:
	Security ID:		JUBILIFE\JEFFEREY_COLE
	Account Name:		JUBI89806$
	Account Domain:		JUBILIFE
	Logon ID:		0x6C7567

Logon Type:			11

This event is generated when a logon session is destroyed. It may be positively correlated with a logon event using the Logon ID value. Logon IDs are only unique between reboots
on the same computer.",-,12545,JEFFEREY_COLE
1681942103,4634,Information,"An account was logged off.

Subject:
	Security ID:		JUBILIFE\ALDEN_VALENZUELA
	Account Name:		JUBI68016$
	Account Domain:		JUBILIFE
	Logon ID:		0x736163

Logon Type:			11

This event is generated when a logon session is destroyed. It may be positively correlated with a logon event using the Logon ID value. Logon IDs are only unique between reboots
on the same computer.",-,12545,ALDEN_VALENZUELA
1681942112,4634,Information,"An account was logged off.

Subject:
	Security ID:		JUBILIFE\RONNY_CHARLES
	Account Name:		JUBI50769$
	Account Domain:		JUBILIFE
	Logon ID:		0x616E79

Logon Type:			3

This event is generated when a logon session is destroyed. It may be positively correlated with a logon event using the Logon ID value. Logon IDs are only unique between reboots
on the same computer.",-,12545,RONNY_CHARLES
1681942116,4634,Information,"An account was logged off.

Subject:
	Security ID:		JUBILIFE\AL_VELASQUEZ
	Account Name:		JUBI54061$
	Account Domain:		JUBILIFE
	Logon ID:		0x626567

Logon Type:			2

This event is generated when a logon session is destroyed. It may be positively correlated with a logon event using the Logon ID value. Logon IDs are only unique between reboots
on the same computer.",C:\Windows\System32\winlogon.exe,12545,AL_VELASQUEZ
1681942118,4634,Information,"An account was logged off.

Subject:
	Security ID:		JUBILIFE\VELMA_KEMP
	Account Name:		JUBI21257$
	Account Domain:		JUBILIFE
	Logon ID:		0x706F74

Logon Type:			11

This event is generated when a logon session is destroyed. It may be positively correlated with a logon event using the Logon ID value. Logon IDs are only unique between reboots
on the same computer.",-,12545,VELMA_KEMP
1681942118,4634,Information,"An account was logged off.

Subject:
	Security ID:		JUBILIFE\DOREEN_BURNS
	Account Name:		JUBI38481$
	Account Domain:		JUBILIFE
	Logon ID:		0x617263

Logon Type:			2

This event is generated when a logon session is destroyed. It may be positively correlated with a logon event using the Logon ID value. Logon IDs are only unique between reboots
on the same computer.",C:\Windows\System32\winlogon.exe,12545,DOREEN_BURNS
1681942119,4634,Information,"An account was logged off.

Subject:
	Security ID:		JUBILIFE\ERNEST_SALINAS
	Account Name:		JUBI85592$
	Account Domain:		JUBILIFE
	Logon ID:		0x666972

Logon Type:			2

This event is generated when a logon session is destroyed. It may be positively correlated with a logon event using the Logon ID value. Logon IDs are only unique between reboots
on the same computer.",C:\Windows\System32\svchost.exe,12545,ERNEST_SALINAS
1681942121,4634,Information,"An account was logged off.

Subject:
	Security ID:		JUBILIFE\TABITHA_COOK
	Account Name:		JUBI94998$
	Account Domain:		JUBILIFE
	Logon ID:		0x657261

Logon Type:			11

This event is generated when a logon session is destroyed. It may be positively correlated with a logon event using the Logon ID value. Logon IDs are only unique between reboots
on the same computer.",C:\Windows\System32\svchost.exe,12545,TABITHA_COOK
1681942130,4634,Information,"An account was logged off.

Subject:
	Security ID:		JUBILIFE\MARIO_THOMPSON
	Account Name:		JUBI58505$
	Account Domain:		JUBILIFE
	Logon ID:		0x736972

Logon Type:			11

This event is generated when a logon session is destroyed. It may be positively correlated with a logon event using the Logon ID value. Logon IDs are only unique between reboots
on the same computer.",-,12545,MARIO_THOMPSON
1681942133,4634,Information,"An account was logged off.

Subject:
	Security ID:		JUBILIFE\WALDO_TORRES
	Account Name:		JUBI51780$
	Account Domain:		JUBILIFE
	Logon ID:		0x626167

Logon Type:			3

This event is generated when a logon session is destroyed. It may be positively correlated with a logon event using the Logon ID value. Logon IDs are only unique between reboots
on the same computer.",-,12545,WALDO_TORRES
1681942152,4634,Information,"An account was logged off.

Subject:
	Security ID:		JUBILIFE\CLEO_FAULKNER
	Account Name:		JUBI84658$
	Account Domain:		JUBILIFE
	Logon ID:		0x79616D

Logon Type:			3

This event is generated when a logon session is destroyed. It may be positively correlated with a logon event using the Logon ID value. Logon IDs are only unique between reboots
on the same computer.",-,12545,CLEO_FAULKNER
1681942160,4634,Information,"An account was logged off.

Subject:
	Security ID:		JUBILIFE\MICHELLE_COTE
	Account Name:		JUBI33188$
	Account Domain:		JUBILIFE
	Logon ID:		0x646964

Logon Type:			3

This event is generated when a logon session is destroyed. It may be positively correlated with a logon event using the Logon ID value. Logon IDs are only unique between reboots
on the same computer.",-,12545,MICHELLE_COTE
1681942162,4634,Information,"An account was logged off.

Subject:
	Security ID:		JUBILIFE\HAROLD_DILLON
	Account Name:		JUBI20659$
	Account Domain:		JUBILIFE
	Logon ID:		0x656C6B

Logon Type:			3

This event is generated when a logon session is destroyed. It may be positively correlated with a logon event using the Logon ID value. Logon IDs are only unique between reboots
on the same computer.",-,12545,HAROLD_DILLON
