1681766196,4634,Information,"An account was logged off.

Subject:
	Security ID:		JUBILIFE\MARVIN_KELLER
	Account Name:		JUBI68308$
	Account Domain:		JUBILIFE
	Logon ID:		0x686164

Logon Type:			3

This event is generated when a logon session is destroyed. It may be positively correlated with a logon event using the Logon ID value. Logon IDs are only unique between reboots
on the same computer.",-,12545,MARVIN_KELLER
1681766285,4634,Information,"An account was logged off.

Subject:
	Security ID:		JUBILIFE\ROSCOE_ZIMMERMAN
	Account Name:		JUBI40725$
	Account Domain:		JUBILIFE
	Logon ID:		0x696673

Logon Type:			2

This event is generated when a logon session is destroyed. It may be positively correlated with a logon event using the Logon ID value. Logon IDs are only unique between reboots
on the same computer.",C:\Windows\System32\svchost.exe,12545,ROSCOE_ZIMMERMAN
1681766375,4634,Information,"An account was logged off.

Subject:
	Security ID:		JUBILIFE\BLANCHE_PACE
	Account Name:		JUBI15731$
	Account Domain:		JUBILIFE
	Logon ID:		0x656174

Logon Type:			11

This event is generated when a logon session is destroyed. It may be positively correlated with a logon event using the Logon ID value. Logon IDs are only unique between reboots
on the same computer.",-,12545,BLANCHE_PACE
1681766572,4634,Information,"An account was logged off.

Subject:
	Security ID:		JUBILIFE\ABIGAIL_FORBES
	Account Name:		JUBI53661$
	Account Domain:		JUBILIFE
	Logon ID:		0x626F79

Logon Type:			11

This event is generated when a logon session is destroyed. It may be positively correlated with a logon event using the Logon ID value. Logon IDs are only unique between reboots
on the same computer.",C:\Windows\System32\svchost.exe,12545,ABIGAIL_FORBES
1681766790,4634,Information,"An account was logged off.

Subject:
	Security ID:		JUBILIFE\VERN_MCMAHON
	Account Name:		JUBI70037$
	Account Domain:		JUBILIFE
	Logon ID:		0x77697A

Logon Type:			11

This event is generated when a logon session is destroyed. It may be positively correlated with a logon event using the Logon ID value. Logon IDs are only unique between reboots
on the same computer.",C:\Windows\System32\svchost.exe,12545,VERN_MCMAHON
1681766896,4634,Information,"An account was logged off.

Subject:
	Security ID:		JUBILIFE\TINA_TYSON
	Account Name:		JUBI98184$
	Account Domain:		JUBILIFE
	Logon ID:		0x6E6574

Logon Type:			11

This event is generated when a logon session is destroyed. It may be positively correlated with a logon event using the Logon ID value. Logon IDs are only unique between reboots
on the same computer.",C:\Windows\System32\svchost.exe,12545,TINA_TYSON
1681766971,4634,Information,"An account was logged off.

Subject:
	Security ID:		JUBILIFE\REBA_BERRY
	Account Name:		JUBI87186$
	Account Domain:		JUBILIFE
	Logon ID:		0x6E6F77

Logon Type:			2

This event is generated when a logon session is destroyed. It may be positively correlated with a logon event using the Logon ID value. Logon IDs are only unique between reboots
on the same computer.",C:\Windows\System32\winlogon.exe,12545,REBA_BERRY
1681767125,4634,Information,"An account was logged off.

Subject:
	Security ID:		JUBILIFE\KAY_RIVAS
	Account Name:		JUBI57144$
	Account Domain:		JUBILIFE
	Logon ID:		0x676179

Logon Type:			2

This event is generated when a logon session is destroyed. It may be positively correlated with a logon event using the Logon ID value. Logon IDs are only unique between reboots
on the same computer.",C:\Windows\System32\winlogon.exe,12545,KAY_RIVAS
1681767364,4634,Information,"An account was logged off.

Subject:
	Security ID:		JUBILIFE\CARMEN_PETERS
	Account Name:		JUBI34506$
	Account Domain:		JUBILIFE
	Logon ID:		0x696C6C

Logon Type:			3

This event is generated when a logon session is destroyed. It may be positively correlated with a logon event using the Logon ID value. Logon IDs are only unique between reboots
on the same computer.",-,12545,CARMEN_PETERS
1681767413,4634,Information,"An account was logged off.

Subject:
	Security ID:		JUBILIFE\KATIE_SHIELDS
	Account Name:		JUBI94505$
	Account Domain:		JUBILIFE
	Logon ID:		0x636F67

Logon Type:			3

This event is generated when a logon session is destroyed. It may be positively correlated with a logon event using the Logon ID value. Logon IDs are only unique between reboots
on the same computer.",-,12545,KATIE_SHIELDS
1681767598,4634,Information,"An account was logged off.

Subject:
	Security ID:		JUBILIFE\HALLIE_CHANEY
	Account Name:		JUBI98458$
	Account Domain:		JUBILIFE
	Logon ID:		0x64756F

Logon Type:			2

This event is generated when a logon session is destroyed. It may be positively correlated with a logon event using the Logon ID value. Logon IDs are only unique between reboots
on the same computer.",C:\Windows\System32\winlogon.exe,12545,HALLIE_CHANEY
1681767639,4634,Information,"An account was logged off.

Subject:
	Security ID:		JUBILIFE\JESSIE_SELLERS
	Account Name:		JUBI87690$
	Account Domain:		JUBILIFE
	Logon ID:		0x626F6F

Logon Type:			3

This event is generated when a logon session is destroyed. It may be positively correlated with a logon event using the Logon ID value. Logon IDs are only unique between reboots
on the same computer.",-,12545,JESSIE_SELLERS
1681767819,4634,Information,"An account was logged off.

Subject:
	Security ID:		JUBILIFE\BRET_MARTIN
	Account Name:		JUBI48049$
	Account Domain:		JUBILIFE
	Logon ID:		0x666974

Logon Type:			2

This event is generated when a logon session is destroyed. It may be positively correlated with a logon event using the Logon ID value. Logon IDs are only unique between reboots
on the same computer.",C:\Windows\System32\winlogon.exe,12545,BRET_MARTIN
1681767877,4634,Information,"An account was logged off.

Subject:
	Security ID:		JUBILIFE\BUD_ALSTON
	Account Name:		JUBI73267$
	Account Domain:		JUBILIFE
	Logon ID:		0x746170

Logon Type:			3

This event is generated when a logon session is destroyed. It may be positively correlated with a logon event using the Logon ID value. Logon IDs are only unique between reboots
on the same computer.",-,12545,BUD_ALSTON
1681768086,4634,Information,"An account was logged off.

Subject:
	Security ID:		JUBILIFE\LETHA_MUELLER
	Account Name:		JUBI93469$
	Account Domain:		JUBILIFE
	Logon ID:		0x462773

Logon Type:			2

This event is generated when a logon session is destroyed. It may be positively correlated with a logon event using the Logon ID value. Logon IDs are only unique between reboots
on the same computer.",C:\Windows\System32\winlogon.exe,12545,LETHA_MUELLER
1681768496,4634,Information,"An account was logged off.

Subject:
	Security ID:		JUBILIFE\MAXINE_CHANEY
	Account Name:		JUBI19681$
	Account Domain:		JUBILIFE
	Logon ID:		0x656174

Logon Type:			11

This event is generated when a logon session is destroyed. It may be positively correlated with a logon event using the Logon ID value. Logon IDs are only unique between reboots
on the same computer.",-,12545,MAXINE_CHANEY
1681768498,4634,Information,"An account was logged off.

Subject:
	Security ID:		JUBILIFE\PIERRE_SHEPARD
	Account Name:		JUBI76309$
	Account Domain:		JUBILIFE
	Logon ID:		0x746F74

Logon Type:			11

This event is generated when a logon session is destroyed. It may be positively correlated with a logon event using the Logon ID value. Logon IDs are only unique between reboots
on the same computer.",-,12545,PIERRE_SHEPARD
1681768790,4634,Information,"An account was logged off.

Subject:
	Security ID:		JUBILIFE\NOEMI_BUSH
	Account Name:		JUBI95432$
	Account Domain:		JUBILIFE
	Logon ID:		0x6E6179

Logon Type:			2

This event is generated when a logon session is destroyed. It may be positively correlated with a logon event using the Logon ID value. Logon IDs are only unique between reboots
on the same computer.",C:\Windows\System32\svchost.exe,12545,NOEMI_BUSH
1681769001,4634,Information,"An account was logged off.

Subject:
	Security ID:		JUBILIFE\WESLEY_HICKS
	Account Name:		JUBI75580$
	Account Domain:		JUBILIFE
	Logon ID:		0x676574

Logon Type:			3

This event is generated when a logon session is destroyed. It may be positively correlated with a logon event using the Logon ID value. Logon IDs are only unique between reboots
on the same computer.",-,12545,WESLEY_HICKS
1681769118,4634,Information,"An account was logged off.

Subject:
	Security ID:		JUBILIFE\CORY_COTTON
	Account Name:		JUBI29685$
	Account Domain:		JUBILIFE
	Logon ID:		0x706170

Logon Type:			3

This event is generated when a logon session is destroyed. It may be positively correlated with a logon event using the Logon ID value. Logon IDs are only unique between reboots
on the same computer.",-,12545,CORY_COTTON
1681769121,4634,Information,"An account was logged off.

Subject:
	Security ID:		JUBILIFE\BRUCE_GUTHRIE
	Account Name:		JUBI31713$
	Account Domain:		JUBILIFE
	Logon ID:		0x706967

Logon Type:			2

This event is generated when a logon session is destroyed. It may be positively correlated with a logon event using the Logon ID value. Logon IDs are only unique between reboots
on the same computer.",C:\Windows\System32\winlogon.exe,12545,BRUCE_GUTHRIE
1681769126,4634,Information,"An account was logged off.

Subject:
	Security ID:		JUBILIFE\ANTHONY_KIM
	Account Name:		JUBI08645$
	Account Domain:		JUBILIFE
	Logon ID:		0x636F62

Logon Type:			3

This event is generated when a logon session is destroyed. It may be positively correlated with a logon event using the Logon ID value. Logon IDs are only unique between reboots
on the same computer.",-,12545,ANTHONY_KIM
1681769129,4634,Information,"An account was logged off.

Subject:
	Security ID:		JUBILIFE\MARLA_SULLIVAN
	Account Name:		JUBI58785$
	Account Domain:		JUBILIFE
	Logon ID:		0x6F696C

Logon Type:			3

This event is generated when a logon session is destroyed. It may be positively correlated with a logon event using the Logon ID value. Logon IDs are only unique between reboots
on the same computer.",-,12545,MARLA_SULLIVAN
1681769132,4634,Information,"An account was logged off.

Subject:
	Security ID:		JUBILIFE\GINGER_GILMORE
	Account Name:		JUBI44469$
	Account Domain:		JUBILIFE
	Logon ID:		0x697679

Logon Type:			3

This event is generated when a logon session is destroyed. It may be positively correlated with a logon event using the Logon ID value. Logon IDs are only unique between reboots
on the same computer.",-,12545,GINGER_GILMORE
1681769139,4634,Information,"An account was logged off.

Subject:
	Security ID:		JUBILIFE\BRADY_BROCK
	Account Name:		JUBI75609$
	Account Domain:		JUBILIFE
	Logon ID:		0x6A6F62

Logon Type:			3

This event is generated when a logon session is destroyed. It may be positively correlated with a logon event using the Logon ID value. Logon IDs are only unique between reboots
on the same computer.",-,12545,BRADY_BROCK
1681769142,4634,Information,"An account was logged off.

Subject:
	Security ID:		JUBILIFE\BRENDA_SANTOS
	Account Name:		JUBI21131$
	Account Domain:		JUBILIFE
	Logon ID:		0x657965

Logon Type:			11

This event is generated when a logon session is destroyed. It may be positively correlated with a logon event using the Logon ID value. Logon IDs are only unique between reboots
on the same computer.",-,12545,BRENDA_SANTOS
1681769143,4634,Information,"An account was logged off.

Subject:
	Security ID:		JUBILIFE\VITO_NEWTON
	Account Name:		JUBI73613$
	Account Domain:		JUBILIFE
	Logon ID:		0x747562

Logon Type:			2

This event is generated when a logon session is destroyed. It may be positively correlated with a logon event using the Logon ID value. Logon IDs are only unique between reboots
on the same computer.",C:\Windows\System32\svchost.exe,12545,VITO_NEWTON
1681769152,4634,Information,"An account was logged off.

Subject:
	Security ID:		JUBILIFE\AURORA_MORAN
	Account Name:		JUBI22209$
	Account Domain:		JUBILIFE
	Logon ID:		0x562773

Logon Type:			3

This event is generated when a logon session is destroyed. It may be positively correlated with a logon event using the Logon ID value. Logon IDs are only unique between reboots
on the same computer.",-,12545,AURORA_MORAN
1681769159,4634,Information,"An account was logged off.

Subject:
	Security ID:		JUBILIFE\LOLITA_MARTINEZ
	Account Name:		JUBI17357$
	Account Domain:		JUBILIFE
	Logon ID:		0x776F65

Logon Type:			11

This event is generated when a logon session is destroyed. It may be positively correlated with a logon event using the Logon ID value. Logon IDs are only unique between reboots
on the same computer.",C:\Windows\System32\svchost.exe,12545,LOLITA_MARTINEZ
1681769162,4634,Information,"An account was logged off.

Subject:
	Security ID:		JUBILIFE\JEANETTE_ESTRADA
	Account Name:		JUBI92015$
	Account Domain:		JUBILIFE
	Logon ID:		0x616365

Logon Type:			11

This event is generated when a logon session is destroyed. It may be positively correlated with a logon event using the Logon ID value. Logon IDs are only unique between reboots
on the same computer.",-,12545,JEANETTE_ESTRADA
1681769162,4634,Information,"An account was logged off.

Subject:
	Security ID:		JUBILIFE\ALVA_SHARPE
	Account Name:		JUBI38529$
	Account Domain:		JUBILIFE
	Logon ID:		0x67656C

Logon Type:			11

This event is generated when a logon session is destroyed. It may be positively correlated with a logon event using the Logon ID value. Logon IDs are only unique between reboots
on the same computer.",-,12545,ALVA_SHARPE
1681769165,4634,Information,"An account was logged off.

Subject:
	Security ID:		JUBILIFE\SANTIAGO_BLACK
	Account Name:		JUBI25961$
	Account Domain:		JUBILIFE
	Logon ID:		0x422773

Logon Type:			11

This event is generated when a logon session is destroyed. It may be positively correlated with a logon event using the Logon ID value. Logon IDs are only unique between reboots
on the same computer.",C:\Windows\System32\svchost.exe,12545,SANTIAGO_BLACK
1681769169,4634,Information,"An account was logged off.

Subject:
	Security ID:		JUBILIFE\ELLIOTT_BENDER
	Account Name:		JUBI62892$
	Account Domain:		JUBILIFE
	Logon ID:		0x706973

Logon Type:			2

This event is generated when a logon session is destroyed. It may be positively correlated with a logon event using the Logon ID value. Logon IDs are only unique between reboots
on the same computer.",C:\Windows\System32\winlogon.exe,12545,ELLIOTT_BENDER
1681769170,4634,Information,"An account was logged off.

Subject:
	Security ID:		JUBILIFE\NESTOR_GREEN
	Account Name:		JUBI97014$
	Account Domain:		JUBILIFE
	Logon ID:		0x776172

Logon Type:			2

This event is generated when a logon session is destroyed. It may be positively correlated with a logon event using the Logon ID value. Logon IDs are only unique between reboots
on the same computer.",C:\Windows\System32\svchost.exe,12545,NESTOR_GREEN
1681769171,4634,Information,"An account was logged off.

Subject:
	Security ID:		JUBILIFE\CAREY_CHURCH
	Account Name:		JUBI57802$
	Account Domain:		JUBILIFE
	Logon ID:		0x6E6974

Logon Type:			2

This event is generated when a logon session is destroyed. It may be positively correlated with a logon event using the Logon ID value. Logon IDs are only unique between reboots
on the same computer.",C:\Windows\System32\winlogon.exe,12545,CAREY_CHURCH
1681769172,4634,Information,"An account was logged off.

Subject:
	Security ID:		JUBILIFE\NICOLAS_GILLIAM
	Account Name:		JUBI12765$
	Account Domain:		JUBILIFE
	Logon ID:		0x647279

Logon Type:			3

This event is generated when a logon session is destroyed. It may be positively correlated with a logon event using the Logon ID value. Logon IDs are only unique between reboots
on the same computer.",-,12545,NICOLAS_GILLIAM
1681769205,4634,Information,"An account was logged off.

Subject:
	Security ID:		JUBILIFE\KORY_BRAY
	Account Name:		JUBI95184$
	Account Domain:		JUBILIFE
	Logon ID:		0x616E64

Logon Type:			3

This event is generated when a logon session is destroyed. It may be positively correlated with a logon event using the Logon ID value. Logon IDs are only unique between reboots
on the same computer.",-,12545,KORY_BRAY
1681769214,4634,Information,"An account was logged off.

Subject:
	Security ID:		JUBILIFE\JEANNETTE_GLASS
	Account Name:		JUBI21962$
	Account Domain:		JUBILIFE
	Logon ID:		0x737562

Logon Type:			3

This event is generated when a logon session is destroyed. It may be positively correlated with a logon event using the Logon ID value. Logon IDs are only unique between reboots
on the same computer.",-,12545,JEANNETTE_GLASS
1681769216,4634,Information,"An account was logged off.

Subject:
	Security ID:		JUBILIFE\KRISTOPHER_AYALA
	Account Name:		JUBI82756$
	Account Domain:		JUBILIFE
	Logon ID:		0x726177

Logon Type:			11

This event is generated when a logon session is destroyed. It may be positively correlated with a logon event using the Logon ID value. Logon IDs are only unique between reboots
on the same computer.",-,12545,KRISTOPHER_AYALA
1681769218,4634,Information,"An account was logged off.

Subject:
	Security ID:		JUBILIFE\MICHELE_OSBORN
	Account Name:		JUBI53309$
	Account Domain:		JUBILIFE
	Logon ID:		0x776562

Logon Type:			11

This event is generated when a logon session is destroyed. It may be positively correlated with a logon event using the Logon ID value. Logon IDs are only unique between reboots
on the same computer.",C:\Windows\System32\svchost.exe,12545,MICHELE_OSBORN
1681769231,4634,Information,"An account was logged off.

Subject:
	Security ID:		JUBILIFE\REX_HUTCHINSON
	Account Name:		JUBI16510$
	Account Domain:		JUBILIFE
	Logon ID:		0x707562

Logon Type:			3

This event is generated when a logon session is destroyed. It may be positively correlated with a logon event using the Logon ID value. Logon IDs are only unique between reboots
on the same computer.",-,12545,REX_HUTCHINSON
1681769233,4634,Information,"An account was logged off.

Subject:
	Security ID:		JUBILIFE\PEGGY_STANLEY
	Account Name:		JUBI78137$
	Account Domain:		JUBILIFE
	Logon ID:		0x6A6F67

Logon Type:			2

This event is generated when a logon session is destroyed. It may be positively correlated with a logon event using the Logon ID value. Logon IDs are only unique between reboots
on the same computer.",C:\Windows\System32\svchost.exe,12545,PEGGY_STANLEY
1681769243,4634,Information,"An account was logged off.

Subject:
	Security ID:		JUBILIFE\JEFFEREY_COLE
	Account Name:		JUBI89806$
	Account Domain:		JUBILIFE
	Logon ID:		0x6C7567

Logon Type:			11

This event is generated when a logon session is destroyed. It may be positively correlated with a logon event using the Logon ID value. Logon IDs are only unique between reboots
on the same computer.",C:\Windows\System32\svchost.exe,12545,JEFFEREY_COLE
1681769245,4634,Information,"An account was logged off.

Subject:
	Security ID:		JUBILIFE\ADELE_MURRAY
	Account Name:		JUBI98587$
	Account Domain:		JUBILIFE
	Logon ID:		0x61696D

Logon Type:			2

This event is generated when a logon session is destroyed. It may be positively correlated with a logon event using the Logon ID value. Logon IDs are only unique between reboots
on the same computer.",C:\Windows\System32\svchost.exe,12545,ADELE_MURRAY
1681769246,4634,Information,"An account was logged off.

Subject:
	Security ID:		JUBILIFE\AMBER_TODD
	Account Name:		JUBI54014$
	Account Domain:		JUBILIFE
	Logon ID:		0x746879

Logon Type:			3

This event is generated when a logon session is destroyed. It may be positively correlated with a logon event using the Logon ID value. Logon IDs are only unique between reboots
on the same computer.",-,12545,AMBER_TODD
1681769255,4634,Information,"An account was logged off.

Subject:
	Security ID:		JUBILIFE\ARACELI_CLAY
	Account Name:		JUBI90030$
	Account Domain:		JUBILIFE
	Logon ID:		0x657665

Logon Type:			2

This event is generated when a logon session is destroyed. It may be positively correlated with a logon event using the Logon ID value. Logon IDs are only unique between reboots
on the same computer.",C:\Windows\System32\winlogon.exe,12545,ARACELI_CLAY
1681769263,4634,Information,"An account was logged off.

Subject:
	Security ID:		JUBILIFE\BLAINE_BLACKBURN
	Account Name:		JUBI24011$
	Account Domain:		JUBILIFE
	Logon ID:		0x6D6174

Logon Type:			3

This event is generated when a logon session is destroyed. It may be positively correlated with a logon event using the Logon ID value. Logon IDs are only unique between reboots
on the same computer.",-,12545,BLAINE_BLACKBURN
1681769264,4634,Information,"An account was logged off.

Subject:
	Security ID:		JUBILIFE\LUCIANO_CONRAD
	Account Name:		JUBI28507$
	Account Domain:		JUBILIFE
	Logon ID:		0x796574

Logon Type:			3

This event is generated when a logon session is destroyed. It may be positively correlated with a logon event using the Logon ID value. Logon IDs are only unique between reboots
on the same computer.",-,12545,LUCIANO_CONRAD
1681769264,4634,Information,"An account was logged off.

Subject:
	Security ID:		JUBILIFE\TOMMIE_CRANE
	Account Name:		JUBI98590$
	Account Domain:		JUBILIFE
	Logon ID:		0x736170

Logon Type:			2

This event is generated when a logon session is destroyed. It may be positively correlated with a logon event using the Logon ID value. Logon IDs are only unique between reboots
on the same computer.",C:\Windows\System32\winlogon.exe,12545,TOMMIE_CRANE
1681769266,4634,Information,"An account was logged off.

Subject:
	Security ID:		JUBILIFE\DARIO_VELAZQUEZ
	Account Name:		JUBI54818$
	Account Domain:		JUBILIFE
	Logon ID:		0x6F6464

Logon Type:			2

This event is generated when a logon session is destroyed. It may be positively correlated with a logon event using the Logon ID value. Logon IDs are only unique between reboots
on the same computer.",C:\Windows\System32\winlogon.exe,12545,DARIO_VELAZQUEZ
1681769268,4634,Information,"An account was logged off.

Subject:
	Security ID:		JUBILIFE\HILARIO_TYSON
	Account Name:		JUBI18083$
	Account Domain:		JUBILIFE
	Logon ID:		0x6C6F62

Logon Type:			11

This event is generated when a logon session is destroyed. It may be positively correlated with a logon event using the Logon ID value. Logon IDs are only unique between reboots
on the same computer.",-,12545,HILARIO_TYSON
1681769272,4634,Information,"An account was logged off.

Subject:
	Security ID:		JUBILIFE\TAMRA_HORTON
	Account Name:		JUBI06567$
	Account Domain:		JUBILIFE
	Logon ID:		0x6E756E

Logon Type:			3

This event is generated when a logon session is destroyed. It may be positively correlated with a logon event using the Logon ID value. Logon IDs are only unique between reboots
on the same computer.",-,12545,TAMRA_HORTON
1681769275,4634,Information,"An account was logged off.

Subject:
	Security ID:		JUBILIFE\LINDA_LE
	Account Name:		JUBI42208$
	Account Domain:		JUBILIFE
	Logon ID:		0x626172

Logon Type:			3

This event is generated when a logon session is destroyed. It may be positively correlated with a logon event using the Logon ID value. Logon IDs are only unique between reboots
on the same computer.",-,12545,LINDA_LE
1681769275,4634,Information,"An account was logged off.

Subject:
	Security ID:		JUBILIFE\DANIEL_HURLEY
	Account Name:		JUBI00191$
	Account Domain:		JUBILIFE
	Logon ID:		0x6D616E

Logon Type:			3

This event is generated when a logon session is destroyed. It may be positively correlated with a logon event using the Logon ID value. Logon IDs are only unique between reboots
on the same computer.",-,12545,DANIEL_HURLEY
1681769280,4634,Information,"An account was logged off.

Subject:
	Security ID:		JUBILIFE\SARAH_DOYLE
	Account Name:		JUBI54024$
	Account Domain:		JUBILIFE
	Logon ID:		0x4D6179

Logon Type:			11

This event is generated when a logon session is destroyed. It may be positively correlated with a logon event using the Logon ID value. Logon IDs are only unique between reboots
on the same computer.",-,12545,SARAH_DOYLE
1681769281,4634,Information,"An account was logged off.

Subject:
	Security ID:		JUBILIFE\BETTIE_GUERRA
	Account Name:		JUBI27333$
	Account Domain:		JUBILIFE
	Logon ID:		0x697473

Logon Type:			2

This event is generated when a logon session is destroyed. It may be positively correlated with a logon event using the Logon ID value. Logon IDs are only unique between reboots
on the same computer.",C:\Windows\System32\svchost.exe,12545,BETTIE_GUERRA
1681769283,4634,Information,"An account was logged off.

Subject:
	Security ID:		JUBILIFE\MASON_BALL
	Account Name:		JUBI28312$
	Account Domain:		JUBILIFE
	Logon ID:		0x70656E

Logon Type:			3

This event is generated when a logon session is destroyed. It may be positively correlated with a logon event using the Logon ID value. Logon IDs are only unique between reboots
on the same computer.",-,12545,MASON_BALL
1681769291,4634,Information,"An account was logged off.

Subject:
	Security ID:		JUBILIFE\MARGARITO_RAMOS
	Account Name:		JUBI43727$
	Account Domain:		JUBILIFE
	Logon ID:		0x542773

Logon Type:			3

This event is generated when a logon session is destroyed. It may be positively correlated with a logon event using the Logon ID value. Logon IDs are only unique between reboots
on the same computer.",-,12545,MARGARITO_RAMOS
1681769301,4634,Information,"An account was logged off.

Subject:
	Security ID:		JUBILIFE\FELECIA_CHRISTIAN
	Account Name:		JUBI09433$
	Account Domain:		JUBILIFE
	Logon ID:		0x74656E

Logon Type:			2

This event is generated when a logon session is destroyed. It may be positively correlated with a logon event using the Logon ID value. Logon IDs are only unique between reboots
on the same computer.",C:\Windows\System32\winlogon.exe,12545,FELECIA_CHRISTIAN
1681769312,4634,Information,"An account was logged off.

Subject:
	Security ID:		JUBILIFE\SHERRI_MENDEZ
	Account Name:		JUBI01317$
	Account Domain:		JUBILIFE
	Logon ID:		0x746167

Logon Type:			2

This event is generated when a logon session is destroyed. It may be positively correlated with a logon event using the Logon ID value. Logon IDs are only unique between reboots
on the same computer.",C:\Windows\System32\svchost.exe,12545,SHERRI_MENDEZ
1681769317,4634,Information,"An account was logged off.

Subject:
	Security ID:		JUBILIFE\CLAIR_CONRAD
	Account Name:		JUBI81171$
	Account Domain:		JUBILIFE
	Logon ID:		0x6F616B

Logon Type:			3

This event is generated when a logon session is destroyed. It may be positively correlated with a logon event using the Logon ID value. Logon IDs are only unique between reboots
on the same computer.",-,12545,CLAIR_CONRAD
1681769322,4634,Information,"An account was logged off.

Subject:
	Security ID:		JUBILIFE\TABITHA_COOK
	Account Name:		JUBI94998$
	Account Domain:		JUBILIFE
	Logon ID:		0x657261

Logon Type:			2

This event is generated when a logon session is destroyed. It may be positively correlated with a logon event using the Logon ID value. Logon IDs are only unique between reboots
on the same computer.",C:\Windows\System32\svchost.exe,12545,TABITHA_COOK
1681769326,4634,Information,"An account was logged off.

Subject:
	Security ID:		JUBILIFE\ERNEST_SALINAS
	Account Name:		JUBI85592$
	Account Domain:		JUBILIFE
	Logon ID:		0x666972

Logon Type:			2

This event is generated when a logon session is destroyed. It may be positively correlated with a logon event using the Logon ID value. Logon IDs are only unique between reboots
on the same computer.",C:\Windows\System32\winlogon.exe,12545,ERNEST_SALINAS
1681769342,4634,Information,"An account was logged off.

Subject:
	Security ID:		JUBILIFE\AL_VELASQUEZ
	Account Name:		JUBI54061$
	Account Domain:		JUBILIFE
	Logon ID:		0x626567

Logon Type:			11

This event is generated when a logon session is destroyed. It may be positively correlated with a logon event using the Logon ID value. Logon IDs are only unique between reboots
on the same computer.",C:\Windows\System32\svchost.exe,12545,AL_VELASQUEZ
1681769362,4634,Information,"An account was logged off.

Subject:
	Security ID:		JUBILIFE\WELDON_WYNN
	Account Name:		JUBI64380$
	Account Domain:		JUBILIFE
	Logon ID:		0x736167

Logon Type:			11

This event is generated when a logon session is destroyed. It may be positively correlated with a logon event using the Logon ID value. Logon IDs are only unique between reboots
on the same computer.",-,12545,WELDON_WYNN
1681769379,4634,Information,"An account was logged off.

Subject:
	Security ID:		JUBILIFE\MAC_DELACRUZ
	Account Name:		JUBI10050$
	Account Domain:		JUBILIFE
	Logon ID:		0x646164

Logon Type:			2

This event is generated when a logon session is destroyed. It may be positively correlated with a logon event using the Logon ID value. Logon IDs are only unique between reboots
on the same computer.",C:\Windows\System32\svchost.exe,12545,MAC_DELACRUZ
1681769380,4634,Information,"An account was logged off.

Subject:
	Security ID:		JUBILIFE\DOMINIQUE_GALLOWAY
	Account Name:		JUBI56184$
	Account Domain:		JUBILIFE
	Logon ID:		0x746970

Logon Type:			2

This event is generated when a logon session is destroyed. It may be positively correlated with a logon event using the Logon ID value. Logon IDs are only unique between reboots
on the same computer.",C:\Windows\System32\svchost.exe,12545,DOMINIQUE_GALLOWAY
1681769382,4634,Information,"An account was logged off.

Subject:
	Security ID:		JUBILIFE\LILLIE_LEVINE
	Account Name:		JUBI91856$
	Account Domain:		JUBILIFE
	Logon ID:		0x63616E

Logon Type:			2

This event is generated when a logon session is destroyed. It may be positively correlated with a logon event using the Logon ID value. Logon IDs are only unique between reboots
on the same computer.",C:\Windows\System32\winlogon.exe,12545,LILLIE_LEVINE
1681769384,4634,Information,"An account was logged off.

Subject:
	Security ID:		JUBILIFE\TRUMAN_GREEN
	Account Name:		JUBI37483$
	Account Domain:		JUBILIFE
	Logon ID:		0x736974

Logon Type:			2

This event is generated when a logon session is destroyed. It may be positively correlated with a logon event using the Logon ID value. Logon IDs are only unique between reboots
on the same computer.",C:\Windows\System32\winlogon.exe,12545,TRUMAN_GREEN
1681769387,4634,Information,"An account was logged off.

Subject:
	Security ID:		JUBILIFE\LEOLA_LEWIS
	Account Name:		JUBI24290$
	Account Domain:		JUBILIFE
	Logon ID:		0x776564

Logon Type:			11

This event is generated when a logon session is destroyed. It may be positively correlated with a logon event using the Logon ID value. Logon IDs are only unique between reboots
on the same computer.",-,12545,LEOLA_LEWIS
1681769389,4634,Information,"An account was logged off.

Subject:
	Security ID:		JUBILIFE\EUGENIA_GREGORY
	Account Name:		JUBI85072$
	Account Domain:		JUBILIFE
	Logon ID:		0x74616E

Logon Type:			2

This event is generated when a logon session is destroyed. It may be positively correlated with a logon event using the Logon ID value. Logon IDs are only unique between reboots
on the same computer.",C:\Windows\System32\winlogon.exe,12545,EUGENIA_GREGORY
1681769390,4634,Information,"An account was logged off.

Subject:
	Security ID:		JUBILIFE\LUCY_WILKINS
	Account Name:		JUBI99288$
	Account Domain:		JUBILIFE
	Logon ID:		0x686973

Logon Type:			3

This event is generated when a logon session is destroyed. It may be positively correlated with a logon event using the Logon ID value. Logon IDs are only unique between reboots
on the same computer.",-,12545,LUCY_WILKINS
1681769394,4634,Information,"An account was logged off.

Subject:
	Security ID:		JUBILIFE\BRANDEN_MCCULLOUGH
	Account Name:		JUBI90474$
	Account Domain:		JUBILIFE
	Logon ID:		0x657665

Logon Type:			3

This event is generated when a logon session is destroyed. It may be positively correlated with a logon event using the Logon ID value. Logon IDs are only unique between reboots
on the same computer.",-,12545,BRANDEN_MCCULLOUGH
1681769404,4634,Information,"An account was logged off.

Subject:
	Security ID:		JUBILIFE\LETICIA_BERG
	Account Name:		JUBI51013$
	Account Domain:		JUBILIFE
	Logon ID:		0x746170

Logon Type:			2

This event is generated when a logon session is destroyed. It may be positively correlated with a logon event using the Logon ID value. Logon IDs are only unique between reboots
on the same computer.",C:\Windows\System32\svchost.exe,12545,LETICIA_BERG
1681769406,4634,Information,"An account was logged off.

Subject:
	Security ID:		JUBILIFE\JOLENE_WRIGHT
	Account Name:		JUBI47845$
	Account Domain:		JUBILIFE
	Logon ID:		0x542773

Logon Type:			3

This event is generated when a logon session is destroyed. It may be positively correlated with a logon event using the Logon ID value. Logon IDs are only unique between reboots
on the same computer.",-,12545,JOLENE_WRIGHT
1681769413,4634,Information,"An account was logged off.

Subject:
	Security ID:		JUBILIFE\LEOPOLDO_HARTMAN
	Account Name:		JUBI88253$
	Account Domain:		JUBILIFE
	Logon ID:		0x656C6D

Logon Type:			3

This event is generated when a logon session is destroyed. It may be positively correlated with a logon event using the Logon ID value. Logon IDs are only unique between reboots
on the same computer.",-,12545,LEOPOLDO_HARTMAN
1681769416,4634,Information,"An account was logged off.

Subject:
	Security ID:		JUBILIFE\ANDREA_SANTANA
	Account Name:		JUBI86313$
	Account Domain:		JUBILIFE
	Logon ID:		0x502773

Logon Type:			3

This event is generated when a logon session is destroyed. It may be positively correlated with a logon event using the Logon ID value. Logon IDs are only unique between reboots
on the same computer.",-,12545,ANDREA_SANTANA
1681769427,4634,Information,"An account was logged off.

Subject:
	Security ID:		JUBILIFE\COLLIN_DUKE
	Account Name:		JUBI78815$
	Account Domain:		JUBILIFE
	Logon ID:		0x6C6164

Logon Type:			3

This event is generated when a logon session is destroyed. It may be positively correlated with a logon event using the Logon ID value. Logon IDs are only unique between reboots
on the same computer.",-,12545,COLLIN_DUKE
1681769434,4634,Information,"An account was logged off.

Subject:
	Security ID:		JUBILIFE\MARGERY_MURPHY
	Account Name:		JUBI40767$
	Account Domain:		JUBILIFE
	Logon ID:		0x73696E

Logon Type:			11

This event is generated when a logon session is destroyed. It may be positively correlated with a logon event using the Logon ID value. Logon IDs are only unique between reboots
on the same computer.",C:\Windows\System32\svchost.exe,12545,MARGERY_MURPHY
1681769436,4634,Information,"An account was logged off.

Subject:
	Security ID:		JUBILIFE\DAISY_HIGGINS
	Account Name:		JUBI53863$
	Account Domain:		JUBILIFE
	Logon ID:		0x617765

Logon Type:			11

This event is generated when a logon session is destroyed. It may be positively correlated with a logon event using the Logon ID value. Logon IDs are only unique between reboots
on the same computer.",C:\Windows\System32\svchost.exe,12545,DAISY_HIGGINS
1681769438,4634,Information,"An account was logged off.

Subject:
	Security ID:		JUBILIFE\MELODY_THORNTON
	Account Name:		JUBI82427$
	Account Domain:		JUBILIFE
	Logon ID:		0x737061

Logon Type:			3

This event is generated when a logon session is destroyed. It may be positively correlated with a logon event using the Logon ID value. Logon IDs are only unique between reboots
on the same computer.",-,12545,MELODY_THORNTON
1681769438,4634,Information,"An account was logged off.

Subject:
	Security ID:		JUBILIFE\WILLA_FORD
	Account Name:		JUBI12392$
	Account Domain:		JUBILIFE
	Logon ID:		0x6D6170

Logon Type:			11

This event is generated when a logon session is destroyed. It may be positively correlated with a logon event using the Logon ID value. Logon IDs are only unique between reboots
on the same computer.",-,12545,WILLA_FORD
1681769442,4634,Information,"An account was logged off.

Subject:
	Security ID:		JUBILIFE\FABIAN_PIERCE
	Account Name:		JUBI24674$
	Account Domain:		JUBILIFE
	Logon ID:		0x66656E

Logon Type:			2

This event is generated when a logon session is destroyed. It may be positively correlated with a logon event using the Logon ID value. Logon IDs are only unique between reboots
on the same computer.",C:\Windows\System32\winlogon.exe,12545,FABIAN_PIERCE
1681769442,4634,Information,"An account was logged off.

Subject:
	Security ID:		JUBILIFE\CATHLEEN_RODRIGUEZ
	Account Name:		JUBI61865$
	Account Domain:		JUBILIFE
	Logon ID:		0x68696D

Logon Type:			3

This event is generated when a logon session is destroyed. It may be positively correlated with a logon event using the Logon ID value. Logon IDs are only unique between reboots
on the same computer.",-,12545,CATHLEEN_RODRIGUEZ
1681769447,4634,Information,"An account was logged off.

Subject:
	Security ID:		JUBILIFE\LUCILE_GRIFFIN
	Account Name:		JUBI14883$
	Account Domain:		JUBILIFE
	Logon ID:		0x6C7965

Logon Type:			2

This event is generated when a logon session is destroyed. It may be positively correlated with a logon event using the Logon ID value. Logon IDs are only unique between reboots
on the same computer.",C:\Windows\System32\svchost.exe,12545,LUCILE_GRIFFIN
1681769448,4634,Information,"An account was logged off.

Subject:
	Security ID:		JUBILIFE\HILARIO_FIELDS
	Account Name:		JUBI53377$
	Account Domain:		JUBILIFE
	Logon ID:		0x616374

Logon Type:			3

This event is generated when a logon session is destroyed. It may be positively correlated with a logon event using the Logon ID value. Logon IDs are only unique between reboots
on the same computer.",-,12545,HILARIO_FIELDS
1681769450,4634,Information,"An account was logged off.

Subject:
	Security ID:		JUBILIFE\HOPE_KIRBY
	Account Name:		JUBI97567$
	Account Domain:		JUBILIFE
	Logon ID:		0x617465

Logon Type:			3

This event is generated when a logon session is destroyed. It may be positively correlated with a logon event using the Logon ID value. Logon IDs are only unique between reboots
on the same computer.",-,12545,HOPE_KIRBY
1681769458,4634,Information,"An account was logged off.

Subject:
	Security ID:		JUBILIFE\LESLIE_SHAW
	Account Name:		JUBI81155$
	Account Domain:		JUBILIFE
	Logon ID:		0x6C6164

Logon Type:			11

This event is generated when a logon session is destroyed. It may be positively correlated with a logon event using the Logon ID value. Logon IDs are only unique between reboots
on the same computer.",C:\Windows\System32\svchost.exe,12545,LESLIE_SHAW
1681769462,4634,Information,"An account was logged off.

Subject:
	Security ID:		JUBILIFE\LEONARDO_COLLIER
	Account Name:		JUBI63894$
	Account Domain:		JUBILIFE
	Logon ID:		0x766574

Logon Type:			3

This event is generated when a logon session is destroyed. It may be positively correlated with a logon event using the Logon ID value. Logon IDs are only unique between reboots
on the same computer.",-,12545,LEONARDO_COLLIER
1681769463,4634,Information,"An account was logged off.

Subject:
	Security ID:		JUBILIFE\ERMA_MEDINA
	Account Name:		JUBI59797$
	Account Domain:		JUBILIFE
	Logon ID:		0x726962

Logon Type:			11

This event is generated when a logon session is destroyed. It may be positively correlated with a logon event using the Logon ID value. Logon IDs are only unique between reboots
on the same computer.",-,12545,ERMA_MEDINA
1681769466,4634,Information,"An account was logged off.

Subject:
	Security ID:		JUBILIFE\BENNETT_LEE
	Account Name:		JUBI75931$
	Account Domain:		JUBILIFE
	Logon ID:		0x666C75

Logon Type:			2

This event is generated when a logon session is destroyed. It may be positively correlated with a logon event using the Logon ID value. Logon IDs are only unique between reboots
on the same computer.",C:\Windows\System32\winlogon.exe,12545,BENNETT_LEE
1681769476,4634,Information,"An account was logged off.

Subject:
	Security ID:		JUBILIFE\CLAIRE_HARVEY
	Account Name:		JUBI31695$
	Account Domain:		JUBILIFE
	Logon ID:		0x4F2773

Logon Type:			11

This event is generated when a logon session is destroyed. It may be positively correlated with a logon event using the Logon ID value. Logon IDs are only unique between reboots
on the same computer.",C:\Windows\System32\svchost.exe,12545,CLAIRE_HARVEY
1681769478,4634,Information,"An account was logged off.

Subject:
	Security ID:		JUBILIFE\LILY_ROWE
	Account Name:		JUBI41811$
	Account Domain:		JUBILIFE
	Logon ID:		0x636F64

Logon Type:			2

This event is generated when a logon session is destroyed. It may be positively correlated with a logon event using the Logon ID value. Logon IDs are only unique between reboots
on the same computer.",C:\Windows\System32\svchost.exe,12545,LILY_ROWE
1681769490,4634,Information,"An account was logged off.

Subject:
	Security ID:		JUBILIFE\RONNY_CHARLES
	Account Name:		JUBI50769$
	Account Domain:		JUBILIFE
	Logon ID:		0x616E79

Logon Type:			2

This event is generated when a logon session is destroyed. It may be positively correlated with a logon event using the Logon ID value. Logon IDs are only unique between reboots
on the same computer.",C:\Windows\System32\svchost.exe,12545,RONNY_CHARLES
1681769498,4634,Information,"An account was logged off.

Subject:
	Security ID:		JUBILIFE\SYLVESTER_PRINCE
	Account Name:		JUBI72525$
	Account Domain:		JUBILIFE
	Logon ID:		0x70656E

Logon Type:			3

This event is generated when a logon session is destroyed. It may be positively correlated with a logon event using the Logon ID value. Logon IDs are only unique between reboots
on the same computer.",-,12545,SYLVESTER_PRINCE
1681769505,4634,Information,"An account was logged off.

Subject:
	Security ID:		JUBILIFE\MAVIS_SHEPPARD
	Account Name:		JUBI95705$
	Account Domain:		JUBILIFE
	Logon ID:		0x67796D

Logon Type:			2

This event is generated when a logon session is destroyed. It may be positively correlated with a logon event using the Logon ID value. Logon IDs are only unique between reboots
on the same computer.",C:\Windows\System32\winlogon.exe,12545,MAVIS_SHEPPARD
1681769505,4634,Information,"An account was logged off.

Subject:
	Security ID:		JUBILIFE\CLAUDINE_CHANDLER
	Account Name:		JUBI56703$
	Account Domain:		JUBILIFE
	Logon ID:		0x646F65

Logon Type:			11

This event is generated when a logon session is destroyed. It may be positively correlated with a logon event using the Logon ID value. Logon IDs are only unique between reboots
on the same computer.",C:\Windows\System32\svchost.exe,12545,CLAUDINE_CHANDLER
1681769514,4634,Information,"An account was logged off.

Subject:
	Security ID:		JUBILIFE\NESTOR_BENNETT
	Account Name:		JUBI47990$
	Account Domain:		JUBILIFE
	Logon ID:		0x706567

Logon Type:			3

This event is generated when a logon session is destroyed. It may be positively correlated with a logon event using the Logon ID value. Logon IDs are only unique between reboots
on the same computer.",-,12545,NESTOR_BENNETT
1681769515,4634,Information,"An account was logged off.

Subject:
	Security ID:		JUBILIFE\IRIS_SHARP
	Account Name:		JUBI06053$
	Account Domain:		JUBILIFE
	Logon ID:		0x626F79

Logon Type:			11

This event is generated when a logon session is destroyed. It may be positively correlated with a logon event using the Logon ID value. Logon IDs are only unique between reboots
on the same computer.",C:\Windows\System32\svchost.exe,12545,IRIS_SHARP
1681769521,4634,Information,"An account was logged off.

Subject:
	Security ID:		JUBILIFE\BERNARDO_WOODWARD
	Account Name:		JUBI46685$
	Account Domain:		JUBILIFE
	Logon ID:		0x686579

Logon Type:			3

This event is generated when a logon session is destroyed. It may be positively correlated with a logon event using the Logon ID value. Logon IDs are only unique between reboots
on the same computer.",-,12545,BERNARDO_WOODWARD
1681769521,4634,Information,"An account was logged off.

Subject:
	Security ID:		JUBILIFE\SONDRA_FARLEY
	Account Name:		JUBI18271$
	Account Domain:		JUBILIFE
	Logon ID:		0x452773

Logon Type:			11

This event is generated when a logon session is destroyed. It may be positively correlated with a logon event using the Logon ID value. Logon IDs are only unique between reboots
on the same computer.",C:\Windows\System32\svchost.exe,12545,SONDRA_FARLEY
1681769534,4634,Information,"An account was logged off.

Subject:
	Security ID:		JUBILIFE\RICARDO_PERKINS
	Account Name:		JUBI18327$
	Account Domain:		JUBILIFE
	Logon ID:		0x64656E

Logon Type:			3

This event is generated when a logon session is destroyed. It may be positively correlated with a logon event using the Logon ID value. Logon IDs are only unique between reboots
on the same computer.",-,12545,RICARDO_PERKINS
1681769545,4634,Information,"An account was logged off.

Subject:
	Security ID:		JUBILIFE\CHARLES_HENDERSON
	Account Name:		JUBI75760$
	Account Domain:		JUBILIFE
	Logon ID:		0x6C6164

Logon Type:			3

This event is generated when a logon session is destroyed. It may be positively correlated with a logon event using the Logon ID value. Logon IDs are only unique between reboots
on the same computer.",-,12545,CHARLES_HENDERSON
1681769555,4634,Information,"An account was logged off.

Subject:
	Security ID:		JUBILIFE\TONYA_DYER
	Account Name:		JUBI21731$
	Account Domain:		JUBILIFE
	Logon ID:		0x656C6B

Logon Type:			3

This event is generated when a logon session is destroyed. It may be positively correlated with a logon event using the Logon ID value. Logon IDs are only unique between reboots
on the same computer.",-,12545,TONYA_DYER
1681769555,4634,Information,"An account was logged off.

Subject:
	Security ID:		JUBILIFE\SHARI_MORRISON
	Account Name:		JUBI52188$
	Account Domain:		JUBILIFE
	Logon ID:		0x736164

Logon Type:			3

This event is generated when a logon session is destroyed. It may be positively correlated with a logon event using the Logon ID value. Logon IDs are only unique between reboots
on the same computer.",-,12545,SHARI_MORRISON
1681769557,4634,Information,"An account was logged off.

Subject:
	Security ID:		JUBILIFE\SANG_ONEILL
	Account Name:		JUBI32484$
	Account Domain:		JUBILIFE
	Logon ID:		0x626167

Logon Type:			3

This event is generated when a logon session is destroyed. It may be positively correlated with a logon event using the Logon ID value. Logon IDs are only unique between reboots
on the same computer.",-,12545,SANG_ONEILL
1681769566,4634,Information,"An account was logged off.

Subject:
	Security ID:		JUBILIFE\HARRISON_JUSTICE
	Account Name:		JUBI09977$
	Account Domain:		JUBILIFE
	Logon ID:		0x736879

Logon Type:			3

This event is generated when a logon session is destroyed. It may be positively correlated with a logon event using the Logon ID value. Logon IDs are only unique between reboots
on the same computer.",-,12545,HARRISON_JUSTICE
1681769568,4634,Information,"An account was logged off.

Subject:
	Security ID:		JUBILIFE\ALDEN_VALENZUELA
	Account Name:		JUBI68016$
	Account Domain:		JUBILIFE
	Logon ID:		0x736163

Logon Type:			2

This event is generated when a logon session is destroyed. It may be positively correlated with a logon event using the Logon ID value. Logon IDs are only unique between reboots
on the same computer.",C:\Windows\System32\winlogon.exe,12545,ALDEN_VALENZUELA
1681769568,4634,Information,"An account was logged off.

Subject:
	Security ID:		JUBILIFE\KATIE_NASH
	Account Name:		JUBI96757$
	Account Domain:		JUBILIFE
	Logon ID:		0x647567

Logon Type:			2

This event is generated when a logon session is destroyed. It may be positively correlated with a logon event using the Logon ID value. Logon IDs are only unique between reboots
on the same computer.",C:\Windows\System32\svchost.exe,12545,KATIE_NASH
1681769571,4634,Information,"An account was logged off.

Subject:
	Security ID:		JUBILIFE\HOLLIE_WATERS
	Account Name:		JUBI54776$
	Account Domain:		JUBILIFE
	Logon ID:		0x64616D

Logon Type:			11

This event is generated when a logon session is destroyed. It may be positively correlated with a logon event using the Logon ID value. Logon IDs are only unique between reboots
on the same computer.",-,12545,HOLLIE_WATERS
1681769584,4634,Information,"An account was logged off.

Subject:
	Security ID:		JUBILIFE\PORFIRIO_HALL
	Account Name:		JUBI72553$
	Account Domain:		JUBILIFE
	Logon ID:		0x736578

Logon Type:			11

This event is generated when a logon session is destroyed. It may be positively correlated with a logon event using the Logon ID value. Logon IDs are only unique between reboots
on the same computer.",-,12545,PORFIRIO_HALL
1681769594,4634,Information,"An account was logged off.

Subject:
	Security ID:		JUBILIFE\STACEY_MERCER
	Account Name:		JUBI05284$
	Account Domain:		JUBILIFE
	Logon ID:		0x4B2773

Logon Type:			2

This event is generated when a logon session is destroyed. It may be positively correlated with a logon event using the Logon ID value. Logon IDs are only unique between reboots
on the same computer.",C:\Windows\System32\winlogon.exe,12545,STACEY_MERCER
1681769606,4634,Information,"An account was logged off.

Subject:
	Security ID:		JUBILIFE\VERNA_CHRISTIAN
	Account Name:		JUBI65366$
	Account Domain:		JUBILIFE
	Logon ID:		0x736879

Logon Type:			2

This event is generated when a logon session is destroyed. It may be positively correlated with a logon event using the Logon ID value. Logon IDs are only unique between reboots
on the same computer.",C:\Windows\System32\svchost.exe,12545,VERNA_CHRISTIAN
1681769606,4634,Information,"An account was logged off.

Subject:
	Security ID:		JUBILIFE\MELODY_COLEMAN
	Account Name:		JUBI69951$
	Account Domain:		JUBILIFE
	Logon ID:		0x476F64

Logon Type:			3

This event is generated when a logon session is destroyed. It may be positively correlated with a logon event using the Logon ID value. Logon IDs are only unique between reboots
on the same computer.",-,12545,MELODY_COLEMAN
1681769606,4634,Information,"An account was logged off.

Subject:
	Security ID:		JUBILIFE\MARTHA_RUSH
	Account Name:		JUBI84794$
	Account Domain:		JUBILIFE
	Logon ID:		0x6C6567

Logon Type:			11

This event is generated when a logon session is destroyed. It may be positively correlated with a logon event using the Logon ID value. Logon IDs are only unique between reboots
on the same computer.",C:\Windows\System32\svchost.exe,12545,MARTHA_RUSH
