1681822957,4624,Information,"An account was successfully logged on.

Subject:
	Security ID:		S-1-5-18
	Account Name:		JUBI53377$
	Account Domain:		JUBILIFE
	Logon ID:		0x616374

Logon Type:			2

Impersonation Level:		Impersonation

New Logon:
	Security ID:		S-1-5-21-4223521121-1109782943-2127437603-1243
	Account Name:		HILARIO_FIELDS
	Account Domain:		NT AUTHORITY
	Logon ID:		0x616374
	Logon GUID:		DB150598-1395-4328-898B-888B080B6EC3

Process Information:
	Process ID:		0x6b
	Process Name:		C:\Windows\System32\winlogon.exe

Network Information:
	Workstation Name:	
	Source Network Address:	-
	Source Port:		-

Detailed Authentication Information:
	Logon Process:		Kerberos  
	Authentication Package:	Kerberos
	Transited Services:	-
	Package Name (NTLM only):	-
	Key Length:		0

This event is generated when a logon session is created. It is generated on the computer that was accessed.

The subject fields indicate the account on the local system which requested the logon. This is most commonly a service such as the Server service, or a local process such as Winlogon.exe or Services.exe.

The logon type field indicates the kind of logon that occurred. The most common types are 2 (interactive) and 3 (network).

The New Logon fields indicate the account for whom the new logon was created, i.e. the account that was logged on.

The network fields indicate where a remote logon request originated. Workstation name is not always available and may be left blank in some cases.

The impersonation level field indicates the extent to which a process in the logon session can impersonate.

The authentication information fields provide detailed information about this specific logon request.
	- Logon GUID is a unique identifier that can be used to correlate this event with a KDC event.
	- Transited services indicate which intermediate services have participated in this logon request.
	- Package name indicates which sub-protocol was used among the NTLM protocols.
	- Key length indicates the length of the generated session key. This will be 0 if no session key was requested.",C:\Windows\System32\winlogon.exe,12544,HILARIO_FIELDS
1681822960,4624,Information,"An account was successfully logged on.

Subject:
	Security ID:		S-1-5-18
	Account Name:		JUBI67794$
	Account Domain:		JUBILIFE
	Logon ID:		0x686973

Logon Type:			11

Impersonation Level:		Impersonation

New Logon:
	Security ID:		S-1-5-21-4223521121-1109782943-2127437603-1435
	Account Name:		GRETCHEN_HULL
	Account Domain:		NT AUTHORITY
	Logon ID:		0x686973
	Logon GUID:		2D489B40-801C-4A56-9F64-9EA9059B278E

Process Information:
	Process ID:		0x2d
	Process Name:		C:\Windows\System32\svchost.exe

Network Information:
	Workstation Name:	
	Source Network Address:	-
	Source Port:		-

Detailed Authentication Information:
	Logon Process:		Kerberos  
	Authentication Package:	Kerberos
	Transited Services:	-
	Package Name (NTLM only):	-
	Key Length:		0

This event is generated when a logon session is created. It is generated on the computer that was accessed.

The subject fields indicate the account on the local system which requested the logon. This is most commonly a service such as the Server service, or a local process such as Winlogon.exe or Services.exe.

The logon type field indicates the kind of logon that occurred. The most common types are 2 (interactive) and 3 (network).

The New Logon fields indicate the account for whom the new logon was created, i.e. the account that was logged on.

The network fields indicate where a remote logon request originated. Workstation name is not always available and may be left blank in some cases.

The impersonation level field indicates the extent to which a process in the logon session can impersonate.

The authentication information fields provide detailed information about this specific logon request.
	- Logon GUID is a unique identifier that can be used to correlate this event with a KDC event.
	- Transited services indicate which intermediate services have participated in this logon request.
	- Package name indicates which sub-protocol was used among the NTLM protocols.
	- Key length indicates the length of the generated session key. This will be 0 if no session key was requested.",C:\Windows\System32\svchost.exe,12544,GRETCHEN_HULL
1681822972,4624,Information,"An account was successfully logged on.

Subject:
	Security ID:		S-1-5-18
	Account Name:		JUBI59619$
	Account Domain:		JUBILIFE
	Logon ID:		0x6E696C

Logon Type:			2

Impersonation Level:		Impersonation

New Logon:
	Security ID:		S-1-5-21-4223521121-1109782943-2127437603-1241
	Account Name:		ERMA_EMERSON
	Account Domain:		NT AUTHORITY
	Logon ID:		0x6E696C
	Logon GUID:		D88425E6-48D7-477F-AB7C-07635FF35432

Process Information:
	Process ID:		0x5c
	Process Name:		C:\Windows\System32\svchost.exe

Network Information:
	Workstation Name:	
	Source Network Address:	-
	Source Port:		-

Detailed Authentication Information:
	Logon Process:		Kerberos  
	Authentication Package:	Kerberos
	Transited Services:	-
	Package Name (NTLM only):	-
	Key Length:		0

This event is generated when a logon session is created. It is generated on the computer that was accessed.

The subject fields indicate the account on the local system which requested the logon. This is most commonly a service such as the Server service, or a local process such as Winlogon.exe or Services.exe.

The logon type field indicates the kind of logon that occurred. The most common types are 2 (interactive) and 3 (network).

The New Logon fields indicate the account for whom the new logon was created, i.e. the account that was logged on.

The network fields indicate where a remote logon request originated. Workstation name is not always available and may be left blank in some cases.

The impersonation level field indicates the extent to which a process in the logon session can impersonate.

The authentication information fields provide detailed information about this specific logon request.
	- Logon GUID is a unique identifier that can be used to correlate this event with a KDC event.
	- Transited services indicate which intermediate services have participated in this logon request.
	- Package name indicates which sub-protocol was used among the NTLM protocols.
	- Key length indicates the length of the generated session key. This will be 0 if no session key was requested.",C:\Windows\System32\svchost.exe,12544,ERMA_EMERSON
1681822976,4624,Information,"An account was successfully logged on.

Subject:
	Security ID:		S-1-5-18
	Account Name:		JUBI05284$
	Account Domain:		JUBILIFE
	Logon ID:		0x4B2773

Logon Type:			11

Impersonation Level:		Impersonation

New Logon:
	Security ID:		S-1-5-21-4223521121-1109782943-2127437603-1481
	Account Name:		STACEY_MERCER
	Account Domain:		NT AUTHORITY
	Logon ID:		0x4B2773
	Logon GUID:		165C07CF-ED5C-4E5A-B997-EC15DAB0B613

Process Information:
	Process ID:		0x63
	Process Name:		-

Network Information:
	Workstation Name:	
	Source Network Address:	-
	Source Port:		-

Detailed Authentication Information:
	Logon Process:		Kerberos  
	Authentication Package:	Kerberos
	Transited Services:	-
	Package Name (NTLM only):	-
	Key Length:		0

This event is generated when a logon session is created. It is generated on the computer that was accessed.

The subject fields indicate the account on the local system which requested the logon. This is most commonly a service such as the Server service, or a local process such as Winlogon.exe or Services.exe.

The logon type field indicates the kind of logon that occurred. The most common types are 2 (interactive) and 3 (network).

The New Logon fields indicate the account for whom the new logon was created, i.e. the account that was logged on.

The network fields indicate where a remote logon request originated. Workstation name is not always available and may be left blank in some cases.

The impersonation level field indicates the extent to which a process in the logon session can impersonate.

The authentication information fields provide detailed information about this specific logon request.
	- Logon GUID is a unique identifier that can be used to correlate this event with a KDC event.
	- Transited services indicate which intermediate services have participated in this logon request.
	- Package name indicates which sub-protocol was used among the NTLM protocols.
	- Key length indicates the length of the generated session key. This will be 0 if no session key was requested.",-,12544,STACEY_MERCER
1681822990,4624,Information,"An account was successfully logged on.

Subject:
	Security ID:		S-1-5-18
	Account Name:		JUBI40725$
	Account Domain:		JUBILIFE
	Logon ID:		0x696673

Logon Type:			11

Impersonation Level:		Impersonation

New Logon:
	Security ID:		S-1-5-21-4223521121-1109782943-2127437603-1238
	Account Name:		ROSCOE_ZIMMERMAN
	Account Domain:		NT AUTHORITY
	Logon ID:		0x696673
	Logon GUID:		80FA5644-5662-48C7-8FF5-31124D6B05E4

Process Information:
	Process ID:		0x28
	Process Name:		-

Network Information:
	Workstation Name:	
	Source Network Address:	172.19.10.191
	Source Port:		6913

Detailed Authentication Information:
	Logon Process:		Kerberos  
	Authentication Package:	Kerberos
	Transited Services:	-
	Package Name (NTLM only):	-
	Key Length:		0

This event is generated when a logon session is created. It is generated on the computer that was accessed.

The subject fields indicate the account on the local system which requested the logon. This is most commonly a service such as the Server service, or a local process such as Winlogon.exe or Services.exe.

The logon type field indicates the kind of logon that occurred. The most common types are 2 (interactive) and 3 (network).

The New Logon fields indicate the account for whom the new logon was created, i.e. the account that was logged on.

The network fields indicate where a remote logon request originated. Workstation name is not always available and may be left blank in some cases.

The impersonation level field indicates the extent to which a process in the logon session can impersonate.

The authentication information fields provide detailed information about this specific logon request.
	- Logon GUID is a unique identifier that can be used to correlate this event with a KDC event.
	- Transited services indicate which intermediate services have participated in this logon request.
	- Package name indicates which sub-protocol was used among the NTLM protocols.
	- Key length indicates the length of the generated session key. This will be 0 if no session key was requested.",-,12544,ROSCOE_ZIMMERMAN
1681822991,4624,Information,"An account was successfully logged on.

Subject:
	Security ID:		S-1-5-18
	Account Name:		JUBI44061$
	Account Domain:		JUBILIFE
	Logon ID:		0x6F6C64

Logon Type:			3

Impersonation Level:		Impersonation

New Logon:
	Security ID:		S-1-5-21-4223521121-1109782943-2127437603-1244
	Account Name:		LUIS_SALAS
	Account Domain:		NT AUTHORITY
	Logon ID:		0x6F6C64
	Logon GUID:		F11944CC-E418-4124-B112-D5164D8E7F49

Process Information:
	Process ID:		0x0
	Process Name:		-

Network Information:
	Workstation Name:	
	Source Network Address:	172.19.5.17
	Source Port:		17536

Detailed Authentication Information:
	Logon Process:		Kerberos  
	Authentication Package:	Kerberos
	Transited Services:	-
	Package Name (NTLM only):	-
	Key Length:		0

This event is generated when a logon session is created. It is generated on the computer that was accessed.

The subject fields indicate the account on the local system which requested the logon. This is most commonly a service such as the Server service, or a local process such as Winlogon.exe or Services.exe.

The logon type field indicates the kind of logon that occurred. The most common types are 2 (interactive) and 3 (network).

The New Logon fields indicate the account for whom the new logon was created, i.e. the account that was logged on.

The network fields indicate where a remote logon request originated. Workstation name is not always available and may be left blank in some cases.

The impersonation level field indicates the extent to which a process in the logon session can impersonate.

The authentication information fields provide detailed information about this specific logon request.
	- Logon GUID is a unique identifier that can be used to correlate this event with a KDC event.
	- Transited services indicate which intermediate services have participated in this logon request.
	- Package name indicates which sub-protocol was used among the NTLM protocols.
	- Key length indicates the length of the generated session key. This will be 0 if no session key was requested.",-,12544,LUIS_SALAS
1681822994,4624,Information,"An account was successfully logged on.

Subject:
	Security ID:		S-1-5-18
	Account Name:		JUBI32982$
	Account Domain:		JUBILIFE
	Logon ID:		0x6F7572

Logon Type:			11

Impersonation Level:		Impersonation

New Logon:
	Security ID:		S-1-5-21-4223521121-1109782943-2127437603-1380
	Account Name:		LETICIA_PERRY
	Account Domain:		NT AUTHORITY
	Logon ID:		0x6F7572
	Logon GUID:		46941345-E023-4B63-BDA7-11510FD4AD57

Process Information:
	Process ID:		0x5a
	Process Name:		-

Network Information:
	Workstation Name:	
	Source Network Address:	-
	Source Port:		-

Detailed Authentication Information:
	Logon Process:		Kerberos  
	Authentication Package:	Kerberos
	Transited Services:	-
	Package Name (NTLM only):	-
	Key Length:		0

This event is generated when a logon session is created. It is generated on the computer that was accessed.

The subject fields indicate the account on the local system which requested the logon. This is most commonly a service such as the Server service, or a local process such as Winlogon.exe or Services.exe.

The logon type field indicates the kind of logon that occurred. The most common types are 2 (interactive) and 3 (network).

The New Logon fields indicate the account for whom the new logon was created, i.e. the account that was logged on.

The network fields indicate where a remote logon request originated. Workstation name is not always available and may be left blank in some cases.

The impersonation level field indicates the extent to which a process in the logon session can impersonate.

The authentication information fields provide detailed information about this specific logon request.
	- Logon GUID is a unique identifier that can be used to correlate this event with a KDC event.
	- Transited services indicate which intermediate services have participated in this logon request.
	- Package name indicates which sub-protocol was used among the NTLM protocols.
	- Key length indicates the length of the generated session key. This will be 0 if no session key was requested.",-,12544,LETICIA_PERRY
1681822994,4624,Information,"An account was successfully logged on.

Subject:
	Security ID:		S-1-5-18
	Account Name:		JUBI37442$
	Account Domain:		JUBILIFE
	Logon ID:		0x616365

Logon Type:			3

Impersonation Level:		Impersonation

New Logon:
	Security ID:		S-1-5-21-4223521121-1109782943-2127437603-1461
	Account Name:		JAN_ROMERO
	Account Domain:		NT AUTHORITY
	Logon ID:		0x616365
	Logon GUID:		23319AF3-C010-4EE3-A45D-92A4856874CB

Process Information:
	Process ID:		0x0
	Process Name:		-

Network Information:
	Workstation Name:	
	Source Network Address:	172.19.1.63
	Source Port:		28049

Detailed Authentication Information:
	Logon Process:		Kerberos  
	Authentication Package:	Kerberos
	Transited Services:	-
	Package Name (NTLM only):	-
	Key Length:		0

This event is generated when a logon session is created. It is generated on the computer that was accessed.

The subject fields indicate the account on the local system which requested the logon. This is most commonly a service such as the Server service, or a local process such as Winlogon.exe or Services.exe.

The logon type field indicates the kind of logon that occurred. The most common types are 2 (interactive) and 3 (network).

The New Logon fields indicate the account for whom the new logon was created, i.e. the account that was logged on.

The network fields indicate where a remote logon request originated. Workstation name is not always available and may be left blank in some cases.

The impersonation level field indicates the extent to which a process in the logon session can impersonate.

The authentication information fields provide detailed information about this specific logon request.
	- Logon GUID is a unique identifier that can be used to correlate this event with a KDC event.
	- Transited services indicate which intermediate services have participated in this logon request.
	- Package name indicates which sub-protocol was used among the NTLM protocols.
	- Key length indicates the length of the generated session key. This will be 0 if no session key was requested.",-,12544,JAN_ROMERO
1681823006,4624,Information,"An account was successfully logged on.

Subject:
	Security ID:		S-1-5-18
	Account Name:		JUBI91728$
	Account Domain:		JUBILIFE
	Logon ID:		0x736578

Logon Type:			3

Impersonation Level:		Impersonation

New Logon:
	Security ID:		S-1-5-21-4223521121-1109782943-2127437603-1321
	Account Name:		EMMANUEL_DORSEY
	Account Domain:		NT AUTHORITY
	Logon ID:		0x736578
	Logon GUID:		033AA96A-6371-4A7E-B20D-341F00F05F4E

Process Information:
	Process ID:		0x0
	Process Name:		-

Network Information:
	Workstation Name:	
	Source Network Address:	172.19.9.80
	Source Port:		17575

Detailed Authentication Information:
	Logon Process:		Kerberos  
	Authentication Package:	Kerberos
	Transited Services:	-
	Package Name (NTLM only):	-
	Key Length:		0

This event is generated when a logon session is created. It is generated on the computer that was accessed.

The subject fields indicate the account on the local system which requested the logon. This is most commonly a service such as the Server service, or a local process such as Winlogon.exe or Services.exe.

The logon type field indicates the kind of logon that occurred. The most common types are 2 (interactive) and 3 (network).

The New Logon fields indicate the account for whom the new logon was created, i.e. the account that was logged on.

The network fields indicate where a remote logon request originated. Workstation name is not always available and may be left blank in some cases.

The impersonation level field indicates the extent to which a process in the logon session can impersonate.

The authentication information fields provide detailed information about this specific logon request.
	- Logon GUID is a unique identifier that can be used to correlate this event with a KDC event.
	- Transited services indicate which intermediate services have participated in this logon request.
	- Package name indicates which sub-protocol was used among the NTLM protocols.
	- Key length indicates the length of the generated session key. This will be 0 if no session key was requested.",-,12544,EMMANUEL_DORSEY
1681823010,4624,Information,"An account was successfully logged on.

Subject:
	Security ID:		S-1-5-18
	Account Name:		JUBI06072$
	Account Domain:		JUBILIFE
	Logon ID:		0x686973

Logon Type:			2

Impersonation Level:		Impersonation

New Logon:
	Security ID:		S-1-5-21-4223521121-1109782943-2127437603-1355
	Account Name:		STEFAN_CASTILLO
	Account Domain:		NT AUTHORITY
	Logon ID:		0x686973
	Logon GUID:		6F984CD8-4113-4100-8317-438A7952B9A4

Process Information:
	Process ID:		0x16
	Process Name:		C:\Windows\System32\winlogon.exe

Network Information:
	Workstation Name:	
	Source Network Address:	-
	Source Port:		-

Detailed Authentication Information:
	Logon Process:		Kerberos  
	Authentication Package:	Kerberos
	Transited Services:	-
	Package Name (NTLM only):	-
	Key Length:		0

This event is generated when a logon session is created. It is generated on the computer that was accessed.

The subject fields indicate the account on the local system which requested the logon. This is most commonly a service such as the Server service, or a local process such as Winlogon.exe or Services.exe.

The logon type field indicates the kind of logon that occurred. The most common types are 2 (interactive) and 3 (network).

The New Logon fields indicate the account for whom the new logon was created, i.e. the account that was logged on.

The network fields indicate where a remote logon request originated. Workstation name is not always available and may be left blank in some cases.

The impersonation level field indicates the extent to which a process in the logon session can impersonate.

The authentication information fields provide detailed information about this specific logon request.
	- Logon GUID is a unique identifier that can be used to correlate this event with a KDC event.
	- Transited services indicate which intermediate services have participated in this logon request.
	- Package name indicates which sub-protocol was used among the NTLM protocols.
	- Key length indicates the length of the generated session key. This will be 0 if no session key was requested.",C:\Windows\System32\winlogon.exe,12544,STEFAN_CASTILLO
1681823026,4624,Information,"An account was successfully logged on.

Subject:
	Security ID:		S-1-5-18
	Account Name:		JUBI84832$
	Account Domain:		JUBILIFE
	Logon ID:		0x667279

Logon Type:			11

Impersonation Level:		Impersonation

New Logon:
	Security ID:		S-1-5-21-4223521121-1109782943-2127437603-1220
	Account Name:		FABIAN_MITCHELL
	Account Domain:		NT AUTHORITY
	Logon ID:		0x667279
	Logon GUID:		60FA4C13-DE55-45D0-845C-4D11BF6806C9

Process Information:
	Process ID:		0x32
	Process Name:		C:\Windows\System32\svchost.exe

Network Information:
	Workstation Name:	
	Source Network Address:	172.19.7.159
	Source Port:		51603

Detailed Authentication Information:
	Logon Process:		Kerberos  
	Authentication Package:	Kerberos
	Transited Services:	-
	Package Name (NTLM only):	-
	Key Length:		0

This event is generated when a logon session is created. It is generated on the computer that was accessed.

The subject fields indicate the account on the local system which requested the logon. This is most commonly a service such as the Server service, or a local process such as Winlogon.exe or Services.exe.

The logon type field indicates the kind of logon that occurred. The most common types are 2 (interactive) and 3 (network).

The New Logon fields indicate the account for whom the new logon was created, i.e. the account that was logged on.

The network fields indicate where a remote logon request originated. Workstation name is not always available and may be left blank in some cases.

The impersonation level field indicates the extent to which a process in the logon session can impersonate.

The authentication information fields provide detailed information about this specific logon request.
	- Logon GUID is a unique identifier that can be used to correlate this event with a KDC event.
	- Transited services indicate which intermediate services have participated in this logon request.
	- Package name indicates which sub-protocol was used among the NTLM protocols.
	- Key length indicates the length of the generated session key. This will be 0 if no session key was requested.",C:\Windows\System32\svchost.exe,12544,FABIAN_MITCHELL
1681823033,4624,Information,"An account was successfully logged on.

Subject:
	Security ID:		S-1-5-18
	Account Name:		JUBI82427$
	Account Domain:		JUBILIFE
	Logon ID:		0x737061

Logon Type:			2

Impersonation Level:		Impersonation

New Logon:
	Security ID:		S-1-5-21-4223521121-1109782943-2127437603-1247
	Account Name:		MELODY_THORNTON
	Account Domain:		NT AUTHORITY
	Logon ID:		0x737061
	Logon GUID:		E81EEAA0-9360-4B76-BF7C-59ED2EEDBBEA

Process Information:
	Process ID:		0x3e
	Process Name:		C:\Windows\System32\winlogon.exe

Network Information:
	Workstation Name:	
	Source Network Address:	-
	Source Port:		-

Detailed Authentication Information:
	Logon Process:		Kerberos  
	Authentication Package:	Kerberos
	Transited Services:	-
	Package Name (NTLM only):	-
	Key Length:		0

This event is generated when a logon session is created. It is generated on the computer that was accessed.

The subject fields indicate the account on the local system which requested the logon. This is most commonly a service such as the Server service, or a local process such as Winlogon.exe or Services.exe.

The logon type field indicates the kind of logon that occurred. The most common types are 2 (interactive) and 3 (network).

The New Logon fields indicate the account for whom the new logon was created, i.e. the account that was logged on.

The network fields indicate where a remote logon request originated. Workstation name is not always available and may be left blank in some cases.

The impersonation level field indicates the extent to which a process in the logon session can impersonate.

The authentication information fields provide detailed information about this specific logon request.
	- Logon GUID is a unique identifier that can be used to correlate this event with a KDC event.
	- Transited services indicate which intermediate services have participated in this logon request.
	- Package name indicates which sub-protocol was used among the NTLM protocols.
	- Key length indicates the length of the generated session key. This will be 0 if no session key was requested.",C:\Windows\System32\winlogon.exe,12544,MELODY_THORNTON
1681823037,4624,Information,"An account was successfully logged on.

Subject:
	Security ID:		S-1-5-18
	Account Name:		JUBI65872$
	Account Domain:		JUBILIFE
	Logon ID:		0x686164

Logon Type:			3

Impersonation Level:		Impersonation

New Logon:
	Security ID:		S-1-5-21-4223521121-1109782943-2127437603-1272
	Account Name:		MICAH_GARDNER
	Account Domain:		NT AUTHORITY
	Logon ID:		0x686164
	Logon GUID:		6E40A4E2-7DCC-4568-85E5-0D6F5E718844

Process Information:
	Process ID:		0x0
	Process Name:		-

Network Information:
	Workstation Name:	
	Source Network Address:	172.19.9.34
	Source Port:		4820

Detailed Authentication Information:
	Logon Process:		Kerberos  
	Authentication Package:	Kerberos
	Transited Services:	-
	Package Name (NTLM only):	-
	Key Length:		0

This event is generated when a logon session is created. It is generated on the computer that was accessed.

The subject fields indicate the account on the local system which requested the logon. This is most commonly a service such as the Server service, or a local process such as Winlogon.exe or Services.exe.

The logon type field indicates the kind of logon that occurred. The most common types are 2 (interactive) and 3 (network).

The New Logon fields indicate the account for whom the new logon was created, i.e. the account that was logged on.

The network fields indicate where a remote logon request originated. Workstation name is not always available and may be left blank in some cases.

The impersonation level field indicates the extent to which a process in the logon session can impersonate.

The authentication information fields provide detailed information about this specific logon request.
	- Logon GUID is a unique identifier that can be used to correlate this event with a KDC event.
	- Transited services indicate which intermediate services have participated in this logon request.
	- Package name indicates which sub-protocol was used among the NTLM protocols.
	- Key length indicates the length of the generated session key. This will be 0 if no session key was requested.",-,12544,MICAH_GARDNER
1681823037,4624,Information,"An account was successfully logged on.

Subject:
	Security ID:		S-1-5-18
	Account Name:		JUBI06006$
	Account Domain:		JUBILIFE
	Logon ID:		0x6C6F67

Logon Type:			11

Impersonation Level:		Impersonation

New Logon:
	Security ID:		S-1-5-21-4223521121-1109782943-2127437603-1288
	Account Name:		JEANNIE_COTE
	Account Domain:		NT AUTHORITY
	Logon ID:		0x6C6F67
	Logon GUID:		086CDFDD-52C9-4878-996F-5F461845F5E6

Process Information:
	Process ID:		0x62
	Process Name:		-

Network Information:
	Workstation Name:	
	Source Network Address:	-
	Source Port:		-

Detailed Authentication Information:
	Logon Process:		Kerberos  
	Authentication Package:	Kerberos
	Transited Services:	-
	Package Name (NTLM only):	-
	Key Length:		0

This event is generated when a logon session is created. It is generated on the computer that was accessed.

The subject fields indicate the account on the local system which requested the logon. This is most commonly a service such as the Server service, or a local process such as Winlogon.exe or Services.exe.

The logon type field indicates the kind of logon that occurred. The most common types are 2 (interactive) and 3 (network).

The New Logon fields indicate the account for whom the new logon was created, i.e. the account that was logged on.

The network fields indicate where a remote logon request originated. Workstation name is not always available and may be left blank in some cases.

The impersonation level field indicates the extent to which a process in the logon session can impersonate.

The authentication information fields provide detailed information about this specific logon request.
	- Logon GUID is a unique identifier that can be used to correlate this event with a KDC event.
	- Transited services indicate which intermediate services have participated in this logon request.
	- Package name indicates which sub-protocol was used among the NTLM protocols.
	- Key length indicates the length of the generated session key. This will be 0 if no session key was requested.",-,12544,JEANNIE_COTE
1681823038,4624,Information,"An account was successfully logged on.

Subject:
	Security ID:		S-1-5-18
	Account Name:		JUBI20168$
	Account Domain:		JUBILIFE
	Logon ID:		0x6C6567

Logon Type:			2

Impersonation Level:		Impersonation

New Logon:
	Security ID:		S-1-5-21-4223521121-1109782943-2127437603-1373
	Account Name:		LORI_RIDDLE
	Account Domain:		NT AUTHORITY
	Logon ID:		0x6C6567
	Logon GUID:		A0DF2387-391C-44A1-A182-E5708E2730B5

Process Information:
	Process ID:		0x60
	Process Name:		C:\Windows\System32\winlogon.exe

Network Information:
	Workstation Name:	
	Source Network Address:	-
	Source Port:		-

Detailed Authentication Information:
	Logon Process:		Kerberos  
	Authentication Package:	Kerberos
	Transited Services:	-
	Package Name (NTLM only):	-
	Key Length:		0

This event is generated when a logon session is created. It is generated on the computer that was accessed.

The subject fields indicate the account on the local system which requested the logon. This is most commonly a service such as the Server service, or a local process such as Winlogon.exe or Services.exe.

The logon type field indicates the kind of logon that occurred. The most common types are 2 (interactive) and 3 (network).

The New Logon fields indicate the account for whom the new logon was created, i.e. the account that was logged on.

The network fields indicate where a remote logon request originated. Workstation name is not always available and may be left blank in some cases.

The impersonation level field indicates the extent to which a process in the logon session can impersonate.

The authentication information fields provide detailed information about this specific logon request.
	- Logon GUID is a unique identifier that can be used to correlate this event with a KDC event.
	- Transited services indicate which intermediate services have participated in this logon request.
	- Package name indicates which sub-protocol was used among the NTLM protocols.
	- Key length indicates the length of the generated session key. This will be 0 if no session key was requested.",C:\Windows\System32\winlogon.exe,12544,LORI_RIDDLE
1681823044,4624,Information,"An account was successfully logged on.

Subject:
	Security ID:		S-1-5-18
	Account Name:		JUBI92176$
	Account Domain:		JUBILIFE
	Logon ID:		0x492773

Logon Type:			11

Impersonation Level:		Impersonation

New Logon:
	Security ID:		S-1-5-21-4223521121-1109782943-2127437603-1246
	Account Name:		KAREN_LAWSON
	Account Domain:		NT AUTHORITY
	Logon ID:		0x492773
	Logon GUID:		EC69D329-6090-4461-8C2A-E737BC8A3314

Process Information:
	Process ID:		0x45
	Process Name:		C:\Windows\System32\svchost.exe

Network Information:
	Workstation Name:	
	Source Network Address:	-
	Source Port:		-

Detailed Authentication Information:
	Logon Process:		Kerberos  
	Authentication Package:	Kerberos
	Transited Services:	-
	Package Name (NTLM only):	-
	Key Length:		0

This event is generated when a logon session is created. It is generated on the computer that was accessed.

The subject fields indicate the account on the local system which requested the logon. This is most commonly a service such as the Server service, or a local process such as Winlogon.exe or Services.exe.

The logon type field indicates the kind of logon that occurred. The most common types are 2 (interactive) and 3 (network).

The New Logon fields indicate the account for whom the new logon was created, i.e. the account that was logged on.

The network fields indicate where a remote logon request originated. Workstation name is not always available and may be left blank in some cases.

The impersonation level field indicates the extent to which a process in the logon session can impersonate.

The authentication information fields provide detailed information about this specific logon request.
	- Logon GUID is a unique identifier that can be used to correlate this event with a KDC event.
	- Transited services indicate which intermediate services have participated in this logon request.
	- Package name indicates which sub-protocol was used among the NTLM protocols.
	- Key length indicates the length of the generated session key. This will be 0 if no session key was requested.",C:\Windows\System32\svchost.exe,12544,KAREN_LAWSON
1681823047,4624,Information,"An account was successfully logged on.

Subject:
	Security ID:		S-1-5-18
	Account Name:		JUBI61867$
	Account Domain:		JUBILIFE
	Logon ID:		0x696D70

Logon Type:			3

Impersonation Level:		Impersonation

New Logon:
	Security ID:		S-1-5-21-4223521121-1109782943-2127437603-1315
	Account Name:		GABRIEL_PEREZ
	Account Domain:		NT AUTHORITY
	Logon ID:		0x696D70
	Logon GUID:		EB5D1E9F-A9F1-413F-BE32-AC1AAD7ED13B

Process Information:
	Process ID:		0x0
	Process Name:		-

Network Information:
	Workstation Name:	
	Source Network Address:	172.19.6.147
	Source Port:		1084

Detailed Authentication Information:
	Logon Process:		Kerberos  
	Authentication Package:	Kerberos
	Transited Services:	-
	Package Name (NTLM only):	-
	Key Length:		0

This event is generated when a logon session is created. It is generated on the computer that was accessed.

The subject fields indicate the account on the local system which requested the logon. This is most commonly a service such as the Server service, or a local process such as Winlogon.exe or Services.exe.

The logon type field indicates the kind of logon that occurred. The most common types are 2 (interactive) and 3 (network).

The New Logon fields indicate the account for whom the new logon was created, i.e. the account that was logged on.

The network fields indicate where a remote logon request originated. Workstation name is not always available and may be left blank in some cases.

The impersonation level field indicates the extent to which a process in the logon session can impersonate.

The authentication information fields provide detailed information about this specific logon request.
	- Logon GUID is a unique identifier that can be used to correlate this event with a KDC event.
	- Transited services indicate which intermediate services have participated in this logon request.
	- Package name indicates which sub-protocol was used among the NTLM protocols.
	- Key length indicates the length of the generated session key. This will be 0 if no session key was requested.",-,12544,GABRIEL_PEREZ
1681823059,4624,Information,"An account was successfully logged on.

Subject:
	Security ID:		S-1-5-18
	Account Name:		JUBI70037$
	Account Domain:		JUBILIFE
	Logon ID:		0x77697A

Logon Type:			11

Impersonation Level:		Impersonation

New Logon:
	Security ID:		S-1-5-21-4223521121-1109782943-2127437603-1122
	Account Name:		VERN_MCMAHON
	Account Domain:		NT AUTHORITY
	Logon ID:		0x77697A
	Logon GUID:		C50097B2-5C31-4446-8E2E-C208C6C73A78

Process Information:
	Process ID:		0x62
	Process Name:		C:\Windows\System32\svchost.exe

Network Information:
	Workstation Name:	
	Source Network Address:	172.19.5.132
	Source Port:		36355

Detailed Authentication Information:
	Logon Process:		Kerberos  
	Authentication Package:	Kerberos
	Transited Services:	-
	Package Name (NTLM only):	-
	Key Length:		0

This event is generated when a logon session is created. It is generated on the computer that was accessed.

The subject fields indicate the account on the local system which requested the logon. This is most commonly a service such as the Server service, or a local process such as Winlogon.exe or Services.exe.

The logon type field indicates the kind of logon that occurred. The most common types are 2 (interactive) and 3 (network).

The New Logon fields indicate the account for whom the new logon was created, i.e. the account that was logged on.

The network fields indicate where a remote logon request originated. Workstation name is not always available and may be left blank in some cases.

The impersonation level field indicates the extent to which a process in the logon session can impersonate.

The authentication information fields provide detailed information about this specific logon request.
	- Logon GUID is a unique identifier that can be used to correlate this event with a KDC event.
	- Transited services indicate which intermediate services have participated in this logon request.
	- Package name indicates which sub-protocol was used among the NTLM protocols.
	- Key length indicates the length of the generated session key. This will be 0 if no session key was requested.",C:\Windows\System32\svchost.exe,12544,VERN_MCMAHON
1681823060,4624,Information,"An account was successfully logged on.

Subject:
	Security ID:		S-1-5-18
	Account Name:		JUBI68059$
	Account Domain:		JUBILIFE
	Logon ID:		0x6E6167

Logon Type:			2

Impersonation Level:		Impersonation

New Logon:
	Security ID:		S-1-5-21-4223521121-1109782943-2127437603-1108
	Account Name:		KRISTEN_MCPHERSON
	Account Domain:		NT AUTHORITY
	Logon ID:		0x6E6167
	Logon GUID:		6E9800C6-A3A9-4EB9-A6A8-B0334D3BA6EF

Process Information:
	Process ID:		0x5a
	Process Name:		C:\Windows\System32\svchost.exe

Network Information:
	Workstation Name:	
	Source Network Address:	-
	Source Port:		-

Detailed Authentication Information:
	Logon Process:		Kerberos  
	Authentication Package:	Kerberos
	Transited Services:	-
	Package Name (NTLM only):	-
	Key Length:		0

This event is generated when a logon session is created. It is generated on the computer that was accessed.

The subject fields indicate the account on the local system which requested the logon. This is most commonly a service such as the Server service, or a local process such as Winlogon.exe or Services.exe.

The logon type field indicates the kind of logon that occurred. The most common types are 2 (interactive) and 3 (network).

The New Logon fields indicate the account for whom the new logon was created, i.e. the account that was logged on.

The network fields indicate where a remote logon request originated. Workstation name is not always available and may be left blank in some cases.

The impersonation level field indicates the extent to which a process in the logon session can impersonate.

The authentication information fields provide detailed information about this specific logon request.
	- Logon GUID is a unique identifier that can be used to correlate this event with a KDC event.
	- Transited services indicate which intermediate services have participated in this logon request.
	- Package name indicates which sub-protocol was used among the NTLM protocols.
	- Key length indicates the length of the generated session key. This will be 0 if no session key was requested.",C:\Windows\System32\svchost.exe,12544,KRISTEN_MCPHERSON
1681823064,4624,Information,"An account was successfully logged on.

Subject:
	Security ID:		S-1-5-18
	Account Name:		JUBI75580$
	Account Domain:		JUBILIFE
	Logon ID:		0x676574

Logon Type:			3

Impersonation Level:		Impersonation

New Logon:
	Security ID:		S-1-5-21-4223521121-1109782943-2127437603-1362
	Account Name:		WESLEY_HICKS
	Account Domain:		NT AUTHORITY
	Logon ID:		0x676574
	Logon GUID:		1A3B1D05-8DD0-4E83-B9FC-0ECAD62B114A

Process Information:
	Process ID:		0x0
	Process Name:		-

Network Information:
	Workstation Name:	
	Source Network Address:	172.19.9.204
	Source Port:		56724

Detailed Authentication Information:
	Logon Process:		Kerberos  
	Authentication Package:	Kerberos
	Transited Services:	-
	Package Name (NTLM only):	-
	Key Length:		0

This event is generated when a logon session is created. It is generated on the computer that was accessed.

The subject fields indicate the account on the local system which requested the logon. This is most commonly a service such as the Server service, or a local process such as Winlogon.exe or Services.exe.

The logon type field indicates the kind of logon that occurred. The most common types are 2 (interactive) and 3 (network).

The New Logon fields indicate the account for whom the new logon was created, i.e. the account that was logged on.

The network fields indicate where a remote logon request originated. Workstation name is not always available and may be left blank in some cases.

The impersonation level field indicates the extent to which a process in the logon session can impersonate.

The authentication information fields provide detailed information about this specific logon request.
	- Logon GUID is a unique identifier that can be used to correlate this event with a KDC event.
	- Transited services indicate which intermediate services have participated in this logon request.
	- Package name indicates which sub-protocol was used among the NTLM protocols.
	- Key length indicates the length of the generated session key. This will be 0 if no session key was requested.",-,12544,WESLEY_HICKS
1681823065,4624,Information,"An account was successfully logged on.

Subject:
	Security ID:		S-1-5-18
	Account Name:		JUBI94772$
	Account Domain:		JUBILIFE
	Logon ID:		0x726167

Logon Type:			2

Impersonation Level:		Impersonation

New Logon:
	Security ID:		S-1-5-21-4223521121-1109782943-2127437603-1346
	Account Name:		LENNY_MCCONNELL
	Account Domain:		NT AUTHORITY
	Logon ID:		0x726167
	Logon GUID:		F94F45A5-43DA-4234-89E1-18E1B7440134

Process Information:
	Process ID:		0x1d
	Process Name:		C:\Windows\System32\svchost.exe

Network Information:
	Workstation Name:	
	Source Network Address:	-
	Source Port:		-

Detailed Authentication Information:
	Logon Process:		Kerberos  
	Authentication Package:	Kerberos
	Transited Services:	-
	Package Name (NTLM only):	-
	Key Length:		0

This event is generated when a logon session is created. It is generated on the computer that was accessed.

The subject fields indicate the account on the local system which requested the logon. This is most commonly a service such as the Server service, or a local process such as Winlogon.exe or Services.exe.

The logon type field indicates the kind of logon that occurred. The most common types are 2 (interactive) and 3 (network).

The New Logon fields indicate the account for whom the new logon was created, i.e. the account that was logged on.

The network fields indicate where a remote logon request originated. Workstation name is not always available and may be left blank in some cases.

The impersonation level field indicates the extent to which a process in the logon session can impersonate.

The authentication information fields provide detailed information about this specific logon request.
	- Logon GUID is a unique identifier that can be used to correlate this event with a KDC event.
	- Transited services indicate which intermediate services have participated in this logon request.
	- Package name indicates which sub-protocol was used among the NTLM protocols.
	- Key length indicates the length of the generated session key. This will be 0 if no session key was requested.",C:\Windows\System32\svchost.exe,12544,LENNY_MCCONNELL
1681823071,4624,Information,"An account was successfully logged on.

Subject:
	Security ID:		S-1-5-18
	Account Name:		JUBI59797$
	Account Domain:		JUBILIFE
	Logon ID:		0x726962

Logon Type:			3

Impersonation Level:		Impersonation

New Logon:
	Security ID:		S-1-5-21-4223521121-1109782943-2127437603-1136
	Account Name:		ERMA_MEDINA
	Account Domain:		NT AUTHORITY
	Logon ID:		0x726962
	Logon GUID:		EA3A0F31-1A04-4DB9-B299-B3DB85060E49

Process Information:
	Process ID:		0x0
	Process Name:		-

Network Information:
	Workstation Name:	
	Source Network Address:	172.19.7.134
	Source Port:		19125

Detailed Authentication Information:
	Logon Process:		Kerberos  
	Authentication Package:	Kerberos
	Transited Services:	-
	Package Name (NTLM only):	-
	Key Length:		0

This event is generated when a logon session is created. It is generated on the computer that was accessed.

The subject fields indicate the account on the local system which requested the logon. This is most commonly a service such as the Server service, or a local process such as Winlogon.exe or Services.exe.

The logon type field indicates the kind of logon that occurred. The most common types are 2 (interactive) and 3 (network).

The New Logon fields indicate the account for whom the new logon was created, i.e. the account that was logged on.

The network fields indicate where a remote logon request originated. Workstation name is not always available and may be left blank in some cases.

The impersonation level field indicates the extent to which a process in the logon session can impersonate.

The authentication information fields provide detailed information about this specific logon request.
	- Logon GUID is a unique identifier that can be used to correlate this event with a KDC event.
	- Transited services indicate which intermediate services have participated in this logon request.
	- Package name indicates which sub-protocol was used among the NTLM protocols.
	- Key length indicates the length of the generated session key. This will be 0 if no session key was requested.",-,12544,ERMA_MEDINA
1681823072,4624,Information,"An account was successfully logged on.

Subject:
	Security ID:		S-1-5-18
	Account Name:		JUBI79291$
	Account Domain:		JUBILIFE
	Logon ID:		0x627573

Logon Type:			2

Impersonation Level:		Impersonation

New Logon:
	Security ID:		S-1-5-21-4223521121-1109782943-2127437603-1309
	Account Name:		JAIME_CLAY
	Account Domain:		NT AUTHORITY
	Logon ID:		0x627573
	Logon GUID:		CF5F43BC-C571-40A5-AB79-49DBC7DB85EF

Process Information:
	Process ID:		0x44
	Process Name:		C:\Windows\System32\svchost.exe

Network Information:
	Workstation Name:	
	Source Network Address:	-
	Source Port:		-

Detailed Authentication Information:
	Logon Process:		Kerberos  
	Authentication Package:	Kerberos
	Transited Services:	-
	Package Name (NTLM only):	-
	Key Length:		0

This event is generated when a logon session is created. It is generated on the computer that was accessed.

The subject fields indicate the account on the local system which requested the logon. This is most commonly a service such as the Server service, or a local process such as Winlogon.exe or Services.exe.

The logon type field indicates the kind of logon that occurred. The most common types are 2 (interactive) and 3 (network).

The New Logon fields indicate the account for whom the new logon was created, i.e. the account that was logged on.

The network fields indicate where a remote logon request originated. Workstation name is not always available and may be left blank in some cases.

The impersonation level field indicates the extent to which a process in the logon session can impersonate.

The authentication information fields provide detailed information about this specific logon request.
	- Logon GUID is a unique identifier that can be used to correlate this event with a KDC event.
	- Transited services indicate which intermediate services have participated in this logon request.
	- Package name indicates which sub-protocol was used among the NTLM protocols.
	- Key length indicates the length of the generated session key. This will be 0 if no session key was requested.",C:\Windows\System32\svchost.exe,12544,JAIME_CLAY
