1681823913,4624,Information,"An account was successfully logged on.

Subject:
	Security ID:		S-1-5-18
	Account Name:		JUBI62465$
	Account Domain:		JUBILIFE
	Logon ID:		0x6A6F62

Logon Type:			2

Impersonation Level:		Impersonation

New Logon:
	Security ID:		S-1-5-21-4223521121-1109782943-2127437603-1117
	Account Name:		ANDERSON_SANTOS
	Account Domain:		NT AUTHORITY
	Logon ID:		0x6A6F62
	Logon GUID:		CBBFDD43-3C3A-4254-AE17-B13A1352B67E

Process Information:
	Process ID:		0x50
	Process Name:		C:\Windows\System32\winlogon.exe

Network Information:
	Workstation Name:	
	Source Network Address:	-
	Source Port:		-

Detailed Authentication Information:
	Logon Process:		Kerberos  
	Authentication Package:	Kerberos
	Transited Services:	-
	Package Name (NTLM only):	-
	Key Length:		0

This event is generated when a logon session is created. It is generated on the computer that was accessed.

The subject fields indicate the account on the local system which requested the logon. This is most commonly a service such as the Server service, or a local process such as Winlogon.exe or Services.exe.

The logon type field indicates the kind of logon that occurred. The most common types are 2 (interactive) and 3 (network).

The New Logon fields indicate the account for whom the new logon was created, i.e. the account that was logged on.

The network fields indicate where a remote logon request originated. Workstation name is not always available and may be left blank in some cases.

The impersonation level field indicates the extent to which a process in the logon session can impersonate.

The authentication information fields provide detailed information about this specific logon request.
	- Logon GUID is a unique identifier that can be used to correlate this event with a KDC event.
	- Transited services indicate which intermediate services have participated in this logon request.
	- Package name indicates which sub-protocol was used among the NTLM protocols.
	- Key length indicates the length of the generated session key. This will be 0 if no session key was requested.",C:\Windows\System32\winlogon.exe,12544,ANDERSON_SANTOS
1681823915,4624,Information,"An account was successfully logged on.

Subject:
	Security ID:		S-1-5-18
	Account Name:		JUBI27333$
	Account Domain:		JUBILIFE
	Logon ID:		0x697473

Logon Type:			11

Impersonation Level:		Impersonation

New Logon:
	Security ID:		S-1-5-21-4223521121-1109782943-2127437603-1465
	Account Name:		BETTIE_GUERRA
	Account Domain:		NT AUTHORITY
	Logon ID:		0x697473
	Logon GUID:		D6EC808E-3415-44F6-9E46-C252AB786AD6

Process Information:
	Process ID:		0x6c
	Process Name:		C:\Windows\System32\svchost.exe

Network Information:
	Workstation Name:	
	Source Network Address:	172.19.2.114
	Source Port:		27894

Detailed Authentication Information:
	Logon Process:		Kerberos  
	Authentication Package:	Kerberos
	Transited Services:	-
	Package Name (NTLM only):	-
	Key Length:		0

This event is generated when a logon session is created. It is generated on the computer that was accessed.

The subject fields indicate the account on the local system which requested the logon. This is most commonly a service such as the Server service, or a local process such as Winlogon.exe or Services.exe.

The logon type field indicates the kind of logon that occurred. The most common types are 2 (interactive) and 3 (network).

The New Logon fields indicate the account for whom the new logon was created, i.e. the account that was logged on.

The network fields indicate where a remote logon request originated. Workstation name is not always available and may be left blank in some cases.

The impersonation level field indicates the extent to which a process in the logon session can impersonate.

The authentication information fields provide detailed information about this specific logon request.
	- Logon GUID is a unique identifier that can be used to correlate this event with a KDC event.
	- Transited services indicate which intermediate services have participated in this logon request.
	- Package name indicates which sub-protocol was used among the NTLM protocols.
	- Key length indicates the length of the generated session key. This will be 0 if no session key was requested.",C:\Windows\System32\svchost.exe,12544,BETTIE_GUERRA
1681823923,4624,Information,"An account was successfully logged on.

Subject:
	Security ID:		S-1-5-18
	Account Name:		JUBI95184$
	Account Domain:		JUBILIFE
	Logon ID:		0x616E64

Logon Type:			11

Impersonation Level:		Impersonation

New Logon:
	Security ID:		S-1-5-21-4223521121-1109782943-2127437603-1168
	Account Name:		KORY_BRAY
	Account Domain:		NT AUTHORITY
	Logon ID:		0x616E64
	Logon GUID:		1A6D9917-A725-40D4-9820-27763BC01653

Process Information:
	Process ID:		0x5b
	Process Name:		C:\Windows\System32\svchost.exe

Network Information:
	Workstation Name:	
	Source Network Address:	-
	Source Port:		-

Detailed Authentication Information:
	Logon Process:		Kerberos  
	Authentication Package:	Kerberos
	Transited Services:	-
	Package Name (NTLM only):	-
	Key Length:		0

This event is generated when a logon session is created. It is generated on the computer that was accessed.

The subject fields indicate the account on the local system which requested the logon. This is most commonly a service such as the Server service, or a local process such as Winlogon.exe or Services.exe.

The logon type field indicates the kind of logon that occurred. The most common types are 2 (interactive) and 3 (network).

The New Logon fields indicate the account for whom the new logon was created, i.e. the account that was logged on.

The network fields indicate where a remote logon request originated. Workstation name is not always available and may be left blank in some cases.

The impersonation level field indicates the extent to which a process in the logon session can impersonate.

The authentication information fields provide detailed information about this specific logon request.
	- Logon GUID is a unique identifier that can be used to correlate this event with a KDC event.
	- Transited services indicate which intermediate services have participated in this logon request.
	- Package name indicates which sub-protocol was used among the NTLM protocols.
	- Key length indicates the length of the generated session key. This will be 0 if no session key was requested.",C:\Windows\System32\svchost.exe,12544,KORY_BRAY
1681823926,4624,Information,"An account was successfully logged on.

Subject:
	Security ID:		S-1-5-18
	Account Name:		JUBI70220$
	Account Domain:		JUBILIFE
	Logon ID:		0x646965

Logon Type:			2

Impersonation Level:		Impersonation

New Logon:
	Security ID:		S-1-5-21-4223521121-1109782943-2127437603-1292
	Account Name:		DIANNA_BENSON
	Account Domain:		NT AUTHORITY
	Logon ID:		0x646965
	Logon GUID:		3277ADF7-E377-4101-AD32-E2AF5DF490FB

Process Information:
	Process ID:		0x1b
	Process Name:		C:\Windows\System32\winlogon.exe

Network Information:
	Workstation Name:	
	Source Network Address:	-
	Source Port:		-

Detailed Authentication Information:
	Logon Process:		Kerberos  
	Authentication Package:	Kerberos
	Transited Services:	-
	Package Name (NTLM only):	-
	Key Length:		0

This event is generated when a logon session is created. It is generated on the computer that was accessed.

The subject fields indicate the account on the local system which requested the logon. This is most commonly a service such as the Server service, or a local process such as Winlogon.exe or Services.exe.

The logon type field indicates the kind of logon that occurred. The most common types are 2 (interactive) and 3 (network).

The New Logon fields indicate the account for whom the new logon was created, i.e. the account that was logged on.

The network fields indicate where a remote logon request originated. Workstation name is not always available and may be left blank in some cases.

The impersonation level field indicates the extent to which a process in the logon session can impersonate.

The authentication information fields provide detailed information about this specific logon request.
	- Logon GUID is a unique identifier that can be used to correlate this event with a KDC event.
	- Transited services indicate which intermediate services have participated in this logon request.
	- Package name indicates which sub-protocol was used among the NTLM protocols.
	- Key length indicates the length of the generated session key. This will be 0 if no session key was requested.",C:\Windows\System32\winlogon.exe,12544,DIANNA_BENSON
1681824035,4624,Information,"An account was successfully logged on.

Subject:
	Security ID:		S-1-5-18
	Account Name:		JUBI31695$
	Account Domain:		JUBILIFE
	Logon ID:		0x4F2773

Logon Type:			2

Impersonation Level:		Impersonation

New Logon:
	Security ID:		S-1-5-21-4223521121-1109782943-2127437603-1202
	Account Name:		CLAIRE_HARVEY
	Account Domain:		NT AUTHORITY
	Logon ID:		0x4F2773
	Logon GUID:		34042969-4909-4CC9-ACCA-8205DC47922D

Process Information:
	Process ID:		0xe
	Process Name:		C:\Windows\System32\winlogon.exe

Network Information:
	Workstation Name:	
	Source Network Address:	-
	Source Port:		-

Detailed Authentication Information:
	Logon Process:		Kerberos  
	Authentication Package:	Kerberos
	Transited Services:	-
	Package Name (NTLM only):	-
	Key Length:		0

This event is generated when a logon session is created. It is generated on the computer that was accessed.

The subject fields indicate the account on the local system which requested the logon. This is most commonly a service such as the Server service, or a local process such as Winlogon.exe or Services.exe.

The logon type field indicates the kind of logon that occurred. The most common types are 2 (interactive) and 3 (network).

The New Logon fields indicate the account for whom the new logon was created, i.e. the account that was logged on.

The network fields indicate where a remote logon request originated. Workstation name is not always available and may be left blank in some cases.

The impersonation level field indicates the extent to which a process in the logon session can impersonate.

The authentication information fields provide detailed information about this specific logon request.
	- Logon GUID is a unique identifier that can be used to correlate this event with a KDC event.
	- Transited services indicate which intermediate services have participated in this logon request.
	- Package name indicates which sub-protocol was used among the NTLM protocols.
	- Key length indicates the length of the generated session key. This will be 0 if no session key was requested.",C:\Windows\System32\winlogon.exe,12544,CLAIRE_HARVEY
1681824113,4624,Information,"An account was successfully logged on.

Subject:
	Security ID:		S-1-5-18
	Account Name:		JUBI00592$
	Account Domain:		JUBILIFE
	Logon ID:		0x6D6179

Logon Type:			11

Impersonation Level:		Impersonation

New Logon:
	Security ID:		S-1-5-21-4223521121-1109782943-2127437603-1426
	Account Name:		MURIEL_FLYNN
	Account Domain:		NT AUTHORITY
	Logon ID:		0x6D6179
	Logon GUID:		E1E953E3-5A79-45AC-BFEB-818EFE0BF5AB

Process Information:
	Process ID:		0x5f
	Process Name:		C:\Windows\System32\svchost.exe

Network Information:
	Workstation Name:	
	Source Network Address:	-
	Source Port:		-

Detailed Authentication Information:
	Logon Process:		Kerberos  
	Authentication Package:	Kerberos
	Transited Services:	-
	Package Name (NTLM only):	-
	Key Length:		0

This event is generated when a logon session is created. It is generated on the computer that was accessed.

The subject fields indicate the account on the local system which requested the logon. This is most commonly a service such as the Server service, or a local process such as Winlogon.exe or Services.exe.

The logon type field indicates the kind of logon that occurred. The most common types are 2 (interactive) and 3 (network).

The New Logon fields indicate the account for whom the new logon was created, i.e. the account that was logged on.

The network fields indicate where a remote logon request originated. Workstation name is not always available and may be left blank in some cases.

The impersonation level field indicates the extent to which a process in the logon session can impersonate.

The authentication information fields provide detailed information about this specific logon request.
	- Logon GUID is a unique identifier that can be used to correlate this event with a KDC event.
	- Transited services indicate which intermediate services have participated in this logon request.
	- Package name indicates which sub-protocol was used among the NTLM protocols.
	- Key length indicates the length of the generated session key. This will be 0 if no session key was requested.",C:\Windows\System32\svchost.exe,12544,MURIEL_FLYNN
1681824186,4624,Information,"An account was successfully logged on.

Subject:
	Security ID:		S-1-5-18
	Account Name:		JUBI54024$
	Account Domain:		JUBILIFE
	Logon ID:		0x4D6179

Logon Type:			2

Impersonation Level:		Impersonation

New Logon:
	Security ID:		S-1-5-21-4223521121-1109782943-2127437603-1405
	Account Name:		SARAH_DOYLE
	Account Domain:		NT AUTHORITY
	Logon ID:		0x4D6179
	Logon GUID:		643087F5-46E9-41E9-B5A8-24621599C765

Process Information:
	Process ID:		0x23
	Process Name:		C:\Windows\System32\svchost.exe

Network Information:
	Workstation Name:	
	Source Network Address:	-
	Source Port:		-

Detailed Authentication Information:
	Logon Process:		Kerberos  
	Authentication Package:	Kerberos
	Transited Services:	-
	Package Name (NTLM only):	-
	Key Length:		0

This event is generated when a logon session is created. It is generated on the computer that was accessed.

The subject fields indicate the account on the local system which requested the logon. This is most commonly a service such as the Server service, or a local process such as Winlogon.exe or Services.exe.

The logon type field indicates the kind of logon that occurred. The most common types are 2 (interactive) and 3 (network).

The New Logon fields indicate the account for whom the new logon was created, i.e. the account that was logged on.

The network fields indicate where a remote logon request originated. Workstation name is not always available and may be left blank in some cases.

The impersonation level field indicates the extent to which a process in the logon session can impersonate.

The authentication information fields provide detailed information about this specific logon request.
	- Logon GUID is a unique identifier that can be used to correlate this event with a KDC event.
	- Transited services indicate which intermediate services have participated in this logon request.
	- Package name indicates which sub-protocol was used among the NTLM protocols.
	- Key length indicates the length of the generated session key. This will be 0 if no session key was requested.",C:\Windows\System32\svchost.exe,12544,SARAH_DOYLE
1681824372,4624,Information,"An account was successfully logged on.

Subject:
	Security ID:		S-1-5-18
	Account Name:		JUBI86983$
	Account Domain:		JUBILIFE
	Logon ID:		0x626967

Logon Type:			11

Impersonation Level:		Impersonation

New Logon:
	Security ID:		S-1-5-21-4223521121-1109782943-2127437603-1467
	Account Name:		BRIAN_GAY
	Account Domain:		NT AUTHORITY
	Logon ID:		0x626967
	Logon GUID:		FA59E123-1433-4208-A758-C5F46C48E1F8

Process Information:
	Process ID:		0x2c
	Process Name:		-

Network Information:
	Workstation Name:	
	Source Network Address:	172.19.9.199
	Source Port:		20804

Detailed Authentication Information:
	Logon Process:		Kerberos  
	Authentication Package:	Kerberos
	Transited Services:	-
	Package Name (NTLM only):	-
	Key Length:		0

This event is generated when a logon session is created. It is generated on the computer that was accessed.

The subject fields indicate the account on the local system which requested the logon. This is most commonly a service such as the Server service, or a local process such as Winlogon.exe or Services.exe.

The logon type field indicates the kind of logon that occurred. The most common types are 2 (interactive) and 3 (network).

The New Logon fields indicate the account for whom the new logon was created, i.e. the account that was logged on.

The network fields indicate where a remote logon request originated. Workstation name is not always available and may be left blank in some cases.

The impersonation level field indicates the extent to which a process in the logon session can impersonate.

The authentication information fields provide detailed information about this specific logon request.
	- Logon GUID is a unique identifier that can be used to correlate this event with a KDC event.
	- Transited services indicate which intermediate services have participated in this logon request.
	- Package name indicates which sub-protocol was used among the NTLM protocols.
	- Key length indicates the length of the generated session key. This will be 0 if no session key was requested.",-,12544,BRIAN_GAY
1681824518,4624,Information,"An account was successfully logged on.

Subject:
	Security ID:		S-1-5-18
	Account Name:		JUBI38529$
	Account Domain:		JUBILIFE
	Logon ID:		0x67656C

Logon Type:			2

Impersonation Level:		Impersonation

New Logon:
	Security ID:		S-1-5-21-4223521121-1109782943-2127437603-1459
	Account Name:		ALVA_SHARPE
	Account Domain:		NT AUTHORITY
	Logon ID:		0x67656C
	Logon GUID:		B88E7D7F-C4A0-4D2B-959A-CB85683548CD

Process Information:
	Process ID:		0x2f
	Process Name:		C:\Windows\System32\winlogon.exe

Network Information:
	Workstation Name:	
	Source Network Address:	-
	Source Port:		-

Detailed Authentication Information:
	Logon Process:		Kerberos  
	Authentication Package:	Kerberos
	Transited Services:	-
	Package Name (NTLM only):	-
	Key Length:		0

This event is generated when a logon session is created. It is generated on the computer that was accessed.

The subject fields indicate the account on the local system which requested the logon. This is most commonly a service such as the Server service, or a local process such as Winlogon.exe or Services.exe.

The logon type field indicates the kind of logon that occurred. The most common types are 2 (interactive) and 3 (network).

The New Logon fields indicate the account for whom the new logon was created, i.e. the account that was logged on.

The network fields indicate where a remote logon request originated. Workstation name is not always available and may be left blank in some cases.

The impersonation level field indicates the extent to which a process in the logon session can impersonate.

The authentication information fields provide detailed information about this specific logon request.
	- Logon GUID is a unique identifier that can be used to correlate this event with a KDC event.
	- Transited services indicate which intermediate services have participated in this logon request.
	- Package name indicates which sub-protocol was used among the NTLM protocols.
	- Key length indicates the length of the generated session key. This will be 0 if no session key was requested.",C:\Windows\System32\winlogon.exe,12544,ALVA_SHARPE
1681824671,4624,Information,"An account was successfully logged on.

Subject:
	Security ID:		S-1-5-18
	Account Name:		JUBI53309$
	Account Domain:		JUBILIFE
	Logon ID:		0x776562

Logon Type:			3

Impersonation Level:		Impersonation

New Logon:
	Security ID:		S-1-5-21-4223521121-1109782943-2127437603-1231
	Account Name:		MICHELE_OSBORN
	Account Domain:		NT AUTHORITY
	Logon ID:		0x776562
	Logon GUID:		E76EEAF2-3476-48AD-AD55-B72AAE7567AB

Process Information:
	Process ID:		0x0
	Process Name:		-

Network Information:
	Workstation Name:	
	Source Network Address:	172.19.9.84
	Source Port:		65078

Detailed Authentication Information:
	Logon Process:		Kerberos  
	Authentication Package:	Kerberos
	Transited Services:	-
	Package Name (NTLM only):	-
	Key Length:		0

This event is generated when a logon session is created. It is generated on the computer that was accessed.

The subject fields indicate the account on the local system which requested the logon. This is most commonly a service such as the Server service, or a local process such as Winlogon.exe or Services.exe.

The logon type field indicates the kind of logon that occurred. The most common types are 2 (interactive) and 3 (network).

The New Logon fields indicate the account for whom the new logon was created, i.e. the account that was logged on.

The network fields indicate where a remote logon request originated. Workstation name is not always available and may be left blank in some cases.

The impersonation level field indicates the extent to which a process in the logon session can impersonate.

The authentication information fields provide detailed information about this specific logon request.
	- Logon GUID is a unique identifier that can be used to correlate this event with a KDC event.
	- Transited services indicate which intermediate services have participated in this logon request.
	- Package name indicates which sub-protocol was used among the NTLM protocols.
	- Key length indicates the length of the generated session key. This will be 0 if no session key was requested.",-,12544,MICHELE_OSBORN
1681824720,4624,Information,"An account was successfully logged on.

Subject:
	Security ID:		S-1-5-18
	Account Name:		JUBI90474$
	Account Domain:		JUBILIFE
	Logon ID:		0x657665

Logon Type:			3

Impersonation Level:		Impersonation

New Logon:
	Security ID:		S-1-5-21-4223521121-1109782943-2127437603-1312
	Account Name:		BRANDEN_MCCULLOUGH
	Account Domain:		NT AUTHORITY
	Logon ID:		0x657665
	Logon GUID:		BF2FD1E5-902C-4B2C-8AE3-5CDCC1FEB463

Process Information:
	Process ID:		0x0
	Process Name:		-

Network Information:
	Workstation Name:	
	Source Network Address:	172.19.6.129
	Source Port:		63314

Detailed Authentication Information:
	Logon Process:		Kerberos  
	Authentication Package:	Kerberos
	Transited Services:	-
	Package Name (NTLM only):	-
	Key Length:		0

This event is generated when a logon session is created. It is generated on the computer that was accessed.

The subject fields indicate the account on the local system which requested the logon. This is most commonly a service such as the Server service, or a local process such as Winlogon.exe or Services.exe.

The logon type field indicates the kind of logon that occurred. The most common types are 2 (interactive) and 3 (network).

The New Logon fields indicate the account for whom the new logon was created, i.e. the account that was logged on.

The network fields indicate where a remote logon request originated. Workstation name is not always available and may be left blank in some cases.

The impersonation level field indicates the extent to which a process in the logon session can impersonate.

The authentication information fields provide detailed information about this specific logon request.
	- Logon GUID is a unique identifier that can be used to correlate this event with a KDC event.
	- Transited services indicate which intermediate services have participated in this logon request.
	- Package name indicates which sub-protocol was used among the NTLM protocols.
	- Key length indicates the length of the generated session key. This will be 0 if no session key was requested.",-,12544,BRANDEN_MCCULLOUGH
1681824732,4624,Information,"An account was successfully logged on.

Subject:
	Security ID:		S-1-5-18
	Account Name:		JUBI46005$
	Account Domain:		JUBILIFE
	Logon ID:		0x656E64

Logon Type:			11

Impersonation Level:		Impersonation

New Logon:
	Security ID:		S-1-5-21-4223521121-1109782943-2127437603-1354
	Account Name:		CLEMENT_ALLEN
	Account Domain:		NT AUTHORITY
	Logon ID:		0x656E64
	Logon GUID:		37477AB7-A669-471C-B456-4C7B96754C89

Process Information:
	Process ID:		0x1e
	Process Name:		C:\Windows\System32\svchost.exe

Network Information:
	Workstation Name:	
	Source Network Address:	172.19.4.154
	Source Port:		61755

Detailed Authentication Information:
	Logon Process:		Kerberos  
	Authentication Package:	Kerberos
	Transited Services:	-
	Package Name (NTLM only):	-
	Key Length:		0

This event is generated when a logon session is created. It is generated on the computer that was accessed.

The subject fields indicate the account on the local system which requested the logon. This is most commonly a service such as the Server service, or a local process such as Winlogon.exe or Services.exe.

The logon type field indicates the kind of logon that occurred. The most common types are 2 (interactive) and 3 (network).

The New Logon fields indicate the account for whom the new logon was created, i.e. the account that was logged on.

The network fields indicate where a remote logon request originated. Workstation name is not always available and may be left blank in some cases.

The impersonation level field indicates the extent to which a process in the logon session can impersonate.

The authentication information fields provide detailed information about this specific logon request.
	- Logon GUID is a unique identifier that can be used to correlate this event with a KDC event.
	- Transited services indicate which intermediate services have participated in this logon request.
	- Package name indicates which sub-protocol was used among the NTLM protocols.
	- Key length indicates the length of the generated session key. This will be 0 if no session key was requested.",C:\Windows\System32\svchost.exe,12544,CLEMENT_ALLEN
1681825212,4624,Information,"An account was successfully logged on.

Subject:
	Security ID:		S-1-5-18
	Account Name:		JUBI49420$
	Account Domain:		JUBILIFE
	Logon ID:		0x766F77

Logon Type:			2

Impersonation Level:		Impersonation

New Logon:
	Security ID:		S-1-5-21-4223521121-1109782943-2127437603-1273
	Account Name:		LORI_FRANCIS
	Account Domain:		NT AUTHORITY
	Logon ID:		0x766F77
	Logon GUID:		18964B03-B204-4F2A-9D94-2E357E6A98B7

Process Information:
	Process ID:		0x49
	Process Name:		C:\Windows\System32\winlogon.exe

Network Information:
	Workstation Name:	
	Source Network Address:	-
	Source Port:		-

Detailed Authentication Information:
	Logon Process:		Kerberos  
	Authentication Package:	Kerberos
	Transited Services:	-
	Package Name (NTLM only):	-
	Key Length:		0

This event is generated when a logon session is created. It is generated on the computer that was accessed.

The subject fields indicate the account on the local system which requested the logon. This is most commonly a service such as the Server service, or a local process such as Winlogon.exe or Services.exe.

The logon type field indicates the kind of logon that occurred. The most common types are 2 (interactive) and 3 (network).

The New Logon fields indicate the account for whom the new logon was created, i.e. the account that was logged on.

The network fields indicate where a remote logon request originated. Workstation name is not always available and may be left blank in some cases.

The impersonation level field indicates the extent to which a process in the logon session can impersonate.

The authentication information fields provide detailed information about this specific logon request.
	- Logon GUID is a unique identifier that can be used to correlate this event with a KDC event.
	- Transited services indicate which intermediate services have participated in this logon request.
	- Package name indicates which sub-protocol was used among the NTLM protocols.
	- Key length indicates the length of the generated session key. This will be 0 if no session key was requested.",C:\Windows\System32\winlogon.exe,12544,LORI_FRANCIS
1681825432,4624,Information,"An account was successfully logged on.

Subject:
	Security ID:		S-1-5-18
	Account Name:		JUBI69951$
	Account Domain:		JUBILIFE
	Logon ID:		0x476F64

Logon Type:			11

Impersonation Level:		Impersonation

New Logon:
	Security ID:		S-1-5-21-4223521121-1109782943-2127437603-1349
	Account Name:		MELODY_COLEMAN
	Account Domain:		NT AUTHORITY
	Logon ID:		0x476F64
	Logon GUID:		CCD7406C-A3FC-457E-8CA4-92854F9E4DB2

Process Information:
	Process ID:		0x45
	Process Name:		C:\Windows\System32\svchost.exe

Network Information:
	Workstation Name:	
	Source Network Address:	172.19.2.61
	Source Port:		38498

Detailed Authentication Information:
	Logon Process:		Kerberos  
	Authentication Package:	Kerberos
	Transited Services:	-
	Package Name (NTLM only):	-
	Key Length:		0

This event is generated when a logon session is created. It is generated on the computer that was accessed.

The subject fields indicate the account on the local system which requested the logon. This is most commonly a service such as the Server service, or a local process such as Winlogon.exe or Services.exe.

The logon type field indicates the kind of logon that occurred. The most common types are 2 (interactive) and 3 (network).

The New Logon fields indicate the account for whom the new logon was created, i.e. the account that was logged on.

The network fields indicate where a remote logon request originated. Workstation name is not always available and may be left blank in some cases.

The impersonation level field indicates the extent to which a process in the logon session can impersonate.

The authentication information fields provide detailed information about this specific logon request.
	- Logon GUID is a unique identifier that can be used to correlate this event with a KDC event.
	- Transited services indicate which intermediate services have participated in this logon request.
	- Package name indicates which sub-protocol was used among the NTLM protocols.
	- Key length indicates the length of the generated session key. This will be 0 if no session key was requested.",C:\Windows\System32\svchost.exe,12544,MELODY_COLEMAN
1681825505,4624,Information,"An account was successfully logged on.

Subject:
	Security ID:		S-1-5-18
	Account Name:		JUBI47990$
	Account Domain:		JUBILIFE
	Logon ID:		0x706567

Logon Type:			3

Impersonation Level:		Impersonation

New Logon:
	Security ID:		S-1-5-21-4223521121-1109782943-2127437603-1434
	Account Name:		NESTOR_BENNETT
	Account Domain:		NT AUTHORITY
	Logon ID:		0x706567
	Logon GUID:		37C718EB-520C-4BCF-B099-D0E178C00780

Process Information:
	Process ID:		0x0
	Process Name:		-

Network Information:
	Workstation Name:	
	Source Network Address:	172.19.2.48
	Source Port:		42773

Detailed Authentication Information:
	Logon Process:		Kerberos  
	Authentication Package:	Kerberos
	Transited Services:	-
	Package Name (NTLM only):	-
	Key Length:		0

This event is generated when a logon session is created. It is generated on the computer that was accessed.

The subject fields indicate the account on the local system which requested the logon. This is most commonly a service such as the Server service, or a local process such as Winlogon.exe or Services.exe.

The logon type field indicates the kind of logon that occurred. The most common types are 2 (interactive) and 3 (network).

The New Logon fields indicate the account for whom the new logon was created, i.e. the account that was logged on.

The network fields indicate where a remote logon request originated. Workstation name is not always available and may be left blank in some cases.

The impersonation level field indicates the extent to which a process in the logon session can impersonate.

The authentication information fields provide detailed information about this specific logon request.
	- Logon GUID is a unique identifier that can be used to correlate this event with a KDC event.
	- Transited services indicate which intermediate services have participated in this logon request.
	- Package name indicates which sub-protocol was used among the NTLM protocols.
	- Key length indicates the length of the generated session key. This will be 0 if no session key was requested.",-,12544,NESTOR_BENNETT
1681825550,4624,Information,"An account was successfully logged on.

Subject:
	Security ID:		S-1-5-18
	Account Name:		JUBI92383$
	Account Domain:		JUBILIFE
	Logon ID:		0x6D6577

Logon Type:			3

Impersonation Level:		Impersonation

New Logon:
	Security ID:		S-1-5-21-4223521121-1109782943-2127437603-1192
	Account Name:		JESSIE_CRUZ
	Account Domain:		NT AUTHORITY
	Logon ID:		0x6D6577
	Logon GUID:		AE83248C-322E-48E6-A94C-DEE94098D046

Process Information:
	Process ID:		0x0
	Process Name:		-

Network Information:
	Workstation Name:	
	Source Network Address:	172.19.6.120
	Source Port:		51101

Detailed Authentication Information:
	Logon Process:		Kerberos  
	Authentication Package:	Kerberos
	Transited Services:	-
	Package Name (NTLM only):	-
	Key Length:		0

This event is generated when a logon session is created. It is generated on the computer that was accessed.

The subject fields indicate the account on the local system which requested the logon. This is most commonly a service such as the Server service, or a local process such as Winlogon.exe or Services.exe.

The logon type field indicates the kind of logon that occurred. The most common types are 2 (interactive) and 3 (network).

The New Logon fields indicate the account for whom the new logon was created, i.e. the account that was logged on.

The network fields indicate where a remote logon request originated. Workstation name is not always available and may be left blank in some cases.

The impersonation level field indicates the extent to which a process in the logon session can impersonate.

The authentication information fields provide detailed information about this specific logon request.
	- Logon GUID is a unique identifier that can be used to correlate this event with a KDC event.
	- Transited services indicate which intermediate services have participated in this logon request.
	- Package name indicates which sub-protocol was used among the NTLM protocols.
	- Key length indicates the length of the generated session key. This will be 0 if no session key was requested.",-,12544,JESSIE_CRUZ
1681825911,4624,Information,"An account was successfully logged on.

Subject:
	Security ID:		S-1-5-18
	Account Name:		JUBI38337$
	Account Domain:		JUBILIFE
	Logon ID:		0x706164

Logon Type:			11

Impersonation Level:		Impersonation

New Logon:
	Security ID:		S-1-5-21-4223521121-1109782943-2127437603-1329
	Account Name:		JERRY_HICKMAN
	Account Domain:		NT AUTHORITY
	Logon ID:		0x706164
	Logon GUID:		00D8B3EA-6B90-44C1-9735-630B9D85F3A0

Process Information:
	Process ID:		0xb
	Process Name:		C:\Windows\System32\svchost.exe

Network Information:
	Workstation Name:	
	Source Network Address:	172.19.3.200
	Source Port:		23158

Detailed Authentication Information:
	Logon Process:		Kerberos  
	Authentication Package:	Kerberos
	Transited Services:	-
	Package Name (NTLM only):	-
	Key Length:		0

This event is generated when a logon session is created. It is generated on the computer that was accessed.

The subject fields indicate the account on the local system which requested the logon. This is most commonly a service such as the Server service, or a local process such as Winlogon.exe or Services.exe.

The logon type field indicates the kind of logon that occurred. The most common types are 2 (interactive) and 3 (network).

The New Logon fields indicate the account for whom the new logon was created, i.e. the account that was logged on.

The network fields indicate where a remote logon request originated. Workstation name is not always available and may be left blank in some cases.

The impersonation level field indicates the extent to which a process in the logon session can impersonate.

The authentication information fields provide detailed information about this specific logon request.
	- Logon GUID is a unique identifier that can be used to correlate this event with a KDC event.
	- Transited services indicate which intermediate services have participated in this logon request.
	- Package name indicates which sub-protocol was used among the NTLM protocols.
	- Key length indicates the length of the generated session key. This will be 0 if no session key was requested.",C:\Windows\System32\svchost.exe,12544,JERRY_HICKMAN
1681825977,4624,Information,"An account was successfully logged on.

Subject:
	Security ID:		S-1-5-18
	Account Name:		JUBI23154$
	Account Domain:		JUBILIFE
	Logon ID:		0x626967

Logon Type:			11

Impersonation Level:		Impersonation

New Logon:
	Security ID:		S-1-5-21-4223521121-1109782943-2127437603-1278
	Account Name:		THEODORE_DEAN
	Account Domain:		NT AUTHORITY
	Logon ID:		0x626967
	Logon GUID:		1EC4293F-16B1-48B0-A2B4-D79474744ACC

Process Information:
	Process ID:		0x40
	Process Name:		-

Network Information:
	Workstation Name:	
	Source Network Address:	172.19.10.145
	Source Port:		52897

Detailed Authentication Information:
	Logon Process:		Kerberos  
	Authentication Package:	Kerberos
	Transited Services:	-
	Package Name (NTLM only):	-
	Key Length:		0

This event is generated when a logon session is created. It is generated on the computer that was accessed.

The subject fields indicate the account on the local system which requested the logon. This is most commonly a service such as the Server service, or a local process such as Winlogon.exe or Services.exe.

The logon type field indicates the kind of logon that occurred. The most common types are 2 (interactive) and 3 (network).

The New Logon fields indicate the account for whom the new logon was created, i.e. the account that was logged on.

The network fields indicate where a remote logon request originated. Workstation name is not always available and may be left blank in some cases.

The impersonation level field indicates the extent to which a process in the logon session can impersonate.

The authentication information fields provide detailed information about this specific logon request.
	- Logon GUID is a unique identifier that can be used to correlate this event with a KDC event.
	- Transited services indicate which intermediate services have participated in this logon request.
	- Package name indicates which sub-protocol was used among the NTLM protocols.
	- Key length indicates the length of the generated session key. This will be 0 if no session key was requested.",-,12544,THEODORE_DEAN
1681826033,4624,Information,"An account was successfully logged on.

Subject:
	Security ID:		S-1-5-18
	Account Name:		JUBI51682$
	Account Domain:		JUBILIFE
	Logon ID:		0x746F6E

Logon Type:			3

Impersonation Level:		Impersonation

New Logon:
	Security ID:		S-1-5-21-4223521121-1109782943-2127437603-1333
	Account Name:		CLARE_REYES
	Account Domain:		NT AUTHORITY
	Logon ID:		0x746F6E
	Logon GUID:		A9A4A80A-89BF-4397-B3C1-20FE3135B618

Process Information:
	Process ID:		0x0
	Process Name:		-

Network Information:
	Workstation Name:	
	Source Network Address:	172.19.3.251
	Source Port:		51940

Detailed Authentication Information:
	Logon Process:		Kerberos  
	Authentication Package:	Kerberos
	Transited Services:	-
	Package Name (NTLM only):	-
	Key Length:		0

This event is generated when a logon session is created. It is generated on the computer that was accessed.

The subject fields indicate the account on the local system which requested the logon. This is most commonly a service such as the Server service, or a local process such as Winlogon.exe or Services.exe.

The logon type field indicates the kind of logon that occurred. The most common types are 2 (interactive) and 3 (network).

The New Logon fields indicate the account for whom the new logon was created, i.e. the account that was logged on.

The network fields indicate where a remote logon request originated. Workstation name is not always available and may be left blank in some cases.

The impersonation level field indicates the extent to which a process in the logon session can impersonate.

The authentication information fields provide detailed information about this specific logon request.
	- Logon GUID is a unique identifier that can be used to correlate this event with a KDC event.
	- Transited services indicate which intermediate services have participated in this logon request.
	- Package name indicates which sub-protocol was used among the NTLM protocols.
	- Key length indicates the length of the generated session key. This will be 0 if no session key was requested.",-,12544,CLARE_REYES
1681826081,4624,Information,"An account was successfully logged on.

Subject:
	Security ID:		S-1-5-18
	Account Name:		JUBI52842$
	Account Domain:		JUBILIFE
	Logon ID:		0x626564

Logon Type:			11

Impersonation Level:		Impersonation

New Logon:
	Security ID:		S-1-5-21-4223521121-1109782943-2127437603-1262
	Account Name:		ISAAC_PACHECO
	Account Domain:		NT AUTHORITY
	Logon ID:		0x626564
	Logon GUID:		BFD399F7-9D7C-4525-A2BC-C2896654B661

Process Information:
	Process ID:		0x1f
	Process Name:		C:\Windows\System32\svchost.exe

Network Information:
	Workstation Name:	
	Source Network Address:	-
	Source Port:		-

Detailed Authentication Information:
	Logon Process:		Kerberos  
	Authentication Package:	Kerberos
	Transited Services:	-
	Package Name (NTLM only):	-
	Key Length:		0

This event is generated when a logon session is created. It is generated on the computer that was accessed.

The subject fields indicate the account on the local system which requested the logon. This is most commonly a service such as the Server service, or a local process such as Winlogon.exe or Services.exe.

The logon type field indicates the kind of logon that occurred. The most common types are 2 (interactive) and 3 (network).

The New Logon fields indicate the account for whom the new logon was created, i.e. the account that was logged on.

The network fields indicate where a remote logon request originated. Workstation name is not always available and may be left blank in some cases.

The impersonation level field indicates the extent to which a process in the logon session can impersonate.

The authentication information fields provide detailed information about this specific logon request.
	- Logon GUID is a unique identifier that can be used to correlate this event with a KDC event.
	- Transited services indicate which intermediate services have participated in this logon request.
	- Package name indicates which sub-protocol was used among the NTLM protocols.
	- Key length indicates the length of the generated session key. This will be 0 if no session key was requested.",C:\Windows\System32\svchost.exe,12544,ISAAC_PACHECO
1681826127,4624,Information,"An account was successfully logged on.

Subject:
	Security ID:		S-1-5-18
	Account Name:		JUBI95705$
	Account Domain:		JUBILIFE
	Logon ID:		0x67796D

Logon Type:			2

Impersonation Level:		Impersonation

New Logon:
	Security ID:		S-1-5-21-4223521121-1109782943-2127437603-1443
	Account Name:		MAVIS_SHEPPARD
	Account Domain:		NT AUTHORITY
	Logon ID:		0x67796D
	Logon GUID:		B45B6381-83C4-40A5-8388-F58A3A16D7BF

Process Information:
	Process ID:		0x23
	Process Name:		C:\Windows\System32\winlogon.exe

Network Information:
	Workstation Name:	
	Source Network Address:	-
	Source Port:		-

Detailed Authentication Information:
	Logon Process:		Kerberos  
	Authentication Package:	Kerberos
	Transited Services:	-
	Package Name (NTLM only):	-
	Key Length:		0

This event is generated when a logon session is created. It is generated on the computer that was accessed.

The subject fields indicate the account on the local system which requested the logon. This is most commonly a service such as the Server service, or a local process such as Winlogon.exe or Services.exe.

The logon type field indicates the kind of logon that occurred. The most common types are 2 (interactive) and 3 (network).

The New Logon fields indicate the account for whom the new logon was created, i.e. the account that was logged on.

The network fields indicate where a remote logon request originated. Workstation name is not always available and may be left blank in some cases.

The impersonation level field indicates the extent to which a process in the logon session can impersonate.

The authentication information fields provide detailed information about this specific logon request.
	- Logon GUID is a unique identifier that can be used to correlate this event with a KDC event.
	- Transited services indicate which intermediate services have participated in this logon request.
	- Package name indicates which sub-protocol was used among the NTLM protocols.
	- Key length indicates the length of the generated session key. This will be 0 if no session key was requested.",C:\Windows\System32\winlogon.exe,12544,MAVIS_SHEPPARD
1681826190,4624,Information,"An account was successfully logged on.

Subject:
	Security ID:		S-1-5-18
	Account Name:		JUBI74825$
	Account Domain:		JUBILIFE
	Logon ID:		0x736174

Logon Type:			11

Impersonation Level:		Impersonation

New Logon:
	Security ID:		S-1-5-21-4223521121-1109782943-2127437603-1218
	Account Name:		MALLORY_CRANE
	Account Domain:		NT AUTHORITY
	Logon ID:		0x736174
	Logon GUID:		FE505296-B65F-4324-AD31-A3756773260B

Process Information:
	Process ID:		0x22
	Process Name:		-

Network Information:
	Workstation Name:	
	Source Network Address:	172.19.4.194
	Source Port:		11081

Detailed Authentication Information:
	Logon Process:		Kerberos  
	Authentication Package:	Kerberos
	Transited Services:	-
	Package Name (NTLM only):	-
	Key Length:		0

This event is generated when a logon session is created. It is generated on the computer that was accessed.

The subject fields indicate the account on the local system which requested the logon. This is most commonly a service such as the Server service, or a local process such as Winlogon.exe or Services.exe.

The logon type field indicates the kind of logon that occurred. The most common types are 2 (interactive) and 3 (network).

The New Logon fields indicate the account for whom the new logon was created, i.e. the account that was logged on.

The network fields indicate where a remote logon request originated. Workstation name is not always available and may be left blank in some cases.

The impersonation level field indicates the extent to which a process in the logon session can impersonate.

The authentication information fields provide detailed information about this specific logon request.
	- Logon GUID is a unique identifier that can be used to correlate this event with a KDC event.
	- Transited services indicate which intermediate services have participated in this logon request.
	- Package name indicates which sub-protocol was used among the NTLM protocols.
	- Key length indicates the length of the generated session key. This will be 0 if no session key was requested.",-,12544,MALLORY_CRANE
1681826326,4624,Information,"An account was successfully logged on.

Subject:
	Security ID:		S-1-5-18
	Account Name:		JUBI94169$
	Account Domain:		JUBILIFE
	Logon ID:		0x666164

Logon Type:			11

Impersonation Level:		Impersonation

New Logon:
	Security ID:		S-1-5-21-4223521121-1109782943-2127437603-1369
	Account Name:		TERRA_TATE
	Account Domain:		NT AUTHORITY
	Logon ID:		0x666164
	Logon GUID:		2D0081C5-8208-467E-B244-55C56510425C

Process Information:
	Process ID:		0x2a
	Process Name:		-

Network Information:
	Workstation Name:	
	Source Network Address:	172.19.3.190
	Source Port:		34481

Detailed Authentication Information:
	Logon Process:		Kerberos  
	Authentication Package:	Kerberos
	Transited Services:	-
	Package Name (NTLM only):	-
	Key Length:		0

This event is generated when a logon session is created. It is generated on the computer that was accessed.

The subject fields indicate the account on the local system which requested the logon. This is most commonly a service such as the Server service, or a local process such as Winlogon.exe or Services.exe.

The logon type field indicates the kind of logon that occurred. The most common types are 2 (interactive) and 3 (network).

The New Logon fields indicate the account for whom the new logon was created, i.e. the account that was logged on.

The network fields indicate where a remote logon request originated. Workstation name is not always available and may be left blank in some cases.

The impersonation level field indicates the extent to which a process in the logon session can impersonate.

The authentication information fields provide detailed information about this specific logon request.
	- Logon GUID is a unique identifier that can be used to correlate this event with a KDC event.
	- Transited services indicate which intermediate services have participated in this logon request.
	- Package name indicates which sub-protocol was used among the NTLM protocols.
	- Key length indicates the length of the generated session key. This will be 0 if no session key was requested.",-,12544,TERRA_TATE
